---------------------------------------------------------------
[ 2019-09-06T11:10:26+08:00 ] 113.128.80.144 POST dxc.gqwlcm.com//api/goods/GetGoodsList
[运行时间：0.905839s] [吞吐率：1.10req/s] [内存消耗：2,824.80kb] [文件加载：58]
[ info ] [ LANG ] /www/wwwroot/ledigou/thinkphp/lang/zh-cn.php
[ info ] [ ROUTE ] array (
  'type' => 'module',
  'module' => 
  array (
    0 => 'api',
    1 => 'goods',
    2 => 'GetGoodsList',
  ),
)
[ info ] [ HEADER ] array (
  'accept-encoding' => 'gzip, deflate',
  'referer' => 'https://servicewechat.com/wxf24c79e7f9eb5a96/devtools/page-frame.html',
  'accept' => '*/*',
  'user-agent' => 'Mozilla/5.0 (iPhone; CPU iPhone OS 9_1 like Mac OS X) AppleWebKit/601.1.46 (KHTML, like Gecko) Version/9.0 Mobile/13B143 Safari/601.1 wechatdevtools/1.02.1907160 MicroMessenger/6.7.3 Language/zh_CN webview/',
  'origin' => 'http://127.0.0.1:64680',
  'cache-control' => 'no-cache',
  'pragma' => 'no-cache',
  'connection' => 'keep-alive',
  'host' => 'dxc.gqwlcm.com',
  'content-type' => 'application/json',
  'content-length' => '68',
)
[ info ] [ PARAM ] array (
  'openid' => '',
  'keyword' => '',
  'sort' => 0,
  'is_top' => true,
  'page' => 1,
  'limit' => 4,
)
[ info ] [ SESSION ] INIT array (
  'id' => '',
  'var_session_id' => '',
  'prefix' => 'think',
  'type' => '',
  'auto_start' => true,
)
[ info ] [ DB ] INIT mysql
[ info ] [ RUN ] app\api\controller\Goods->GetGoodsList[ /www/wwwroot/ledigou/application/api/controller/Goods.php ]
[ info ] [ LOG ] INIT File
[ sql ] [ DB ] CONNECT:[ UseTime:0.014863s ] mysql:host=localhost;dbname=ledigou;charset=utf8
[ sql ] [ SQL ] SHOW COLUMNS FROM `xin_config` [ RunTime:0.072792s ]
[ sql ] [ SQL ] SELECT * FROM `xin_config` WHERE  `config_id` = 1 LIMIT 1 [ RunTime:0.060427s ]
[ sql ] [ SQL ] SHOW COLUMNS FROM `xin_user` [ RunTime:0.005249s ]
[ sql ] [ SQL ] SELECT * FROM `xin_user` WHERE  `user_openid` = '' LIMIT 1 [ RunTime:0.007199s ]
---------------------------------------------------------------
[ 2019-09-06T11:10:26+08:00 ] 113.128.80.144 POST dxc.gqwlcm.com//api/rotate/getrotatelist
[运行时间：0.905471s] [吞吐率：1.10req/s] [内存消耗：2,665.28kb] [文件加载：55]
[ info ] [ LANG ] /www/wwwroot/ledigou/thinkphp/lang/zh-cn.php
[ info ] [ ROUTE ] array (
  'type' => 'module',
  'module' => 
  array (
    0 => 'api',
    1 => 'rotate',
    2 => 'getrotatelist',
  ),
)
[ info ] [ HEADER ] array (
  'accept-encoding' => 'gzip, deflate',
  'referer' => 'https://servicewechat.com/wxf24c79e7f9eb5a96/devtools/page-frame.html',
  'accept' => '*/*',
  'user-agent' => 'Mozilla/5.0 (iPhone; CPU iPhone OS 9_1 like Mac OS X) AppleWebKit/601.1.46 (KHTML, like Gecko) Version/9.0 Mobile/13B143 Safari/601.1 wechatdevtools/1.02.1907160 MicroMessenger/6.7.3 Language/zh_CN webview/',
  'origin' => 'http://127.0.0.1:64680',
  'cache-control' => 'no-cache',
  'pragma' => 'no-cache',
  'connection' => 'keep-alive',
  'host' => 'dxc.gqwlcm.com',
  'content-type' => 'application/json',
  'content-length' => '2',
)
[ info ] [ PARAM ] array (
)
[ info ] [ DB ] INIT mysql
[ info ] [ SESSION ] INIT array (
  'id' => '',
  'var_session_id' => '',
  'prefix' => 'think',
  'type' => '',
  'auto_start' => true,
)
[ info ] [ RUN ] app\api\controller\Rotate->GetRotateList[ /www/wwwroot/ledigou/application/api/controller/Rotate.php ]
[ info ] [ LOG ] INIT File
[ sql ] [ DB ] CONNECT:[ UseTime:0.027258s ] mysql:host=localhost;dbname=ledigou;charset=utf8
[ sql ] [ SQL ] SHOW COLUMNS FROM `xin_config` [ RunTime:0.073839s ]
[ sql ] [ SQL ] SELECT * FROM `xin_config` WHERE  `config_id` = 1 LIMIT 1 [ RunTime:0.060850s ]
[ sql ] [ SQL ] SHOW COLUMNS FROM `xin_rotate` [ RunTime:0.019997s ]
[ sql ] [ SQL ] SELECT * FROM `xin_rotate` WHERE  `rotate_address` = 'index' ORDER BY `rotate_rank` DESC LIMIT 0,4 [ RunTime:0.004559s ]
---------------------------------------------------------------
[ 2019-09-06T11:10:26+08:00 ] 113.128.80.144 POST dxc.gqwlcm.com//api/sort/GetSortList
[运行时间：0.905830s] [吞吐率：1.10req/s] [内存消耗：2,665.13kb] [文件加载：55]
[ info ] [ LANG ] /www/wwwroot/ledigou/thinkphp/lang/zh-cn.php
[ info ] [ ROUTE ] array (
  'type' => 'module',
  'module' => 
  array (
    0 => 'api',
    1 => 'sort',
    2 => 'GetSortList',
  ),
)
[ info ] [ HEADER ] array (
  'accept-encoding' => 'gzip, deflate',
  'referer' => 'https://servicewechat.com/wxf24c79e7f9eb5a96/devtools/page-frame.html',
  'accept' => '*/*',
  'user-agent' => 'Mozilla/5.0 (iPhone; CPU iPhone OS 9_1 like Mac OS X) AppleWebKit/601.1.46 (KHTML, like Gecko) Version/9.0 Mobile/13B143 Safari/601.1 wechatdevtools/1.02.1907160 MicroMessenger/6.7.3 Language/zh_CN webview/',
  'origin' => 'http://127.0.0.1:64680',
  'cache-control' => 'no-cache',
  'pragma' => 'no-cache',
  'connection' => 'keep-alive',
  'host' => 'dxc.gqwlcm.com',
  'content-type' => 'application/json',
  'content-length' => '2',
)
[ info ] [ PARAM ] array (
)
[ info ] [ DB ] INIT mysql
[ info ] [ SESSION ] INIT array (
  'id' => '',
  'var_session_id' => '',
  'prefix' => 'think',
  'type' => '',
  'auto_start' => true,
)
[ info ] [ RUN ] app\api\controller\Sort->GetSortList[ /www/wwwroot/ledigou/application/api/controller/Sort.php ]
[ info ] [ LOG ] INIT File
[ sql ] [ DB ] CONNECT:[ UseTime:0.010226s ] mysql:host=localhost;dbname=ledigou;charset=utf8
[ sql ] [ SQL ] SHOW COLUMNS FROM `xin_config` [ RunTime:0.071865s ]
[ sql ] [ SQL ] SELECT * FROM `xin_config` WHERE  `config_id` = 1 LIMIT 1 [ RunTime:0.061391s ]
[ sql ] [ SQL ] SHOW COLUMNS FROM `xin_goods_sort` [ RunTime:0.014937s ]
[ sql ] [ SQL ] SELECT * FROM `xin_goods_sort` WHERE  `sort_status` = 1 ORDER BY `sort_rank` DESC LIMIT 0,8 [ RunTime:0.005229s ]
---------------------------------------------------------------
[ 2019-09-06T11:10:26+08:00 ] 113.128.80.144 POST dxc.gqwlcm.com//api/limited/GetLimitedList
[运行时间：0.907172s] [吞吐率：1.10req/s] [内存消耗：2,723.45kb] [文件加载：57]
[ info ] [ LANG ] /www/wwwroot/ledigou/thinkphp/lang/zh-cn.php
[ info ] [ ROUTE ] array (
  'type' => 'module',
  'module' => 
  array (
    0 => 'api',
    1 => 'limited',
    2 => 'GetLimitedList',
  ),
)
[ info ] [ HEADER ] array (
  'accept-encoding' => 'gzip, deflate',
  'referer' => 'https://servicewechat.com/wxf24c79e7f9eb5a96/devtools/page-frame.html',
  'accept' => '*/*',
  'user-agent' => 'Mozilla/5.0 (iPhone; CPU iPhone OS 9_1 like Mac OS X) AppleWebKit/601.1.46 (KHTML, like Gecko) Version/9.0 Mobile/13B143 Safari/601.1 wechatdevtools/1.02.1907160 MicroMessenger/6.7.3 Language/zh_CN webview/',
  'origin' => 'http://127.0.0.1:64680',
  'cache-control' => 'no-cache',
  'pragma' => 'no-cache',
  'connection' => 'keep-alive',
  'host' => 'dxc.gqwlcm.com',
  'content-type' => 'application/json',
  'content-length' => '13',
)
[ info ] [ PARAM ] array (
  'openid' => '',
)
[ info ] [ DB ] INIT mysql
[ info ] [ SESSION ] INIT array (
  'id' => '',
  'var_session_id' => '',
  'prefix' => 'think',
  'type' => '',
  'auto_start' => true,
)
[ info ] [ RUN ] app\api\controller\Limited->GetLimitedList[ /www/wwwroot/ledigou/application/api/controller/Limited.php ]
[ info ] [ LOG ] INIT File
[ sql ] [ DB ] CONNECT:[ UseTime:0.000276s ] mysql:host=localhost;dbname=ledigou;charset=utf8
[ sql ] [ SQL ] SHOW COLUMNS FROM `xin_config` [ RunTime:0.072053s ]
[ sql ] [ SQL ] SELECT * FROM `xin_config` WHERE  `config_id` = 1 LIMIT 1 [ RunTime:0.062424s ]
[ sql ] [ SQL ] SHOW COLUMNS FROM `xin_user` [ RunTime:0.022525s ]
[ sql ] [ SQL ] SELECT * FROM `xin_user` WHERE  `user_openid` = '' LIMIT 1 [ RunTime:0.006029s ]
---------------------------------------------------------------
[ 2019-09-06T11:10:29+08:00 ] 113.128.80.144 POST dxc.gqwlcm.com//api/goods/GetGoodsList
[运行时间：0.028108s] [吞吐率：35.58req/s] [内存消耗：2,825.05kb] [文件加载：58]
[ info ] [ LANG ] /www/wwwroot/ledigou/thinkphp/lang/zh-cn.php
[ info ] [ ROUTE ] array (
  'type' => 'module',
  'module' => 
  array (
    0 => 'api',
    1 => 'goods',
    2 => 'GetGoodsList',
  ),
)
[ info ] [ HEADER ] array (
  'accept-language' => 'zh-CN,zh;q=0.9',
  'accept-encoding' => 'gzip, deflate',
  'referer' => 'https://servicewechat.com/wxf24c79e7f9eb5a96/devtools/page-frame.html',
  'accept' => '*/*',
  'user-agent' => 'Mozilla/5.0 (iPhone; CPU iPhone OS 9_1 like Mac OS X) AppleWebKit/601.1.46 (KHTML, like Gecko) Version/9.0 Mobile/13B143 Safari/601.1 wechatdevtools/1.02.1907160 MicroMessenger/6.7.3 Language/zh_CN webview/',
  'origin' => 'http://127.0.0.1:64680',
  'cache-control' => 'no-cache',
  'pragma' => 'no-cache',
  'connection' => 'keep-alive',
  'host' => 'dxc.gqwlcm.com',
  'content-type' => 'application/json',
  'content-length' => '93',
)
[ info ] [ PARAM ] array (
  'openid' => '',
  'keyword' => '',
  'sort' => '1',
  'is_top' => false,
  'ordername' => 'complex',
  'ordertype' => 'desc',
)
[ info ] [ SESSION ] INIT array (
  'id' => '',
  'var_session_id' => '',
  'prefix' => 'think',
  'type' => '',
  'auto_start' => true,
)
[ info ] [ DB ] INIT mysql
[ info ] [ RUN ] app\api\controller\Goods->GetGoodsList[ /www/wwwroot/ledigou/application/api/controller/Goods.php ]
[ info ] [ LOG ] INIT File
[ sql ] [ DB ] CONNECT:[ UseTime:0.000260s ] mysql:host=localhost;dbname=ledigou;charset=utf8
[ sql ] [ SQL ] SHOW COLUMNS FROM `xin_config` [ RunTime:0.001322s ]
[ sql ] [ SQL ] SELECT * FROM `xin_config` WHERE  `config_id` = 1 LIMIT 1 [ RunTime:0.000269s ]
[ sql ] [ SQL ] SHOW COLUMNS FROM `xin_user` [ RunTime:0.000973s ]
[ sql ] [ SQL ] SELECT * FROM `xin_user` WHERE  `user_openid` = '' LIMIT 1 [ RunTime:0.000219s ]
---------------------------------------------------------------
[ 2019-09-06T11:10:29+08:00 ] 113.128.80.144 POST dxc.gqwlcm.com//api/Sort/GetSortList
[运行时间：0.049750s] [吞吐率：20.10req/s] [内存消耗：2,665.88kb] [文件加载：55]
[ info ] [ LANG ] /www/wwwroot/ledigou/thinkphp/lang/zh-cn.php
[ info ] [ ROUTE ] array (
  'type' => 'module',
  'module' => 
  array (
    0 => 'api',
    1 => 'Sort',
    2 => 'GetSortList',
  ),
)
[ info ] [ HEADER ] array (
  'accept-language' => 'zh-CN,zh;q=0.9',
  'accept-encoding' => 'gzip, deflate',
  'referer' => 'https://servicewechat.com/wxf24c79e7f9eb5a96/devtools/page-frame.html',
  'accept' => '*/*',
  'user-agent' => 'Mozilla/5.0 (iPhone; CPU iPhone OS 9_1 like Mac OS X) AppleWebKit/601.1.46 (KHTML, like Gecko) Version/9.0 Mobile/13B143 Safari/601.1 wechatdevtools/1.02.1907160 MicroMessenger/6.7.3 Language/zh_CN webview/',
  'origin' => 'http://127.0.0.1:64680',
  'cache-control' => 'no-cache',
  'pragma' => 'no-cache',
  'connection' => 'keep-alive',
  'host' => 'dxc.gqwlcm.com',
  'content-type' => 'application/json',
  'content-length' => '15',
)
[ info ] [ PARAM ] array (
  'limit' => 10000,
)
[ info ] [ DB ] INIT mysql
[ info ] [ SESSION ] INIT array (
  'id' => '',
  'var_session_id' => '',
  'prefix' => 'think',
  'type' => '',
  'auto_start' => true,
)
[ info ] [ RUN ] app\api\controller\Sort->GetSortList[ /www/wwwroot/ledigou/application/api/controller/Sort.php ]
[ info ] [ LOG ] INIT File
[ sql ] [ DB ] CONNECT:[ UseTime:0.000274s ] mysql:host=localhost;dbname=ledigou;charset=utf8
[ sql ] [ SQL ] SHOW COLUMNS FROM `xin_config` [ RunTime:0.001325s ]
[ sql ] [ SQL ] SELECT * FROM `xin_config` WHERE  `config_id` = 1 LIMIT 1 [ RunTime:0.000271s ]
[ sql ] [ SQL ] SHOW COLUMNS FROM `xin_goods_sort` [ RunTime:0.000964s ]
[ sql ] [ SQL ] SELECT * FROM `xin_goods_sort` WHERE  `sort_status` = 1 ORDER BY `sort_rank` DESC LIMIT 0,10000 [ RunTime:0.021585s ]
---------------------------------------------------------------
[ 2019-09-06T11:10:32+08:00 ] 113.128.80.144 POST dxc.gqwlcm.com//api/Sort/GetSortList
[运行时间：0.056635s] [吞吐率：17.66req/s] [内存消耗：2,665.88kb] [文件加载：55]
[ info ] [ LANG ] /www/wwwroot/ledigou/thinkphp/lang/zh-cn.php
[ info ] [ ROUTE ] array (
  'type' => 'module',
  'module' => 
  array (
    0 => 'api',
    1 => 'Sort',
    2 => 'GetSortList',
  ),
)
[ info ] [ HEADER ] array (
  'accept-language' => 'zh-CN,zh;q=0.9',
  'accept-encoding' => 'gzip, deflate',
  'referer' => 'https://servicewechat.com/wxf24c79e7f9eb5a96/devtools/page-frame.html',
  'accept' => '*/*',
  'user-agent' => 'Mozilla/5.0 (iPhone; CPU iPhone OS 9_1 like Mac OS X) AppleWebKit/601.1.46 (KHTML, like Gecko) Version/9.0 Mobile/13B143 Safari/601.1 wechatdevtools/1.02.1907160 MicroMessenger/6.7.3 Language/zh_CN webview/',
  'origin' => 'http://127.0.0.1:64680',
  'cache-control' => 'no-cache',
  'pragma' => 'no-cache',
  'connection' => 'keep-alive',
  'host' => 'dxc.gqwlcm.com',
  'content-type' => 'application/json',
  'content-length' => '15',
)
[ info ] [ PARAM ] array (
  'limit' => 10000,
)
[ info ] [ DB ] INIT mysql
[ info ] [ SESSION ] INIT array (
  'id' => '',
  'var_session_id' => '',
  'prefix' => 'think',
  'type' => '',
  'auto_start' => true,
)
[ info ] [ RUN ] app\api\controller\Sort->GetSortList[ /www/wwwroot/ledigou/application/api/controller/Sort.php ]
[ info ] [ LOG ] INIT File
[ sql ] [ DB ] CONNECT:[ UseTime:0.000206s ] mysql:host=localhost;dbname=ledigou;charset=utf8
[ sql ] [ SQL ] SHOW COLUMNS FROM `xin_config` [ RunTime:0.001525s ]
[ sql ] [ SQL ] SELECT * FROM `xin_config` WHERE  `config_id` = 1 LIMIT 1 [ RunTime:0.000676s ]
[ sql ] [ SQL ] SHOW COLUMNS FROM `xin_goods_sort` [ RunTime:0.001886s ]
[ sql ] [ SQL ] SELECT * FROM `xin_goods_sort` WHERE  `sort_status` = 1 ORDER BY `sort_rank` DESC LIMIT 0,10000 [ RunTime:0.000300s ]
---------------------------------------------------------------
[ 2019-09-06T11:10:32+08:00 ] 113.128.80.144 POST dxc.gqwlcm.com//api/goods/GetGoodsList
[运行时间：0.054242s] [吞吐率：18.44req/s] [内存消耗：2,825.05kb] [文件加载：58]
[ info ] [ LANG ] /www/wwwroot/ledigou/thinkphp/lang/zh-cn.php
[ info ] [ ROUTE ] array (
  'type' => 'module',
  'module' => 
  array (
    0 => 'api',
    1 => 'goods',
    2 => 'GetGoodsList',
  ),
)
[ info ] [ HEADER ] array (
  'accept-language' => 'zh-CN,zh;q=0.9',
  'accept-encoding' => 'gzip, deflate',
  'referer' => 'https://servicewechat.com/wxf24c79e7f9eb5a96/devtools/page-frame.html',
  'accept' => '*/*',
  'user-agent' => 'Mozilla/5.0 (iPhone; CPU iPhone OS 9_1 like Mac OS X) AppleWebKit/601.1.46 (KHTML, like Gecko) Version/9.0 Mobile/13B143 Safari/601.1 wechatdevtools/1.02.1907160 MicroMessenger/6.7.3 Language/zh_CN webview/',
  'origin' => 'http://127.0.0.1:64680',
  'cache-control' => 'no-cache',
  'pragma' => 'no-cache',
  'connection' => 'keep-alive',
  'host' => 'dxc.gqwlcm.com',
  'content-type' => 'application/json',
  'content-length' => '93',
)
[ info ] [ PARAM ] array (
  'openid' => '',
  'keyword' => '',
  'sort' => '2',
  'is_top' => false,
  'ordername' => 'complex',
  'ordertype' => 'desc',
)
[ info ] [ SESSION ] INIT array (
  'id' => '',
  'var_session_id' => '',
  'prefix' => 'think',
  'type' => '',
  'auto_start' => true,
)
[ info ] [ DB ] INIT mysql
[ info ] [ RUN ] app\api\controller\Goods->GetGoodsList[ /www/wwwroot/ledigou/application/api/controller/Goods.php ]
[ info ] [ LOG ] INIT File
[ sql ] [ DB ] CONNECT:[ UseTime:0.001346s ] mysql:host=localhost;dbname=ledigou;charset=utf8
[ sql ] [ SQL ] SHOW COLUMNS FROM `xin_config` [ RunTime:0.002826s ]
[ sql ] [ SQL ] SELECT * FROM `xin_config` WHERE  `config_id` = 1 LIMIT 1 [ RunTime:0.001025s ]
[ sql ] [ SQL ] SHOW COLUMNS FROM `xin_user` [ RunTime:0.001585s ]
[ sql ] [ SQL ] SELECT * FROM `xin_user` WHERE  `user_openid` = '' LIMIT 1 [ RunTime:0.000513s ]
---------------------------------------------------------------
[ 2019-09-06T11:10:35+08:00 ] 113.128.80.144 POST dxc.gqwlcm.com//api/goods/GetGoodsList
[运行时间：0.029286s] [吞吐率：34.15req/s] [内存消耗：2,825.05kb] [文件加载：58]
[ info ] [ LANG ] /www/wwwroot/ledigou/thinkphp/lang/zh-cn.php
[ info ] [ ROUTE ] array (
  'type' => 'module',
  'module' => 
  array (
    0 => 'api',
    1 => 'goods',
    2 => 'GetGoodsList',
  ),
)
[ info ] [ HEADER ] array (
  'accept-language' => 'zh-CN,zh;q=0.9',
  'accept-encoding' => 'gzip, deflate',
  'referer' => 'https://servicewechat.com/wxf24c79e7f9eb5a96/devtools/page-frame.html',
  'accept' => '*/*',
  'user-agent' => 'Mozilla/5.0 (iPhone; CPU iPhone OS 9_1 like Mac OS X) AppleWebKit/601.1.46 (KHTML, like Gecko) Version/9.0 Mobile/13B143 Safari/601.1 wechatdevtools/1.02.1907160 MicroMessenger/6.7.3 Language/zh_CN webview/',
  'origin' => 'http://127.0.0.1:64680',
  'cache-control' => 'no-cache',
  'pragma' => 'no-cache',
  'connection' => 'keep-alive',
  'host' => 'dxc.gqwlcm.com',
  'content-type' => 'application/json',
  'content-length' => '93',
)
[ info ] [ PARAM ] array (
  'openid' => '',
  'keyword' => '',
  'sort' => '0',
  'is_top' => false,
  'ordername' => 'complex',
  'ordertype' => 'desc',
)
[ info ] [ SESSION ] INIT array (
  'id' => '',
  'var_session_id' => '',
  'prefix' => 'think',
  'type' => '',
  'auto_start' => true,
)
[ info ] [ DB ] INIT mysql
[ info ] [ RUN ] app\api\controller\Goods->GetGoodsList[ /www/wwwroot/ledigou/application/api/controller/Goods.php ]
[ info ] [ LOG ] INIT File
[ sql ] [ DB ] CONNECT:[ UseTime:0.000302s ] mysql:host=localhost;dbname=ledigou;charset=utf8
[ sql ] [ SQL ] SHOW COLUMNS FROM `xin_config` [ RunTime:0.001310s ]
[ sql ] [ SQL ] SELECT * FROM `xin_config` WHERE  `config_id` = 1 LIMIT 1 [ RunTime:0.000282s ]
[ sql ] [ SQL ] SHOW COLUMNS FROM `xin_user` [ RunTime:0.001048s ]
[ sql ] [ SQL ] SELECT * FROM `xin_user` WHERE  `user_openid` = '' LIMIT 1 [ RunTime:0.000217s ]
---------------------------------------------------------------
[ 2019-09-06T11:10:38+08:00 ] 113.128.80.144 POST dxc.gqwlcm.com//api/goods/GetGoodsList
[运行时间：0.029060s] [吞吐率：34.41req/s] [内存消耗：2,825.05kb] [文件加载：58]
[ info ] [ LANG ] /www/wwwroot/ledigou/thinkphp/lang/zh-cn.php
[ info ] [ ROUTE ] array (
  'type' => 'module',
  'module' => 
  array (
    0 => 'api',
    1 => 'goods',
    2 => 'GetGoodsList',
  ),
)
[ info ] [ HEADER ] array (
  'accept-language' => 'zh-CN,zh;q=0.9',
  'accept-encoding' => 'gzip, deflate',
  'referer' => 'https://servicewechat.com/wxf24c79e7f9eb5a96/devtools/page-frame.html',
  'accept' => '*/*',
  'user-agent' => 'Mozilla/5.0 (iPhone; CPU iPhone OS 9_1 like Mac OS X) AppleWebKit/601.1.46 (KHTML, like Gecko) Version/9.0 Mobile/13B143 Safari/601.1 wechatdevtools/1.02.1907160 MicroMessenger/6.7.3 Language/zh_CN webview/',
  'origin' => 'http://127.0.0.1:64680',
  'cache-control' => 'no-cache',
  'pragma' => 'no-cache',
  'connection' => 'keep-alive',
  'host' => 'dxc.gqwlcm.com',
  'content-type' => 'application/json',
  'content-length' => '93',
)
[ info ] [ PARAM ] array (
  'openid' => '',
  'keyword' => '',
  'sort' => '0',
  'is_top' => false,
  'ordername' => 'complex',
  'ordertype' => 'desc',
)
[ info ] [ SESSION ] INIT array (
  'id' => '',
  'var_session_id' => '',
  'prefix' => 'think',
  'type' => '',
  'auto_start' => true,
)
[ info ] [ DB ] INIT mysql
[ info ] [ RUN ] app\api\controller\Goods->GetGoodsList[ /www/wwwroot/ledigou/application/api/controller/Goods.php ]
[ info ] [ LOG ] INIT File
[ sql ] [ DB ] CONNECT:[ UseTime:0.000286s ] mysql:host=localhost;dbname=ledigou;charset=utf8
[ sql ] [ SQL ] SHOW COLUMNS FROM `xin_config` [ RunTime:0.001339s ]
[ sql ] [ SQL ] SELECT * FROM `xin_config` WHERE  `config_id` = 1 LIMIT 1 [ RunTime:0.000242s ]
[ sql ] [ SQL ] SHOW COLUMNS FROM `xin_user` [ RunTime:0.000955s ]
[ sql ] [ SQL ] SELECT * FROM `xin_user` WHERE  `user_openid` = '' LIMIT 1 [ RunTime:0.000215s ]
---------------------------------------------------------------
[ 2019-09-06T11:10:40+08:00 ] 113.128.80.144 POST dxc.gqwlcm.com//api/goods/GetGoodsList
[运行时间：0.040879s] [吞吐率：24.46req/s] [内存消耗：2,825.05kb] [文件加载：58]
[ info ] [ LANG ] /www/wwwroot/ledigou/thinkphp/lang/zh-cn.php
[ info ] [ ROUTE ] array (
  'type' => 'module',
  'module' => 
  array (
    0 => 'api',
    1 => 'goods',
    2 => 'GetGoodsList',
  ),
)
[ info ] [ HEADER ] array (
  'accept-language' => 'zh-CN,zh;q=0.9',
  'accept-encoding' => 'gzip, deflate',
  'referer' => 'https://servicewechat.com/wxf24c79e7f9eb5a96/devtools/page-frame.html',
  'accept' => '*/*',
  'user-agent' => 'Mozilla/5.0 (iPhone; CPU iPhone OS 9_1 like Mac OS X) AppleWebKit/601.1.46 (KHTML, like Gecko) Version/9.0 Mobile/13B143 Safari/601.1 wechatdevtools/1.02.1907160 MicroMessenger/6.7.3 Language/zh_CN webview/',
  'origin' => 'http://127.0.0.1:64680',
  'cache-control' => 'no-cache',
  'pragma' => 'no-cache',
  'connection' => 'keep-alive',
  'host' => 'dxc.gqwlcm.com',
  'content-type' => 'application/json',
  'content-length' => '91',
)
[ info ] [ PARAM ] array (
  'openid' => '',
  'keyword' => '',
  'sort' => '0',
  'is_top' => false,
  'ordername' => 'sales',
  'ordertype' => 'desc',
)
[ info ] [ SESSION ] INIT array (
  'id' => '',
  'var_session_id' => '',
  'prefix' => 'think',
  'type' => '',
  'auto_start' => true,
)
[ info ] [ DB ] INIT mysql
[ info ] [ RUN ] app\api\controller\Goods->GetGoodsList[ /www/wwwroot/ledigou/application/api/controller/Goods.php ]
[ info ] [ LOG ] INIT File
[ sql ] [ DB ] CONNECT:[ UseTime:0.000308s ] mysql:host=localhost;dbname=ledigou;charset=utf8
[ sql ] [ SQL ] SHOW COLUMNS FROM `xin_config` [ RunTime:0.001409s ]
[ sql ] [ SQL ] SELECT * FROM `xin_config` WHERE  `config_id` = 1 LIMIT 1 [ RunTime:0.000292s ]
[ sql ] [ SQL ] SHOW COLUMNS FROM `xin_user` [ RunTime:0.001034s ]
[ sql ] [ SQL ] SELECT * FROM `xin_user` WHERE  `user_openid` = '' LIMIT 1 [ RunTime:0.000219s ]
---------------------------------------------------------------
[ 2019-09-06T11:10:40+08:00 ] 113.128.80.144 POST dxc.gqwlcm.com//api/goods/GetGoodsList
[运行时间：0.051394s] [吞吐率：19.46req/s] [内存消耗：2,825.05kb] [文件加载：58]
[ info ] [ LANG ] /www/wwwroot/ledigou/thinkphp/lang/zh-cn.php
[ info ] [ ROUTE ] array (
  'type' => 'module',
  'module' => 
  array (
    0 => 'api',
    1 => 'goods',
    2 => 'GetGoodsList',
  ),
)
[ info ] [ HEADER ] array (
  'accept-language' => 'zh-CN,zh;q=0.9',
  'accept-encoding' => 'gzip, deflate',
  'referer' => 'https://servicewechat.com/wxf24c79e7f9eb5a96/devtools/page-frame.html',
  'accept' => '*/*',
  'user-agent' => 'Mozilla/5.0 (iPhone; CPU iPhone OS 9_1 like Mac OS X) AppleWebKit/601.1.46 (KHTML, like Gecko) Version/9.0 Mobile/13B143 Safari/601.1 wechatdevtools/1.02.1907160 MicroMessenger/6.7.3 Language/zh_CN webview/',
  'origin' => 'http://127.0.0.1:64680',
  'cache-control' => 'no-cache',
  'pragma' => 'no-cache',
  'connection' => 'keep-alive',
  'host' => 'dxc.gqwlcm.com',
  'content-type' => 'application/json',
  'content-length' => '91',
)
[ info ] [ PARAM ] array (
  'openid' => '',
  'keyword' => '',
  'sort' => '0',
  'is_top' => false,
  'ordername' => 'price',
  'ordertype' => 'desc',
)
[ info ] [ SESSION ] INIT array (
  'id' => '',
  'var_session_id' => '',
  'prefix' => 'think',
  'type' => '',
  'auto_start' => true,
)
[ info ] [ DB ] INIT mysql
[ info ] [ RUN ] app\api\controller\Goods->GetGoodsList[ /www/wwwroot/ledigou/application/api/controller/Goods.php ]
[ info ] [ LOG ] INIT File
[ sql ] [ DB ] CONNECT:[ UseTime:0.000254s ] mysql:host=localhost;dbname=ledigou;charset=utf8
[ sql ] [ SQL ] SHOW COLUMNS FROM `xin_config` [ RunTime:0.001281s ]
[ sql ] [ SQL ] SELECT * FROM `xin_config` WHERE  `config_id` = 1 LIMIT 1 [ RunTime:0.000244s ]
[ sql ] [ SQL ] SHOW COLUMNS FROM `xin_user` [ RunTime:0.000966s ]
[ sql ] [ SQL ] SELECT * FROM `xin_user` WHERE  `user_openid` = '' LIMIT 1 [ RunTime:0.000208s ]
---------------------------------------------------------------
[ 2019-09-06T11:10:41+08:00 ] 113.128.80.144 POST dxc.gqwlcm.com//api/goods/GetGoodsList
[运行时间：0.027363s] [吞吐率：36.55req/s] [内存消耗：2,825.05kb] [文件加载：58]
[ info ] [ LANG ] /www/wwwroot/ledigou/thinkphp/lang/zh-cn.php
[ info ] [ ROUTE ] array (
  'type' => 'module',
  'module' => 
  array (
    0 => 'api',
    1 => 'goods',
    2 => 'GetGoodsList',
  ),
)
[ info ] [ HEADER ] array (
  'accept-language' => 'zh-CN,zh;q=0.9',
  'accept-encoding' => 'gzip, deflate',
  'referer' => 'https://servicewechat.com/wxf24c79e7f9eb5a96/devtools/page-frame.html',
  'accept' => '*/*',
  'user-agent' => 'Mozilla/5.0 (iPhone; CPU iPhone OS 9_1 like Mac OS X) AppleWebKit/601.1.46 (KHTML, like Gecko) Version/9.0 Mobile/13B143 Safari/601.1 wechatdevtools/1.02.1907160 MicroMessenger/6.7.3 Language/zh_CN webview/',
  'origin' => 'http://127.0.0.1:64680',
  'cache-control' => 'no-cache',
  'pragma' => 'no-cache',
  'connection' => 'keep-alive',
  'host' => 'dxc.gqwlcm.com',
  'content-type' => 'application/json',
  'content-length' => '93',
)
[ info ] [ PARAM ] array (
  'openid' => '',
  'keyword' => '',
  'sort' => '0',
  'is_top' => false,
  'ordername' => 'complex',
  'ordertype' => 'desc',
)
[ info ] [ SESSION ] INIT array (
  'id' => '',
  'var_session_id' => '',
  'prefix' => 'think',
  'type' => '',
  'auto_start' => true,
)
[ info ] [ DB ] INIT mysql
[ info ] [ RUN ] app\api\controller\Goods->GetGoodsList[ /www/wwwroot/ledigou/application/api/controller/Goods.php ]
[ info ] [ LOG ] INIT File
[ sql ] [ DB ] CONNECT:[ UseTime:0.000242s ] mysql:host=localhost;dbname=ledigou;charset=utf8
[ sql ] [ SQL ] SHOW COLUMNS FROM `xin_config` [ RunTime:0.001218s ]
[ sql ] [ SQL ] SELECT * FROM `xin_config` WHERE  `config_id` = 1 LIMIT 1 [ RunTime:0.000245s ]
[ sql ] [ SQL ] SHOW COLUMNS FROM `xin_user` [ RunTime:0.000980s ]
[ sql ] [ SQL ] SELECT * FROM `xin_user` WHERE  `user_openid` = '' LIMIT 1 [ RunTime:0.000220s ]
---------------------------------------------------------------
[ 2019-09-06T11:10:43+08:00 ] 113.128.80.144 POST dxc.gqwlcm.com//api/goods/GetGoodsList
[运行时间：0.029724s] [吞吐率：33.64req/s] [内存消耗：2,825.05kb] [文件加载：58]
[ info ] [ LANG ] /www/wwwroot/ledigou/thinkphp/lang/zh-cn.php
[ info ] [ ROUTE ] array (
  'type' => 'module',
  'module' => 
  array (
    0 => 'api',
    1 => 'goods',
    2 => 'GetGoodsList',
  ),
)
[ info ] [ HEADER ] array (
  'accept-language' => 'zh-CN,zh;q=0.9',
  'accept-encoding' => 'gzip, deflate',
  'referer' => 'https://servicewechat.com/wxf24c79e7f9eb5a96/devtools/page-frame.html',
  'accept' => '*/*',
  'user-agent' => 'Mozilla/5.0 (iPhone; CPU iPhone OS 9_1 like Mac OS X) AppleWebKit/601.1.46 (KHTML, like Gecko) Version/9.0 Mobile/13B143 Safari/601.1 wechatdevtools/1.02.1907160 MicroMessenger/6.7.3 Language/zh_CN webview/',
  'origin' => 'http://127.0.0.1:64680',
  'cache-control' => 'no-cache',
  'pragma' => 'no-cache',
  'connection' => 'keep-alive',
  'host' => 'dxc.gqwlcm.com',
  'content-type' => 'application/json',
  'content-length' => '93',
)
[ info ] [ PARAM ] array (
  'openid' => '',
  'keyword' => '',
  'sort' => '0',
  'is_top' => false,
  'ordername' => 'complex',
  'ordertype' => 'desc',
)
[ info ] [ SESSION ] INIT array (
  'id' => '',
  'var_session_id' => '',
  'prefix' => 'think',
  'type' => '',
  'auto_start' => true,
)
[ info ] [ DB ] INIT mysql
[ info ] [ RUN ] app\api\controller\Goods->GetGoodsList[ /www/wwwroot/ledigou/application/api/controller/Goods.php ]
[ info ] [ LOG ] INIT File
[ sql ] [ DB ] CONNECT:[ UseTime:0.000268s ] mysql:host=localhost;dbname=ledigou;charset=utf8
[ sql ] [ SQL ] SHOW COLUMNS FROM `xin_config` [ RunTime:0.001325s ]
[ sql ] [ SQL ] SELECT * FROM `xin_config` WHERE  `config_id` = 1 LIMIT 1 [ RunTime:0.000255s ]
[ sql ] [ SQL ] SHOW COLUMNS FROM `xin_user` [ RunTime:0.000989s ]
[ sql ] [ SQL ] SELECT * FROM `xin_user` WHERE  `user_openid` = '' LIMIT 1 [ RunTime:0.000213s ]
---------------------------------------------------------------
[ 2019-09-06T13:00:04+08:00 ] 47.101.159.221 GET dxc.gqwlcm.com/
[运行时间：0.237693s] [吞吐率：4.21req/s] [内存消耗：2,776.95kb] [文件加载：58]
[ info ] [ LANG ] /www/wwwroot/ledigou/thinkphp/lang/zh-cn.php
[ info ] [ ROUTE ] array (
  'type' => 'module',
  'module' => 
  array (
    0 => '',
    1 => NULL,
    2 => NULL,
  ),
)
[ info ] [ HEADER ] array (
  'accept-encoding' => 'gzip',
  'connection' => 'Keep-Alive',
  'host' => 'dxc.gqwlcm.com',
  'user-agent' => 'Mozilla/5.0 (X11; Ubuntu; Linux x86_64; rv:36.0) Gecko/20100101 Firefox/36.0',
)
[ info ] [ PARAM ] array (
)
[ info ] [ SESSION ] INIT array (
  'id' => '',
  'var_session_id' => '',
  'prefix' => 'think',
  'type' => '',
  'auto_start' => true,
)
[ info ] [ DB ] INIT mysql
[ info ] [ LOG ] INIT File
[ sql ] [ DB ] CONNECT:[ UseTime:0.000289s ] mysql:host=localhost;dbname=ledigou;charset=utf8
[ sql ] [ SQL ] SHOW COLUMNS FROM `xin_config` [ RunTime:0.001544s ]
[ sql ] [ SQL ] SELECT * FROM `xin_config` WHERE  `config_id` = 1 LIMIT 1 [ RunTime:0.000270s ]
---------------------------------------------------------------
[ 2019-09-06T13:00:05+08:00 ] 47.101.159.221 GET dxc.gqwlcm.com/index/wechat/login.html
[运行时间：0.088832s] [吞吐率：11.26req/s] [内存消耗：2,712.54kb] [文件加载：55]
[ info ] [ LANG ] /www/wwwroot/ledigou/thinkphp/lang/zh-cn.php
[ info ] [ ROUTE ] array (
  'type' => 'module',
  'module' => 
  array (
    0 => 'index',
    1 => 'wechat',
    2 => 'login',
  ),
)
[ info ] [ HEADER ] array (
  'accept-encoding' => 'gzip',
  'connection' => 'Keep-Alive',
  'host' => 'dxc.gqwlcm.com',
  'user-agent' => 'Mozilla/5.0 (X11; Ubuntu; Linux x86_64; rv:36.0) Gecko/20100101 Firefox/36.0',
)
[ info ] [ PARAM ] array (
)
[ info ] [ SESSION ] INIT array (
  'id' => '',
  'var_session_id' => '',
  'prefix' => 'think',
  'type' => '',
  'auto_start' => true,
)
[ info ] [ DB ] INIT mysql
[ info ] [ RUN ] app\index\controller\Wechat->Login[ /www/wwwroot/ledigou/application/index/controller/Wechat.php ]
[ info ] [ LOG ] INIT File
[ sql ] [ DB ] CONNECT:[ UseTime:0.000284s ] mysql:host=localhost;dbname=ledigou;charset=utf8
[ sql ] [ SQL ] SHOW COLUMNS FROM `xin_config` [ RunTime:0.001352s ]
[ sql ] [ SQL ] SELECT * FROM `xin_config` WHERE  `config_id` = 1 LIMIT 1 [ RunTime:0.000372s ]
---------------------------------------------------------------
[ 2019-09-06T13:33:52+08:00 ] 113.128.80.144 POST dxc.gqwlcm.com//api/sort/GetSortList
[运行时间：0.079061s] [吞吐率：12.65req/s] [内存消耗：2,665.17kb] [文件加载：55]
[ info ] [ LANG ] /www/wwwroot/ledigou/thinkphp/lang/zh-cn.php
[ info ] [ ROUTE ] array (
  'type' => 'module',
  'module' => 
  array (
    0 => 'api',
    1 => 'sort',
    2 => 'GetSortList',
  ),
)
[ info ] [ HEADER ] array (
  'accept-language' => 'zh-CN,zh;q=0.9',
  'accept-encoding' => 'gzip, deflate',
  'referer' => 'https://servicewechat.com/wxf24c79e7f9eb5a96/devtools/page-frame.html',
  'accept' => '*/*',
  'user-agent' => 'Mozilla/5.0 (iPhone; CPU iPhone OS 9_1 like Mac OS X) AppleWebKit/601.1.46 (KHTML, like Gecko) Version/9.0 Mobile/13B143 Safari/601.1 wechatdevtools/1.02.1907160 MicroMessenger/6.7.3 Language/zh_CN webview/',
  'origin' => 'http://127.0.0.1:64680',
  'cache-control' => 'no-cache',
  'pragma' => 'no-cache',
  'connection' => 'keep-alive',
  'host' => 'dxc.gqwlcm.com',
  'content-type' => 'application/json',
  'content-length' => '2',
)
[ info ] [ PARAM ] array (
)
[ info ] [ DB ] INIT mysql
[ info ] [ SESSION ] INIT array (
  'id' => '',
  'var_session_id' => '',
  'prefix' => 'think',
  'type' => '',
  'auto_start' => true,
)
[ info ] [ RUN ] app\api\controller\Sort->GetSortList[ /www/wwwroot/ledigou/application/api/controller/Sort.php ]
[ info ] [ LOG ] INIT File
[ sql ] [ DB ] CONNECT:[ UseTime:0.000260s ] mysql:host=localhost;dbname=ledigou;charset=utf8
[ sql ] [ SQL ] SHOW COLUMNS FROM `xin_config` [ RunTime:0.001343s ]
[ sql ] [ SQL ] SELECT * FROM `xin_config` WHERE  `config_id` = 1 LIMIT 1 [ RunTime:0.002156s ]
[ sql ] [ SQL ] SHOW COLUMNS FROM `xin_goods_sort` [ RunTime:0.001182s ]
[ sql ] [ SQL ] SELECT * FROM `xin_goods_sort` WHERE  `sort_status` = 1 ORDER BY `sort_rank` DESC LIMIT 0,8 [ RunTime:0.000243s ]
---------------------------------------------------------------
[ 2019-09-06T13:33:52+08:00 ] 113.128.80.144 POST dxc.gqwlcm.com//api/goods/GetGoodsList
[运行时间：0.091991s] [吞吐率：10.87req/s] [内存消耗：2,824.84kb] [文件加载：58]
[ info ] [ LANG ] /www/wwwroot/ledigou/thinkphp/lang/zh-cn.php
[ info ] [ ROUTE ] array (
  'type' => 'module',
  'module' => 
  array (
    0 => 'api',
    1 => 'goods',
    2 => 'GetGoodsList',
  ),
)
[ info ] [ HEADER ] array (
  'accept-language' => 'zh-CN,zh;q=0.9',
  'accept-encoding' => 'gzip, deflate',
  'referer' => 'https://servicewechat.com/wxf24c79e7f9eb5a96/devtools/page-frame.html',
  'accept' => '*/*',
  'user-agent' => 'Mozilla/5.0 (iPhone; CPU iPhone OS 9_1 like Mac OS X) AppleWebKit/601.1.46 (KHTML, like Gecko) Version/9.0 Mobile/13B143 Safari/601.1 wechatdevtools/1.02.1907160 MicroMessenger/6.7.3 Language/zh_CN webview/',
  'origin' => 'http://127.0.0.1:64680',
  'cache-control' => 'no-cache',
  'pragma' => 'no-cache',
  'connection' => 'keep-alive',
  'host' => 'dxc.gqwlcm.com',
  'content-type' => 'application/json',
  'content-length' => '68',
)
[ info ] [ PARAM ] array (
  'openid' => '',
  'keyword' => '',
  'sort' => 0,
  'is_top' => true,
  'page' => 1,
  'limit' => 4,
)
[ info ] [ SESSION ] INIT array (
  'id' => '',
  'var_session_id' => '',
  'prefix' => 'think',
  'type' => '',
  'auto_start' => true,
)
[ info ] [ DB ] INIT mysql
[ info ] [ RUN ] app\api\controller\Goods->GetGoodsList[ /www/wwwroot/ledigou/application/api/controller/Goods.php ]
[ info ] [ LOG ] INIT File
[ sql ] [ DB ] CONNECT:[ UseTime:0.000205s ] mysql:host=localhost;dbname=ledigou;charset=utf8
[ sql ] [ SQL ] SHOW COLUMNS FROM `xin_config` [ RunTime:0.001826s ]
[ sql ] [ SQL ] SELECT * FROM `xin_config` WHERE  `config_id` = 1 LIMIT 1 [ RunTime:0.000225s ]
[ sql ] [ SQL ] SHOW COLUMNS FROM `xin_user` [ RunTime:0.001207s ]
[ sql ] [ SQL ] SELECT * FROM `xin_user` WHERE  `user_openid` = '' LIMIT 1 [ RunTime:0.000222s ]
---------------------------------------------------------------
[ 2019-09-06T13:33:52+08:00 ] 113.128.80.144 POST dxc.gqwlcm.com//api/limited/GetLimitedList
[运行时间：0.106345s] [吞吐率：9.40req/s] [内存消耗：2,723.49kb] [文件加载：57]
[ info ] [ LANG ] /www/wwwroot/ledigou/thinkphp/lang/zh-cn.php
[ info ] [ ROUTE ] array (
  'type' => 'module',
  'module' => 
  array (
    0 => 'api',
    1 => 'limited',
    2 => 'GetLimitedList',
  ),
)
[ info ] [ HEADER ] array (
  'accept-language' => 'zh-CN,zh;q=0.9',
  'accept-encoding' => 'gzip, deflate',
  'referer' => 'https://servicewechat.com/wxf24c79e7f9eb5a96/devtools/page-frame.html',
  'accept' => '*/*',
  'user-agent' => 'Mozilla/5.0 (iPhone; CPU iPhone OS 9_1 like Mac OS X) AppleWebKit/601.1.46 (KHTML, like Gecko) Version/9.0 Mobile/13B143 Safari/601.1 wechatdevtools/1.02.1907160 MicroMessenger/6.7.3 Language/zh_CN webview/',
  'origin' => 'http://127.0.0.1:64680',
  'cache-control' => 'no-cache',
  'pragma' => 'no-cache',
  'connection' => 'keep-alive',
  'host' => 'dxc.gqwlcm.com',
  'content-type' => 'application/json',
  'content-length' => '13',
)
[ info ] [ PARAM ] array (
  'openid' => '',
)
[ info ] [ DB ] INIT mysql
[ info ] [ SESSION ] INIT array (
  'id' => '',
  'var_session_id' => '',
  'prefix' => 'think',
  'type' => '',
  'auto_start' => true,
)
[ info ] [ RUN ] app\api\controller\Limited->GetLimitedList[ /www/wwwroot/ledigou/application/api/controller/Limited.php ]
[ info ] [ LOG ] INIT File
[ sql ] [ DB ] CONNECT:[ UseTime:0.000209s ] mysql:host=localhost;dbname=ledigou;charset=utf8
[ sql ] [ SQL ] SHOW COLUMNS FROM `xin_config` [ RunTime:0.000990s ]
[ sql ] [ SQL ] SELECT * FROM `xin_config` WHERE  `config_id` = 1 LIMIT 1 [ RunTime:0.000213s ]
[ sql ] [ SQL ] SHOW COLUMNS FROM `xin_user` [ RunTime:0.000984s ]
[ sql ] [ SQL ] SELECT * FROM `xin_user` WHERE  `user_openid` = '' LIMIT 1 [ RunTime:0.000227s ]
---------------------------------------------------------------
[ 2019-09-06T13:33:52+08:00 ] 113.128.80.144 POST dxc.gqwlcm.com//api/rotate/getrotatelist
[运行时间：0.145663s] [吞吐率：6.87req/s] [内存消耗：2,665.33kb] [文件加载：55]
[ info ] [ LANG ] /www/wwwroot/ledigou/thinkphp/lang/zh-cn.php
[ info ] [ ROUTE ] array (
  'type' => 'module',
  'module' => 
  array (
    0 => 'api',
    1 => 'rotate',
    2 => 'getrotatelist',
  ),
)
[ info ] [ HEADER ] array (
  'accept-language' => 'zh-CN,zh;q=0.9',
  'accept-encoding' => 'gzip, deflate',
  'referer' => 'https://servicewechat.com/wxf24c79e7f9eb5a96/devtools/page-frame.html',
  'accept' => '*/*',
  'user-agent' => 'Mozilla/5.0 (iPhone; CPU iPhone OS 9_1 like Mac OS X) AppleWebKit/601.1.46 (KHTML, like Gecko) Version/9.0 Mobile/13B143 Safari/601.1 wechatdevtools/1.02.1907160 MicroMessenger/6.7.3 Language/zh_CN webview/',
  'origin' => 'http://127.0.0.1:64680',
  'cache-control' => 'no-cache',
  'pragma' => 'no-cache',
  'connection' => 'keep-alive',
  'host' => 'dxc.gqwlcm.com',
  'content-type' => 'application/json',
  'content-length' => '2',
)
[ info ] [ PARAM ] array (
)
[ info ] [ DB ] INIT mysql
[ info ] [ SESSION ] INIT array (
  'id' => '',
  'var_session_id' => '',
  'prefix' => 'think',
  'type' => '',
  'auto_start' => true,
)
[ info ] [ RUN ] app\api\controller\Rotate->GetRotateList[ /www/wwwroot/ledigou/application/api/controller/Rotate.php ]
[ info ] [ LOG ] INIT File
[ sql ] [ DB ] CONNECT:[ UseTime:0.000252s ] mysql:host=localhost;dbname=ledigou;charset=utf8
[ sql ] [ SQL ] SHOW COLUMNS FROM `xin_config` [ RunTime:0.001222s ]
[ sql ] [ SQL ] SELECT * FROM `xin_config` WHERE  `config_id` = 1 LIMIT 1 [ RunTime:0.000241s ]
[ sql ] [ SQL ] SHOW COLUMNS FROM `xin_rotate` [ RunTime:0.001115s ]
[ sql ] [ SQL ] SELECT * FROM `xin_rotate` WHERE  `rotate_address` = 'index' ORDER BY `rotate_rank` DESC LIMIT 0,4 [ RunTime:0.000255s ]
