---------------------------------------------------------------
[ 2019-10-02T00:01:55+08:00 ] 137.226.113.27 GET www.capital-easy.com/
[运行时间：0.065284s] [吞吐率：15.32req/s] [内存消耗：2,781.42kb] [文件加载：58]
[ info ] [ LANG ] /www/wwwroot/ledigou/thinkphp/lang/zh-cn.php
[ info ] [ ROUTE ] array (
  'type' => 'module',
  'module' => 
  array (
    0 => '',
    1 => NULL,
    2 => NULL,
  ),
)
[ info ] [ HEADER ] array (
  'accept-encoding' => 'gzip',
  'accept' => '*/*',
  'user-agent' => 'Mozilla/5.0 zgrab/0.x (compatible; Researchscan/t12sns; +http://researchscan.comsys.rwth-aachen.de)',
  'host' => 'www.capital-easy.com',
)
[ info ] [ PARAM ] array (
)
[ info ] [ SESSION ] INIT array (
  'id' => '',
  'var_session_id' => '',
  'prefix' => 'think',
  'type' => '',
  'auto_start' => true,
)
[ info ] [ DB ] INIT mysql
[ info ] [ LOG ] INIT File
[ sql ] [ DB ] CONNECT:[ UseTime:0.000324s ] mysql:host=localhost;dbname=ledigou;charset=utf8
[ sql ] [ SQL ] SHOW COLUMNS FROM `xin_config` [ RunTime:0.017059s ]
[ sql ] [ SQL ] SELECT * FROM `xin_config` WHERE  `config_id` = 1 LIMIT 1 [ RunTime:0.000332s ]
---------------------------------------------------------------
[ 2019-10-02T00:47:49+08:00 ] 209.17.97.82 GET zhoujinyu.vip/
[运行时间：0.030060s] [吞吐率：33.27req/s] [内存消耗：2,801.36kb] [文件加载：58]
[ info ] [ LANG ] /www/wwwroot/ledigou/thinkphp/lang/zh-cn.php
[ info ] [ ROUTE ] array (
  'type' => 'module',
  'module' => 
  array (
    0 => '',
    1 => NULL,
    2 => NULL,
  ),
)
[ info ] [ HEADER ] array (
  'user-agent' => 'Mozilla/5.0 (compatible; Nimbostratus-Bot/v1.3.2; http://cloudsystemnetworks.com)',
  'host' => 'zhoujinyu.vip',
)
[ info ] [ PARAM ] array (
)
[ info ] [ SESSION ] INIT array (
  'id' => '',
  'var_session_id' => '',
  'prefix' => 'think',
  'type' => '',
  'auto_start' => true,
)
[ info ] [ DB ] INIT mysql
[ info ] [ LOG ] INIT File
[ sql ] [ DB ] CONNECT:[ UseTime:0.000254s ] mysql:host=localhost;dbname=ledigou;charset=utf8
[ sql ] [ SQL ] SHOW COLUMNS FROM `xin_config` [ RunTime:0.000925s ]
[ sql ] [ SQL ] SELECT * FROM `xin_config` WHERE  `config_id` = 1 LIMIT 1 [ RunTime:0.000343s ]
---------------------------------------------------------------
[ 2019-10-02T00:48:24+08:00 ] 14.225.16.53 GET 161.117.4.120/
[运行时间：0.026142s] [吞吐率：38.25req/s] [内存消耗：2,781.12kb] [文件加载：58]
[ info ] [ LANG ] /www/wwwroot/ledigou/thinkphp/lang/zh-cn.php
[ info ] [ ROUTE ] array (
  'type' => 'module',
  'module' => 
  array (
    0 => '',
    1 => NULL,
    2 => NULL,
  ),
)
[ info ] [ HEADER ] array (
  'accept-encoding' => 'gzip',
  'accept' => '*/*',
  'user-agent' => 'Mozilla/5.0 zgrab/0.x',
  'host' => '161.117.4.120',
)
[ info ] [ PARAM ] array (
)
[ info ] [ SESSION ] INIT array (
  'id' => '',
  'var_session_id' => '',
  'prefix' => 'think',
  'type' => '',
  'auto_start' => true,
)
[ info ] [ DB ] INIT mysql
[ info ] [ LOG ] INIT File
[ sql ] [ DB ] CONNECT:[ UseTime:0.000246s ] mysql:host=localhost;dbname=ledigou;charset=utf8
[ sql ] [ SQL ] SHOW COLUMNS FROM `xin_config` [ RunTime:0.000970s ]
[ sql ] [ SQL ] SELECT * FROM `xin_config` WHERE  `config_id` = 1 LIMIT 1 [ RunTime:0.000282s ]
---------------------------------------------------------------
[ 2019-10-02T00:48:25+08:00 ] 14.225.16.53 GET 161.117.4.120:443/index/wechat/login.html
[运行时间：0.080684s] [吞吐率：12.39req/s] [内存消耗：2,723.70kb] [文件加载：55]
[ info ] [ LANG ] /www/wwwroot/ledigou/thinkphp/lang/zh-cn.php
[ info ] [ ROUTE ] array (
  'type' => 'module',
  'module' => 
  array (
    0 => 'index',
    1 => 'wechat',
    2 => 'login',
  ),
)
[ info ] [ HEADER ] array (
  'accept-encoding' => 'gzip',
  'referer' => 'https://161.117.4.120:443/',
  'accept' => '*/*',
  'user-agent' => 'Mozilla/5.0 zgrab/0.x',
  'host' => '161.117.4.120:443',
)
[ info ] [ PARAM ] array (
)
[ info ] [ SESSION ] INIT array (
  'id' => '',
  'var_session_id' => '',
  'prefix' => 'think',
  'type' => '',
  'auto_start' => true,
)
[ info ] [ DB ] INIT mysql
[ info ] [ RUN ] app\index\controller\Wechat->Login[ /www/wwwroot/ledigou/application/index/controller/Wechat.php ]
[ info ] [ LOG ] INIT File
[ sql ] [ DB ] CONNECT:[ UseTime:0.000306s ] mysql:host=localhost;dbname=ledigou;charset=utf8
[ sql ] [ SQL ] SHOW COLUMNS FROM `xin_config` [ RunTime:0.001028s ]
[ sql ] [ SQL ] SELECT * FROM `xin_config` WHERE  `config_id` = 1 LIMIT 1 [ RunTime:0.000259s ]
---------------------------------------------------------------
[ 2019-10-02T01:00:45+08:00 ] 161.117.5.131 GET formydear.xin/
[运行时间：0.024583s] [吞吐率：40.68req/s] [内存消耗：2,781.38kb] [文件加载：58]
[ info ] [ LANG ] /www/wwwroot/ledigou/thinkphp/lang/zh-cn.php
[ info ] [ ROUTE ] array (
  'type' => 'module',
  'module' => 
  array (
    0 => '',
    1 => NULL,
    2 => NULL,
  ),
)
[ info ] [ HEADER ] array (
  'accept-encoding' => 'gzip',
  'connection' => 'Keep-Alive',
  'host' => 'formydear.xin',
  'user-agent' => 'Mozilla/5.0 (X11; Ubuntu; Linux x86_64; rv:36.0) Gecko/20100101 Firefox/36.0',
)
[ info ] [ PARAM ] array (
)
[ info ] [ SESSION ] INIT array (
  'id' => '',
  'var_session_id' => '',
  'prefix' => 'think',
  'type' => '',
  'auto_start' => true,
)
[ info ] [ DB ] INIT mysql
[ info ] [ LOG ] INIT File
[ sql ] [ DB ] CONNECT:[ UseTime:0.000251s ] mysql:host=localhost;dbname=ledigou;charset=utf8
[ sql ] [ SQL ] SHOW COLUMNS FROM `xin_config` [ RunTime:0.000949s ]
[ sql ] [ SQL ] SELECT * FROM `xin_config` WHERE  `config_id` = 1 LIMIT 1 [ RunTime:0.000244s ]
---------------------------------------------------------------
[ 2019-10-02T01:00:45+08:00 ] 161.117.5.131 GET formydear.xin/index/wechat/login.html
[运行时间：0.032914s] [吞吐率：30.38req/s] [内存消耗：2,723.70kb] [文件加载：55]
[ info ] [ LANG ] /www/wwwroot/ledigou/thinkphp/lang/zh-cn.php
[ info ] [ ROUTE ] array (
  'type' => 'module',
  'module' => 
  array (
    0 => 'index',
    1 => 'wechat',
    2 => 'login',
  ),
)
[ info ] [ HEADER ] array (
  'accept-encoding' => 'gzip',
  'connection' => 'Keep-Alive',
  'host' => 'formydear.xin',
  'user-agent' => 'Mozilla/5.0 (X11; Ubuntu; Linux x86_64; rv:36.0) Gecko/20100101 Firefox/36.0',
)
[ info ] [ PARAM ] array (
)
[ info ] [ SESSION ] INIT array (
  'id' => '',
  'var_session_id' => '',
  'prefix' => 'think',
  'type' => '',
  'auto_start' => true,
)
[ info ] [ DB ] INIT mysql
[ info ] [ RUN ] app\index\controller\Wechat->Login[ /www/wwwroot/ledigou/application/index/controller/Wechat.php ]
[ info ] [ LOG ] INIT File
[ sql ] [ DB ] CONNECT:[ UseTime:0.000273s ] mysql:host=localhost;dbname=ledigou;charset=utf8
[ sql ] [ SQL ] SHOW COLUMNS FROM `xin_config` [ RunTime:0.000986s ]
[ sql ] [ SQL ] SELECT * FROM `xin_config` WHERE  `config_id` = 1 LIMIT 1 [ RunTime:0.000258s ]
---------------------------------------------------------------
[ 2019-10-02T01:30:25+08:00 ] 209.17.97.114 GET moshiqi.cn/
[运行时间：0.047744s] [吞吐率：20.95req/s] [内存消耗：2,801.36kb] [文件加载：58]
[ info ] [ LANG ] /www/wwwroot/ledigou/thinkphp/lang/zh-cn.php
[ info ] [ ROUTE ] array (
  'type' => 'module',
  'module' => 
  array (
    0 => '',
    1 => NULL,
    2 => NULL,
  ),
)
[ info ] [ HEADER ] array (
  'user-agent' => 'Mozilla/5.0 (compatible; Nimbostratus-Bot/v1.3.2; http://cloudsystemnetworks.com)',
  'host' => 'moshiqi.cn',
)
[ info ] [ PARAM ] array (
)
[ info ] [ SESSION ] INIT array (
  'id' => '',
  'var_session_id' => '',
  'prefix' => 'think',
  'type' => '',
  'auto_start' => true,
)
[ info ] [ DB ] INIT mysql
[ info ] [ LOG ] INIT File
[ sql ] [ DB ] CONNECT:[ UseTime:0.000273s ] mysql:host=localhost;dbname=ledigou;charset=utf8
[ sql ] [ SQL ] SHOW COLUMNS FROM `xin_config` [ RunTime:0.001074s ]
[ sql ] [ SQL ] SELECT * FROM `xin_config` WHERE  `config_id` = 1 LIMIT 1 [ RunTime:0.000304s ]
---------------------------------------------------------------
[ 2019-10-02T01:51:32+08:00 ] 47.92.101.189 GET www.capital-easy.com/
[运行时间：0.137539s] [吞吐率：7.27req/s] [内存消耗：2,781.38kb] [文件加载：58]
[ info ] [ LANG ] /www/wwwroot/ledigou/thinkphp/lang/zh-cn.php
[ info ] [ ROUTE ] array (
  'type' => 'module',
  'module' => 
  array (
    0 => '',
    1 => NULL,
    2 => NULL,
  ),
)
[ info ] [ HEADER ] array (
  'accept-encoding' => 'gzip',
  'connection' => 'Keep-Alive',
  'host' => 'www.capital-easy.com',
  'user-agent' => 'Mozilla/5.0 (X11; Ubuntu; Linux x86_64; rv:36.0) Gecko/20100101 Firefox/36.0',
)
[ info ] [ PARAM ] array (
)
[ info ] [ SESSION ] INIT array (
  'id' => '',
  'var_session_id' => '',
  'prefix' => 'think',
  'type' => '',
  'auto_start' => true,
)
[ info ] [ DB ] INIT mysql
[ info ] [ LOG ] INIT File
[ sql ] [ DB ] CONNECT:[ UseTime:0.000254s ] mysql:host=localhost;dbname=ledigou;charset=utf8
[ sql ] [ SQL ] SHOW COLUMNS FROM `xin_config` [ RunTime:0.000961s ]
[ sql ] [ SQL ] SELECT * FROM `xin_config` WHERE  `config_id` = 1 LIMIT 1 [ RunTime:0.000259s ]
---------------------------------------------------------------
[ 2019-10-02T01:51:32+08:00 ] 47.92.101.189 GET www.capital-easy.com/index/wechat/login.html
[运行时间：0.035332s] [吞吐率：28.30req/s] [内存消耗：2,723.70kb] [文件加载：55]
[ info ] [ LANG ] /www/wwwroot/ledigou/thinkphp/lang/zh-cn.php
[ info ] [ ROUTE ] array (
  'type' => 'module',
  'module' => 
  array (
    0 => 'index',
    1 => 'wechat',
    2 => 'login',
  ),
)
[ info ] [ HEADER ] array (
  'accept-encoding' => 'gzip',
  'connection' => 'Keep-Alive',
  'host' => 'www.capital-easy.com',
  'user-agent' => 'Mozilla/5.0 (X11; Ubuntu; Linux x86_64; rv:36.0) Gecko/20100101 Firefox/36.0',
)
[ info ] [ PARAM ] array (
)
[ info ] [ SESSION ] INIT array (
  'id' => '',
  'var_session_id' => '',
  'prefix' => 'think',
  'type' => '',
  'auto_start' => true,
)
[ info ] [ DB ] INIT mysql
[ info ] [ RUN ] app\index\controller\Wechat->Login[ /www/wwwroot/ledigou/application/index/controller/Wechat.php ]
[ info ] [ LOG ] INIT File
[ sql ] [ DB ] CONNECT:[ UseTime:0.000272s ] mysql:host=localhost;dbname=ledigou;charset=utf8
[ sql ] [ SQL ] SHOW COLUMNS FROM `xin_config` [ RunTime:0.001027s ]
[ sql ] [ SQL ] SELECT * FROM `xin_config` WHERE  `config_id` = 1 LIMIT 1 [ RunTime:0.000269s ]
---------------------------------------------------------------
[ 2019-10-02T02:04:30+08:00 ] 209.17.96.154 GET thebestwe.com/
[运行时间：0.088039s] [吞吐率：11.36req/s] [内存消耗：2,801.36kb] [文件加载：58]
[ info ] [ LANG ] /www/wwwroot/ledigou/thinkphp/lang/zh-cn.php
[ info ] [ ROUTE ] array (
  'type' => 'module',
  'module' => 
  array (
    0 => '',
    1 => NULL,
    2 => NULL,
  ),
)
[ info ] [ HEADER ] array (
  'user-agent' => 'Mozilla/5.0 (compatible; Nimbostratus-Bot/v1.3.2; http://cloudsystemnetworks.com)',
  'host' => 'thebestwe.com',
)
[ info ] [ PARAM ] array (
)
[ info ] [ SESSION ] INIT array (
  'id' => '',
  'var_session_id' => '',
  'prefix' => 'think',
  'type' => '',
  'auto_start' => true,
)
[ info ] [ DB ] INIT mysql
[ info ] [ LOG ] INIT File
[ sql ] [ DB ] CONNECT:[ UseTime:0.000263s ] mysql:host=localhost;dbname=ledigou;charset=utf8
[ sql ] [ SQL ] SHOW COLUMNS FROM `xin_config` [ RunTime:0.001292s ]
[ sql ] [ SQL ] SELECT * FROM `xin_config` WHERE  `config_id` = 1 LIMIT 1 [ RunTime:0.032287s ]
---------------------------------------------------------------
[ 2019-10-02T02:59:29+08:00 ] 92.118.161.49 GET 161.117.4.120:443/
[运行时间：0.025660s] [吞吐率：38.97req/s] [内存消耗：2,801.58kb] [文件加载：58]
[ info ] [ LANG ] /www/wwwroot/ledigou/thinkphp/lang/zh-cn.php
[ info ] [ ROUTE ] array (
  'type' => 'module',
  'module' => 
  array (
    0 => '',
    1 => NULL,
    2 => NULL,
  ),
)
[ info ] [ HEADER ] array (
  'user-agent' => 'NetSystemsResearch studies the availability of various services across the internet. Our website is netsystemsresearch.com',
  'host' => '161.117.4.120:443',
)
[ info ] [ PARAM ] array (
)
[ info ] [ SESSION ] INIT array (
  'id' => '',
  'var_session_id' => '',
  'prefix' => 'think',
  'type' => '',
  'auto_start' => true,
)
[ info ] [ DB ] INIT mysql
[ info ] [ LOG ] INIT File
[ sql ] [ DB ] CONNECT:[ UseTime:0.000242s ] mysql:host=localhost;dbname=ledigou;charset=utf8
[ sql ] [ SQL ] SHOW COLUMNS FROM `xin_config` [ RunTime:0.000947s ]
[ sql ] [ SQL ] SELECT * FROM `xin_config` WHERE  `config_id` = 1 LIMIT 1 [ RunTime:0.000253s ]
---------------------------------------------------------------
[ 2019-10-02T03:53:23+08:00 ] 47.92.35.138 GET thebestwe.com/
[运行时间：0.096939s] [吞吐率：10.32req/s] [内存消耗：2,781.38kb] [文件加载：58]
[ info ] [ LANG ] /www/wwwroot/ledigou/thinkphp/lang/zh-cn.php
[ info ] [ ROUTE ] array (
  'type' => 'module',
  'module' => 
  array (
    0 => '',
    1 => NULL,
    2 => NULL,
  ),
)
[ info ] [ HEADER ] array (
  'accept-encoding' => 'gzip',
  'connection' => 'Keep-Alive',
  'host' => 'thebestwe.com',
  'user-agent' => 'Mozilla/5.0 (X11; Ubuntu; Linux x86_64; rv:36.0) Gecko/20100101 Firefox/36.0',
)
[ info ] [ PARAM ] array (
)
[ info ] [ SESSION ] INIT array (
  'id' => '',
  'var_session_id' => '',
  'prefix' => 'think',
  'type' => '',
  'auto_start' => true,
)
[ info ] [ DB ] INIT mysql
[ info ] [ LOG ] INIT File
[ sql ] [ DB ] CONNECT:[ UseTime:0.000269s ] mysql:host=localhost;dbname=ledigou;charset=utf8
[ sql ] [ SQL ] SHOW COLUMNS FROM `xin_config` [ RunTime:0.000902s ]
[ sql ] [ SQL ] SELECT * FROM `xin_config` WHERE  `config_id` = 1 LIMIT 1 [ RunTime:0.000255s ]
---------------------------------------------------------------
[ 2019-10-02T03:53:23+08:00 ] 47.92.35.138 GET thebestwe.com/index/wechat/login.html
[运行时间：0.075787s] [吞吐率：13.19req/s] [内存消耗：2,723.70kb] [文件加载：55]
[ info ] [ LANG ] /www/wwwroot/ledigou/thinkphp/lang/zh-cn.php
[ info ] [ ROUTE ] array (
  'type' => 'module',
  'module' => 
  array (
    0 => 'index',
    1 => 'wechat',
    2 => 'login',
  ),
)
[ info ] [ HEADER ] array (
  'accept-encoding' => 'gzip',
  'connection' => 'Keep-Alive',
  'host' => 'thebestwe.com',
  'user-agent' => 'Mozilla/5.0 (X11; Ubuntu; Linux x86_64; rv:36.0) Gecko/20100101 Firefox/36.0',
)
[ info ] [ PARAM ] array (
)
[ info ] [ SESSION ] INIT array (
  'id' => '',
  'var_session_id' => '',
  'prefix' => 'think',
  'type' => '',
  'auto_start' => true,
)
[ info ] [ DB ] INIT mysql
[ info ] [ RUN ] app\index\controller\Wechat->Login[ /www/wwwroot/ledigou/application/index/controller/Wechat.php ]
[ info ] [ LOG ] INIT File
[ sql ] [ DB ] CONNECT:[ UseTime:0.000263s ] mysql:host=localhost;dbname=ledigou;charset=utf8
[ sql ] [ SQL ] SHOW COLUMNS FROM `xin_config` [ RunTime:0.000995s ]
[ sql ] [ SQL ] SELECT * FROM `xin_config` WHERE  `config_id` = 1 LIMIT 1 [ RunTime:0.000248s ]
---------------------------------------------------------------
[ 2019-10-02T04:20:03+08:00 ] 137.226.113.27 GET www.shiguojingqian.com/
[运行时间：0.853641s] [吞吐率：1.17req/s] [内存消耗：2,781.34kb] [文件加载：58]
[ info ] [ LANG ] /www/wwwroot/ledigou/thinkphp/lang/zh-cn.php
[ info ] [ ROUTE ] array (
  'type' => 'module',
  'module' => 
  array (
    0 => '',
    1 => NULL,
    2 => NULL,
  ),
)
[ info ] [ HEADER ] array (
  'accept-encoding' => 'gzip',
  'user-agent' => 'Mozilla/5.0 zgrab/0.x (compatible; Researchscan/t13rl; +http://researchscan.comsys.rwth-aachen.de)',
  'host' => 'www.shiguojingqian.com',
)
[ info ] [ PARAM ] array (
)
[ info ] [ SESSION ] INIT array (
  'id' => '',
  'var_session_id' => '',
  'prefix' => 'think',
  'type' => '',
  'auto_start' => true,
)
[ info ] [ DB ] INIT mysql
[ info ] [ LOG ] INIT File
[ sql ] [ DB ] CONNECT:[ UseTime:0.054887s ] mysql:host=localhost;dbname=ledigou;charset=utf8
[ sql ] [ SQL ] SHOW COLUMNS FROM `xin_config` [ RunTime:0.014622s ]
[ sql ] [ SQL ] SELECT * FROM `xin_config` WHERE  `config_id` = 1 LIMIT 1 [ RunTime:0.000367s ]
---------------------------------------------------------------
[ 2019-10-02T04:20:06+08:00 ] 137.226.113.27 GET 161.117.4.120:443/index/wechat/login.html
[运行时间：0.188094s] [吞吐率：5.32req/s] [内存消耗：2,723.82kb] [文件加载：55]
[ info ] [ LANG ] /www/wwwroot/ledigou/thinkphp/lang/zh-cn.php
[ info ] [ ROUTE ] array (
  'type' => 'module',
  'module' => 
  array (
    0 => 'index',
    1 => 'wechat',
    2 => 'login',
  ),
)
[ info ] [ HEADER ] array (
  'accept-encoding' => 'gzip',
  'referer' => 'https://161.117.4.120:443/',
  'user-agent' => 'Mozilla/5.0 zgrab/0.x (compatible; Researchscan/t13rl; +http://researchscan.comsys.rwth-aachen.de)',
  'host' => '161.117.4.120:443',
)
[ info ] [ PARAM ] array (
)
[ info ] [ SESSION ] INIT array (
  'id' => '',
  'var_session_id' => '',
  'prefix' => 'think',
  'type' => '',
  'auto_start' => true,
)
[ info ] [ DB ] INIT mysql
[ info ] [ RUN ] app\index\controller\Wechat->Login[ /www/wwwroot/ledigou/application/index/controller/Wechat.php ]
[ info ] [ LOG ] INIT File
[ sql ] [ DB ] CONNECT:[ UseTime:0.000291s ] mysql:host=localhost;dbname=ledigou;charset=utf8
[ sql ] [ SQL ] SHOW COLUMNS FROM `xin_config` [ RunTime:0.000999s ]
[ sql ] [ SQL ] SELECT * FROM `xin_config` WHERE  `config_id` = 1 LIMIT 1 [ RunTime:0.000267s ]
---------------------------------------------------------------
[ 2019-10-02T04:54:11+08:00 ] 209.17.96.130 GET sc.ibtv.cc/
[运行时间：0.037580s] [吞吐率：26.61req/s] [内存消耗：2,801.36kb] [文件加载：58]
[ info ] [ LANG ] /www/wwwroot/ledigou/thinkphp/lang/zh-cn.php
[ info ] [ ROUTE ] array (
  'type' => 'module',
  'module' => 
  array (
    0 => '',
    1 => NULL,
    2 => NULL,
  ),
)
[ info ] [ HEADER ] array (
  'user-agent' => 'Mozilla/5.0 (compatible; Nimbostratus-Bot/v1.3.2; http://cloudsystemnetworks.com)',
  'host' => 'sc.ibtv.cc',
)
[ info ] [ PARAM ] array (
)
[ info ] [ SESSION ] INIT array (
  'id' => '',
  'var_session_id' => '',
  'prefix' => 'think',
  'type' => '',
  'auto_start' => true,
)
[ info ] [ DB ] INIT mysql
[ info ] [ LOG ] INIT File
[ sql ] [ DB ] CONNECT:[ UseTime:0.000295s ] mysql:host=localhost;dbname=ledigou;charset=utf8
[ sql ] [ SQL ] SHOW COLUMNS FROM `xin_config` [ RunTime:0.001042s ]
[ sql ] [ SQL ] SELECT * FROM `xin_config` WHERE  `config_id` = 1 LIMIT 1 [ RunTime:0.000255s ]
---------------------------------------------------------------
[ 2019-10-02T05:11:03+08:00 ] 77.247.108.162 GET 161.117.4.120/
[运行时间：0.042470s] [吞吐率：23.55req/s] [内存消耗：2,781.22kb] [文件加载：58]
[ info ] [ LANG ] /www/wwwroot/ledigou/thinkphp/lang/zh-cn.php
[ info ] [ ROUTE ] array (
  'type' => 'module',
  'module' => 
  array (
    0 => '',
    1 => NULL,
    2 => NULL,
  ),
)
[ info ] [ HEADER ] array (
  'user-agent' => 'python-requests/2.22.0',
  'accept' => '*/*',
  'accept-encoding' => 'gzip, deflate',
  'connection' => 'keep-alive',
  'host' => '161.117.4.120',
)
[ info ] [ PARAM ] array (
)
[ info ] [ SESSION ] INIT array (
  'id' => '',
  'var_session_id' => '',
  'prefix' => 'think',
  'type' => '',
  'auto_start' => true,
)
[ info ] [ DB ] INIT mysql
[ info ] [ LOG ] INIT File
[ sql ] [ DB ] CONNECT:[ UseTime:0.000249s ] mysql:host=localhost;dbname=ledigou;charset=utf8
[ sql ] [ SQL ] SHOW COLUMNS FROM `xin_config` [ RunTime:0.000960s ]
[ sql ] [ SQL ] SELECT * FROM `xin_config` WHERE  `config_id` = 1 LIMIT 1 [ RunTime:0.000253s ]
---------------------------------------------------------------
[ 2019-10-02T05:11:04+08:00 ] 77.247.108.162 GET 161.117.4.120/index/wechat/login.html
[运行时间：0.024096s] [吞吐率：41.50req/s] [内存消耗：2,647.64kb] [文件加载：54]
[ info ] [ LANG ] /www/wwwroot/ledigou/thinkphp/lang/zh-cn.php
[ info ] [ ROUTE ] array (
  'type' => 'module',
  'module' => 
  array (
    0 => 'index',
    1 => 'wechat',
    2 => 'login',
  ),
)
[ info ] [ HEADER ] array (
  'cookie' => 'PHPSESSID=aeq8u7i1us69d0g7mkq3svnqgp',
  'user-agent' => 'python-requests/2.22.0',
  'accept' => '*/*',
  'accept-encoding' => 'gzip, deflate',
  'connection' => 'keep-alive',
  'host' => '161.117.4.120',
)
[ info ] [ PARAM ] array (
)
[ info ] [ SESSION ] INIT array (
  'id' => '',
  'var_session_id' => '',
  'prefix' => 'think',
  'type' => '',
  'auto_start' => true,
)
[ info ] [ DB ] INIT mysql
[ info ] [ RUN ] app\index\controller\Wechat->Login[ /www/wwwroot/ledigou/application/index/controller/Wechat.php ]
[ info ] [ LOG ] INIT File
---------------------------------------------------------------
[ 2019-10-02T05:23:41+08:00 ] 137.226.113.27 GET www.formydear.xin/
[运行时间：0.039643s] [吞吐率：25.23req/s] [内存消耗：2,781.43kb] [文件加载：58]
[ info ] [ LANG ] /www/wwwroot/ledigou/thinkphp/lang/zh-cn.php
[ info ] [ ROUTE ] array (
  'type' => 'module',
  'module' => 
  array (
    0 => '',
    1 => NULL,
    2 => NULL,
  ),
)
[ info ] [ HEADER ] array (
  'accept-encoding' => 'gzip',
  'accept' => '*/*',
  'user-agent' => 'Mozilla/5.0 zgrab/0.x (compatible; Researchscan/t12ca; +http://researchscan.comsys.rwth-aachen.de)',
  'host' => 'www.formydear.xin',
)
[ info ] [ PARAM ] array (
)
[ info ] [ SESSION ] INIT array (
  'id' => '',
  'var_session_id' => '',
  'prefix' => 'think',
  'type' => '',
  'auto_start' => true,
)
[ info ] [ DB ] INIT mysql
[ info ] [ LOG ] INIT File
[ sql ] [ DB ] CONNECT:[ UseTime:0.000258s ] mysql:host=localhost;dbname=ledigou;charset=utf8
[ sql ] [ SQL ] SHOW COLUMNS FROM `xin_config` [ RunTime:0.000998s ]
[ sql ] [ SQL ] SELECT * FROM `xin_config` WHERE  `config_id` = 1 LIMIT 1 [ RunTime:0.000325s ]
---------------------------------------------------------------
[ 2019-10-02T05:42:47+08:00 ] 101.132.107.246 GET www.shiguojingqian.com/
[运行时间：0.036513s] [吞吐率：27.39req/s] [内存消耗：2,781.38kb] [文件加载：58]
[ info ] [ LANG ] /www/wwwroot/ledigou/thinkphp/lang/zh-cn.php
[ info ] [ ROUTE ] array (
  'type' => 'module',
  'module' => 
  array (
    0 => '',
    1 => NULL,
    2 => NULL,
  ),
)
[ info ] [ HEADER ] array (
  'accept-encoding' => 'gzip',
  'connection' => 'Keep-Alive',
  'host' => 'www.shiguojingqian.com',
  'user-agent' => 'Mozilla/5.0 (X11; Ubuntu; Linux x86_64; rv:36.0) Gecko/20100101 Firefox/36.0',
)
[ info ] [ PARAM ] array (
)
[ info ] [ SESSION ] INIT array (
  'id' => '',
  'var_session_id' => '',
  'prefix' => 'think',
  'type' => '',
  'auto_start' => true,
)
[ info ] [ DB ] INIT mysql
[ info ] [ LOG ] INIT File
[ sql ] [ DB ] CONNECT:[ UseTime:0.000276s ] mysql:host=localhost;dbname=ledigou;charset=utf8
[ sql ] [ SQL ] SHOW COLUMNS FROM `xin_config` [ RunTime:0.000955s ]
[ sql ] [ SQL ] SELECT * FROM `xin_config` WHERE  `config_id` = 1 LIMIT 1 [ RunTime:0.000265s ]
---------------------------------------------------------------
[ 2019-10-02T05:42:48+08:00 ] 101.132.107.246 GET www.shiguojingqian.com/index/wechat/login.html
[运行时间：0.045116s] [吞吐率：22.17req/s] [内存消耗：2,723.70kb] [文件加载：55]
[ info ] [ LANG ] /www/wwwroot/ledigou/thinkphp/lang/zh-cn.php
[ info ] [ ROUTE ] array (
  'type' => 'module',
  'module' => 
  array (
    0 => 'index',
    1 => 'wechat',
    2 => 'login',
  ),
)
[ info ] [ HEADER ] array (
  'accept-encoding' => 'gzip',
  'connection' => 'Keep-Alive',
  'host' => 'www.shiguojingqian.com',
  'user-agent' => 'Mozilla/5.0 (X11; Ubuntu; Linux x86_64; rv:36.0) Gecko/20100101 Firefox/36.0',
)
[ info ] [ PARAM ] array (
)
[ info ] [ SESSION ] INIT array (
  'id' => '',
  'var_session_id' => '',
  'prefix' => 'think',
  'type' => '',
  'auto_start' => true,
)
[ info ] [ DB ] INIT mysql
[ info ] [ RUN ] app\index\controller\Wechat->Login[ /www/wwwroot/ledigou/application/index/controller/Wechat.php ]
[ info ] [ LOG ] INIT File
[ sql ] [ DB ] CONNECT:[ UseTime:0.000261s ] mysql:host=localhost;dbname=ledigou;charset=utf8
[ sql ] [ SQL ] SHOW COLUMNS FROM `xin_config` [ RunTime:0.001011s ]
[ sql ] [ SQL ] SELECT * FROM `xin_config` WHERE  `config_id` = 1 LIMIT 1 [ RunTime:0.000253s ]
---------------------------------------------------------------
[ 2019-10-02T06:20:47+08:00 ] 139.162.113.204 GET 161.117.4.120/
[运行时间：0.040712s] [吞吐率：24.56req/s] [内存消耗：2,801.40kb] [文件加载：58]
[ info ] [ LANG ] /www/wwwroot/ledigou/thinkphp/lang/zh-cn.php
[ info ] [ ROUTE ] array (
  'type' => 'module',
  'module' => 
  array (
    0 => '',
    1 => NULL,
    2 => NULL,
  ),
)
[ info ] [ HEADER ] array (
  'connection' => 'close',
  'user-agent' => 'HTTP Banner Detection (https://security.ipip.net)',
  'host' => '161.117.4.120',
)
[ info ] [ PARAM ] array (
)
[ info ] [ SESSION ] INIT array (
  'id' => '',
  'var_session_id' => '',
  'prefix' => 'think',
  'type' => '',
  'auto_start' => true,
)
[ info ] [ DB ] INIT mysql
[ info ] [ LOG ] INIT File
[ sql ] [ DB ] CONNECT:[ UseTime:0.000353s ] mysql:host=localhost;dbname=ledigou;charset=utf8
[ sql ] [ SQL ] SHOW COLUMNS FROM `xin_config` [ RunTime:0.001150s ]
[ sql ] [ SQL ] SELECT * FROM `xin_config` WHERE  `config_id` = 1 LIMIT 1 [ RunTime:0.000256s ]
---------------------------------------------------------------
[ 2019-10-02T07:23:11+08:00 ] 209.17.96.66 GET tc.ibtv.cc/
[运行时间：0.038970s] [吞吐率：25.66req/s] [内存消耗：2,801.36kb] [文件加载：58]
[ info ] [ LANG ] /www/wwwroot/ledigou/thinkphp/lang/zh-cn.php
[ info ] [ ROUTE ] array (
  'type' => 'module',
  'module' => 
  array (
    0 => '',
    1 => NULL,
    2 => NULL,
  ),
)
[ info ] [ HEADER ] array (
  'user-agent' => 'Mozilla/5.0 (compatible; Nimbostratus-Bot/v1.3.2; http://cloudsystemnetworks.com)',
  'host' => 'tc.ibtv.cc',
)
[ info ] [ PARAM ] array (
)
[ info ] [ SESSION ] INIT array (
  'id' => '',
  'var_session_id' => '',
  'prefix' => 'think',
  'type' => '',
  'auto_start' => true,
)
[ info ] [ DB ] INIT mysql
[ info ] [ LOG ] INIT File
[ sql ] [ DB ] CONNECT:[ UseTime:0.000368s ] mysql:host=localhost;dbname=ledigou;charset=utf8
[ sql ] [ SQL ] SHOW COLUMNS FROM `xin_config` [ RunTime:0.001247s ]
[ sql ] [ SQL ] SELECT * FROM `xin_config` WHERE  `config_id` = 1 LIMIT 1 [ RunTime:0.000383s ]
---------------------------------------------------------------
[ 2019-10-02T07:53:53+08:00 ] 209.17.97.106 GET baixuejie.com/
[运行时间：0.025501s] [吞吐率：39.21req/s] [内存消耗：2,801.36kb] [文件加载：58]
[ info ] [ LANG ] /www/wwwroot/ledigou/thinkphp/lang/zh-cn.php
[ info ] [ ROUTE ] array (
  'type' => 'module',
  'module' => 
  array (
    0 => '',
    1 => NULL,
    2 => NULL,
  ),
)
[ info ] [ HEADER ] array (
  'user-agent' => 'Mozilla/5.0 (compatible; Nimbostratus-Bot/v1.3.2; http://cloudsystemnetworks.com)',
  'host' => 'baixuejie.com',
)
[ info ] [ PARAM ] array (
)
[ info ] [ SESSION ] INIT array (
  'id' => '',
  'var_session_id' => '',
  'prefix' => 'think',
  'type' => '',
  'auto_start' => true,
)
[ info ] [ DB ] INIT mysql
[ info ] [ LOG ] INIT File
[ sql ] [ DB ] CONNECT:[ UseTime:0.000295s ] mysql:host=localhost;dbname=ledigou;charset=utf8
[ sql ] [ SQL ] SHOW COLUMNS FROM `xin_config` [ RunTime:0.000927s ]
[ sql ] [ SQL ] SELECT * FROM `xin_config` WHERE  `config_id` = 1 LIMIT 1 [ RunTime:0.000261s ]
---------------------------------------------------------------
[ 2019-10-02T07:58:13+08:00 ] 40.65.117.167 GET 161.117.4.120/
[运行时间：0.051375s] [吞吐率：19.46req/s] [内存消耗：2,781.12kb] [文件加载：58]
[ info ] [ LANG ] /www/wwwroot/ledigou/thinkphp/lang/zh-cn.php
[ info ] [ ROUTE ] array (
  'type' => 'module',
  'module' => 
  array (
    0 => '',
    1 => NULL,
    2 => NULL,
  ),
)
[ info ] [ HEADER ] array (
  'accept-encoding' => 'gzip',
  'accept' => '*/*',
  'user-agent' => 'Mozilla/5.0 zgrab/0.x',
  'host' => '161.117.4.120',
)
[ info ] [ PARAM ] array (
)
[ info ] [ SESSION ] INIT array (
  'id' => '',
  'var_session_id' => '',
  'prefix' => 'think',
  'type' => '',
  'auto_start' => true,
)
[ info ] [ DB ] INIT mysql
[ info ] [ LOG ] INIT File
[ sql ] [ DB ] CONNECT:[ UseTime:0.000302s ] mysql:host=localhost;dbname=ledigou;charset=utf8
[ sql ] [ SQL ] SHOW COLUMNS FROM `xin_config` [ RunTime:0.001080s ]
[ sql ] [ SQL ] SELECT * FROM `xin_config` WHERE  `config_id` = 1 LIMIT 1 [ RunTime:0.000264s ]
---------------------------------------------------------------
[ 2019-10-02T07:58:13+08:00 ] 40.65.117.167 GET 161.117.4.120:443/index/wechat/login.html
[运行时间：0.091301s] [吞吐率：10.95req/s] [内存消耗：2,723.70kb] [文件加载：55]
[ info ] [ LANG ] /www/wwwroot/ledigou/thinkphp/lang/zh-cn.php
[ info ] [ ROUTE ] array (
  'type' => 'module',
  'module' => 
  array (
    0 => 'index',
    1 => 'wechat',
    2 => 'login',
  ),
)
[ info ] [ HEADER ] array (
  'accept-encoding' => 'gzip',
  'referer' => 'https://161.117.4.120:443/',
  'accept' => '*/*',
  'user-agent' => 'Mozilla/5.0 zgrab/0.x',
  'host' => '161.117.4.120:443',
)
[ info ] [ PARAM ] array (
)
[ info ] [ SESSION ] INIT array (
  'id' => '',
  'var_session_id' => '',
  'prefix' => 'think',
  'type' => '',
  'auto_start' => true,
)
[ info ] [ DB ] INIT mysql
[ info ] [ RUN ] app\index\controller\Wechat->Login[ /www/wwwroot/ledigou/application/index/controller/Wechat.php ]
[ info ] [ LOG ] INIT File
[ sql ] [ DB ] CONNECT:[ UseTime:0.000268s ] mysql:host=localhost;dbname=ledigou;charset=utf8
[ sql ] [ SQL ] SHOW COLUMNS FROM `xin_config` [ RunTime:0.000964s ]
[ sql ] [ SQL ] SELECT * FROM `xin_config` WHERE  `config_id` = 1 LIMIT 1 [ RunTime:0.000285s ]
---------------------------------------------------------------
[ 2019-10-02T09:05:40+08:00 ] 184.105.139.69 GET 161.117.4.120/
[运行时间：0.106939s] [吞吐率：9.35req/s] [内存消耗：2,800.99kb] [文件加载：58]
[ info ] [ LANG ] /www/wwwroot/ledigou/thinkphp/lang/zh-cn.php
[ info ] [ ROUTE ] array (
  'type' => 'module',
  'module' => 
  array (
    0 => '',
    1 => NULL,
    2 => NULL,
  ),
)
[ info ] [ HEADER ] array (
  'host' => '161.117.4.120',
)
[ info ] [ PARAM ] array (
)
[ info ] [ SESSION ] INIT array (
  'id' => '',
  'var_session_id' => '',
  'prefix' => 'think',
  'type' => '',
  'auto_start' => true,
)
[ info ] [ DB ] INIT mysql
[ info ] [ LOG ] INIT File
[ sql ] [ DB ] CONNECT:[ UseTime:0.000280s ] mysql:host=localhost;dbname=ledigou;charset=utf8
[ sql ] [ SQL ] SHOW COLUMNS FROM `xin_config` [ RunTime:0.014971s ]
[ sql ] [ SQL ] SELECT * FROM `xin_config` WHERE  `config_id` = 1 LIMIT 1 [ RunTime:0.000296s ]
---------------------------------------------------------------
[ 2019-10-02T09:48:17+08:00 ] 137.226.113.26 GET www.formydear.xin/
[运行时间：0.069828s] [吞吐率：14.32req/s] [内存消耗：2,781.43kb] [文件加载：58]
[ info ] [ LANG ] /www/wwwroot/ledigou/thinkphp/lang/zh-cn.php
[ info ] [ ROUTE ] array (
  'type' => 'module',
  'module' => 
  array (
    0 => '',
    1 => NULL,
    2 => NULL,
  ),
)
[ info ] [ HEADER ] array (
  'accept-encoding' => 'gzip',
  'accept' => '*/*',
  'user-agent' => 'Mozilla/5.0 zgrab/0.x (compatible; Researchscan/t12sns; +http://researchscan.comsys.rwth-aachen.de)',
  'host' => 'www.formydear.xin',
)
[ info ] [ PARAM ] array (
)
[ info ] [ SESSION ] INIT array (
  'id' => '',
  'var_session_id' => '',
  'prefix' => 'think',
  'type' => '',
  'auto_start' => true,
)
[ info ] [ DB ] INIT mysql
[ info ] [ LOG ] INIT File
[ sql ] [ DB ] CONNECT:[ UseTime:0.000288s ] mysql:host=localhost;dbname=ledigou;charset=utf8
[ sql ] [ SQL ] SHOW COLUMNS FROM `xin_config` [ RunTime:0.000983s ]
[ sql ] [ SQL ] SELECT * FROM `xin_config` WHERE  `config_id` = 1 LIMIT 1 [ RunTime:0.042882s ]
---------------------------------------------------------------
[ 2019-10-02T09:53:58+08:00 ] 47.100.166.87 GET www.capital-easy.com/
[运行时间：0.045396s] [吞吐率：22.03req/s] [内存消耗：2,781.34kb] [文件加载：58]
[ info ] [ LANG ] /www/wwwroot/ledigou/thinkphp/lang/zh-cn.php
[ info ] [ ROUTE ] array (
  'type' => 'module',
  'module' => 
  array (
    0 => '',
    1 => NULL,
    2 => NULL,
  ),
)
[ info ] [ HEADER ] array (
  'accept-encoding' => 'gzip',
  'connection' => 'Keep-Alive',
  'host' => 'www.capital-easy.com',
  'user-agent' => 'Mozilla/5.0 (Linux; Android 4.1.1; Nexus 7 Build/JRO03D)',
)
[ info ] [ PARAM ] array (
)
[ info ] [ SESSION ] INIT array (
  'id' => '',
  'var_session_id' => '',
  'prefix' => 'think',
  'type' => '',
  'auto_start' => true,
)
[ info ] [ DB ] INIT mysql
[ info ] [ LOG ] INIT File
[ sql ] [ DB ] CONNECT:[ UseTime:0.000261s ] mysql:host=localhost;dbname=ledigou;charset=utf8
[ sql ] [ SQL ] SHOW COLUMNS FROM `xin_config` [ RunTime:0.001054s ]
[ sql ] [ SQL ] SELECT * FROM `xin_config` WHERE  `config_id` = 1 LIMIT 1 [ RunTime:0.000295s ]
---------------------------------------------------------------
[ 2019-10-02T09:53:58+08:00 ] 47.100.166.87 GET www.capital-easy.com/index/wechat/login.html
[运行时间：0.041947s] [吞吐率：23.84req/s] [内存消耗：2,723.67kb] [文件加载：55]
[ info ] [ LANG ] /www/wwwroot/ledigou/thinkphp/lang/zh-cn.php
[ info ] [ ROUTE ] array (
  'type' => 'module',
  'module' => 
  array (
    0 => 'index',
    1 => 'wechat',
    2 => 'login',
  ),
)
[ info ] [ HEADER ] array (
  'accept-encoding' => 'gzip',
  'connection' => 'Keep-Alive',
  'host' => 'www.capital-easy.com',
  'user-agent' => 'Mozilla/5.0 (Linux; Android 4.1.1; Nexus 7 Build/JRO03D)',
)
[ info ] [ PARAM ] array (
)
[ info ] [ SESSION ] INIT array (
  'id' => '',
  'var_session_id' => '',
  'prefix' => 'think',
  'type' => '',
  'auto_start' => true,
)
[ info ] [ DB ] INIT mysql
[ info ] [ RUN ] app\index\controller\Wechat->Login[ /www/wwwroot/ledigou/application/index/controller/Wechat.php ]
[ info ] [ LOG ] INIT File
[ sql ] [ DB ] CONNECT:[ UseTime:0.000253s ] mysql:host=localhost;dbname=ledigou;charset=utf8
[ sql ] [ SQL ] SHOW COLUMNS FROM `xin_config` [ RunTime:0.001014s ]
[ sql ] [ SQL ] SELECT * FROM `xin_config` WHERE  `config_id` = 1 LIMIT 1 [ RunTime:0.000267s ]
---------------------------------------------------------------
[ 2019-10-02T09:59:54+08:00 ] 47.101.187.254 GET formydear.xin/
[运行时间：0.025909s] [吞吐率：38.60req/s] [内存消耗：2,781.31kb] [文件加载：58]
[ info ] [ LANG ] /www/wwwroot/ledigou/thinkphp/lang/zh-cn.php
[ info ] [ ROUTE ] array (
  'type' => 'module',
  'module' => 
  array (
    0 => '',
    1 => NULL,
    2 => NULL,
  ),
)
[ info ] [ HEADER ] array (
  'accept-encoding' => 'gzip',
  'connection' => 'Keep-Alive',
  'host' => 'formydear.xin',
  'user-agent' => 'Mozilla/5.0 (Linux; Android 4.1.1; Nexus 7 Build/JRO03D)',
)
[ info ] [ PARAM ] array (
)
[ info ] [ SESSION ] INIT array (
  'id' => '',
  'var_session_id' => '',
  'prefix' => 'think',
  'type' => '',
  'auto_start' => true,
)
[ info ] [ DB ] INIT mysql
[ info ] [ LOG ] INIT File
[ sql ] [ DB ] CONNECT:[ UseTime:0.000272s ] mysql:host=localhost;dbname=ledigou;charset=utf8
[ sql ] [ SQL ] SHOW COLUMNS FROM `xin_config` [ RunTime:0.000981s ]
[ sql ] [ SQL ] SELECT * FROM `xin_config` WHERE  `config_id` = 1 LIMIT 1 [ RunTime:0.000253s ]
---------------------------------------------------------------
[ 2019-10-02T09:59:55+08:00 ] 47.101.187.254 GET formydear.xin/index/wechat/login.html
[运行时间：0.025360s] [吞吐率：39.43req/s] [内存消耗：2,723.64kb] [文件加载：55]
[ info ] [ LANG ] /www/wwwroot/ledigou/thinkphp/lang/zh-cn.php
[ info ] [ ROUTE ] array (
  'type' => 'module',
  'module' => 
  array (
    0 => 'index',
    1 => 'wechat',
    2 => 'login',
  ),
)
[ info ] [ HEADER ] array (
  'accept-encoding' => 'gzip',
  'connection' => 'Keep-Alive',
  'host' => 'formydear.xin',
  'user-agent' => 'Mozilla/5.0 (Linux; Android 4.1.1; Nexus 7 Build/JRO03D)',
)
[ info ] [ PARAM ] array (
)
[ info ] [ SESSION ] INIT array (
  'id' => '',
  'var_session_id' => '',
  'prefix' => 'think',
  'type' => '',
  'auto_start' => true,
)
[ info ] [ DB ] INIT mysql
[ info ] [ RUN ] app\index\controller\Wechat->Login[ /www/wwwroot/ledigou/application/index/controller/Wechat.php ]
[ info ] [ LOG ] INIT File
[ sql ] [ DB ] CONNECT:[ UseTime:0.000272s ] mysql:host=localhost;dbname=ledigou;charset=utf8
[ sql ] [ SQL ] SHOW COLUMNS FROM `xin_config` [ RunTime:0.001002s ]
[ sql ] [ SQL ] SELECT * FROM `xin_config` WHERE  `config_id` = 1 LIMIT 1 [ RunTime:0.000271s ]
---------------------------------------------------------------
[ 2019-10-02T10:42:01+08:00 ] 47.101.56.197 GET zhoujinyu.vip/
[运行时间：0.110506s] [吞吐率：9.05req/s] [内存消耗：2,781.31kb] [文件加载：58]
[ info ] [ LANG ] /www/wwwroot/ledigou/thinkphp/lang/zh-cn.php
[ info ] [ ROUTE ] array (
  'type' => 'module',
  'module' => 
  array (
    0 => '',
    1 => NULL,
    2 => NULL,
  ),
)
[ info ] [ HEADER ] array (
  'accept-encoding' => 'gzip',
  'connection' => 'Keep-Alive',
  'host' => 'zhoujinyu.vip',
  'user-agent' => 'Mozilla/5.0 (Linux; Android 4.1.1; Nexus 7 Build/JRO03D)',
)
[ info ] [ PARAM ] array (
)
[ info ] [ SESSION ] INIT array (
  'id' => '',
  'var_session_id' => '',
  'prefix' => 'think',
  'type' => '',
  'auto_start' => true,
)
[ info ] [ DB ] INIT mysql
[ info ] [ LOG ] INIT File
[ sql ] [ DB ] CONNECT:[ UseTime:0.000307s ] mysql:host=localhost;dbname=ledigou;charset=utf8
[ sql ] [ SQL ] SHOW COLUMNS FROM `xin_config` [ RunTime:0.001546s ]
[ sql ] [ SQL ] SELECT * FROM `xin_config` WHERE  `config_id` = 1 LIMIT 1 [ RunTime:0.000279s ]
---------------------------------------------------------------
[ 2019-10-02T10:42:02+08:00 ] 47.101.56.197 GET zhoujinyu.vip/index/wechat/login.html
[运行时间：0.033788s] [吞吐率：29.60req/s] [内存消耗：2,723.64kb] [文件加载：55]
[ info ] [ LANG ] /www/wwwroot/ledigou/thinkphp/lang/zh-cn.php
[ info ] [ ROUTE ] array (
  'type' => 'module',
  'module' => 
  array (
    0 => 'index',
    1 => 'wechat',
    2 => 'login',
  ),
)
[ info ] [ HEADER ] array (
  'accept-encoding' => 'gzip',
  'connection' => 'Keep-Alive',
  'host' => 'zhoujinyu.vip',
  'user-agent' => 'Mozilla/5.0 (Linux; Android 4.1.1; Nexus 7 Build/JRO03D)',
)
[ info ] [ PARAM ] array (
)
[ info ] [ SESSION ] INIT array (
  'id' => '',
  'var_session_id' => '',
  'prefix' => 'think',
  'type' => '',
  'auto_start' => true,
)
[ info ] [ DB ] INIT mysql
[ info ] [ RUN ] app\index\controller\Wechat->Login[ /www/wwwroot/ledigou/application/index/controller/Wechat.php ]
[ info ] [ LOG ] INIT File
[ sql ] [ DB ] CONNECT:[ UseTime:0.000331s ] mysql:host=localhost;dbname=ledigou;charset=utf8
[ sql ] [ SQL ] SHOW COLUMNS FROM `xin_config` [ RunTime:0.001097s ]
[ sql ] [ SQL ] SELECT * FROM `xin_config` WHERE  `config_id` = 1 LIMIT 1 [ RunTime:0.000312s ]
---------------------------------------------------------------
[ 2019-10-02T10:48:22+08:00 ] 209.17.96.226 GET ja.ibtv.cc/
[运行时间：0.027778s] [吞吐率：36.00req/s] [内存消耗：2,801.36kb] [文件加载：58]
[ info ] [ LANG ] /www/wwwroot/ledigou/thinkphp/lang/zh-cn.php
[ info ] [ ROUTE ] array (
  'type' => 'module',
  'module' => 
  array (
    0 => '',
    1 => NULL,
    2 => NULL,
  ),
)
[ info ] [ HEADER ] array (
  'user-agent' => 'Mozilla/5.0 (compatible; Nimbostratus-Bot/v1.3.2; http://cloudsystemnetworks.com)',
  'host' => 'ja.ibtv.cc',
)
[ info ] [ PARAM ] array (
)
[ info ] [ SESSION ] INIT array (
  'id' => '',
  'var_session_id' => '',
  'prefix' => 'think',
  'type' => '',
  'auto_start' => true,
)
[ info ] [ DB ] INIT mysql
[ info ] [ LOG ] INIT File
[ sql ] [ DB ] CONNECT:[ UseTime:0.000270s ] mysql:host=localhost;dbname=ledigou;charset=utf8
[ sql ] [ SQL ] SHOW COLUMNS FROM `xin_config` [ RunTime:0.000987s ]
[ sql ] [ SQL ] SELECT * FROM `xin_config` WHERE  `config_id` = 1 LIMIT 1 [ RunTime:0.000253s ]
---------------------------------------------------------------
[ 2019-10-02T10:55:48+08:00 ] 106.14.10.143 GET moshiqi.cn/
[运行时间：0.040101s] [吞吐率：24.94req/s] [内存消耗：2,781.19kb] [文件加载：58]
[ info ] [ LANG ] /www/wwwroot/ledigou/thinkphp/lang/zh-cn.php
[ info ] [ ROUTE ] array (
  'type' => 'module',
  'module' => 
  array (
    0 => '',
    1 => NULL,
    2 => NULL,
  ),
)
[ info ] [ HEADER ] array (
  'accept-encoding' => 'gzip',
  'connection' => 'Keep-Alive',
  'host' => 'moshiqi.cn',
  'user-agent' => 'Mozilla/5.0 (Linux; Android 4.1.1; Nexus 7 Build/JRO03D)',
)
[ info ] [ PARAM ] array (
)
[ info ] [ SESSION ] INIT array (
  'id' => '',
  'var_session_id' => '',
  'prefix' => 'think',
  'type' => '',
  'auto_start' => true,
)
[ info ] [ DB ] INIT mysql
[ info ] [ LOG ] INIT File
[ sql ] [ DB ] CONNECT:[ UseTime:0.000282s ] mysql:host=localhost;dbname=ledigou;charset=utf8
[ sql ] [ SQL ] SHOW COLUMNS FROM `xin_config` [ RunTime:0.001100s ]
[ sql ] [ SQL ] SELECT * FROM `xin_config` WHERE  `config_id` = 1 LIMIT 1 [ RunTime:0.000262s ]
---------------------------------------------------------------
[ 2019-10-02T10:55:48+08:00 ] 106.14.10.143 GET moshiqi.cn/index/wechat/login.html
[运行时间：0.025136s] [吞吐率：39.78req/s] [内存消耗：2,723.52kb] [文件加载：55]
[ info ] [ LANG ] /www/wwwroot/ledigou/thinkphp/lang/zh-cn.php
[ info ] [ ROUTE ] array (
  'type' => 'module',
  'module' => 
  array (
    0 => 'index',
    1 => 'wechat',
    2 => 'login',
  ),
)
[ info ] [ HEADER ] array (
  'accept-encoding' => 'gzip',
  'connection' => 'Keep-Alive',
  'host' => 'moshiqi.cn',
  'user-agent' => 'Mozilla/5.0 (Linux; Android 4.1.1; Nexus 7 Build/JRO03D)',
)
[ info ] [ PARAM ] array (
)
[ info ] [ SESSION ] INIT array (
  'id' => '',
  'var_session_id' => '',
  'prefix' => 'think',
  'type' => '',
  'auto_start' => true,
)
[ info ] [ DB ] INIT mysql
[ info ] [ RUN ] app\index\controller\Wechat->Login[ /www/wwwroot/ledigou/application/index/controller/Wechat.php ]
[ info ] [ LOG ] INIT File
[ sql ] [ DB ] CONNECT:[ UseTime:0.000276s ] mysql:host=localhost;dbname=ledigou;charset=utf8
[ sql ] [ SQL ] SHOW COLUMNS FROM `xin_config` [ RunTime:0.001028s ]
[ sql ] [ SQL ] SELECT * FROM `xin_config` WHERE  `config_id` = 1 LIMIT 1 [ RunTime:0.000284s ]
---------------------------------------------------------------
[ 2019-10-02T11:27:04+08:00 ] 119.57.159.120 GET www.wzxaini9.cn:443/
[运行时间：0.027045s] [吞吐率：36.98req/s] [内存消耗：2,782.05kb] [文件加载：58]
[ info ] [ LANG ] /www/wwwroot/ledigou/thinkphp/lang/zh-cn.php
[ info ] [ ROUTE ] array (
  'type' => 'module',
  'module' => 
  array (
    0 => '',
    1 => NULL,
    2 => NULL,
  ),
)
[ info ] [ HEADER ] array (
  'connection' => 'close',
  'accept-encoding' => 'gzip',
  'accept-language' => 'zh-cn;q=0.8, *;q=0.5',
  'accept-charset' => 'utf-8, gbk, gb2312, *;q=0.5',
  'accept' => 'text/html;q=0.8, */*;q=0.5',
  'user-agent' => 'Mozilla/5.0 (X11; Linux x86_64) AppleWebKit/535.2 (KHTML, like Gecko) Ubuntu/10.04 Chromium/15.0.874.106 Chrome/15.0.874.106 Safari/535.2',
  'host' => 'www.wzxaini9.cn:443',
)
[ info ] [ PARAM ] array (
)
[ info ] [ SESSION ] INIT array (
  'id' => '',
  'var_session_id' => '',
  'prefix' => 'think',
  'type' => '',
  'auto_start' => true,
)
[ info ] [ DB ] INIT mysql
[ info ] [ LOG ] INIT File
[ sql ] [ DB ] CONNECT:[ UseTime:0.000291s ] mysql:host=localhost;dbname=ledigou;charset=utf8
[ sql ] [ SQL ] SHOW COLUMNS FROM `xin_config` [ RunTime:0.001005s ]
[ sql ] [ SQL ] SELECT * FROM `xin_config` WHERE  `config_id` = 1 LIMIT 1 [ RunTime:0.000251s ]
---------------------------------------------------------------
[ 2019-10-02T11:27:09+08:00 ] 119.57.159.120 GET www.wzxaini9.cn:443/index/wechat/login.html
[运行时间：0.024921s] [吞吐率：40.13req/s] [内存消耗：2,724.38kb] [文件加载：55]
[ info ] [ LANG ] /www/wwwroot/ledigou/thinkphp/lang/zh-cn.php
[ info ] [ ROUTE ] array (
  'type' => 'module',
  'module' => 
  array (
    0 => 'index',
    1 => 'wechat',
    2 => 'login',
  ),
)
[ info ] [ HEADER ] array (
  'connection' => 'close',
  'accept-encoding' => 'gzip',
  'accept-language' => 'zh-cn;q=0.8, *;q=0.5',
  'accept-charset' => 'utf-8, gbk, gb2312, *;q=0.5',
  'accept' => 'text/html;q=0.8, */*;q=0.5',
  'user-agent' => 'Mozilla/5.0 (X11; Linux x86_64) AppleWebKit/535.2 (KHTML, like Gecko) Ubuntu/10.04 Chromium/15.0.874.106 Chrome/15.0.874.106 Safari/535.2',
  'host' => 'www.wzxaini9.cn:443',
)
[ info ] [ PARAM ] array (
)
[ info ] [ SESSION ] INIT array (
  'id' => '',
  'var_session_id' => '',
  'prefix' => 'think',
  'type' => '',
  'auto_start' => true,
)
[ info ] [ DB ] INIT mysql
[ info ] [ RUN ] app\index\controller\Wechat->Login[ /www/wwwroot/ledigou/application/index/controller/Wechat.php ]
[ info ] [ LOG ] INIT File
[ sql ] [ DB ] CONNECT:[ UseTime:0.000258s ] mysql:host=localhost;dbname=ledigou;charset=utf8
[ sql ] [ SQL ] SHOW COLUMNS FROM `xin_config` [ RunTime:0.001079s ]
[ sql ] [ SQL ] SELECT * FROM `xin_config` WHERE  `config_id` = 1 LIMIT 1 [ RunTime:0.000250s ]
---------------------------------------------------------------
[ 2019-10-02T11:27:14+08:00 ] 119.57.158.159 GET open.weixin.qq.com:443/connect/oauth2/authorize?appid=wxf8d6a2af2002f997&redirect_uri=http://dxc.gqwlcm.com/index/wechat/getcode&response_type=code&scope=snsapi_userinfo&state=STATE
[运行时间：0.209206s] [吞吐率：4.78req/s] [内存消耗：1,437.31kb] [文件加载：40]
[ info ] [ LANG ] /www/wwwroot/ledigou/thinkphp/lang/zh-cn.php
[ info ] [ ROUTE ] array (
  'type' => 'module',
  'module' => 
  array (
    0 => 'connect',
    1 => 'oauth2',
    2 => 'authorize',
  ),
)
[ info ] [ HEADER ] array (
  'connection' => 'close',
  'accept-encoding' => 'gzip',
  'accept-language' => 'zh-cn;q=0.8, *;q=0.5',
  'accept-charset' => 'utf-8, gbk, gb2312, *;q=0.5',
  'accept' => 'text/html;q=0.8, */*;q=0.5',
  'user-agent' => 'Mozilla/5.0 (X11; Linux x86_64) AppleWebKit/535.2 (KHTML, like Gecko) Ubuntu/10.04 Chromium/15.0.874.106 Chrome/15.0.874.106 Safari/535.2',
  'host' => 'open.weixin.qq.com:443',
)
[ info ] [ PARAM ] array (
  'appid' => 'wxf8d6a2af2002f997',
  'redirect_uri' => 'http://dxc.gqwlcm.com/index/wechat/getcode',
  'response_type' => 'code',
  'scope' => 'snsapi_userinfo',
  'state' => 'STATE',
)
[ info ] [ LOG ] INIT File
---------------------------------------------------------------
[ 2019-10-02T11:34:54+08:00 ] 47.101.202.31 GET 161.117.4.120/
[运行时间：0.025625s] [吞吐率：39.02req/s] [内存消耗：2,781.31kb] [文件加载：58]
[ info ] [ LANG ] /www/wwwroot/ledigou/thinkphp/lang/zh-cn.php
[ info ] [ ROUTE ] array (
  'type' => 'module',
  'module' => 
  array (
    0 => '',
    1 => NULL,
    2 => NULL,
  ),
)
[ info ] [ HEADER ] array (
  'accept-encoding' => 'gzip',
  'connection' => 'Keep-Alive',
  'host' => '161.117.4.120',
  'user-agent' => 'Mozilla/5.0 (Linux; Android 4.1.1; Nexus 7 Build/JRO03D)',
)
[ info ] [ PARAM ] array (
)
[ info ] [ SESSION ] INIT array (
  'id' => '',
  'var_session_id' => '',
  'prefix' => 'think',
  'type' => '',
  'auto_start' => true,
)
[ info ] [ DB ] INIT mysql
[ info ] [ LOG ] INIT File
[ sql ] [ DB ] CONNECT:[ UseTime:0.000265s ] mysql:host=localhost;dbname=ledigou;charset=utf8
[ sql ] [ SQL ] SHOW COLUMNS FROM `xin_config` [ RunTime:0.000943s ]
[ sql ] [ SQL ] SELECT * FROM `xin_config` WHERE  `config_id` = 1 LIMIT 1 [ RunTime:0.000250s ]
---------------------------------------------------------------
[ 2019-10-02T11:34:55+08:00 ] 47.101.202.31 GET 161.117.4.120/index/wechat/login.html
[运行时间：0.024842s] [吞吐率：40.25req/s] [内存消耗：2,723.64kb] [文件加载：55]
[ info ] [ LANG ] /www/wwwroot/ledigou/thinkphp/lang/zh-cn.php
[ info ] [ ROUTE ] array (
  'type' => 'module',
  'module' => 
  array (
    0 => 'index',
    1 => 'wechat',
    2 => 'login',
  ),
)
[ info ] [ HEADER ] array (
  'accept-encoding' => 'gzip',
  'connection' => 'Keep-Alive',
  'host' => '161.117.4.120',
  'user-agent' => 'Mozilla/5.0 (Linux; Android 4.1.1; Nexus 7 Build/JRO03D)',
)
[ info ] [ PARAM ] array (
)
[ info ] [ SESSION ] INIT array (
  'id' => '',
  'var_session_id' => '',
  'prefix' => 'think',
  'type' => '',
  'auto_start' => true,
)
[ info ] [ DB ] INIT mysql
[ info ] [ RUN ] app\index\controller\Wechat->Login[ /www/wwwroot/ledigou/application/index/controller/Wechat.php ]
[ info ] [ LOG ] INIT File
[ sql ] [ DB ] CONNECT:[ UseTime:0.000355s ] mysql:host=localhost;dbname=ledigou;charset=utf8
[ sql ] [ SQL ] SHOW COLUMNS FROM `xin_config` [ RunTime:0.001038s ]
[ sql ] [ SQL ] SELECT * FROM `xin_config` WHERE  `config_id` = 1 LIMIT 1 [ RunTime:0.000260s ]
---------------------------------------------------------------
[ 2019-10-02T12:03:47+08:00 ] 47.101.187.254 GET thebestwe.com/
[运行时间：0.101729s] [吞吐率：9.83req/s] [内存消耗：2,781.31kb] [文件加载：58]
[ info ] [ LANG ] /www/wwwroot/ledigou/thinkphp/lang/zh-cn.php
[ info ] [ ROUTE ] array (
  'type' => 'module',
  'module' => 
  array (
    0 => '',
    1 => NULL,
    2 => NULL,
  ),
)
[ info ] [ HEADER ] array (
  'accept-encoding' => 'gzip',
  'connection' => 'Keep-Alive',
  'host' => 'thebestwe.com',
  'user-agent' => 'Mozilla/5.0 (Linux; Android 4.1.1; Nexus 7 Build/JRO03D)',
)
[ info ] [ PARAM ] array (
)
[ info ] [ SESSION ] INIT array (
  'id' => '',
  'var_session_id' => '',
  'prefix' => 'think',
  'type' => '',
  'auto_start' => true,
)
[ info ] [ DB ] INIT mysql
[ info ] [ LOG ] INIT File
[ sql ] [ DB ] CONNECT:[ UseTime:0.000302s ] mysql:host=localhost;dbname=ledigou;charset=utf8
[ sql ] [ SQL ] SHOW COLUMNS FROM `xin_config` [ RunTime:0.013510s ]
[ sql ] [ SQL ] SELECT * FROM `xin_config` WHERE  `config_id` = 1 LIMIT 1 [ RunTime:0.031680s ]
---------------------------------------------------------------
[ 2019-10-02T12:03:47+08:00 ] 47.101.187.254 GET thebestwe.com/index/wechat/login.html
[运行时间：0.025284s] [吞吐率：39.55req/s] [内存消耗：2,723.64kb] [文件加载：55]
[ info ] [ LANG ] /www/wwwroot/ledigou/thinkphp/lang/zh-cn.php
[ info ] [ ROUTE ] array (
  'type' => 'module',
  'module' => 
  array (
    0 => 'index',
    1 => 'wechat',
    2 => 'login',
  ),
)
[ info ] [ HEADER ] array (
  'accept-encoding' => 'gzip',
  'connection' => 'Keep-Alive',
  'host' => 'thebestwe.com',
  'user-agent' => 'Mozilla/5.0 (Linux; Android 4.1.1; Nexus 7 Build/JRO03D)',
)
[ info ] [ PARAM ] array (
)
[ info ] [ SESSION ] INIT array (
  'id' => '',
  'var_session_id' => '',
  'prefix' => 'think',
  'type' => '',
  'auto_start' => true,
)
[ info ] [ DB ] INIT mysql
[ info ] [ RUN ] app\index\controller\Wechat->Login[ /www/wwwroot/ledigou/application/index/controller/Wechat.php ]
[ info ] [ LOG ] INIT File
[ sql ] [ DB ] CONNECT:[ UseTime:0.000254s ] mysql:host=localhost;dbname=ledigou;charset=utf8
[ sql ] [ SQL ] SHOW COLUMNS FROM `xin_config` [ RunTime:0.000962s ]
[ sql ] [ SQL ] SELECT * FROM `xin_config` WHERE  `config_id` = 1 LIMIT 1 [ RunTime:0.000261s ]
---------------------------------------------------------------
[ 2019-10-02T14:05:13+08:00 ] 173.255.234.194 GET 161.117.4.120/api/v1
[运行时间：0.305496s] [吞吐率：3.27req/s] [内存消耗：1,437.81kb] [文件加载：41]
[ info ] [ LANG ] /www/wwwroot/ledigou/thinkphp/lang/zh-cn.php
[ info ] [ ROUTE ] array (
  'type' => 'module',
  'module' => 
  array (
    0 => 'api',
    1 => 'v1',
    2 => NULL,
  ),
)
[ info ] [ HEADER ] array (
  'connection' => 'keep-alive',
  'accept' => '*/*',
  'accept-encoding' => 'gzip, deflate',
  'user-agent' => 'python-requests/2.21.0',
  'host' => '161.117.4.120',
)
[ info ] [ PARAM ] array (
)
[ info ] [ LOG ] INIT File
---------------------------------------------------------------
[ 2019-10-02T15:07:07+08:00 ] 137.226.113.26 GET www.thebestwe.com/
[运行时间：0.270057s] [吞吐率：3.70req/s] [内存消耗：2,781.34kb] [文件加载：58]
[ info ] [ LANG ] /www/wwwroot/ledigou/thinkphp/lang/zh-cn.php
[ info ] [ ROUTE ] array (
  'type' => 'module',
  'module' => 
  array (
    0 => '',
    1 => NULL,
    2 => NULL,
  ),
)
[ info ] [ HEADER ] array (
  'accept-encoding' => 'gzip',
  'user-agent' => 'Mozilla/5.0 zgrab/0.x (compatible; Researchscan/t13rl; +http://researchscan.comsys.rwth-aachen.de)',
  'host' => 'www.thebestwe.com',
)
[ info ] [ PARAM ] array (
)
[ info ] [ SESSION ] INIT array (
  'id' => '',
  'var_session_id' => '',
  'prefix' => 'think',
  'type' => '',
  'auto_start' => true,
)
[ info ] [ DB ] INIT mysql
[ info ] [ LOG ] INIT File
[ sql ] [ DB ] CONNECT:[ UseTime:0.000286s ] mysql:host=localhost;dbname=ledigou;charset=utf8
[ sql ] [ SQL ] SHOW COLUMNS FROM `xin_config` [ RunTime:0.065772s ]
[ sql ] [ SQL ] SELECT * FROM `xin_config` WHERE  `config_id` = 1 LIMIT 1 [ RunTime:0.023761s ]
---------------------------------------------------------------
[ 2019-10-02T15:07:11+08:00 ] 137.226.113.26 GET 161.117.4.120:443/index/wechat/login.html
[运行时间：0.025085s] [吞吐率：39.86req/s] [内存消耗：2,723.82kb] [文件加载：55]
[ info ] [ LANG ] /www/wwwroot/ledigou/thinkphp/lang/zh-cn.php
[ info ] [ ROUTE ] array (
  'type' => 'module',
  'module' => 
  array (
    0 => 'index',
    1 => 'wechat',
    2 => 'login',
  ),
)
[ info ] [ HEADER ] array (
  'accept-encoding' => 'gzip',
  'referer' => 'https://161.117.4.120:443/',
  'user-agent' => 'Mozilla/5.0 zgrab/0.x (compatible; Researchscan/t13rl; +http://researchscan.comsys.rwth-aachen.de)',
  'host' => '161.117.4.120:443',
)
[ info ] [ PARAM ] array (
)
[ info ] [ SESSION ] INIT array (
  'id' => '',
  'var_session_id' => '',
  'prefix' => 'think',
  'type' => '',
  'auto_start' => true,
)
[ info ] [ DB ] INIT mysql
[ info ] [ RUN ] app\index\controller\Wechat->Login[ /www/wwwroot/ledigou/application/index/controller/Wechat.php ]
[ info ] [ LOG ] INIT File
[ sql ] [ DB ] CONNECT:[ UseTime:0.000290s ] mysql:host=localhost;dbname=ledigou;charset=utf8
[ sql ] [ SQL ] SHOW COLUMNS FROM `xin_config` [ RunTime:0.001051s ]
[ sql ] [ SQL ] SELECT * FROM `xin_config` WHERE  `config_id` = 1 LIMIT 1 [ RunTime:0.000252s ]
---------------------------------------------------------------
[ 2019-10-02T15:52:05+08:00 ] 209.17.97.18 GET demo.ibtv.cc/
[运行时间：0.027225s] [吞吐率：36.73req/s] [内存消耗：2,801.36kb] [文件加载：58]
[ info ] [ LANG ] /www/wwwroot/ledigou/thinkphp/lang/zh-cn.php
[ info ] [ ROUTE ] array (
  'type' => 'module',
  'module' => 
  array (
    0 => '',
    1 => NULL,
    2 => NULL,
  ),
)
[ info ] [ HEADER ] array (
  'user-agent' => 'Mozilla/5.0 (compatible; Nimbostratus-Bot/v1.3.2; http://cloudsystemnetworks.com)',
  'host' => 'demo.ibtv.cc',
)
[ info ] [ PARAM ] array (
)
[ info ] [ SESSION ] INIT array (
  'id' => '',
  'var_session_id' => '',
  'prefix' => 'think',
  'type' => '',
  'auto_start' => true,
)
[ info ] [ DB ] INIT mysql
[ info ] [ LOG ] INIT File
[ sql ] [ DB ] CONNECT:[ UseTime:0.000260s ] mysql:host=localhost;dbname=ledigou;charset=utf8
[ sql ] [ SQL ] SHOW COLUMNS FROM `xin_config` [ RunTime:0.000975s ]
[ sql ] [ SQL ] SELECT * FROM `xin_config` WHERE  `config_id` = 1 LIMIT 1 [ RunTime:0.000258s ]
---------------------------------------------------------------
[ 2019-10-02T16:46:57+08:00 ] 101.132.103.247 GET www.thebestwe.com/
[运行时间：0.532229s] [吞吐率：1.88req/s] [内存消耗：2,781.38kb] [文件加载：58]
[ info ] [ LANG ] /www/wwwroot/ledigou/thinkphp/lang/zh-cn.php
[ info ] [ ROUTE ] array (
  'type' => 'module',
  'module' => 
  array (
    0 => '',
    1 => NULL,
    2 => NULL,
  ),
)
[ info ] [ HEADER ] array (
  'accept-encoding' => 'gzip',
  'connection' => 'Keep-Alive',
  'host' => 'www.thebestwe.com',
  'user-agent' => 'Mozilla/5.0 (X11; Ubuntu; Linux x86_64; rv:36.0) Gecko/20100101 Firefox/36.0',
)
[ info ] [ PARAM ] array (
)
[ info ] [ SESSION ] INIT array (
  'id' => '',
  'var_session_id' => '',
  'prefix' => 'think',
  'type' => '',
  'auto_start' => true,
)
[ info ] [ DB ] INIT mysql
[ info ] [ LOG ] INIT File
[ sql ] [ DB ] CONNECT:[ UseTime:0.000250s ] mysql:host=localhost;dbname=ledigou;charset=utf8
[ sql ] [ SQL ] SHOW COLUMNS FROM `xin_config` [ RunTime:0.122761s ]
[ sql ] [ SQL ] SELECT * FROM `xin_config` WHERE  `config_id` = 1 LIMIT 1 [ RunTime:0.000516s ]
---------------------------------------------------------------
[ 2019-10-02T16:46:58+08:00 ] 101.132.103.247 GET www.thebestwe.com/index/wechat/login.html
[运行时间：0.092669s] [吞吐率：10.79req/s] [内存消耗：2,723.70kb] [文件加载：55]
[ info ] [ LANG ] /www/wwwroot/ledigou/thinkphp/lang/zh-cn.php
[ info ] [ ROUTE ] array (
  'type' => 'module',
  'module' => 
  array (
    0 => 'index',
    1 => 'wechat',
    2 => 'login',
  ),
)
[ info ] [ HEADER ] array (
  'accept-encoding' => 'gzip',
  'connection' => 'Keep-Alive',
  'host' => 'www.thebestwe.com',
  'user-agent' => 'Mozilla/5.0 (X11; Ubuntu; Linux x86_64; rv:36.0) Gecko/20100101 Firefox/36.0',
)
[ info ] [ PARAM ] array (
)
[ info ] [ SESSION ] INIT array (
  'id' => '',
  'var_session_id' => '',
  'prefix' => 'think',
  'type' => '',
  'auto_start' => true,
)
[ info ] [ DB ] INIT mysql
[ info ] [ RUN ] app\index\controller\Wechat->Login[ /www/wwwroot/ledigou/application/index/controller/Wechat.php ]
[ info ] [ LOG ] INIT File
[ sql ] [ DB ] CONNECT:[ UseTime:0.000261s ] mysql:host=localhost;dbname=ledigou;charset=utf8
[ sql ] [ SQL ] SHOW COLUMNS FROM `xin_config` [ RunTime:0.000886s ]
[ sql ] [ SQL ] SELECT * FROM `xin_config` WHERE  `config_id` = 1 LIMIT 1 [ RunTime:0.000248s ]
---------------------------------------------------------------
[ 2019-10-02T19:30:37+08:00 ] 207.154.217.58 GET 161.117.4.120/
[运行时间：0.080358s] [吞吐率：12.44req/s] [内存消耗：2,781.50kb] [文件加载：58]
[ info ] [ LANG ] /www/wwwroot/ledigou/thinkphp/lang/zh-cn.php
[ info ] [ ROUTE ] array (
  'type' => 'module',
  'module' => 
  array (
    0 => '',
    1 => NULL,
    2 => NULL,
  ),
)
[ info ] [ HEADER ] array (
  'connection' => 'close',
  'host' => '161.117.4.120',
  'accept-encoding' => 'gzip',
  'user-agent' => 'Mozilla/5.0 (Windows NT 10.0; Win64; x64) AppleWebKit/537.36 (KHTML, like Gecko) Chrome/74.0.3729.169 Safari/537.36',
)
[ info ] [ PARAM ] array (
)
[ info ] [ SESSION ] INIT array (
  'id' => '',
  'var_session_id' => '',
  'prefix' => 'think',
  'type' => '',
  'auto_start' => true,
)
[ info ] [ DB ] INIT mysql
[ info ] [ LOG ] INIT File
[ sql ] [ DB ] CONNECT:[ UseTime:0.000301s ] mysql:host=localhost;dbname=ledigou;charset=utf8
[ sql ] [ SQL ] SHOW COLUMNS FROM `xin_config` [ RunTime:0.001115s ]
[ sql ] [ SQL ] SELECT * FROM `xin_config` WHERE  `config_id` = 1 LIMIT 1 [ RunTime:0.000242s ]
---------------------------------------------------------------
[ 2019-10-02T19:30:37+08:00 ] 207.154.217.58 GET 161.117.4.120/index/wechat/login.html
[运行时间：0.044406s] [吞吐率：22.52req/s] [内存消耗：2,723.86kb] [文件加载：55]
[ info ] [ LANG ] /www/wwwroot/ledigou/thinkphp/lang/zh-cn.php
[ info ] [ ROUTE ] array (
  'type' => 'module',
  'module' => 
  array (
    0 => 'index',
    1 => 'wechat',
    2 => 'login',
  ),
)
[ info ] [ HEADER ] array (
  'connection' => 'close',
  'host' => '161.117.4.120',
  'referer' => 'https://161.117.4.120/',
  'accept-encoding' => 'gzip',
  'user-agent' => 'Mozilla/5.0 (Windows NT 10.0; Win64; x64) AppleWebKit/537.36 (KHTML, like Gecko) Chrome/74.0.3729.169 Safari/537.36',
)
[ info ] [ PARAM ] array (
)
[ info ] [ SESSION ] INIT array (
  'id' => '',
  'var_session_id' => '',
  'prefix' => 'think',
  'type' => '',
  'auto_start' => true,
)
[ info ] [ DB ] INIT mysql
[ info ] [ RUN ] app\index\controller\Wechat->Login[ /www/wwwroot/ledigou/application/index/controller/Wechat.php ]
[ info ] [ LOG ] INIT File
[ sql ] [ DB ] CONNECT:[ UseTime:0.000262s ] mysql:host=localhost;dbname=ledigou;charset=utf8
[ sql ] [ SQL ] SHOW COLUMNS FROM `xin_config` [ RunTime:0.000946s ]
[ sql ] [ SQL ] SELECT * FROM `xin_config` WHERE  `config_id` = 1 LIMIT 1 [ RunTime:0.000243s ]
---------------------------------------------------------------
[ 2019-10-02T21:49:16+08:00 ] 209.17.96.98 GET ibtv.cc/
[运行时间：0.369417s] [吞吐率：2.71req/s] [内存消耗：2,801.36kb] [文件加载：58]
[ info ] [ LANG ] /www/wwwroot/ledigou/thinkphp/lang/zh-cn.php
[ info ] [ ROUTE ] array (
  'type' => 'module',
  'module' => 
  array (
    0 => '',
    1 => NULL,
    2 => NULL,
  ),
)
[ info ] [ HEADER ] array (
  'user-agent' => 'Mozilla/5.0 (compatible; Nimbostratus-Bot/v1.3.2; http://cloudsystemnetworks.com)',
  'host' => 'ibtv.cc',
)
[ info ] [ PARAM ] array (
)
[ info ] [ SESSION ] INIT array (
  'id' => '',
  'var_session_id' => '',
  'prefix' => 'think',
  'type' => '',
  'auto_start' => true,
)
[ info ] [ DB ] INIT mysql
[ info ] [ LOG ] INIT File
[ sql ] [ DB ] CONNECT:[ UseTime:0.000274s ] mysql:host=localhost;dbname=ledigou;charset=utf8
[ sql ] [ SQL ] SHOW COLUMNS FROM `xin_config` [ RunTime:0.001329s ]
[ sql ] [ SQL ] SELECT * FROM `xin_config` WHERE  `config_id` = 1 LIMIT 1 [ RunTime:0.000342s ]
---------------------------------------------------------------
[ 2019-10-02T21:59:51+08:00 ] 209.17.97.58 GET forlavida.com/
[运行时间：0.067328s] [吞吐率：14.85req/s] [内存消耗：2,801.36kb] [文件加载：58]
[ info ] [ LANG ] /www/wwwroot/ledigou/thinkphp/lang/zh-cn.php
[ info ] [ ROUTE ] array (
  'type' => 'module',
  'module' => 
  array (
    0 => '',
    1 => NULL,
    2 => NULL,
  ),
)
[ info ] [ HEADER ] array (
  'user-agent' => 'Mozilla/5.0 (compatible; Nimbostratus-Bot/v1.3.2; http://cloudsystemnetworks.com)',
  'host' => 'forlavida.com',
)
[ info ] [ PARAM ] array (
)
[ info ] [ SESSION ] INIT array (
  'id' => '',
  'var_session_id' => '',
  'prefix' => 'think',
  'type' => '',
  'auto_start' => true,
)
[ info ] [ DB ] INIT mysql
[ info ] [ LOG ] INIT File
[ sql ] [ DB ] CONNECT:[ UseTime:0.000273s ] mysql:host=localhost;dbname=ledigou;charset=utf8
[ sql ] [ SQL ] SHOW COLUMNS FROM `xin_config` [ RunTime:0.001060s ]
[ sql ] [ SQL ] SELECT * FROM `xin_config` WHERE  `config_id` = 1 LIMIT 1 [ RunTime:0.023727s ]
---------------------------------------------------------------
[ 2019-10-02T22:09:57+08:00 ] 209.17.96.42 GET pt.ibtv.cc/
[运行时间：0.027525s] [吞吐率：36.33req/s] [内存消耗：2,801.36kb] [文件加载：58]
[ info ] [ LANG ] /www/wwwroot/ledigou/thinkphp/lang/zh-cn.php
[ info ] [ ROUTE ] array (
  'type' => 'module',
  'module' => 
  array (
    0 => '',
    1 => NULL,
    2 => NULL,
  ),
)
[ info ] [ HEADER ] array (
  'user-agent' => 'Mozilla/5.0 (compatible; Nimbostratus-Bot/v1.3.2; http://cloudsystemnetworks.com)',
  'host' => 'pt.ibtv.cc',
)
[ info ] [ PARAM ] array (
)
[ info ] [ SESSION ] INIT array (
  'id' => '',
  'var_session_id' => '',
  'prefix' => 'think',
  'type' => '',
  'auto_start' => true,
)
[ info ] [ DB ] INIT mysql
[ info ] [ LOG ] INIT File
[ sql ] [ DB ] CONNECT:[ UseTime:0.000311s ] mysql:host=localhost;dbname=ledigou;charset=utf8
[ sql ] [ SQL ] SHOW COLUMNS FROM `xin_config` [ RunTime:0.001250s ]
[ sql ] [ SQL ] SELECT * FROM `xin_config` WHERE  `config_id` = 1 LIMIT 1 [ RunTime:0.000294s ]
---------------------------------------------------------------
[ 2019-10-02T22:27:03+08:00 ] 209.17.96.34 GET gift.ibtv.cc/
[运行时间：0.047077s] [吞吐率：21.24req/s] [内存消耗：2,801.36kb] [文件加载：58]
[ info ] [ LANG ] /www/wwwroot/ledigou/thinkphp/lang/zh-cn.php
[ info ] [ ROUTE ] array (
  'type' => 'module',
  'module' => 
  array (
    0 => '',
    1 => NULL,
    2 => NULL,
  ),
)
[ info ] [ HEADER ] array (
  'user-agent' => 'Mozilla/5.0 (compatible; Nimbostratus-Bot/v1.3.2; http://cloudsystemnetworks.com)',
  'host' => 'gift.ibtv.cc',
)
[ info ] [ PARAM ] array (
)
[ info ] [ SESSION ] INIT array (
  'id' => '',
  'var_session_id' => '',
  'prefix' => 'think',
  'type' => '',
  'auto_start' => true,
)
[ info ] [ DB ] INIT mysql
[ info ] [ LOG ] INIT File
[ sql ] [ DB ] CONNECT:[ UseTime:0.000288s ] mysql:host=localhost;dbname=ledigou;charset=utf8
[ sql ] [ SQL ] SHOW COLUMNS FROM `xin_config` [ RunTime:0.000996s ]
[ sql ] [ SQL ] SELECT * FROM `xin_config` WHERE  `config_id` = 1 LIMIT 1 [ RunTime:0.000272s ]
---------------------------------------------------------------
[ 2019-10-02T22:33:22+08:00 ] 209.17.96.218 GET en.ibtv.cc/
[运行时间：0.027423s] [吞吐率：36.47req/s] [内存消耗：2,801.36kb] [文件加载：58]
[ info ] [ LANG ] /www/wwwroot/ledigou/thinkphp/lang/zh-cn.php
[ info ] [ ROUTE ] array (
  'type' => 'module',
  'module' => 
  array (
    0 => '',
    1 => NULL,
    2 => NULL,
  ),
)
[ info ] [ HEADER ] array (
  'user-agent' => 'Mozilla/5.0 (compatible; Nimbostratus-Bot/v1.3.2; http://cloudsystemnetworks.com)',
  'host' => 'en.ibtv.cc',
)
[ info ] [ PARAM ] array (
)
[ info ] [ SESSION ] INIT array (
  'id' => '',
  'var_session_id' => '',
  'prefix' => 'think',
  'type' => '',
  'auto_start' => true,
)
[ info ] [ DB ] INIT mysql
[ info ] [ LOG ] INIT File
[ sql ] [ DB ] CONNECT:[ UseTime:0.000254s ] mysql:host=localhost;dbname=ledigou;charset=utf8
[ sql ] [ SQL ] SHOW COLUMNS FROM `xin_config` [ RunTime:0.000953s ]
[ sql ] [ SQL ] SELECT * FROM `xin_config` WHERE  `config_id` = 1 LIMIT 1 [ RunTime:0.000258s ]
---------------------------------------------------------------
[ 2019-10-02T22:41:54+08:00 ] 209.17.96.114 GET www.shiguojingqian.com/
[运行时间：0.028814s] [吞吐率：34.71req/s] [内存消耗：2,801.39kb] [文件加载：58]
[ info ] [ LANG ] /www/wwwroot/ledigou/thinkphp/lang/zh-cn.php
[ info ] [ ROUTE ] array (
  'type' => 'module',
  'module' => 
  array (
    0 => '',
    1 => NULL,
    2 => NULL,
  ),
)
[ info ] [ HEADER ] array (
  'user-agent' => 'Mozilla/5.0 (compatible; Nimbostratus-Bot/v1.3.2; http://cloudsystemnetworks.com)',
  'host' => 'www.shiguojingqian.com',
)
[ info ] [ PARAM ] array (
)
[ info ] [ SESSION ] INIT array (
  'id' => '',
  'var_session_id' => '',
  'prefix' => 'think',
  'type' => '',
  'auto_start' => true,
)
[ info ] [ DB ] INIT mysql
[ info ] [ LOG ] INIT File
[ sql ] [ DB ] CONNECT:[ UseTime:0.000296s ] mysql:host=localhost;dbname=ledigou;charset=utf8
[ sql ] [ SQL ] SHOW COLUMNS FROM `xin_config` [ RunTime:0.001042s ]
[ sql ] [ SQL ] SELECT * FROM `xin_config` WHERE  `config_id` = 1 LIMIT 1 [ RunTime:0.000260s ]
---------------------------------------------------------------
[ 2019-10-02T23:39:31+08:00 ] 47.101.43.202 GET forlavida.com/
[运行时间：0.134813s] [吞吐率：7.42req/s] [内存消耗：2,781.38kb] [文件加载：58]
[ info ] [ LANG ] /www/wwwroot/ledigou/thinkphp/lang/zh-cn.php
[ info ] [ ROUTE ] array (
  'type' => 'module',
  'module' => 
  array (
    0 => '',
    1 => NULL,
    2 => NULL,
  ),
)
[ info ] [ HEADER ] array (
  'accept-encoding' => 'gzip',
  'connection' => 'Keep-Alive',
  'host' => 'forlavida.com',
  'user-agent' => 'Mozilla/5.0 (X11; Ubuntu; Linux x86_64; rv:36.0) Gecko/20100101 Firefox/36.0',
)
[ info ] [ PARAM ] array (
)
[ info ] [ SESSION ] INIT array (
  'id' => '',
  'var_session_id' => '',
  'prefix' => 'think',
  'type' => '',
  'auto_start' => true,
)
[ info ] [ DB ] INIT mysql
[ info ] [ LOG ] INIT File
[ sql ] [ DB ] CONNECT:[ UseTime:0.000258s ] mysql:host=localhost;dbname=ledigou;charset=utf8
[ sql ] [ SQL ] SHOW COLUMNS FROM `xin_config` [ RunTime:0.001016s ]
[ sql ] [ SQL ] SELECT * FROM `xin_config` WHERE  `config_id` = 1 LIMIT 1 [ RunTime:0.000243s ]
---------------------------------------------------------------
[ 2019-10-02T23:39:32+08:00 ] 47.101.43.202 GET forlavida.com/index/wechat/login.html
[运行时间：0.136750s] [吞吐率：7.31req/s] [内存消耗：2,723.70kb] [文件加载：55]
[ info ] [ LANG ] /www/wwwroot/ledigou/thinkphp/lang/zh-cn.php
[ info ] [ ROUTE ] array (
  'type' => 'module',
  'module' => 
  array (
    0 => 'index',
    1 => 'wechat',
    2 => 'login',
  ),
)
[ info ] [ HEADER ] array (
  'accept-encoding' => 'gzip',
  'connection' => 'Keep-Alive',
  'host' => 'forlavida.com',
  'user-agent' => 'Mozilla/5.0 (X11; Ubuntu; Linux x86_64; rv:36.0) Gecko/20100101 Firefox/36.0',
)
[ info ] [ PARAM ] array (
)
[ info ] [ SESSION ] INIT array (
  'id' => '',
  'var_session_id' => '',
  'prefix' => 'think',
  'type' => '',
  'auto_start' => true,
)
[ info ] [ DB ] INIT mysql
[ info ] [ RUN ] app\index\controller\Wechat->Login[ /www/wwwroot/ledigou/application/index/controller/Wechat.php ]
[ info ] [ LOG ] INIT File
[ sql ] [ DB ] CONNECT:[ UseTime:0.000276s ] mysql:host=localhost;dbname=ledigou;charset=utf8
[ sql ] [ SQL ] SHOW COLUMNS FROM `xin_config` [ RunTime:0.000993s ]
[ sql ] [ SQL ] SELECT * FROM `xin_config` WHERE  `config_id` = 1 LIMIT 1 [ RunTime:0.000268s ]
