---------------------------------------------------------------
[ 2019-10-03T00:12:26+08:00 ] 106.14.168.238 GET pt.ibtv.cc/
[运行时间：0.074732s] [吞吐率：13.38req/s] [内存消耗：2,781.37kb] [文件加载：58]
[ info ] [ LANG ] /www/wwwroot/ledigou/thinkphp/lang/zh-cn.php
[ info ] [ ROUTE ] array (
  'type' => 'module',
  'module' => 
  array (
    0 => '',
    1 => NULL,
    2 => NULL,
  ),
)
[ info ] [ HEADER ] array (
  'accept-encoding' => 'gzip',
  'connection' => 'Keep-Alive',
  'host' => 'pt.ibtv.cc',
  'user-agent' => 'Mozilla/5.0 (X11; Ubuntu; Linux x86_64; rv:36.0) Gecko/20100101 Firefox/36.0',
)
[ info ] [ PARAM ] array (
)
[ info ] [ SESSION ] INIT array (
  'id' => '',
  'var_session_id' => '',
  'prefix' => 'think',
  'type' => '',
  'auto_start' => true,
)
[ info ] [ DB ] INIT mysql
[ info ] [ LOG ] INIT File
[ sql ] [ DB ] CONNECT:[ UseTime:0.000360s ] mysql:host=localhost;dbname=ledigou;charset=utf8
[ sql ] [ SQL ] SHOW COLUMNS FROM `xin_config` [ RunTime:0.001228s ]
[ sql ] [ SQL ] SELECT * FROM `xin_config` WHERE  `config_id` = 1 LIMIT 1 [ RunTime:0.000271s ]
---------------------------------------------------------------
[ 2019-10-03T00:12:27+08:00 ] 106.14.168.238 GET pt.ibtv.cc/index/wechat/login.html
[运行时间：0.071466s] [吞吐率：13.99req/s] [内存消耗：2,723.70kb] [文件加载：55]
[ info ] [ LANG ] /www/wwwroot/ledigou/thinkphp/lang/zh-cn.php
[ info ] [ ROUTE ] array (
  'type' => 'module',
  'module' => 
  array (
    0 => 'index',
    1 => 'wechat',
    2 => 'login',
  ),
)
[ info ] [ HEADER ] array (
  'accept-encoding' => 'gzip',
  'connection' => 'Keep-Alive',
  'host' => 'pt.ibtv.cc',
  'user-agent' => 'Mozilla/5.0 (X11; Ubuntu; Linux x86_64; rv:36.0) Gecko/20100101 Firefox/36.0',
)
[ info ] [ PARAM ] array (
)
[ info ] [ SESSION ] INIT array (
  'id' => '',
  'var_session_id' => '',
  'prefix' => 'think',
  'type' => '',
  'auto_start' => true,
)
[ info ] [ DB ] INIT mysql
[ info ] [ RUN ] app\index\controller\Wechat->Login[ /www/wwwroot/ledigou/application/index/controller/Wechat.php ]
[ info ] [ LOG ] INIT File
[ sql ] [ DB ] CONNECT:[ UseTime:0.000268s ] mysql:host=localhost;dbname=ledigou;charset=utf8
[ sql ] [ SQL ] SHOW COLUMNS FROM `xin_config` [ RunTime:0.001044s ]
[ sql ] [ SQL ] SELECT * FROM `xin_config` WHERE  `config_id` = 1 LIMIT 1 [ RunTime:0.000275s ]
---------------------------------------------------------------
[ 2019-10-03T02:06:03+08:00 ] 137.226.113.27 GET www.capital-easy.com/
[运行时间：0.118879s] [吞吐率：8.41req/s] [内存消耗：2,781.34kb] [文件加载：58]
[ info ] [ LANG ] /www/wwwroot/ledigou/thinkphp/lang/zh-cn.php
[ info ] [ ROUTE ] array (
  'type' => 'module',
  'module' => 
  array (
    0 => '',
    1 => NULL,
    2 => NULL,
  ),
)
[ info ] [ HEADER ] array (
  'accept-encoding' => 'gzip',
  'user-agent' => 'Mozilla/5.0 zgrab/0.x (compatible; Researchscan/t13rl; +http://researchscan.comsys.rwth-aachen.de)',
  'host' => 'www.capital-easy.com',
)
[ info ] [ PARAM ] array (
)
[ info ] [ SESSION ] INIT array (
  'id' => '',
  'var_session_id' => '',
  'prefix' => 'think',
  'type' => '',
  'auto_start' => true,
)
[ info ] [ DB ] INIT mysql
[ info ] [ LOG ] INIT File
[ sql ] [ DB ] CONNECT:[ UseTime:0.000260s ] mysql:host=localhost;dbname=ledigou;charset=utf8
[ sql ] [ SQL ] SHOW COLUMNS FROM `xin_config` [ RunTime:0.001107s ]
[ sql ] [ SQL ] SELECT * FROM `xin_config` WHERE  `config_id` = 1 LIMIT 1 [ RunTime:0.000244s ]
---------------------------------------------------------------
[ 2019-10-03T02:06:06+08:00 ] 137.226.113.27 GET 161.117.4.120:443/index/wechat/login.html
[运行时间：0.049180s] [吞吐率：20.33req/s] [内存消耗：2,723.82kb] [文件加载：55]
[ info ] [ LANG ] /www/wwwroot/ledigou/thinkphp/lang/zh-cn.php
[ info ] [ ROUTE ] array (
  'type' => 'module',
  'module' => 
  array (
    0 => 'index',
    1 => 'wechat',
    2 => 'login',
  ),
)
[ info ] [ HEADER ] array (
  'accept-encoding' => 'gzip',
  'referer' => 'https://161.117.4.120:443/',
  'user-agent' => 'Mozilla/5.0 zgrab/0.x (compatible; Researchscan/t13rl; +http://researchscan.comsys.rwth-aachen.de)',
  'host' => '161.117.4.120:443',
)
[ info ] [ PARAM ] array (
)
[ info ] [ SESSION ] INIT array (
  'id' => '',
  'var_session_id' => '',
  'prefix' => 'think',
  'type' => '',
  'auto_start' => true,
)
[ info ] [ DB ] INIT mysql
[ info ] [ RUN ] app\index\controller\Wechat->Login[ /www/wwwroot/ledigou/application/index/controller/Wechat.php ]
[ info ] [ LOG ] INIT File
[ sql ] [ DB ] CONNECT:[ UseTime:0.000282s ] mysql:host=localhost;dbname=ledigou;charset=utf8
[ sql ] [ SQL ] SHOW COLUMNS FROM `xin_config` [ RunTime:0.001137s ]
[ sql ] [ SQL ] SELECT * FROM `xin_config` WHERE  `config_id` = 1 LIMIT 1 [ RunTime:0.000261s ]
---------------------------------------------------------------
[ 2019-10-03T05:15:39+08:00 ] 178.73.215.171 GET /
[运行时间：0.556809s] [吞吐率：1.80req/s] [内存消耗：2,800.98kb] [文件加载：58]
[ info ] [ LANG ] /www/wwwroot/ledigou/thinkphp/lang/zh-cn.php
[ info ] [ ROUTE ] array (
  'type' => 'module',
  'module' => 
  array (
    0 => '',
    1 => NULL,
    2 => NULL,
  ),
)
[ info ] [ HEADER ] array (
  'accept' => '*/*',
)
[ info ] [ PARAM ] array (
)
[ info ] [ SESSION ] INIT array (
  'id' => '',
  'var_session_id' => '',
  'prefix' => 'think',
  'type' => '',
  'auto_start' => true,
)
[ info ] [ DB ] INIT mysql
[ info ] [ LOG ] INIT File
[ sql ] [ DB ] CONNECT:[ UseTime:0.011735s ] mysql:host=localhost;dbname=ledigou;charset=utf8
[ sql ] [ SQL ] SHOW COLUMNS FROM `xin_config` [ RunTime:0.029915s ]
[ sql ] [ SQL ] SELECT * FROM `xin_config` WHERE  `config_id` = 1 LIMIT 1 [ RunTime:0.002605s ]
---------------------------------------------------------------
[ 2019-10-03T06:54:02+08:00 ] 92.63.111.27 GET ibtv.cc/
[运行时间：0.039611s] [吞吐率：25.25req/s] [内存消耗：2,781.43kb] [文件加载：58]
[ info ] [ LANG ] /www/wwwroot/ledigou/thinkphp/lang/zh-cn.php
[ info ] [ ROUTE ] array (
  'type' => 'module',
  'module' => 
  array (
    0 => '',
    1 => NULL,
    2 => NULL,
  ),
)
[ info ] [ HEADER ] array (
  'accept-encoding' => 'gzip, deflate',
  'accept' => '*/*',
  'user-agent' => 'Mozilla/5.0 (X11; Linux x86_64) AppleWebKit/537.36 (KHTML, like Gecko) Chrome/76.0.3809.100 Safari/537.36',
  'host' => 'ibtv.cc',
)
[ info ] [ PARAM ] array (
)
[ info ] [ SESSION ] INIT array (
  'id' => '',
  'var_session_id' => '',
  'prefix' => 'think',
  'type' => '',
  'auto_start' => true,
)
[ info ] [ DB ] INIT mysql
[ info ] [ LOG ] INIT File
[ sql ] [ DB ] CONNECT:[ UseTime:0.000342s ] mysql:host=localhost;dbname=ledigou;charset=utf8
[ sql ] [ SQL ] SHOW COLUMNS FROM `xin_config` [ RunTime:0.001560s ]
[ sql ] [ SQL ] SELECT * FROM `xin_config` WHERE  `config_id` = 1 LIMIT 1 [ RunTime:0.000440s ]
---------------------------------------------------------------
[ 2019-10-03T08:41:10+08:00 ] 137.226.113.26 GET www.formydear.xin/
[运行时间：0.027756s] [吞吐率：36.03req/s] [内存消耗：2,781.34kb] [文件加载：58]
[ info ] [ LANG ] /www/wwwroot/ledigou/thinkphp/lang/zh-cn.php
[ info ] [ ROUTE ] array (
  'type' => 'module',
  'module' => 
  array (
    0 => '',
    1 => NULL,
    2 => NULL,
  ),
)
[ info ] [ HEADER ] array (
  'accept-encoding' => 'gzip',
  'user-agent' => 'Mozilla/5.0 zgrab/0.x (compatible; Researchscan/t13rl; +http://researchscan.comsys.rwth-aachen.de)',
  'host' => 'www.formydear.xin',
)
[ info ] [ PARAM ] array (
)
[ info ] [ SESSION ] INIT array (
  'id' => '',
  'var_session_id' => '',
  'prefix' => 'think',
  'type' => '',
  'auto_start' => true,
)
[ info ] [ DB ] INIT mysql
[ info ] [ LOG ] INIT File
[ sql ] [ DB ] CONNECT:[ UseTime:0.000285s ] mysql:host=localhost;dbname=ledigou;charset=utf8
[ sql ] [ SQL ] SHOW COLUMNS FROM `xin_config` [ RunTime:0.001176s ]
[ sql ] [ SQL ] SELECT * FROM `xin_config` WHERE  `config_id` = 1 LIMIT 1 [ RunTime:0.000246s ]
---------------------------------------------------------------
[ 2019-10-03T08:41:11+08:00 ] 137.226.113.26 GET 161.117.4.120:443/index/wechat/login.html
[运行时间：0.153693s] [吞吐率：6.51req/s] [内存消耗：2,723.82kb] [文件加载：55]
[ info ] [ LANG ] /www/wwwroot/ledigou/thinkphp/lang/zh-cn.php
[ info ] [ ROUTE ] array (
  'type' => 'module',
  'module' => 
  array (
    0 => 'index',
    1 => 'wechat',
    2 => 'login',
  ),
)
[ info ] [ HEADER ] array (
  'accept-encoding' => 'gzip',
  'referer' => 'https://161.117.4.120:443/',
  'user-agent' => 'Mozilla/5.0 zgrab/0.x (compatible; Researchscan/t13rl; +http://researchscan.comsys.rwth-aachen.de)',
  'host' => '161.117.4.120:443',
)
[ info ] [ PARAM ] array (
)
[ info ] [ SESSION ] INIT array (
  'id' => '',
  'var_session_id' => '',
  'prefix' => 'think',
  'type' => '',
  'auto_start' => true,
)
[ info ] [ DB ] INIT mysql
[ info ] [ RUN ] app\index\controller\Wechat->Login[ /www/wwwroot/ledigou/application/index/controller/Wechat.php ]
[ info ] [ LOG ] INIT File
[ sql ] [ DB ] CONNECT:[ UseTime:0.000264s ] mysql:host=localhost;dbname=ledigou;charset=utf8
[ sql ] [ SQL ] SHOW COLUMNS FROM `xin_config` [ RunTime:0.000991s ]
[ sql ] [ SQL ] SELECT * FROM `xin_config` WHERE  `config_id` = 1 LIMIT 1 [ RunTime:0.000255s ]
---------------------------------------------------------------
[ 2019-10-03T08:44:41+08:00 ] 184.105.139.67 GET 161.117.4.120/
[运行时间：0.040958s] [吞吐率：24.42req/s] [内存消耗：2,800.99kb] [文件加载：58]
[ info ] [ LANG ] /www/wwwroot/ledigou/thinkphp/lang/zh-cn.php
[ info ] [ ROUTE ] array (
  'type' => 'module',
  'module' => 
  array (
    0 => '',
    1 => NULL,
    2 => NULL,
  ),
)
[ info ] [ HEADER ] array (
  'host' => '161.117.4.120',
)
[ info ] [ PARAM ] array (
)
[ info ] [ SESSION ] INIT array (
  'id' => '',
  'var_session_id' => '',
  'prefix' => 'think',
  'type' => '',
  'auto_start' => true,
)
[ info ] [ DB ] INIT mysql
[ info ] [ LOG ] INIT File
[ sql ] [ DB ] CONNECT:[ UseTime:0.000266s ] mysql:host=localhost;dbname=ledigou;charset=utf8
[ sql ] [ SQL ] SHOW COLUMNS FROM `xin_config` [ RunTime:0.000953s ]
[ sql ] [ SQL ] SELECT * FROM `xin_config` WHERE  `config_id` = 1 LIMIT 1 [ RunTime:0.000242s ]
---------------------------------------------------------------
[ 2019-10-03T09:51:28+08:00 ] 47.101.201.176 GET www.thebestwe.com/
[运行时间：0.165153s] [吞吐率：6.05req/s] [内存消耗：2,781.34kb] [文件加载：58]
[ info ] [ LANG ] /www/wwwroot/ledigou/thinkphp/lang/zh-cn.php
[ info ] [ ROUTE ] array (
  'type' => 'module',
  'module' => 
  array (
    0 => '',
    1 => NULL,
    2 => NULL,
  ),
)
[ info ] [ HEADER ] array (
  'accept-encoding' => 'gzip',
  'connection' => 'Keep-Alive',
  'host' => 'www.thebestwe.com',
  'user-agent' => 'Mozilla/5.0 (Linux; Android 4.1.1; Nexus 7 Build/JRO03D)',
)
[ info ] [ PARAM ] array (
)
[ info ] [ SESSION ] INIT array (
  'id' => '',
  'var_session_id' => '',
  'prefix' => 'think',
  'type' => '',
  'auto_start' => true,
)
[ info ] [ DB ] INIT mysql
[ info ] [ LOG ] INIT File
[ sql ] [ DB ] CONNECT:[ UseTime:0.000289s ] mysql:host=localhost;dbname=ledigou;charset=utf8
[ sql ] [ SQL ] SHOW COLUMNS FROM `xin_config` [ RunTime:0.001037s ]
[ sql ] [ SQL ] SELECT * FROM `xin_config` WHERE  `config_id` = 1 LIMIT 1 [ RunTime:0.000299s ]
---------------------------------------------------------------
[ 2019-10-03T09:51:28+08:00 ] 47.101.201.176 GET www.thebestwe.com/index/wechat/login.html
[运行时间：0.026563s] [吞吐率：37.65req/s] [内存消耗：2,723.67kb] [文件加载：55]
[ info ] [ LANG ] /www/wwwroot/ledigou/thinkphp/lang/zh-cn.php
[ info ] [ ROUTE ] array (
  'type' => 'module',
  'module' => 
  array (
    0 => 'index',
    1 => 'wechat',
    2 => 'login',
  ),
)
[ info ] [ HEADER ] array (
  'accept-encoding' => 'gzip',
  'connection' => 'Keep-Alive',
  'host' => 'www.thebestwe.com',
  'user-agent' => 'Mozilla/5.0 (Linux; Android 4.1.1; Nexus 7 Build/JRO03D)',
)
[ info ] [ PARAM ] array (
)
[ info ] [ SESSION ] INIT array (
  'id' => '',
  'var_session_id' => '',
  'prefix' => 'think',
  'type' => '',
  'auto_start' => true,
)
[ info ] [ DB ] INIT mysql
[ info ] [ RUN ] app\index\controller\Wechat->Login[ /www/wwwroot/ledigou/application/index/controller/Wechat.php ]
[ info ] [ LOG ] INIT File
[ sql ] [ DB ] CONNECT:[ UseTime:0.000258s ] mysql:host=localhost;dbname=ledigou;charset=utf8
[ sql ] [ SQL ] SHOW COLUMNS FROM `xin_config` [ RunTime:0.000978s ]
[ sql ] [ SQL ] SELECT * FROM `xin_config` WHERE  `config_id` = 1 LIMIT 1 [ RunTime:0.000243s ]
---------------------------------------------------------------
[ 2019-10-03T10:12:10+08:00 ] 185.176.27.114 GET 161.117.4.120/
[运行时间：0.045773s] [吞吐率：21.85req/s] [内存消耗：2,800.99kb] [文件加载：58]
[ info ] [ LANG ] /www/wwwroot/ledigou/thinkphp/lang/zh-cn.php
[ info ] [ ROUTE ] array (
  'type' => 'module',
  'module' => 
  array (
    0 => '',
    1 => NULL,
    2 => NULL,
  ),
)
[ info ] [ HEADER ] array (
  'host' => '161.117.4.120',
)
[ info ] [ PARAM ] array (
)
[ info ] [ SESSION ] INIT array (
  'id' => '',
  'var_session_id' => '',
  'prefix' => 'think',
  'type' => '',
  'auto_start' => true,
)
[ info ] [ DB ] INIT mysql
[ info ] [ LOG ] INIT File
[ sql ] [ DB ] CONNECT:[ UseTime:0.000304s ] mysql:host=localhost;dbname=ledigou;charset=utf8
[ sql ] [ SQL ] SHOW COLUMNS FROM `xin_config` [ RunTime:0.018359s ]
[ sql ] [ SQL ] SELECT * FROM `xin_config` WHERE  `config_id` = 1 LIMIT 1 [ RunTime:0.000302s ]
---------------------------------------------------------------
[ 2019-10-03T10:21:19+08:00 ] 47.100.110.234 GET thebestwe.com/
[运行时间：0.028986s] [吞吐率：34.50req/s] [内存消耗：2,781.31kb] [文件加载：58]
[ info ] [ LANG ] /www/wwwroot/ledigou/thinkphp/lang/zh-cn.php
[ info ] [ ROUTE ] array (
  'type' => 'module',
  'module' => 
  array (
    0 => '',
    1 => NULL,
    2 => NULL,
  ),
)
[ info ] [ HEADER ] array (
  'accept-encoding' => 'gzip',
  'connection' => 'Keep-Alive',
  'host' => 'thebestwe.com',
  'user-agent' => 'Mozilla/5.0 (Linux; Android 4.1.1; Nexus 7 Build/JRO03D)',
)
[ info ] [ PARAM ] array (
)
[ info ] [ SESSION ] INIT array (
  'id' => '',
  'var_session_id' => '',
  'prefix' => 'think',
  'type' => '',
  'auto_start' => true,
)
[ info ] [ DB ] INIT mysql
[ info ] [ LOG ] INIT File
[ sql ] [ DB ] CONNECT:[ UseTime:0.000277s ] mysql:host=localhost;dbname=ledigou;charset=utf8
[ sql ] [ SQL ] SHOW COLUMNS FROM `xin_config` [ RunTime:0.001086s ]
[ sql ] [ SQL ] SELECT * FROM `xin_config` WHERE  `config_id` = 1 LIMIT 1 [ RunTime:0.000379s ]
---------------------------------------------------------------
[ 2019-10-03T10:21:19+08:00 ] 47.100.110.234 GET thebestwe.com/index/wechat/login.html
[运行时间：0.026184s] [吞吐率：38.19req/s] [内存消耗：2,723.64kb] [文件加载：55]
[ info ] [ LANG ] /www/wwwroot/ledigou/thinkphp/lang/zh-cn.php
[ info ] [ ROUTE ] array (
  'type' => 'module',
  'module' => 
  array (
    0 => 'index',
    1 => 'wechat',
    2 => 'login',
  ),
)
[ info ] [ HEADER ] array (
  'accept-encoding' => 'gzip',
  'connection' => 'Keep-Alive',
  'host' => 'thebestwe.com',
  'user-agent' => 'Mozilla/5.0 (Linux; Android 4.1.1; Nexus 7 Build/JRO03D)',
)
[ info ] [ PARAM ] array (
)
[ info ] [ SESSION ] INIT array (
  'id' => '',
  'var_session_id' => '',
  'prefix' => 'think',
  'type' => '',
  'auto_start' => true,
)
[ info ] [ DB ] INIT mysql
[ info ] [ RUN ] app\index\controller\Wechat->Login[ /www/wwwroot/ledigou/application/index/controller/Wechat.php ]
[ info ] [ LOG ] INIT File
[ sql ] [ DB ] CONNECT:[ UseTime:0.000290s ] mysql:host=localhost;dbname=ledigou;charset=utf8
[ sql ] [ SQL ] SHOW COLUMNS FROM `xin_config` [ RunTime:0.001006s ]
[ sql ] [ SQL ] SELECT * FROM `xin_config` WHERE  `config_id` = 1 LIMIT 1 [ RunTime:0.000301s ]
---------------------------------------------------------------
[ 2019-10-03T10:34:32+08:00 ] 113.0.69.79 POST dxc.gqwlcm.com//api/sort/GetSortList
[运行时间：0.278685s] [吞吐率：3.59req/s] [内存消耗：2,668.90kb] [文件加载：55]
[ info ] [ LANG ] /www/wwwroot/ledigou/thinkphp/lang/zh-cn.php
[ info ] [ ROUTE ] array (
  'type' => 'module',
  'module' => 
  array (
    0 => 'api',
    1 => 'sort',
    2 => 'GetSortList',
  ),
)
[ info ] [ HEADER ] array (
  'connection' => 'Keep-Alive',
  'host' => 'dxc.gqwlcm.com',
  'user-agent' => 'Mozilla/5.0 (Linux; Android 8.0.0; SM-C9000 Build/R16NW; wv) AppleWebKit/537.36 (KHTML, like Gecko) Version/4.0 Chrome/70.0.3538.110 Mobile Safari/537.36 MicroMessenger/7.0.7.1521(0x27000736) Process/appbrand0 NetType/WIFI Language/zh_CN',
  'referer' => 'https://servicewechat.com/wxf24c79e7f9eb5a96/1/page-frame.html',
  'accept-encoding' => 'gzip',
  'charset' => 'utf-8',
  'content-type' => 'application/json',
  'content-length' => '2',
)
[ info ] [ PARAM ] array (
)
[ info ] [ DB ] INIT mysql
[ info ] [ SESSION ] INIT array (
  'id' => '',
  'var_session_id' => '',
  'prefix' => 'think',
  'type' => '',
  'auto_start' => true,
)
[ info ] [ RUN ] app\api\controller\Sort->GetSortList[ /www/wwwroot/ledigou/application/api/controller/Sort.php ]
[ info ] [ LOG ] INIT File
[ sql ] [ DB ] CONNECT:[ UseTime:0.000245s ] mysql:host=localhost;dbname=ledigou;charset=utf8
[ sql ] [ SQL ] SHOW COLUMNS FROM `xin_config` [ RunTime:0.001004s ]
[ sql ] [ SQL ] SELECT * FROM `xin_config` WHERE  `config_id` = 1 LIMIT 1 [ RunTime:0.000253s ]
[ sql ] [ SQL ] SHOW COLUMNS FROM `xin_goods_sort` [ RunTime:0.037063s ]
[ sql ] [ SQL ] SELECT * FROM `xin_goods_sort` WHERE  `sort_status` = 1 ORDER BY `sort_rank` DESC LIMIT 0,8 [ RunTime:0.048799s ]
---------------------------------------------------------------
[ 2019-10-03T10:34:32+08:00 ] 113.0.69.79 POST dxc.gqwlcm.com//api/rotate/getrotatelist
[运行时间：0.282944s] [吞吐率：3.53req/s] [内存消耗：2,669.34kb] [文件加载：55]
[ info ] [ LANG ] /www/wwwroot/ledigou/thinkphp/lang/zh-cn.php
[ info ] [ ROUTE ] array (
  'type' => 'module',
  'module' => 
  array (
    0 => 'api',
    1 => 'rotate',
    2 => 'getrotatelist',
  ),
)
[ info ] [ HEADER ] array (
  'connection' => 'Keep-Alive',
  'host' => 'dxc.gqwlcm.com',
  'user-agent' => 'Mozilla/5.0 (Linux; Android 8.0.0; SM-C9000 Build/R16NW; wv) AppleWebKit/537.36 (KHTML, like Gecko) Version/4.0 Chrome/70.0.3538.110 Mobile Safari/537.36 MicroMessenger/7.0.7.1521(0x27000736) Process/appbrand0 NetType/WIFI Language/zh_CN',
  'referer' => 'https://servicewechat.com/wxf24c79e7f9eb5a96/1/page-frame.html',
  'accept-encoding' => 'gzip',
  'charset' => 'utf-8',
  'content-type' => 'application/json',
  'content-length' => '2',
)
[ info ] [ PARAM ] array (
)
[ info ] [ DB ] INIT mysql
[ info ] [ SESSION ] INIT array (
  'id' => '',
  'var_session_id' => '',
  'prefix' => 'think',
  'type' => '',
  'auto_start' => true,
)
[ info ] [ RUN ] app\api\controller\Rotate->GetRotateList[ /www/wwwroot/ledigou/application/api/controller/Rotate.php ]
[ info ] [ LOG ] INIT File
[ sql ] [ DB ] CONNECT:[ UseTime:0.000255s ] mysql:host=localhost;dbname=ledigou;charset=utf8
[ sql ] [ SQL ] SHOW COLUMNS FROM `xin_config` [ RunTime:0.000814s ]
[ sql ] [ SQL ] SELECT * FROM `xin_config` WHERE  `config_id` = 1 LIMIT 1 [ RunTime:0.000290s ]
[ sql ] [ SQL ] SHOW COLUMNS FROM `xin_rotate` [ RunTime:0.041755s ]
[ sql ] [ SQL ] SELECT * FROM `xin_rotate` WHERE  `rotate_address` = 'index' ORDER BY `rotate_rank` DESC LIMIT 0,4 [ RunTime:0.010337s ]
---------------------------------------------------------------
[ 2019-10-03T10:34:33+08:00 ] 113.0.69.79 POST dxc.gqwlcm.com//api/wechat_base/GetUnionId
[运行时间：0.629797s] [吞吐率：1.59req/s] [内存消耗：2,653.89kb] [文件加载：53]
[ info ] [ LANG ] /www/wwwroot/ledigou/thinkphp/lang/zh-cn.php
[ info ] [ ROUTE ] array (
  'type' => 'module',
  'module' => 
  array (
    0 => 'api',
    1 => 'wechat_base',
    2 => 'GetUnionId',
  ),
)
[ info ] [ HEADER ] array (
  'connection' => 'Keep-Alive',
  'host' => 'dxc.gqwlcm.com',
  'user-agent' => 'Mozilla/5.0 (Linux; Android 8.0.0; SM-C9000 Build/R16NW; wv) AppleWebKit/537.36 (KHTML, like Gecko) Version/4.0 Chrome/70.0.3538.110 Mobile Safari/537.36 MicroMessenger/7.0.7.1521(0x27000736) Process/appbrand0 NetType/WIFI Language/zh_CN',
  'referer' => 'https://servicewechat.com/wxf24c79e7f9eb5a96/1/page-frame.html',
  'accept-encoding' => 'gzip',
  'charset' => 'utf-8',
  'content-type' => 'application/json',
  'content-length' => '43',
)
[ info ] [ PARAM ] array (
  'code' => '02144qG71yLMTL1FNfG71nEhG7144qGb',
)
[ info ] [ SESSION ] INIT array (
  'id' => '',
  'var_session_id' => '',
  'prefix' => 'think',
  'type' => '',
  'auto_start' => true,
)
[ info ] [ DB ] INIT mysql
[ info ] [ RUN ] app\api\controller\WechatBase->GetUnionId[ /www/wwwroot/ledigou/application/api/controller/WechatBase.php ]
[ info ] [ LOG ] INIT File
[ sql ] [ DB ] CONNECT:[ UseTime:0.000252s ] mysql:host=localhost;dbname=ledigou;charset=utf8
[ sql ] [ SQL ] SHOW COLUMNS FROM `xin_config` [ RunTime:0.002535s ]
[ sql ] [ SQL ] SELECT * FROM `xin_config` WHERE  `config_id` = 1 LIMIT 1 [ RunTime:0.000297s ]
---------------------------------------------------------------
[ 2019-10-03T10:34:33+08:00 ] 113.0.69.79 POST dxc.gqwlcm.com//api/limited/GetLimitedList
[运行时间：0.326999s] [吞吐率：3.06req/s] [内存消耗：2,806.68kb] [文件加载：57]
[ info ] [ LANG ] /www/wwwroot/ledigou/thinkphp/lang/zh-cn.php
[ info ] [ ROUTE ] array (
  'type' => 'module',
  'module' => 
  array (
    0 => 'api',
    1 => 'limited',
    2 => 'GetLimitedList',
  ),
)
[ info ] [ HEADER ] array (
  'connection' => 'Keep-Alive',
  'host' => 'dxc.gqwlcm.com',
  'user-agent' => 'Mozilla/5.0 (Linux; Android 8.0.0; SM-C9000 Build/R16NW; wv) AppleWebKit/537.36 (KHTML, like Gecko) Version/4.0 Chrome/70.0.3538.110 Mobile Safari/537.36 MicroMessenger/7.0.7.1521(0x27000736) Process/appbrand0 NetType/WIFI Language/zh_CN',
  'referer' => 'https://servicewechat.com/wxf24c79e7f9eb5a96/1/page-frame.html',
  'accept-encoding' => 'gzip',
  'charset' => 'utf-8',
  'content-type' => 'application/json',
  'content-length' => '42',
)
[ info ] [ PARAM ] array (
  'unionid' => 'o8N9TuPTGoXH-yeuJvWGSjWRe7ZM',
)
[ info ] [ DB ] INIT mysql
[ info ] [ SESSION ] INIT array (
  'id' => '',
  'var_session_id' => '',
  'prefix' => 'think',
  'type' => '',
  'auto_start' => true,
)
[ info ] [ RUN ] app\api\controller\Limited->GetLimitedList[ /www/wwwroot/ledigou/application/api/controller/Limited.php ]
[ info ] [ LOG ] INIT File
[ sql ] [ DB ] CONNECT:[ UseTime:0.000234s ] mysql:host=localhost;dbname=ledigou;charset=utf8
[ sql ] [ SQL ] SHOW COLUMNS FROM `xin_config` [ RunTime:0.001650s ]
[ sql ] [ SQL ] SELECT * FROM `xin_config` WHERE  `config_id` = 1 LIMIT 1 [ RunTime:0.000896s ]
[ sql ] [ SQL ] SHOW COLUMNS FROM `xin_user` [ RunTime:0.030173s ]
[ sql ] [ SQL ] SELECT * FROM `xin_user` WHERE  `user_unionid` = 'o8N9TuPTGoXH-yeuJvWGSjWRe7ZM' LIMIT 1 [ RunTime:0.074410s ]
[ sql ] [ SQL ] SHOW COLUMNS FROM `xin_warehouse` [ RunTime:0.030502s ]
[ sql ] [ SQL ] SELECT `ware_id` FROM `xin_warehouse` WHERE  `ware_school` = 1 [ RunTime:0.002440s ]
[ sql ] [ SQL ] SHOW COLUMNS FROM `xin_limited` [ RunTime:0.063922s ]
[ sql ] [ SQL ] SELECT * FROM `xin_limited` `l` INNER JOIN `xin_goods` `g` ON `l`.`limited_goods`=`g`.`goods_id` WHERE  `g`.`goods_warehouse` IN ('1')  AND `l`.`limited_stime` < 1570070073  AND `l`.`limited_etime` > 1570070073 ORDER BY `limited_time` DESC LIMIT 2 [ RunTime:0.004096s ]
---------------------------------------------------------------
[ 2019-10-03T10:34:33+08:00 ] 113.0.69.79 POST dxc.gqwlcm.com//api/goods/GetGoodsList
[运行时间：0.270866s] [吞吐率：3.69req/s] [内存消耗：2,865.88kb] [文件加载：59]
[ info ] [ LANG ] /www/wwwroot/ledigou/thinkphp/lang/zh-cn.php
[ info ] [ ROUTE ] array (
  'type' => 'module',
  'module' => 
  array (
    0 => 'api',
    1 => 'goods',
    2 => 'GetGoodsList',
  ),
)
[ info ] [ HEADER ] array (
  'connection' => 'Keep-Alive',
  'host' => 'dxc.gqwlcm.com',
  'user-agent' => 'Mozilla/5.0 (Linux; Android 8.0.0; SM-C9000 Build/R16NW; wv) AppleWebKit/537.36 (KHTML, like Gecko) Version/4.0 Chrome/70.0.3538.110 Mobile Safari/537.36 MicroMessenger/7.0.7.1521(0x27000736) Process/appbrand0 NetType/WIFI Language/zh_CN',
  'referer' => 'https://servicewechat.com/wxf24c79e7f9eb5a96/1/page-frame.html',
  'accept-encoding' => 'gzip',
  'charset' => 'utf-8',
  'content-type' => 'application/json',
  'content-length' => '97',
)
[ info ] [ PARAM ] array (
  'unionid' => 'o8N9TuPTGoXH-yeuJvWGSjWRe7ZM',
  'keyword' => '',
  'sort' => 0,
  'is_top' => true,
  'page' => 1,
  'limit' => 4,
)
[ info ] [ SESSION ] INIT array (
  'id' => '',
  'var_session_id' => '',
  'prefix' => 'think',
  'type' => '',
  'auto_start' => true,
)
[ info ] [ DB ] INIT mysql
[ info ] [ RUN ] app\api\controller\Goods->GetGoodsList[ /www/wwwroot/ledigou/application/api/controller/Goods.php ]
[ info ] [ LOG ] INIT File
[ sql ] [ DB ] CONNECT:[ UseTime:0.000283s ] mysql:host=localhost;dbname=ledigou;charset=utf8
[ sql ] [ SQL ] SHOW COLUMNS FROM `xin_config` [ RunTime:0.029216s ]
[ sql ] [ SQL ] SELECT * FROM `xin_config` WHERE  `config_id` = 1 LIMIT 1 [ RunTime:0.000994s ]
[ sql ] [ SQL ] SHOW COLUMNS FROM `xin_user` [ RunTime:0.001053s ]
[ sql ] [ SQL ] SELECT * FROM `xin_user` WHERE  `user_unionid` = 'o8N9TuPTGoXH-yeuJvWGSjWRe7ZM' LIMIT 1 [ RunTime:0.062202s ]
[ sql ] [ SQL ] SHOW COLUMNS FROM `xin_warehouse` [ RunTime:0.029571s ]
[ sql ] [ SQL ] SELECT `ware_id` FROM `xin_warehouse` WHERE  `ware_school` = 1 [ RunTime:0.002556s ]
[ sql ] [ SQL ] SHOW COLUMNS FROM `xin_goods` [ RunTime:0.045004s ]
[ sql ] [ SQL ] SELECT * FROM `xin_goods` WHERE  `goods_warehouse` IN (1)  AND `goods_is_top` = 1 ORDER BY `goods_is_top` DESC,`goods_id` DESC LIMIT 0,4 [ RunTime:0.008177s ]
[ sql ] [ SQL ] SHOW COLUMNS FROM `xin_limited` [ RunTime:0.010533s ]
[ sql ] [ SQL ] SELECT * FROM `xin_limited` WHERE  `limited_stime` < 1570070073  AND `limited_etime` > 1570070073  AND `limited_goods` = 36 LIMIT 1 [ RunTime:0.002717s ]
[ sql ] [ SQL ] SELECT * FROM `xin_limited` WHERE  `limited_stime` < 1570070073  AND `limited_etime` > 1570070073  AND `limited_goods` = 35 LIMIT 1 [ RunTime:0.000181s ]
[ sql ] [ SQL ] SELECT * FROM `xin_limited` WHERE  `limited_stime` < 1570070073  AND `limited_etime` > 1570070073  AND `limited_goods` = 34 LIMIT 1 [ RunTime:0.000157s ]
[ sql ] [ SQL ] SELECT * FROM `xin_limited` WHERE  `limited_stime` < 1570070073  AND `limited_etime` > 1570070073  AND `limited_goods` = 33 LIMIT 1 [ RunTime:0.002627s ]
---------------------------------------------------------------
[ 2019-10-03T10:34:34+08:00 ] 113.0.69.79 GET dxc.gqwlcm.com//api/user/FindUser?unionid=o8N9TuPTGoXH-yeuJvWGSjWRe7ZM&wxid=ofbua5S7rSbf-coF_1hGiE2VgpIk
[运行时间：0.151184s] [吞吐率：6.61req/s] [内存消耗：3,021.30kb] [文件加载：63]
[ info ] [ LANG ] /www/wwwroot/ledigou/thinkphp/lang/zh-cn.php
[ info ] [ ROUTE ] array (
  'type' => 'module',
  'module' => 
  array (
    0 => 'api',
    1 => 'user',
    2 => 'FindUser',
  ),
)
[ info ] [ HEADER ] array (
  'connection' => 'Keep-Alive',
  'host' => 'dxc.gqwlcm.com',
  'user-agent' => 'Mozilla/5.0 (Linux; Android 8.0.0; SM-C9000 Build/R16NW; wv) AppleWebKit/537.36 (KHTML, like Gecko) Version/4.0 Chrome/70.0.3538.110 Mobile Safari/537.36 MicroMessenger/7.0.7.1521(0x27000736) Process/appbrand0 NetType/WIFI Language/zh_CN',
  'referer' => 'https://servicewechat.com/wxf24c79e7f9eb5a96/1/page-frame.html',
  'accept-encoding' => 'gzip',
  'charset' => 'utf-8',
  'content-type' => 'application/json',
)
[ info ] [ PARAM ] array (
  'unionid' => 'o8N9TuPTGoXH-yeuJvWGSjWRe7ZM',
  'wxid' => 'ofbua5S7rSbf-coF_1hGiE2VgpIk',
)
[ info ] [ SESSION ] INIT array (
  'id' => '',
  'var_session_id' => '',
  'prefix' => 'think',
  'type' => '',
  'auto_start' => true,
)
[ info ] [ DB ] INIT mysql
[ info ] [ RUN ] app\api\controller\User->FindUser[ /www/wwwroot/ledigou/application/api/controller/User.php ]
[ info ] [ LOG ] INIT File
[ sql ] [ DB ] CONNECT:[ UseTime:0.000317s ] mysql:host=localhost;dbname=ledigou;charset=utf8
[ sql ] [ SQL ] SHOW COLUMNS FROM `xin_config` [ RunTime:0.001254s ]
[ sql ] [ SQL ] SELECT * FROM `xin_config` WHERE  `config_id` = 1 LIMIT 1 [ RunTime:0.000413s ]
[ sql ] [ SQL ] SHOW COLUMNS FROM `xin_user` [ RunTime:0.001137s ]
[ sql ] [ SQL ] SELECT * FROM `xin_user` WHERE  `user_unionid` = 'o8N9TuPTGoXH-yeuJvWGSjWRe7ZM' LIMIT 1 [ RunTime:0.000286s ]
---------------------------------------------------------------
[ 2019-10-03T10:34:34+08:00 ] 113.0.69.79 POST dxc.gqwlcm.com//api/user/CreateUser
[运行时间：0.096474s] [吞吐率：10.37req/s] [内存消耗：3,173.45kb] [文件加载：65]
[ info ] [ LANG ] /www/wwwroot/ledigou/thinkphp/lang/zh-cn.php
[ info ] [ ROUTE ] array (
  'type' => 'module',
  'module' => 
  array (
    0 => 'api',
    1 => 'user',
    2 => 'CreateUser',
  ),
)
[ info ] [ HEADER ] array (
  'connection' => 'Keep-Alive',
  'host' => 'dxc.gqwlcm.com',
  'user-agent' => 'Mozilla/5.0 (Linux; Android 8.0.0; SM-C9000 Build/R16NW; wv) AppleWebKit/537.36 (KHTML, like Gecko) Version/4.0 Chrome/70.0.3538.110 Mobile Safari/537.36 MicroMessenger/7.0.7.1521(0x27000736) Process/appbrand0 NetType/WIFI Language/zh_CN',
  'referer' => 'https://servicewechat.com/wxf24c79e7f9eb5a96/1/page-frame.html',
  'accept-encoding' => 'gzip',
  'charset' => 'utf-8',
  'content-type' => 'application/json',
  'content-length' => '372',
)
[ info ] [ PARAM ] array (
  'data' => 
  array (
    'nickName' => '奥德门窗机器乔强13946112586',
    'gender' => 1,
    'language' => 'zh_CN',
    'city' => 'Harbin',
    'province' => 'Heilongjiang',
    'country' => 'China',
    'avatarUrl' => 'https://wx.qlogo.cn/mmopen/vi_32/Q0j4TwGTfTIjUDIRQ0gRicmicAKOZs2MsXkvVt12WZgOJich4RSn7xBmrvaBFgeSQHeSvU5EaR3diaB09Y49bBUEcA/132',
  ),
  'openid' => 'ofbua5S7rSbf-coF_1hGiE2VgpIk',
  'unionid' => 'o8N9TuPTGoXH-yeuJvWGSjWRe7ZM',
)
[ info ] [ SESSION ] INIT array (
  'id' => '',
  'var_session_id' => '',
  'prefix' => 'think',
  'type' => '',
  'auto_start' => true,
)
[ info ] [ DB ] INIT mysql
[ info ] [ RUN ] app\api\controller\User->CreateUser[ /www/wwwroot/ledigou/application/api/controller/User.php ]
[ info ] [ LOG ] INIT File
[ sql ] [ DB ] CONNECT:[ UseTime:0.000249s ] mysql:host=localhost;dbname=ledigou;charset=utf8
[ sql ] [ SQL ] SHOW COLUMNS FROM `xin_config` [ RunTime:0.000935s ]
[ sql ] [ SQL ] SELECT * FROM `xin_config` WHERE  `config_id` = 1 LIMIT 1 [ RunTime:0.000288s ]
[ sql ] [ SQL ] SHOW COLUMNS FROM `xin_user` [ RunTime:0.001057s ]
[ sql ] [ SQL ] SELECT `user_id` FROM `xin_user` WHERE  `user_unionid` = 'o8N9TuPTGoXH-yeuJvWGSjWRe7ZM' LIMIT 1 [ RunTime:0.000226s ]
---------------------------------------------------------------
[ 2019-10-03T10:34:34+08:00 ] 113.0.69.79 POST dxc.gqwlcm.com//api/limited/GetLimitedList
[运行时间：0.061464s] [吞吐率：16.27req/s] [内存消耗：2,806.68kb] [文件加载：57]
[ info ] [ LANG ] /www/wwwroot/ledigou/thinkphp/lang/zh-cn.php
[ info ] [ ROUTE ] array (
  'type' => 'module',
  'module' => 
  array (
    0 => 'api',
    1 => 'limited',
    2 => 'GetLimitedList',
  ),
)
[ info ] [ HEADER ] array (
  'connection' => 'Keep-Alive',
  'host' => 'dxc.gqwlcm.com',
  'user-agent' => 'Mozilla/5.0 (Linux; Android 8.0.0; SM-C9000 Build/R16NW; wv) AppleWebKit/537.36 (KHTML, like Gecko) Version/4.0 Chrome/70.0.3538.110 Mobile Safari/537.36 MicroMessenger/7.0.7.1521(0x27000736) Process/appbrand0 NetType/WIFI Language/zh_CN',
  'referer' => 'https://servicewechat.com/wxf24c79e7f9eb5a96/1/page-frame.html',
  'accept-encoding' => 'gzip',
  'charset' => 'utf-8',
  'content-type' => 'application/json',
  'content-length' => '42',
)
[ info ] [ PARAM ] array (
  'unionid' => 'o8N9TuPTGoXH-yeuJvWGSjWRe7ZM',
)
[ info ] [ DB ] INIT mysql
[ info ] [ SESSION ] INIT array (
  'id' => '',
  'var_session_id' => '',
  'prefix' => 'think',
  'type' => '',
  'auto_start' => true,
)
[ info ] [ RUN ] app\api\controller\Limited->GetLimitedList[ /www/wwwroot/ledigou/application/api/controller/Limited.php ]
[ info ] [ LOG ] INIT File
[ sql ] [ DB ] CONNECT:[ UseTime:0.000182s ] mysql:host=localhost;dbname=ledigou;charset=utf8
[ sql ] [ SQL ] SHOW COLUMNS FROM `xin_config` [ RunTime:0.001729s ]
[ sql ] [ SQL ] SELECT * FROM `xin_config` WHERE  `config_id` = 1 LIMIT 1 [ RunTime:0.000851s ]
[ sql ] [ SQL ] SHOW COLUMNS FROM `xin_user` [ RunTime:0.001378s ]
[ sql ] [ SQL ] SELECT * FROM `xin_user` WHERE  `user_unionid` = 'o8N9TuPTGoXH-yeuJvWGSjWRe7ZM' LIMIT 1 [ RunTime:0.000222s ]
[ sql ] [ SQL ] SHOW COLUMNS FROM `xin_warehouse` [ RunTime:0.000964s ]
[ sql ] [ SQL ] SELECT `ware_id` FROM `xin_warehouse` WHERE  `ware_school` = 1 [ RunTime:0.000736s ]
[ sql ] [ SQL ] SHOW COLUMNS FROM `xin_limited` [ RunTime:0.000672s ]
[ sql ] [ SQL ] SELECT * FROM `xin_limited` `l` INNER JOIN `xin_goods` `g` ON `l`.`limited_goods`=`g`.`goods_id` WHERE  `g`.`goods_warehouse` IN ('1')  AND `l`.`limited_stime` < 1570070074  AND `l`.`limited_etime` > 1570070074 ORDER BY `limited_time` DESC LIMIT 2 [ RunTime:0.000856s ]
---------------------------------------------------------------
[ 2019-10-03T10:34:34+08:00 ] 113.0.69.79 POST dxc.gqwlcm.com//api/goods/GetGoodsList
[运行时间：0.060152s] [吞吐率：16.62req/s] [内存消耗：2,865.88kb] [文件加载：59]
[ info ] [ LANG ] /www/wwwroot/ledigou/thinkphp/lang/zh-cn.php
[ info ] [ ROUTE ] array (
  'type' => 'module',
  'module' => 
  array (
    0 => 'api',
    1 => 'goods',
    2 => 'GetGoodsList',
  ),
)
[ info ] [ HEADER ] array (
  'connection' => 'Keep-Alive',
  'host' => 'dxc.gqwlcm.com',
  'user-agent' => 'Mozilla/5.0 (Linux; Android 8.0.0; SM-C9000 Build/R16NW; wv) AppleWebKit/537.36 (KHTML, like Gecko) Version/4.0 Chrome/70.0.3538.110 Mobile Safari/537.36 MicroMessenger/7.0.7.1521(0x27000736) Process/appbrand0 NetType/WIFI Language/zh_CN',
  'referer' => 'https://servicewechat.com/wxf24c79e7f9eb5a96/1/page-frame.html',
  'accept-encoding' => 'gzip',
  'charset' => 'utf-8',
  'content-type' => 'application/json',
  'content-length' => '97',
)
[ info ] [ PARAM ] array (
  'unionid' => 'o8N9TuPTGoXH-yeuJvWGSjWRe7ZM',
  'keyword' => '',
  'sort' => 0,
  'is_top' => true,
  'page' => 1,
  'limit' => 4,
)
[ info ] [ SESSION ] INIT array (
  'id' => '',
  'var_session_id' => '',
  'prefix' => 'think',
  'type' => '',
  'auto_start' => true,
)
[ info ] [ DB ] INIT mysql
[ info ] [ RUN ] app\api\controller\Goods->GetGoodsList[ /www/wwwroot/ledigou/application/api/controller/Goods.php ]
[ info ] [ LOG ] INIT File
[ sql ] [ DB ] CONNECT:[ UseTime:0.001551s ] mysql:host=localhost;dbname=ledigou;charset=utf8
[ sql ] [ SQL ] SHOW COLUMNS FROM `xin_config` [ RunTime:0.001443s ]
[ sql ] [ SQL ] SELECT * FROM `xin_config` WHERE  `config_id` = 1 LIMIT 1 [ RunTime:0.000883s ]
[ sql ] [ SQL ] SHOW COLUMNS FROM `xin_user` [ RunTime:0.001243s ]
[ sql ] [ SQL ] SELECT * FROM `xin_user` WHERE  `user_unionid` = 'o8N9TuPTGoXH-yeuJvWGSjWRe7ZM' LIMIT 1 [ RunTime:0.000513s ]
[ sql ] [ SQL ] SHOW COLUMNS FROM `xin_warehouse` [ RunTime:0.001386s ]
[ sql ] [ SQL ] SELECT `ware_id` FROM `xin_warehouse` WHERE  `ware_school` = 1 [ RunTime:0.000147s ]
[ sql ] [ SQL ] SHOW COLUMNS FROM `xin_goods` [ RunTime:0.000835s ]
[ sql ] [ SQL ] SELECT * FROM `xin_goods` WHERE  `goods_warehouse` IN (1)  AND `goods_is_top` = 1 ORDER BY `goods_is_top` DESC,`goods_id` DESC LIMIT 0,4 [ RunTime:0.000762s ]
[ sql ] [ SQL ] SHOW COLUMNS FROM `xin_limited` [ RunTime:0.000630s ]
[ sql ] [ SQL ] SELECT * FROM `xin_limited` WHERE  `limited_stime` < 1570070074  AND `limited_etime` > 1570070074  AND `limited_goods` = 36 LIMIT 1 [ RunTime:0.000252s ]
[ sql ] [ SQL ] SELECT * FROM `xin_limited` WHERE  `limited_stime` < 1570070074  AND `limited_etime` > 1570070074  AND `limited_goods` = 35 LIMIT 1 [ RunTime:0.000175s ]
[ sql ] [ SQL ] SELECT * FROM `xin_limited` WHERE  `limited_stime` < 1570070074  AND `limited_etime` > 1570070074  AND `limited_goods` = 34 LIMIT 1 [ RunTime:0.000504s ]
[ sql ] [ SQL ] SELECT * FROM `xin_limited` WHERE  `limited_stime` < 1570070074  AND `limited_etime` > 1570070074  AND `limited_goods` = 33 LIMIT 1 [ RunTime:0.000168s ]
---------------------------------------------------------------
[ 2019-10-03T10:34:43+08:00 ] 113.0.69.79 POST dxc.gqwlcm.com//api/goods/GetGoodsList
[运行时间：0.064988s] [吞吐率：15.39req/s] [内存消耗：2,865.27kb] [文件加载：59]
[ info ] [ LANG ] /www/wwwroot/ledigou/thinkphp/lang/zh-cn.php
[ info ] [ ROUTE ] array (
  'type' => 'module',
  'module' => 
  array (
    0 => 'api',
    1 => 'goods',
    2 => 'GetGoodsList',
  ),
)
[ info ] [ HEADER ] array (
  'connection' => 'Keep-Alive',
  'host' => 'dxc.gqwlcm.com',
  'user-agent' => 'Mozilla/5.0 (Linux; Android 8.0.0; SM-C9000 Build/R16NW; wv) AppleWebKit/537.36 (KHTML, like Gecko) Version/4.0 Chrome/70.0.3538.110 Mobile Safari/537.36 MicroMessenger/7.0.7.1521(0x27000736) Process/appbrand0 NetType/WIFI Language/zh_CN',
  'referer' => 'https://servicewechat.com/wxf24c79e7f9eb5a96/1/page-frame.html',
  'accept-encoding' => 'gzip',
  'charset' => 'utf-8',
  'content-type' => 'application/json',
  'content-length' => '122',
)
[ info ] [ PARAM ] array (
  'unionid' => 'o8N9TuPTGoXH-yeuJvWGSjWRe7ZM',
  'keyword' => '',
  'sort' => '2',
  'is_top' => false,
  'ordername' => 'complex',
  'ordertype' => 'desc',
)
[ info ] [ SESSION ] INIT array (
  'id' => '',
  'var_session_id' => '',
  'prefix' => 'think',
  'type' => '',
  'auto_start' => true,
)
[ info ] [ DB ] INIT mysql
[ info ] [ RUN ] app\api\controller\Goods->GetGoodsList[ /www/wwwroot/ledigou/application/api/controller/Goods.php ]
[ info ] [ LOG ] INIT File
[ sql ] [ DB ] CONNECT:[ UseTime:0.000252s ] mysql:host=localhost;dbname=ledigou;charset=utf8
[ sql ] [ SQL ] SHOW COLUMNS FROM `xin_config` [ RunTime:0.008676s ]
[ sql ] [ SQL ] SELECT * FROM `xin_config` WHERE  `config_id` = 1 LIMIT 1 [ RunTime:0.000192s ]
[ sql ] [ SQL ] SHOW COLUMNS FROM `xin_user` [ RunTime:0.000765s ]
[ sql ] [ SQL ] SELECT * FROM `xin_user` WHERE  `user_unionid` = 'o8N9TuPTGoXH-yeuJvWGSjWRe7ZM' LIMIT 1 [ RunTime:0.000328s ]
[ sql ] [ SQL ] SHOW COLUMNS FROM `xin_warehouse` [ RunTime:0.000650s ]
[ sql ] [ SQL ] SELECT `ware_id` FROM `xin_warehouse` WHERE  `ware_school` = 1 [ RunTime:0.000240s ]
[ sql ] [ SQL ] SHOW COLUMNS FROM `xin_goods` [ RunTime:0.000736s ]
[ sql ] [ SQL ] SELECT * FROM `xin_goods` WHERE  `goods_warehouse` IN (1)  AND `goods_sort` = 2 ORDER BY `goods_is_top` DESC,`goods_id` DESC LIMIT 0,10 [ RunTime:0.000352s ]
[ sql ] [ SQL ] SHOW COLUMNS FROM `xin_limited` [ RunTime:0.000822s ]
[ sql ] [ SQL ] SELECT * FROM `xin_limited` WHERE  `limited_stime` < 1570070083  AND `limited_etime` > 1570070083  AND `limited_goods` = 15 LIMIT 1 [ RunTime:0.000214s ]
[ sql ] [ SQL ] SELECT * FROM `xin_limited` WHERE  `limited_stime` < 1570070083  AND `limited_etime` > 1570070083  AND `limited_goods` = 2 LIMIT 1 [ RunTime:0.000183s ]
---------------------------------------------------------------
[ 2019-10-03T10:34:43+08:00 ] 113.0.69.79 POST dxc.gqwlcm.com//api/Sort/GetSortList
[运行时间：0.080849s] [吞吐率：12.37req/s] [内存消耗：2,669.60kb] [文件加载：55]
[ info ] [ LANG ] /www/wwwroot/ledigou/thinkphp/lang/zh-cn.php
[ info ] [ ROUTE ] array (
  'type' => 'module',
  'module' => 
  array (
    0 => 'api',
    1 => 'Sort',
    2 => 'GetSortList',
  ),
)
[ info ] [ HEADER ] array (
  'connection' => 'Keep-Alive',
  'host' => 'dxc.gqwlcm.com',
  'user-agent' => 'Mozilla/5.0 (Linux; Android 8.0.0; SM-C9000 Build/R16NW; wv) AppleWebKit/537.36 (KHTML, like Gecko) Version/4.0 Chrome/70.0.3538.110 Mobile Safari/537.36 MicroMessenger/7.0.7.1521(0x27000736) Process/appbrand0 NetType/WIFI Language/zh_CN',
  'referer' => 'https://servicewechat.com/wxf24c79e7f9eb5a96/1/page-frame.html',
  'accept-encoding' => 'gzip',
  'charset' => 'utf-8',
  'content-type' => 'application/json',
  'content-length' => '15',
)
[ info ] [ PARAM ] array (
  'limit' => 10000,
)
[ info ] [ DB ] INIT mysql
[ info ] [ SESSION ] INIT array (
  'id' => '',
  'var_session_id' => '',
  'prefix' => 'think',
  'type' => '',
  'auto_start' => true,
)
[ info ] [ RUN ] app\api\controller\Sort->GetSortList[ /www/wwwroot/ledigou/application/api/controller/Sort.php ]
[ info ] [ LOG ] INIT File
[ sql ] [ DB ] CONNECT:[ UseTime:0.000184s ] mysql:host=localhost;dbname=ledigou;charset=utf8
[ sql ] [ SQL ] SHOW COLUMNS FROM `xin_config` [ RunTime:0.000964s ]
[ sql ] [ SQL ] SELECT * FROM `xin_config` WHERE  `config_id` = 1 LIMIT 1 [ RunTime:0.000274s ]
[ sql ] [ SQL ] SHOW COLUMNS FROM `xin_goods_sort` [ RunTime:0.000753s ]
[ sql ] [ SQL ] SELECT * FROM `xin_goods_sort` WHERE  `sort_status` = 1 ORDER BY `sort_rank` DESC LIMIT 0,10000 [ RunTime:0.026604s ]
---------------------------------------------------------------
[ 2019-10-03T10:34:46+08:00 ] 113.0.69.79 POST dxc.gqwlcm.com//api/goods/GetGoodsInfo
[运行时间：0.045311s] [吞吐率：22.07req/s] [内存消耗：2,855.70kb] [文件加载：59]
[ info ] [ LANG ] /www/wwwroot/ledigou/thinkphp/lang/zh-cn.php
[ info ] [ ROUTE ] array (
  'type' => 'module',
  'module' => 
  array (
    0 => 'api',
    1 => 'goods',
    2 => 'GetGoodsInfo',
  ),
)
[ info ] [ HEADER ] array (
  'connection' => 'Keep-Alive',
  'host' => 'dxc.gqwlcm.com',
  'user-agent' => 'Mozilla/5.0 (Linux; Android 8.0.0; SM-C9000 Build/R16NW; wv) AppleWebKit/537.36 (KHTML, like Gecko) Version/4.0 Chrome/70.0.3538.110 Mobile Safari/537.36 MicroMessenger/7.0.7.1521(0x27000736) Process/appbrand0 NetType/WIFI Language/zh_CN',
  'referer' => 'https://servicewechat.com/wxf24c79e7f9eb5a96/1/page-frame.html',
  'accept-encoding' => 'gzip',
  'charset' => 'utf-8',
  'content-type' => 'application/json',
  'content-length' => '16',
)
[ info ] [ PARAM ] array (
  'goods_id' => '2',
)
[ info ] [ SESSION ] INIT array (
  'id' => '',
  'var_session_id' => '',
  'prefix' => 'think',
  'type' => '',
  'auto_start' => true,
)
[ info ] [ DB ] INIT mysql
[ info ] [ RUN ] app\api\controller\Goods->GetGoodsInfo[ /www/wwwroot/ledigou/application/api/controller/Goods.php ]
[ info ] [ LOG ] INIT File
[ sql ] [ DB ] CONNECT:[ UseTime:0.000290s ] mysql:host=localhost;dbname=ledigou;charset=utf8
[ sql ] [ SQL ] SHOW COLUMNS FROM `xin_config` [ RunTime:0.001187s ]
[ sql ] [ SQL ] SELECT * FROM `xin_config` WHERE  `config_id` = 1 LIMIT 1 [ RunTime:0.000301s ]
[ sql ] [ SQL ] SHOW COLUMNS FROM `xin_goods` [ RunTime:0.004341s ]
[ sql ] [ SQL ] SELECT * FROM `xin_goods` WHERE  `goods_id` = 2 LIMIT 1 [ RunTime:0.000409s ]
[ sql ] [ SQL ] SHOW COLUMNS FROM `xin_limited` [ RunTime:0.001411s ]
[ sql ] [ SQL ] SELECT * FROM `xin_limited` WHERE  `limited_stime` < 1570070086  AND `limited_etime` > 1570070086  AND `limited_goods` = 2 LIMIT 1 [ RunTime:0.000240s ]
---------------------------------------------------------------
[ 2019-10-03T10:34:46+08:00 ] 113.0.69.79 POST dxc.gqwlcm.com//api/Evaluate/GetEvaluateList
[运行时间：0.171985s] [吞吐率：5.81req/s] [内存消耗：2,824.13kb] [文件加载：58]
[ info ] [ LANG ] /www/wwwroot/ledigou/thinkphp/lang/zh-cn.php
[ info ] [ ROUTE ] array (
  'type' => 'module',
  'module' => 
  array (
    0 => 'api',
    1 => 'Evaluate',
    2 => 'GetEvaluateList',
  ),
)
[ info ] [ HEADER ] array (
  'connection' => 'Keep-Alive',
  'host' => 'dxc.gqwlcm.com',
  'user-agent' => 'Mozilla/5.0 (Linux; Android 8.0.0; SM-C9000 Build/R16NW; wv) AppleWebKit/537.36 (KHTML, like Gecko) Version/4.0 Chrome/70.0.3538.110 Mobile Safari/537.36 MicroMessenger/7.0.7.1521(0x27000736) Process/appbrand0 NetType/WIFI Language/zh_CN',
  'referer' => 'https://servicewechat.com/wxf24c79e7f9eb5a96/1/page-frame.html',
  'accept-encoding' => 'gzip',
  'charset' => 'utf-8',
  'content-type' => 'application/json',
  'content-length' => '16',
)
[ info ] [ PARAM ] array (
  'goods_id' => '2',
)
[ info ] [ DB ] INIT mysql
[ info ] [ SESSION ] INIT array (
  'id' => '',
  'var_session_id' => '',
  'prefix' => 'think',
  'type' => '',
  'auto_start' => true,
)
[ info ] [ RUN ] app\api\controller\Evaluate->GetEvaluateList[ /www/wwwroot/ledigou/application/api/controller/Evaluate.php ]
[ info ] [ LOG ] INIT File
[ sql ] [ DB ] CONNECT:[ UseTime:0.000269s ] mysql:host=localhost;dbname=ledigou;charset=utf8
[ sql ] [ SQL ] SHOW COLUMNS FROM `xin_config` [ RunTime:0.000994s ]
[ sql ] [ SQL ] SELECT * FROM `xin_config` WHERE  `config_id` = 1 LIMIT 1 [ RunTime:0.000259s ]
[ sql ] [ SQL ] SHOW COLUMNS FROM `xin_order_item` [ RunTime:0.023582s ]
[ sql ] [ SQL ] SELECT `item_id` FROM `xin_order_item` WHERE  `item_goods` = 2 [ RunTime:0.018447s ]
[ sql ] [ SQL ] SHOW COLUMNS FROM `xin_evaluate` [ RunTime:0.008100s ]
[ sql ] [ SQL ] SELECT * FROM `xin_evaluate` WHERE  `eval_item` IN (0) ORDER BY `eval_time` DESC LIMIT 0,10 [ RunTime:0.027390s ]
---------------------------------------------------------------
[ 2019-10-03T10:34:47+08:00 ] 113.0.69.79 POST dxc.gqwlcm.com//api/user/BuyNow
[运行时间：0.057320s] [吞吐率：17.45req/s] [内存消耗：3,023.29kb] [文件加载：63]
[ info ] [ LANG ] /www/wwwroot/ledigou/thinkphp/lang/zh-cn.php
[ info ] [ ROUTE ] array (
  'type' => 'module',
  'module' => 
  array (
    0 => 'api',
    1 => 'user',
    2 => 'BuyNow',
  ),
)
[ info ] [ HEADER ] array (
  'connection' => 'Keep-Alive',
  'host' => 'dxc.gqwlcm.com',
  'user-agent' => 'Mozilla/5.0 (Linux; Android 8.0.0; SM-C9000 Build/R16NW; wv) AppleWebKit/537.36 (KHTML, like Gecko) Version/4.0 Chrome/70.0.3538.110 Mobile Safari/537.36 MicroMessenger/7.0.7.1521(0x27000736) Process/appbrand0 NetType/WIFI Language/zh_CN',
  'referer' => 'https://servicewechat.com/wxf24c79e7f9eb5a96/1/page-frame.html',
  'accept-encoding' => 'gzip',
  'charset' => 'utf-8',
  'content-type' => 'application/json',
  'content-length' => '68',
)
[ info ] [ PARAM ] array (
  'unionid' => 'o8N9TuPTGoXH-yeuJvWGSjWRe7ZM',
  'goods_id' => 2,
  'is_offer' => 0,
)
[ info ] [ SESSION ] INIT array (
  'id' => '',
  'var_session_id' => '',
  'prefix' => 'think',
  'type' => '',
  'auto_start' => true,
)
[ info ] [ DB ] INIT mysql
[ info ] [ RUN ] app\api\controller\User->BuyNow[ /www/wwwroot/ledigou/application/api/controller/User.php ]
[ info ] [ LOG ] INIT File
[ sql ] [ DB ] CONNECT:[ UseTime:0.000266s ] mysql:host=localhost;dbname=ledigou;charset=utf8
[ sql ] [ SQL ] SHOW COLUMNS FROM `xin_config` [ RunTime:0.000949s ]
[ sql ] [ SQL ] SELECT * FROM `xin_config` WHERE  `config_id` = 1 LIMIT 1 [ RunTime:0.000256s ]
[ sql ] [ SQL ] SHOW COLUMNS FROM `xin_user` [ RunTime:0.000879s ]
[ sql ] [ SQL ] SELECT * FROM `xin_user` WHERE  `user_unionid` = 'o8N9TuPTGoXH-yeuJvWGSjWRe7ZM' LIMIT 1 [ RunTime:0.000445s ]
[ sql ] [ SQL ] SHOW COLUMNS FROM `xin_address` [ RunTime:0.024834s ]
[ sql ] [ SQL ] SELECT * FROM `xin_address` WHERE  `address_user` = 32  AND `address_default` = 1 LIMIT 1 [ RunTime:0.002268s ]
---------------------------------------------------------------
[ 2019-10-03T10:34:51+08:00 ] 113.0.69.79 POST dxc.gqwlcm.com//api/user/BuyNow
[运行时间：0.029148s] [吞吐率：34.31req/s] [内存消耗：3,023.29kb] [文件加载：63]
[ info ] [ LANG ] /www/wwwroot/ledigou/thinkphp/lang/zh-cn.php
[ info ] [ ROUTE ] array (
  'type' => 'module',
  'module' => 
  array (
    0 => 'api',
    1 => 'user',
    2 => 'BuyNow',
  ),
)
[ info ] [ HEADER ] array (
  'connection' => 'Keep-Alive',
  'host' => 'dxc.gqwlcm.com',
  'user-agent' => 'Mozilla/5.0 (Linux; Android 8.0.0; SM-C9000 Build/R16NW; wv) AppleWebKit/537.36 (KHTML, like Gecko) Version/4.0 Chrome/70.0.3538.110 Mobile Safari/537.36 MicroMessenger/7.0.7.1521(0x27000736) Process/appbrand0 NetType/WIFI Language/zh_CN',
  'referer' => 'https://servicewechat.com/wxf24c79e7f9eb5a96/1/page-frame.html',
  'accept-encoding' => 'gzip',
  'charset' => 'utf-8',
  'content-type' => 'application/json',
  'content-length' => '68',
)
[ info ] [ PARAM ] array (
  'unionid' => 'o8N9TuPTGoXH-yeuJvWGSjWRe7ZM',
  'goods_id' => 2,
  'is_offer' => 0,
)
[ info ] [ SESSION ] INIT array (
  'id' => '',
  'var_session_id' => '',
  'prefix' => 'think',
  'type' => '',
  'auto_start' => true,
)
[ info ] [ DB ] INIT mysql
[ info ] [ RUN ] app\api\controller\User->BuyNow[ /www/wwwroot/ledigou/application/api/controller/User.php ]
[ info ] [ LOG ] INIT File
[ sql ] [ DB ] CONNECT:[ UseTime:0.000243s ] mysql:host=localhost;dbname=ledigou;charset=utf8
[ sql ] [ SQL ] SHOW COLUMNS FROM `xin_config` [ RunTime:0.000993s ]
[ sql ] [ SQL ] SELECT * FROM `xin_config` WHERE  `config_id` = 1 LIMIT 1 [ RunTime:0.000251s ]
[ sql ] [ SQL ] SHOW COLUMNS FROM `xin_user` [ RunTime:0.000784s ]
[ sql ] [ SQL ] SELECT * FROM `xin_user` WHERE  `user_unionid` = 'o8N9TuPTGoXH-yeuJvWGSjWRe7ZM' LIMIT 1 [ RunTime:0.000229s ]
[ sql ] [ SQL ] SHOW COLUMNS FROM `xin_address` [ RunTime:0.000725s ]
[ sql ] [ SQL ] SELECT * FROM `xin_address` WHERE  `address_user` = 32  AND `address_default` = 1 LIMIT 1 [ RunTime:0.000201s ]
---------------------------------------------------------------
[ 2019-10-03T10:34:58+08:00 ] 113.0.69.79 POST dxc.gqwlcm.com//api/Evaluate/GetEvaluateList
[运行时间：0.085929s] [吞吐率：11.64req/s] [内存消耗：2,824.13kb] [文件加载：58]
[ info ] [ LANG ] /www/wwwroot/ledigou/thinkphp/lang/zh-cn.php
[ info ] [ ROUTE ] array (
  'type' => 'module',
  'module' => 
  array (
    0 => 'api',
    1 => 'Evaluate',
    2 => 'GetEvaluateList',
  ),
)
[ info ] [ HEADER ] array (
  'connection' => 'Keep-Alive',
  'host' => 'dxc.gqwlcm.com',
  'user-agent' => 'Mozilla/5.0 (Linux; Android 8.0.0; SM-C9000 Build/R16NW; wv) AppleWebKit/537.36 (KHTML, like Gecko) Version/4.0 Chrome/70.0.3538.110 Mobile Safari/537.36 MicroMessenger/7.0.7.1521(0x27000736) Process/appbrand0 NetType/WIFI Language/zh_CN',
  'referer' => 'https://servicewechat.com/wxf24c79e7f9eb5a96/1/page-frame.html',
  'accept-encoding' => 'gzip',
  'charset' => 'utf-8',
  'content-type' => 'application/json',
  'content-length' => '17',
)
[ info ] [ PARAM ] array (
  'goods_id' => '15',
)
[ info ] [ DB ] INIT mysql
[ info ] [ SESSION ] INIT array (
  'id' => '',
  'var_session_id' => '',
  'prefix' => 'think',
  'type' => '',
  'auto_start' => true,
)
[ info ] [ RUN ] app\api\controller\Evaluate->GetEvaluateList[ /www/wwwroot/ledigou/application/api/controller/Evaluate.php ]
[ info ] [ LOG ] INIT File
[ sql ] [ DB ] CONNECT:[ UseTime:0.001809s ] mysql:host=localhost;dbname=ledigou;charset=utf8
[ sql ] [ SQL ] SHOW COLUMNS FROM `xin_config` [ RunTime:0.001109s ]
[ sql ] [ SQL ] SELECT * FROM `xin_config` WHERE  `config_id` = 1 LIMIT 1 [ RunTime:0.000211s ]
[ sql ] [ SQL ] SHOW COLUMNS FROM `xin_order_item` [ RunTime:0.001598s ]
[ sql ] [ SQL ] SELECT `item_id` FROM `xin_order_item` WHERE  `item_goods` = 15 [ RunTime:0.000191s ]
[ sql ] [ SQL ] SHOW COLUMNS FROM `xin_evaluate` [ RunTime:0.000633s ]
[ sql ] [ SQL ] SELECT * FROM `xin_evaluate` WHERE  `eval_item` IN (0) ORDER BY `eval_time` DESC LIMIT 0,10 [ RunTime:0.000852s ]
---------------------------------------------------------------
[ 2019-10-03T10:34:58+08:00 ] 113.0.69.79 POST dxc.gqwlcm.com//api/goods/GetGoodsInfo
[运行时间：0.082164s] [吞吐率：12.17req/s] [内存消耗：2,855.70kb] [文件加载：59]
[ info ] [ LANG ] /www/wwwroot/ledigou/thinkphp/lang/zh-cn.php
[ info ] [ ROUTE ] array (
  'type' => 'module',
  'module' => 
  array (
    0 => 'api',
    1 => 'goods',
    2 => 'GetGoodsInfo',
  ),
)
[ info ] [ HEADER ] array (
  'connection' => 'Keep-Alive',
  'host' => 'dxc.gqwlcm.com',
  'user-agent' => 'Mozilla/5.0 (Linux; Android 8.0.0; SM-C9000 Build/R16NW; wv) AppleWebKit/537.36 (KHTML, like Gecko) Version/4.0 Chrome/70.0.3538.110 Mobile Safari/537.36 MicroMessenger/7.0.7.1521(0x27000736) Process/appbrand0 NetType/WIFI Language/zh_CN',
  'referer' => 'https://servicewechat.com/wxf24c79e7f9eb5a96/1/page-frame.html',
  'accept-encoding' => 'gzip',
  'charset' => 'utf-8',
  'content-type' => 'application/json',
  'content-length' => '17',
)
[ info ] [ PARAM ] array (
  'goods_id' => '15',
)
[ info ] [ SESSION ] INIT array (
  'id' => '',
  'var_session_id' => '',
  'prefix' => 'think',
  'type' => '',
  'auto_start' => true,
)
[ info ] [ DB ] INIT mysql
[ info ] [ RUN ] app\api\controller\Goods->GetGoodsInfo[ /www/wwwroot/ledigou/application/api/controller/Goods.php ]
[ info ] [ LOG ] INIT File
[ sql ] [ DB ] CONNECT:[ UseTime:0.000964s ] mysql:host=localhost;dbname=ledigou;charset=utf8
[ sql ] [ SQL ] SHOW COLUMNS FROM `xin_config` [ RunTime:0.026138s ]
[ sql ] [ SQL ] SELECT * FROM `xin_config` WHERE  `config_id` = 1 LIMIT 1 [ RunTime:0.000268s ]
[ sql ] [ SQL ] SHOW COLUMNS FROM `xin_goods` [ RunTime:0.002393s ]
[ sql ] [ SQL ] SELECT * FROM `xin_goods` WHERE  `goods_id` = 15 LIMIT 1 [ RunTime:0.001407s ]
[ sql ] [ SQL ] SHOW COLUMNS FROM `xin_limited` [ RunTime:0.000664s ]
[ sql ] [ SQL ] SELECT * FROM `xin_limited` WHERE  `limited_stime` < 1570070098  AND `limited_etime` > 1570070098  AND `limited_goods` = 15 LIMIT 1 [ RunTime:0.000306s ]
---------------------------------------------------------------
[ 2019-10-03T10:38:29+08:00 ] 47.100.8.254 GET moshiqi.cn/
[运行时间：0.026917s] [吞吐率：37.15req/s] [内存消耗：2,781.19kb] [文件加载：58]
[ info ] [ LANG ] /www/wwwroot/ledigou/thinkphp/lang/zh-cn.php
[ info ] [ ROUTE ] array (
  'type' => 'module',
  'module' => 
  array (
    0 => '',
    1 => NULL,
    2 => NULL,
  ),
)
[ info ] [ HEADER ] array (
  'accept-encoding' => 'gzip',
  'connection' => 'Keep-Alive',
  'host' => 'moshiqi.cn',
  'user-agent' => 'Mozilla/5.0 (Linux; Android 4.1.1; Nexus 7 Build/JRO03D)',
)
[ info ] [ PARAM ] array (
)
[ info ] [ SESSION ] INIT array (
  'id' => '',
  'var_session_id' => '',
  'prefix' => 'think',
  'type' => '',
  'auto_start' => true,
)
[ info ] [ DB ] INIT mysql
[ info ] [ LOG ] INIT File
[ sql ] [ DB ] CONNECT:[ UseTime:0.000273s ] mysql:host=localhost;dbname=ledigou;charset=utf8
[ sql ] [ SQL ] SHOW COLUMNS FROM `xin_config` [ RunTime:0.000892s ]
[ sql ] [ SQL ] SELECT * FROM `xin_config` WHERE  `config_id` = 1 LIMIT 1 [ RunTime:0.000265s ]
---------------------------------------------------------------
[ 2019-10-03T10:38:29+08:00 ] 47.100.8.254 GET moshiqi.cn/index/wechat/login.html
[运行时间：0.025045s] [吞吐率：39.93req/s] [内存消耗：2,723.52kb] [文件加载：55]
[ info ] [ LANG ] /www/wwwroot/ledigou/thinkphp/lang/zh-cn.php
[ info ] [ ROUTE ] array (
  'type' => 'module',
  'module' => 
  array (
    0 => 'index',
    1 => 'wechat',
    2 => 'login',
  ),
)
[ info ] [ HEADER ] array (
  'accept-encoding' => 'gzip',
  'connection' => 'Keep-Alive',
  'host' => 'moshiqi.cn',
  'user-agent' => 'Mozilla/5.0 (Linux; Android 4.1.1; Nexus 7 Build/JRO03D)',
)
[ info ] [ PARAM ] array (
)
[ info ] [ SESSION ] INIT array (
  'id' => '',
  'var_session_id' => '',
  'prefix' => 'think',
  'type' => '',
  'auto_start' => true,
)
[ info ] [ DB ] INIT mysql
[ info ] [ RUN ] app\index\controller\Wechat->Login[ /www/wwwroot/ledigou/application/index/controller/Wechat.php ]
[ info ] [ LOG ] INIT File
[ sql ] [ DB ] CONNECT:[ UseTime:0.000244s ] mysql:host=localhost;dbname=ledigou;charset=utf8
[ sql ] [ SQL ] SHOW COLUMNS FROM `xin_config` [ RunTime:0.000926s ]
[ sql ] [ SQL ] SELECT * FROM `xin_config` WHERE  `config_id` = 1 LIMIT 1 [ RunTime:0.000238s ]
---------------------------------------------------------------
[ 2019-10-03T10:38:53+08:00 ] 116.62.112.111 GET pt.ibtv.cc/
[运行时间：0.028846s] [吞吐率：34.67req/s] [内存消耗：2,781.19kb] [文件加载：58]
[ info ] [ LANG ] /www/wwwroot/ledigou/thinkphp/lang/zh-cn.php
[ info ] [ ROUTE ] array (
  'type' => 'module',
  'module' => 
  array (
    0 => '',
    1 => NULL,
    2 => NULL,
  ),
)
[ info ] [ HEADER ] array (
  'accept-encoding' => 'gzip',
  'connection' => 'Keep-Alive',
  'host' => 'pt.ibtv.cc',
  'user-agent' => 'Mozilla/5.0 (Linux; Android 4.1.1; Nexus 7 Build/JRO03D)',
)
[ info ] [ PARAM ] array (
)
[ info ] [ SESSION ] INIT array (
  'id' => '',
  'var_session_id' => '',
  'prefix' => 'think',
  'type' => '',
  'auto_start' => true,
)
[ info ] [ DB ] INIT mysql
[ info ] [ LOG ] INIT File
[ sql ] [ DB ] CONNECT:[ UseTime:0.000247s ] mysql:host=localhost;dbname=ledigou;charset=utf8
[ sql ] [ SQL ] SHOW COLUMNS FROM `xin_config` [ RunTime:0.001090s ]
[ sql ] [ SQL ] SELECT * FROM `xin_config` WHERE  `config_id` = 1 LIMIT 1 [ RunTime:0.000290s ]
---------------------------------------------------------------
[ 2019-10-03T10:38:53+08:00 ] 116.62.112.111 GET pt.ibtv.cc/index/wechat/login.html
[运行时间：0.026417s] [吞吐率：37.85req/s] [内存消耗：2,723.52kb] [文件加载：55]
[ info ] [ LANG ] /www/wwwroot/ledigou/thinkphp/lang/zh-cn.php
[ info ] [ ROUTE ] array (
  'type' => 'module',
  'module' => 
  array (
    0 => 'index',
    1 => 'wechat',
    2 => 'login',
  ),
)
[ info ] [ HEADER ] array (
  'accept-encoding' => 'gzip',
  'connection' => 'Keep-Alive',
  'host' => 'pt.ibtv.cc',
  'user-agent' => 'Mozilla/5.0 (Linux; Android 4.1.1; Nexus 7 Build/JRO03D)',
)
[ info ] [ PARAM ] array (
)
[ info ] [ SESSION ] INIT array (
  'id' => '',
  'var_session_id' => '',
  'prefix' => 'think',
  'type' => '',
  'auto_start' => true,
)
[ info ] [ DB ] INIT mysql
[ info ] [ RUN ] app\index\controller\Wechat->Login[ /www/wwwroot/ledigou/application/index/controller/Wechat.php ]
[ info ] [ LOG ] INIT File
[ sql ] [ DB ] CONNECT:[ UseTime:0.000273s ] mysql:host=localhost;dbname=ledigou;charset=utf8
[ sql ] [ SQL ] SHOW COLUMNS FROM `xin_config` [ RunTime:0.000939s ]
[ sql ] [ SQL ] SELECT * FROM `xin_config` WHERE  `config_id` = 1 LIMIT 1 [ RunTime:0.000257s ]
---------------------------------------------------------------
[ 2019-10-03T10:46:05+08:00 ] 47.101.201.46 GET zhoujinyu.vip/
[运行时间：0.041986s] [吞吐率：23.82req/s] [内存消耗：2,781.31kb] [文件加载：58]
[ info ] [ LANG ] /www/wwwroot/ledigou/thinkphp/lang/zh-cn.php
[ info ] [ ROUTE ] array (
  'type' => 'module',
  'module' => 
  array (
    0 => '',
    1 => NULL,
    2 => NULL,
  ),
)
[ info ] [ HEADER ] array (
  'accept-encoding' => 'gzip',
  'connection' => 'Keep-Alive',
  'host' => 'zhoujinyu.vip',
  'user-agent' => 'Mozilla/5.0 (Linux; Android 4.1.1; Nexus 7 Build/JRO03D)',
)
[ info ] [ PARAM ] array (
)
[ info ] [ SESSION ] INIT array (
  'id' => '',
  'var_session_id' => '',
  'prefix' => 'think',
  'type' => '',
  'auto_start' => true,
)
[ info ] [ DB ] INIT mysql
[ info ] [ LOG ] INIT File
[ sql ] [ DB ] CONNECT:[ UseTime:0.000333s ] mysql:host=localhost;dbname=ledigou;charset=utf8
[ sql ] [ SQL ] SHOW COLUMNS FROM `xin_config` [ RunTime:0.001245s ]
[ sql ] [ SQL ] SELECT * FROM `xin_config` WHERE  `config_id` = 1 LIMIT 1 [ RunTime:0.000397s ]
---------------------------------------------------------------
[ 2019-10-03T10:46:06+08:00 ] 47.101.201.46 GET zhoujinyu.vip/index/wechat/login.html
[运行时间：0.039549s] [吞吐率：25.29req/s] [内存消耗：2,723.64kb] [文件加载：55]
[ info ] [ LANG ] /www/wwwroot/ledigou/thinkphp/lang/zh-cn.php
[ info ] [ ROUTE ] array (
  'type' => 'module',
  'module' => 
  array (
    0 => 'index',
    1 => 'wechat',
    2 => 'login',
  ),
)
[ info ] [ HEADER ] array (
  'accept-encoding' => 'gzip',
  'connection' => 'Keep-Alive',
  'host' => 'zhoujinyu.vip',
  'user-agent' => 'Mozilla/5.0 (Linux; Android 4.1.1; Nexus 7 Build/JRO03D)',
)
[ info ] [ PARAM ] array (
)
[ info ] [ SESSION ] INIT array (
  'id' => '',
  'var_session_id' => '',
  'prefix' => 'think',
  'type' => '',
  'auto_start' => true,
)
[ info ] [ DB ] INIT mysql
[ info ] [ RUN ] app\index\controller\Wechat->Login[ /www/wwwroot/ledigou/application/index/controller/Wechat.php ]
[ info ] [ LOG ] INIT File
[ sql ] [ DB ] CONNECT:[ UseTime:0.000258s ] mysql:host=localhost;dbname=ledigou;charset=utf8
[ sql ] [ SQL ] SHOW COLUMNS FROM `xin_config` [ RunTime:0.000881s ]
[ sql ] [ SQL ] SELECT * FROM `xin_config` WHERE  `config_id` = 1 LIMIT 1 [ RunTime:0.000358s ]
---------------------------------------------------------------
[ 2019-10-03T11:01:05+08:00 ] 101.132.156.172 GET dxc.gqwlcm.com/
[运行时间：0.060141s] [吞吐率：16.63req/s] [内存消耗：2,781.34kb] [文件加载：58]
[ info ] [ LANG ] /www/wwwroot/ledigou/thinkphp/lang/zh-cn.php
[ info ] [ ROUTE ] array (
  'type' => 'module',
  'module' => 
  array (
    0 => '',
    1 => NULL,
    2 => NULL,
  ),
)
[ info ] [ HEADER ] array (
  'accept-encoding' => 'gzip',
  'connection' => 'Keep-Alive',
  'host' => 'dxc.gqwlcm.com',
  'user-agent' => 'Mozilla/5.0 (Linux; Android 4.1.1; Nexus 7 Build/JRO03D)',
)
[ info ] [ PARAM ] array (
)
[ info ] [ SESSION ] INIT array (
  'id' => '',
  'var_session_id' => '',
  'prefix' => 'think',
  'type' => '',
  'auto_start' => true,
)
[ info ] [ DB ] INIT mysql
[ info ] [ LOG ] INIT File
[ sql ] [ DB ] CONNECT:[ UseTime:0.000253s ] mysql:host=localhost;dbname=ledigou;charset=utf8
[ sql ] [ SQL ] SHOW COLUMNS FROM `xin_config` [ RunTime:0.000997s ]
[ sql ] [ SQL ] SELECT * FROM `xin_config` WHERE  `config_id` = 1 LIMIT 1 [ RunTime:0.000295s ]
---------------------------------------------------------------
[ 2019-10-03T11:01:05+08:00 ] 101.132.156.172 GET dxc.gqwlcm.com/index/wechat/login.html
[运行时间：0.027943s] [吞吐率：35.79req/s] [内存消耗：2,723.67kb] [文件加载：55]
[ info ] [ LANG ] /www/wwwroot/ledigou/thinkphp/lang/zh-cn.php
[ info ] [ ROUTE ] array (
  'type' => 'module',
  'module' => 
  array (
    0 => 'index',
    1 => 'wechat',
    2 => 'login',
  ),
)
[ info ] [ HEADER ] array (
  'accept-encoding' => 'gzip',
  'connection' => 'Keep-Alive',
  'host' => 'dxc.gqwlcm.com',
  'user-agent' => 'Mozilla/5.0 (Linux; Android 4.1.1; Nexus 7 Build/JRO03D)',
)
[ info ] [ PARAM ] array (
)
[ info ] [ SESSION ] INIT array (
  'id' => '',
  'var_session_id' => '',
  'prefix' => 'think',
  'type' => '',
  'auto_start' => true,
)
[ info ] [ DB ] INIT mysql
[ info ] [ RUN ] app\index\controller\Wechat->Login[ /www/wwwroot/ledigou/application/index/controller/Wechat.php ]
[ info ] [ LOG ] INIT File
[ sql ] [ DB ] CONNECT:[ UseTime:0.000278s ] mysql:host=localhost;dbname=ledigou;charset=utf8
[ sql ] [ SQL ] SHOW COLUMNS FROM `xin_config` [ RunTime:0.001070s ]
[ sql ] [ SQL ] SELECT * FROM `xin_config` WHERE  `config_id` = 1 LIMIT 1 [ RunTime:0.000268s ]
---------------------------------------------------------------
[ 2019-10-03T11:04:31+08:00 ] 47.101.202.18 GET forlavida.com/
[运行时间：0.027890s] [吞吐率：35.86req/s] [内存消耗：2,781.31kb] [文件加载：58]
[ info ] [ LANG ] /www/wwwroot/ledigou/thinkphp/lang/zh-cn.php
[ info ] [ ROUTE ] array (
  'type' => 'module',
  'module' => 
  array (
    0 => '',
    1 => NULL,
    2 => NULL,
  ),
)
[ info ] [ HEADER ] array (
  'accept-encoding' => 'gzip',
  'connection' => 'Keep-Alive',
  'host' => 'forlavida.com',
  'user-agent' => 'Mozilla/5.0 (Linux; Android 4.1.1; Nexus 7 Build/JRO03D)',
)
[ info ] [ PARAM ] array (
)
[ info ] [ SESSION ] INIT array (
  'id' => '',
  'var_session_id' => '',
  'prefix' => 'think',
  'type' => '',
  'auto_start' => true,
)
[ info ] [ DB ] INIT mysql
[ info ] [ LOG ] INIT File
[ sql ] [ DB ] CONNECT:[ UseTime:0.000272s ] mysql:host=localhost;dbname=ledigou;charset=utf8
[ sql ] [ SQL ] SHOW COLUMNS FROM `xin_config` [ RunTime:0.000955s ]
[ sql ] [ SQL ] SELECT * FROM `xin_config` WHERE  `config_id` = 1 LIMIT 1 [ RunTime:0.000249s ]
---------------------------------------------------------------
[ 2019-10-03T11:04:31+08:00 ] 47.101.202.18 GET forlavida.com/index/wechat/login.html
[运行时间：0.025846s] [吞吐率：38.69req/s] [内存消耗：2,723.64kb] [文件加载：55]
[ info ] [ LANG ] /www/wwwroot/ledigou/thinkphp/lang/zh-cn.php
[ info ] [ ROUTE ] array (
  'type' => 'module',
  'module' => 
  array (
    0 => 'index',
    1 => 'wechat',
    2 => 'login',
  ),
)
[ info ] [ HEADER ] array (
  'accept-encoding' => 'gzip',
  'connection' => 'Keep-Alive',
  'host' => 'forlavida.com',
  'user-agent' => 'Mozilla/5.0 (Linux; Android 4.1.1; Nexus 7 Build/JRO03D)',
)
[ info ] [ PARAM ] array (
)
[ info ] [ SESSION ] INIT array (
  'id' => '',
  'var_session_id' => '',
  'prefix' => 'think',
  'type' => '',
  'auto_start' => true,
)
[ info ] [ DB ] INIT mysql
[ info ] [ RUN ] app\index\controller\Wechat->Login[ /www/wwwroot/ledigou/application/index/controller/Wechat.php ]
[ info ] [ LOG ] INIT File
[ sql ] [ DB ] CONNECT:[ UseTime:0.000265s ] mysql:host=localhost;dbname=ledigou;charset=utf8
[ sql ] [ SQL ] SHOW COLUMNS FROM `xin_config` [ RunTime:0.000950s ]
[ sql ] [ SQL ] SELECT * FROM `xin_config` WHERE  `config_id` = 1 LIMIT 1 [ RunTime:0.000248s ]
---------------------------------------------------------------
[ 2019-10-03T11:06:21+08:00 ] 47.101.198.3 GET www.capital-easy.com/
[运行时间：0.026976s] [吞吐率：37.07req/s] [内存消耗：2,781.34kb] [文件加载：58]
[ info ] [ LANG ] /www/wwwroot/ledigou/thinkphp/lang/zh-cn.php
[ info ] [ ROUTE ] array (
  'type' => 'module',
  'module' => 
  array (
    0 => '',
    1 => NULL,
    2 => NULL,
  ),
)
[ info ] [ HEADER ] array (
  'accept-encoding' => 'gzip',
  'connection' => 'Keep-Alive',
  'host' => 'www.capital-easy.com',
  'user-agent' => 'Mozilla/5.0 (Linux; Android 4.1.1; Nexus 7 Build/JRO03D)',
)
[ info ] [ PARAM ] array (
)
[ info ] [ SESSION ] INIT array (
  'id' => '',
  'var_session_id' => '',
  'prefix' => 'think',
  'type' => '',
  'auto_start' => true,
)
[ info ] [ DB ] INIT mysql
[ info ] [ LOG ] INIT File
[ sql ] [ DB ] CONNECT:[ UseTime:0.000256s ] mysql:host=localhost;dbname=ledigou;charset=utf8
[ sql ] [ SQL ] SHOW COLUMNS FROM `xin_config` [ RunTime:0.001012s ]
[ sql ] [ SQL ] SELECT * FROM `xin_config` WHERE  `config_id` = 1 LIMIT 1 [ RunTime:0.000255s ]
---------------------------------------------------------------
[ 2019-10-03T11:06:21+08:00 ] 47.101.198.3 GET www.capital-easy.com/index/wechat/login.html
[运行时间：0.024626s] [吞吐率：40.61req/s] [内存消耗：2,723.67kb] [文件加载：55]
[ info ] [ LANG ] /www/wwwroot/ledigou/thinkphp/lang/zh-cn.php
[ info ] [ ROUTE ] array (
  'type' => 'module',
  'module' => 
  array (
    0 => 'index',
    1 => 'wechat',
    2 => 'login',
  ),
)
[ info ] [ HEADER ] array (
  'accept-encoding' => 'gzip',
  'connection' => 'Keep-Alive',
  'host' => 'www.capital-easy.com',
  'user-agent' => 'Mozilla/5.0 (Linux; Android 4.1.1; Nexus 7 Build/JRO03D)',
)
[ info ] [ PARAM ] array (
)
[ info ] [ SESSION ] INIT array (
  'id' => '',
  'var_session_id' => '',
  'prefix' => 'think',
  'type' => '',
  'auto_start' => true,
)
[ info ] [ DB ] INIT mysql
[ info ] [ RUN ] app\index\controller\Wechat->Login[ /www/wwwroot/ledigou/application/index/controller/Wechat.php ]
[ info ] [ LOG ] INIT File
[ sql ] [ DB ] CONNECT:[ UseTime:0.000250s ] mysql:host=localhost;dbname=ledigou;charset=utf8
[ sql ] [ SQL ] SHOW COLUMNS FROM `xin_config` [ RunTime:0.000929s ]
[ sql ] [ SQL ] SELECT * FROM `xin_config` WHERE  `config_id` = 1 LIMIT 1 [ RunTime:0.000241s ]
---------------------------------------------------------------
[ 2019-10-03T11:25:24+08:00 ] 47.101.196.60 GET www.shiguojingqian.com/
[运行时间：0.026339s] [吞吐率：37.97req/s] [内存消耗：2,781.34kb] [文件加载：58]
[ info ] [ LANG ] /www/wwwroot/ledigou/thinkphp/lang/zh-cn.php
[ info ] [ ROUTE ] array (
  'type' => 'module',
  'module' => 
  array (
    0 => '',
    1 => NULL,
    2 => NULL,
  ),
)
[ info ] [ HEADER ] array (
  'accept-encoding' => 'gzip',
  'connection' => 'Keep-Alive',
  'host' => 'www.shiguojingqian.com',
  'user-agent' => 'Mozilla/5.0 (Linux; Android 4.1.1; Nexus 7 Build/JRO03D)',
)
[ info ] [ PARAM ] array (
)
[ info ] [ SESSION ] INIT array (
  'id' => '',
  'var_session_id' => '',
  'prefix' => 'think',
  'type' => '',
  'auto_start' => true,
)
[ info ] [ DB ] INIT mysql
[ info ] [ LOG ] INIT File
[ sql ] [ DB ] CONNECT:[ UseTime:0.000311s ] mysql:host=localhost;dbname=ledigou;charset=utf8
[ sql ] [ SQL ] SHOW COLUMNS FROM `xin_config` [ RunTime:0.000989s ]
[ sql ] [ SQL ] SELECT * FROM `xin_config` WHERE  `config_id` = 1 LIMIT 1 [ RunTime:0.000291s ]
---------------------------------------------------------------
[ 2019-10-03T11:25:24+08:00 ] 47.101.196.60 GET www.shiguojingqian.com/index/wechat/login.html
[运行时间：0.051374s] [吞吐率：19.47req/s] [内存消耗：2,723.67kb] [文件加载：55]
[ info ] [ LANG ] /www/wwwroot/ledigou/thinkphp/lang/zh-cn.php
[ info ] [ ROUTE ] array (
  'type' => 'module',
  'module' => 
  array (
    0 => 'index',
    1 => 'wechat',
    2 => 'login',
  ),
)
[ info ] [ HEADER ] array (
  'accept-encoding' => 'gzip',
  'connection' => 'Keep-Alive',
  'host' => 'www.shiguojingqian.com',
  'user-agent' => 'Mozilla/5.0 (Linux; Android 4.1.1; Nexus 7 Build/JRO03D)',
)
[ info ] [ PARAM ] array (
)
[ info ] [ SESSION ] INIT array (
  'id' => '',
  'var_session_id' => '',
  'prefix' => 'think',
  'type' => '',
  'auto_start' => true,
)
[ info ] [ DB ] INIT mysql
[ info ] [ RUN ] app\index\controller\Wechat->Login[ /www/wwwroot/ledigou/application/index/controller/Wechat.php ]
[ info ] [ LOG ] INIT File
[ sql ] [ DB ] CONNECT:[ UseTime:0.000271s ] mysql:host=localhost;dbname=ledigou;charset=utf8
[ sql ] [ SQL ] SHOW COLUMNS FROM `xin_config` [ RunTime:0.000972s ]
[ sql ] [ SQL ] SELECT * FROM `xin_config` WHERE  `config_id` = 1 LIMIT 1 [ RunTime:0.000249s ]
---------------------------------------------------------------
[ 2019-10-03T11:46:55+08:00 ] 119.57.159.120 GET www.wzxaini9.cn:443/
[运行时间：0.025802s] [吞吐率：38.76req/s] [内存消耗：2,782.05kb] [文件加载：58]
[ info ] [ LANG ] /www/wwwroot/ledigou/thinkphp/lang/zh-cn.php
[ info ] [ ROUTE ] array (
  'type' => 'module',
  'module' => 
  array (
    0 => '',
    1 => NULL,
    2 => NULL,
  ),
)
[ info ] [ HEADER ] array (
  'connection' => 'close',
  'accept-encoding' => 'gzip',
  'accept-language' => 'zh-cn;q=0.8, *;q=0.5',
  'accept-charset' => 'utf-8, gbk, gb2312, *;q=0.5',
  'accept' => 'text/html;q=0.8, */*;q=0.5',
  'user-agent' => 'Mozilla/5.0 (X11; Linux x86_64) AppleWebKit/535.2 (KHTML, like Gecko) Ubuntu/10.04 Chromium/15.0.874.106 Chrome/15.0.874.106 Safari/535.2',
  'host' => 'www.wzxaini9.cn:443',
)
[ info ] [ PARAM ] array (
)
[ info ] [ SESSION ] INIT array (
  'id' => '',
  'var_session_id' => '',
  'prefix' => 'think',
  'type' => '',
  'auto_start' => true,
)
[ info ] [ DB ] INIT mysql
[ info ] [ LOG ] INIT File
[ sql ] [ DB ] CONNECT:[ UseTime:0.000254s ] mysql:host=localhost;dbname=ledigou;charset=utf8
[ sql ] [ SQL ] SHOW COLUMNS FROM `xin_config` [ RunTime:0.000958s ]
[ sql ] [ SQL ] SELECT * FROM `xin_config` WHERE  `config_id` = 1 LIMIT 1 [ RunTime:0.000255s ]
---------------------------------------------------------------
[ 2019-10-03T11:47:01+08:00 ] 119.57.159.120 GET www.wzxaini9.cn:443/index/wechat/login.html
[运行时间：0.024825s] [吞吐率：40.28req/s] [内存消耗：2,724.38kb] [文件加载：55]
[ info ] [ LANG ] /www/wwwroot/ledigou/thinkphp/lang/zh-cn.php
[ info ] [ ROUTE ] array (
  'type' => 'module',
  'module' => 
  array (
    0 => 'index',
    1 => 'wechat',
    2 => 'login',
  ),
)
[ info ] [ HEADER ] array (
  'connection' => 'close',
  'accept-encoding' => 'gzip',
  'accept-language' => 'zh-cn;q=0.8, *;q=0.5',
  'accept-charset' => 'utf-8, gbk, gb2312, *;q=0.5',
  'accept' => 'text/html;q=0.8, */*;q=0.5',
  'user-agent' => 'Mozilla/5.0 (X11; Linux x86_64) AppleWebKit/535.2 (KHTML, like Gecko) Ubuntu/10.04 Chromium/15.0.874.106 Chrome/15.0.874.106 Safari/535.2',
  'host' => 'www.wzxaini9.cn:443',
)
[ info ] [ PARAM ] array (
)
[ info ] [ SESSION ] INIT array (
  'id' => '',
  'var_session_id' => '',
  'prefix' => 'think',
  'type' => '',
  'auto_start' => true,
)
[ info ] [ DB ] INIT mysql
[ info ] [ RUN ] app\index\controller\Wechat->Login[ /www/wwwroot/ledigou/application/index/controller/Wechat.php ]
[ info ] [ LOG ] INIT File
[ sql ] [ DB ] CONNECT:[ UseTime:0.000265s ] mysql:host=localhost;dbname=ledigou;charset=utf8
[ sql ] [ SQL ] SHOW COLUMNS FROM `xin_config` [ RunTime:0.000943s ]
[ sql ] [ SQL ] SELECT * FROM `xin_config` WHERE  `config_id` = 1 LIMIT 1 [ RunTime:0.000262s ]
---------------------------------------------------------------
[ 2019-10-03T11:47:05+08:00 ] 119.57.158.159 GET open.weixin.qq.com:443/connect/oauth2/authorize?appid=wxf8d6a2af2002f997&redirect_uri=http://dxc.gqwlcm.com/index/wechat/getcode&response_type=code&scope=snsapi_userinfo&state=STATE
[运行时间：0.211913s] [吞吐率：4.72req/s] [内存消耗：1,437.31kb] [文件加载：40]
[ info ] [ LANG ] /www/wwwroot/ledigou/thinkphp/lang/zh-cn.php
[ info ] [ ROUTE ] array (
  'type' => 'module',
  'module' => 
  array (
    0 => 'connect',
    1 => 'oauth2',
    2 => 'authorize',
  ),
)
[ info ] [ HEADER ] array (
  'connection' => 'close',
  'accept-encoding' => 'gzip',
  'accept-language' => 'zh-cn;q=0.8, *;q=0.5',
  'accept-charset' => 'utf-8, gbk, gb2312, *;q=0.5',
  'accept' => 'text/html;q=0.8, */*;q=0.5',
  'user-agent' => 'Mozilla/5.0 (X11; Linux x86_64) AppleWebKit/535.2 (KHTML, like Gecko) Ubuntu/10.04 Chromium/15.0.874.106 Chrome/15.0.874.106 Safari/535.2',
  'host' => 'open.weixin.qq.com:443',
)
[ info ] [ PARAM ] array (
  'appid' => 'wxf8d6a2af2002f997',
  'redirect_uri' => 'http://dxc.gqwlcm.com/index/wechat/getcode',
  'response_type' => 'code',
  'scope' => 'snsapi_userinfo',
  'state' => 'STATE',
)
[ info ] [ LOG ] INIT File
---------------------------------------------------------------
[ 2019-10-03T11:53:10+08:00 ] 47.101.191.143 GET formydear.xin/
[运行时间：0.027589s] [吞吐率：36.25req/s] [内存消耗：2,781.31kb] [文件加载：58]
[ info ] [ LANG ] /www/wwwroot/ledigou/thinkphp/lang/zh-cn.php
[ info ] [ ROUTE ] array (
  'type' => 'module',
  'module' => 
  array (
    0 => '',
    1 => NULL,
    2 => NULL,
  ),
)
[ info ] [ HEADER ] array (
  'accept-encoding' => 'gzip',
  'connection' => 'Keep-Alive',
  'host' => 'formydear.xin',
  'user-agent' => 'Mozilla/5.0 (Linux; Android 4.1.1; Nexus 7 Build/JRO03D)',
)
[ info ] [ PARAM ] array (
)
[ info ] [ SESSION ] INIT array (
  'id' => '',
  'var_session_id' => '',
  'prefix' => 'think',
  'type' => '',
  'auto_start' => true,
)
[ info ] [ DB ] INIT mysql
[ info ] [ LOG ] INIT File
[ sql ] [ DB ] CONNECT:[ UseTime:0.000277s ] mysql:host=localhost;dbname=ledigou;charset=utf8
[ sql ] [ SQL ] SHOW COLUMNS FROM `xin_config` [ RunTime:0.001056s ]
[ sql ] [ SQL ] SELECT * FROM `xin_config` WHERE  `config_id` = 1 LIMIT 1 [ RunTime:0.000275s ]
---------------------------------------------------------------
[ 2019-10-03T11:53:11+08:00 ] 47.101.191.143 GET formydear.xin/index/wechat/login.html
[运行时间：0.025813s] [吞吐率：38.74req/s] [内存消耗：2,723.64kb] [文件加载：55]
[ info ] [ LANG ] /www/wwwroot/ledigou/thinkphp/lang/zh-cn.php
[ info ] [ ROUTE ] array (
  'type' => 'module',
  'module' => 
  array (
    0 => 'index',
    1 => 'wechat',
    2 => 'login',
  ),
)
[ info ] [ HEADER ] array (
  'accept-encoding' => 'gzip',
  'connection' => 'Keep-Alive',
  'host' => 'formydear.xin',
  'user-agent' => 'Mozilla/5.0 (Linux; Android 4.1.1; Nexus 7 Build/JRO03D)',
)
[ info ] [ PARAM ] array (
)
[ info ] [ SESSION ] INIT array (
  'id' => '',
  'var_session_id' => '',
  'prefix' => 'think',
  'type' => '',
  'auto_start' => true,
)
[ info ] [ DB ] INIT mysql
[ info ] [ RUN ] app\index\controller\Wechat->Login[ /www/wwwroot/ledigou/application/index/controller/Wechat.php ]
[ info ] [ LOG ] INIT File
[ sql ] [ DB ] CONNECT:[ UseTime:0.000279s ] mysql:host=localhost;dbname=ledigou;charset=utf8
[ sql ] [ SQL ] SHOW COLUMNS FROM `xin_config` [ RunTime:0.001027s ]
[ sql ] [ SQL ] SELECT * FROM `xin_config` WHERE  `config_id` = 1 LIMIT 1 [ RunTime:0.000247s ]
---------------------------------------------------------------
[ 2019-10-03T12:56:55+08:00 ] 47.92.132.229 GET dxc.gqwlcm.com/
[运行时间：0.288541s] [吞吐率：3.47req/s] [内存消耗：2,781.38kb] [文件加载：58]
[ info ] [ LANG ] /www/wwwroot/ledigou/thinkphp/lang/zh-cn.php
[ info ] [ ROUTE ] array (
  'type' => 'module',
  'module' => 
  array (
    0 => '',
    1 => NULL,
    2 => NULL,
  ),
)
[ info ] [ HEADER ] array (
  'accept-encoding' => 'gzip',
  'connection' => 'Keep-Alive',
  'host' => 'dxc.gqwlcm.com',
  'user-agent' => 'Mozilla/5.0 (X11; Ubuntu; Linux x86_64; rv:36.0) Gecko/20100101 Firefox/36.0',
)
[ info ] [ PARAM ] array (
)
[ info ] [ SESSION ] INIT array (
  'id' => '',
  'var_session_id' => '',
  'prefix' => 'think',
  'type' => '',
  'auto_start' => true,
)
[ info ] [ DB ] INIT mysql
[ info ] [ LOG ] INIT File
[ sql ] [ DB ] CONNECT:[ UseTime:0.000252s ] mysql:host=localhost;dbname=ledigou;charset=utf8
[ sql ] [ SQL ] SHOW COLUMNS FROM `xin_config` [ RunTime:0.072025s ]
[ sql ] [ SQL ] SELECT * FROM `xin_config` WHERE  `config_id` = 1 LIMIT 1 [ RunTime:0.023407s ]
---------------------------------------------------------------
[ 2019-10-03T12:56:56+08:00 ] 47.92.132.229 GET dxc.gqwlcm.com/index/wechat/login.html
[运行时间：0.153048s] [吞吐率：6.53req/s] [内存消耗：2,723.70kb] [文件加载：55]
[ info ] [ LANG ] /www/wwwroot/ledigou/thinkphp/lang/zh-cn.php
[ info ] [ ROUTE ] array (
  'type' => 'module',
  'module' => 
  array (
    0 => 'index',
    1 => 'wechat',
    2 => 'login',
  ),
)
[ info ] [ HEADER ] array (
  'accept-encoding' => 'gzip',
  'connection' => 'Keep-Alive',
  'host' => 'dxc.gqwlcm.com',
  'user-agent' => 'Mozilla/5.0 (X11; Ubuntu; Linux x86_64; rv:36.0) Gecko/20100101 Firefox/36.0',
)
[ info ] [ PARAM ] array (
)
[ info ] [ SESSION ] INIT array (
  'id' => '',
  'var_session_id' => '',
  'prefix' => 'think',
  'type' => '',
  'auto_start' => true,
)
[ info ] [ DB ] INIT mysql
[ info ] [ RUN ] app\index\controller\Wechat->Login[ /www/wwwroot/ledigou/application/index/controller/Wechat.php ]
[ info ] [ LOG ] INIT File
[ sql ] [ DB ] CONNECT:[ UseTime:0.000268s ] mysql:host=localhost;dbname=ledigou;charset=utf8
[ sql ] [ SQL ] SHOW COLUMNS FROM `xin_config` [ RunTime:0.000941s ]
[ sql ] [ SQL ] SELECT * FROM `xin_config` WHERE  `config_id` = 1 LIMIT 1 [ RunTime:0.000266s ]
---------------------------------------------------------------
[ 2019-10-03T13:57:34+08:00 ] 169.197.108.6 GET 161.117.4.120/
[运行时间：0.027749s] [吞吐率：36.04req/s] [内存消耗：2,781.49kb] [文件加载：58]
[ info ] [ LANG ] /www/wwwroot/ledigou/thinkphp/lang/zh-cn.php
[ info ] [ ROUTE ] array (
  'type' => 'module',
  'module' => 
  array (
    0 => '',
    1 => NULL,
    2 => NULL,
  ),
)
[ info ] [ HEADER ] array (
  'accept-encoding' => 'gzip',
  'accept' => '*/*',
  'user-agent' => 'Mozilla/5.0 (Windows NT 10.0; Win64; x64) AppleWebKit/537.36 (KHTML, like Gecko) Chrome/60.0.3112.113 Safari/537.36',
  'host' => '161.117.4.120',
)
[ info ] [ PARAM ] array (
)
[ info ] [ SESSION ] INIT array (
  'id' => '',
  'var_session_id' => '',
  'prefix' => 'think',
  'type' => '',
  'auto_start' => true,
)
[ info ] [ DB ] INIT mysql
[ info ] [ LOG ] INIT File
[ sql ] [ DB ] CONNECT:[ UseTime:0.000283s ] mysql:host=localhost;dbname=ledigou;charset=utf8
[ sql ] [ SQL ] SHOW COLUMNS FROM `xin_config` [ RunTime:0.000952s ]
[ sql ] [ SQL ] SELECT * FROM `xin_config` WHERE  `config_id` = 1 LIMIT 1 [ RunTime:0.000257s ]
---------------------------------------------------------------
[ 2019-10-03T13:57:35+08:00 ] 169.197.108.6 GET 161.117.4.120/index/wechat/login.html
[运行时间：0.026263s] [吞吐率：38.08req/s] [内存消耗：2,723.85kb] [文件加载：55]
[ info ] [ LANG ] /www/wwwroot/ledigou/thinkphp/lang/zh-cn.php
[ info ] [ ROUTE ] array (
  'type' => 'module',
  'module' => 
  array (
    0 => 'index',
    1 => 'wechat',
    2 => 'login',
  ),
)
[ info ] [ HEADER ] array (
  'accept-encoding' => 'gzip',
  'referer' => 'https://161.117.4.120/',
  'accept' => '*/*',
  'user-agent' => 'Mozilla/5.0 (Windows NT 10.0; Win64; x64) AppleWebKit/537.36 (KHTML, like Gecko) Chrome/60.0.3112.113 Safari/537.36',
  'host' => '161.117.4.120',
)
[ info ] [ PARAM ] array (
)
[ info ] [ SESSION ] INIT array (
  'id' => '',
  'var_session_id' => '',
  'prefix' => 'think',
  'type' => '',
  'auto_start' => true,
)
[ info ] [ DB ] INIT mysql
[ info ] [ RUN ] app\index\controller\Wechat->Login[ /www/wwwroot/ledigou/application/index/controller/Wechat.php ]
[ info ] [ LOG ] INIT File
[ sql ] [ DB ] CONNECT:[ UseTime:0.000243s ] mysql:host=localhost;dbname=ledigou;charset=utf8
[ sql ] [ SQL ] SHOW COLUMNS FROM `xin_config` [ RunTime:0.001013s ]
[ sql ] [ SQL ] SELECT * FROM `xin_config` WHERE  `config_id` = 1 LIMIT 1 [ RunTime:0.000288s ]
