---------------------------------------------------------------
[ 2019-10-21T01:33:42+08:00 ] 137.226.113.26 GET www.baixuejie.com/
[运行时间：0.047456s] [吞吐率：21.07req/s] [内存消耗：2,781.42kb] [文件加载：58]
[ info ] [ LANG ] /www/wwwroot/ledigou/thinkphp/lang/zh-cn.php
[ info ] [ ROUTE ] array (
  'type' => 'module',
  'module' => 
  array (
    0 => '',
    1 => NULL,
    2 => NULL,
  ),
)
[ info ] [ HEADER ] array (
  'accept-encoding' => 'gzip',
  'accept' => '*/*',
  'user-agent' => 'Mozilla/5.0 zgrab/0.x (compatible; Researchscan/t12sns; +http://researchscan.comsys.rwth-aachen.de)',
  'host' => 'www.baixuejie.com',
)
[ info ] [ PARAM ] array (
)
[ info ] [ SESSION ] INIT array (
  'id' => '',
  'var_session_id' => '',
  'prefix' => 'think',
  'type' => '',
  'auto_start' => true,
)
[ info ] [ DB ] INIT mysql
[ info ] [ LOG ] INIT File
[ sql ] [ DB ] CONNECT:[ UseTime:0.000267s ] mysql:host=localhost;dbname=ledigou;charset=utf8
[ sql ] [ SQL ] SHOW COLUMNS FROM `xin_config` [ RunTime:0.000986s ]
[ sql ] [ SQL ] SELECT * FROM `xin_config` WHERE  `config_id` = 1 LIMIT 1 [ RunTime:0.000283s ]
---------------------------------------------------------------
[ 2019-10-21T03:26:16+08:00 ] 180.164.105.163 GET 161.117.4.120/ws/stats
[运行时间：0.015414s] [吞吐率：64.88req/s] [内存消耗：1,436.91kb] [文件加载：40]
[ info ] [ LANG ] /www/wwwroot/ledigou/thinkphp/lang/zh-cn.php
[ info ] [ ROUTE ] array (
  'type' => 'module',
  'module' => 
  array (
    0 => 'ws',
    1 => 'stats',
    2 => NULL,
  ),
)
[ info ] [ HEADER ] array (
  'sec-websocket-extensions' => 'permessage-deflate; client_max_window_bits',
  'sec-websocket-key' => 'kflydZvBnEpYnswR+3ybRQ==',
  'accept-language' => 'zh-CN,zh;q=0.9',
  'accept-encoding' => 'gzip, deflate, br',
  'user-agent' => 'Mozilla/5.0 (Windows NT 10.0; WOW64; Trident/7.0; rv:11.0) like Gecko',
  'sec-websocket-version' => '13',
  'origin' => 'https://161.117.4.120',
  'upgrade' => 'websocket',
  'cache-control' => 'no-cache',
  'pragma' => 'no-cache',
  'connection' => 'Upgrade',
  'host' => '161.117.4.120',
)
[ info ] [ PARAM ] array (
)
[ info ] [ LOG ] INIT File
---------------------------------------------------------------
[ 2019-10-21T09:38:45+08:00 ] 184.105.247.195 GET 161.117.4.120/
[运行时间：0.249694s] [吞吐率：4.00req/s] [内存消耗：2,800.99kb] [文件加载：58]
[ info ] [ LANG ] /www/wwwroot/ledigou/thinkphp/lang/zh-cn.php
[ info ] [ ROUTE ] array (
  'type' => 'module',
  'module' => 
  array (
    0 => '',
    1 => NULL,
    2 => NULL,
  ),
)
[ info ] [ HEADER ] array (
  'host' => '161.117.4.120',
)
[ info ] [ PARAM ] array (
)
[ info ] [ SESSION ] INIT array (
  'id' => '',
  'var_session_id' => '',
  'prefix' => 'think',
  'type' => '',
  'auto_start' => true,
)
[ info ] [ DB ] INIT mysql
[ info ] [ LOG ] INIT File
[ sql ] [ DB ] CONNECT:[ UseTime:0.000290s ] mysql:host=localhost;dbname=ledigou;charset=utf8
[ sql ] [ SQL ] SHOW COLUMNS FROM `xin_config` [ RunTime:0.001011s ]
[ sql ] [ SQL ] SELECT * FROM `xin_config` WHERE  `config_id` = 1 LIMIT 1 [ RunTime:0.057565s ]
---------------------------------------------------------------
[ 2019-10-21T09:47:58+08:00 ] 60.219.140.80 POST dxc.gqwlcm.com//api/rotate/getrotatelist
[运行时间：0.150634s] [吞吐率：6.64req/s] [内存消耗：2,669.34kb] [文件加载：55]
[ info ] [ LANG ] /www/wwwroot/ledigou/thinkphp/lang/zh-cn.php
[ info ] [ ROUTE ] array (
  'type' => 'module',
  'module' => 
  array (
    0 => 'api',
    1 => 'rotate',
    2 => 'getrotatelist',
  ),
)
[ info ] [ HEADER ] array (
  'connection' => 'Keep-Alive',
  'host' => 'dxc.gqwlcm.com',
  'user-agent' => 'Mozilla/5.0 (Linux; Android 8.0.0; SM-C9000 Build/R16NW; wv) AppleWebKit/537.36 (KHTML, like Gecko) Version/4.0 Chrome/70.0.3538.110 Mobile Safari/537.36 MicroMessenger/7.0.7.1521(0x2700073A) Process/appbrand0 NetType/WIFI Language/zh_CN',
  'referer' => 'https://servicewechat.com/wxf24c79e7f9eb5a96/2/page-frame.html',
  'accept-encoding' => 'gzip',
  'charset' => 'utf-8',
  'content-type' => 'application/json',
  'content-length' => '2',
)
[ info ] [ PARAM ] array (
)
[ info ] [ DB ] INIT mysql
[ info ] [ SESSION ] INIT array (
  'id' => '',
  'var_session_id' => '',
  'prefix' => 'think',
  'type' => '',
  'auto_start' => true,
)
[ info ] [ RUN ] app\api\controller\Rotate->GetRotateList[ /www/wwwroot/ledigou/application/api/controller/Rotate.php ]
[ info ] [ LOG ] INIT File
[ sql ] [ DB ] CONNECT:[ UseTime:0.001260s ] mysql:host=localhost;dbname=ledigou;charset=utf8
[ sql ] [ SQL ] SHOW COLUMNS FROM `xin_config` [ RunTime:0.001565s ]
[ sql ] [ SQL ] SELECT * FROM `xin_config` WHERE  `config_id` = 1 LIMIT 1 [ RunTime:0.000202s ]
[ sql ] [ SQL ] SHOW COLUMNS FROM `xin_rotate` [ RunTime:0.000856s ]
[ sql ] [ SQL ] SELECT * FROM `xin_rotate` WHERE  `rotate_address` = 'index' ORDER BY `rotate_rank` DESC LIMIT 0,4 [ RunTime:0.024598s ]
---------------------------------------------------------------
[ 2019-10-21T09:47:58+08:00 ] 60.219.140.80 POST dxc.gqwlcm.com//api/sort/GetSortList
[运行时间：0.142579s] [吞吐率：7.01req/s] [内存消耗：2,668.90kb] [文件加载：55]
[ info ] [ LANG ] /www/wwwroot/ledigou/thinkphp/lang/zh-cn.php
[ info ] [ ROUTE ] array (
  'type' => 'module',
  'module' => 
  array (
    0 => 'api',
    1 => 'sort',
    2 => 'GetSortList',
  ),
)
[ info ] [ HEADER ] array (
  'connection' => 'Keep-Alive',
  'host' => 'dxc.gqwlcm.com',
  'user-agent' => 'Mozilla/5.0 (Linux; Android 8.0.0; SM-C9000 Build/R16NW; wv) AppleWebKit/537.36 (KHTML, like Gecko) Version/4.0 Chrome/70.0.3538.110 Mobile Safari/537.36 MicroMessenger/7.0.7.1521(0x2700073A) Process/appbrand0 NetType/WIFI Language/zh_CN',
  'referer' => 'https://servicewechat.com/wxf24c79e7f9eb5a96/2/page-frame.html',
  'accept-encoding' => 'gzip',
  'charset' => 'utf-8',
  'content-type' => 'application/json',
  'content-length' => '2',
)
[ info ] [ PARAM ] array (
)
[ info ] [ DB ] INIT mysql
[ info ] [ SESSION ] INIT array (
  'id' => '',
  'var_session_id' => '',
  'prefix' => 'think',
  'type' => '',
  'auto_start' => true,
)
[ info ] [ RUN ] app\api\controller\Sort->GetSortList[ /www/wwwroot/ledigou/application/api/controller/Sort.php ]
[ info ] [ LOG ] INIT File
[ sql ] [ DB ] CONNECT:[ UseTime:0.000329s ] mysql:host=localhost;dbname=ledigou;charset=utf8
[ sql ] [ SQL ] SHOW COLUMNS FROM `xin_config` [ RunTime:0.005024s ]
[ sql ] [ SQL ] SELECT * FROM `xin_config` WHERE  `config_id` = 1 LIMIT 1 [ RunTime:0.000280s ]
[ sql ] [ SQL ] SHOW COLUMNS FROM `xin_goods_sort` [ RunTime:0.001498s ]
[ sql ] [ SQL ] SELECT * FROM `xin_goods_sort` WHERE  `sort_status` = 1 ORDER BY `sort_rank` DESC LIMIT 0,8 [ RunTime:0.023366s ]
---------------------------------------------------------------
[ 2019-10-21T09:47:58+08:00 ] 60.219.140.80 POST dxc.gqwlcm.com//api/wechat_base/GetUnionId
[运行时间：0.629588s] [吞吐率：1.59req/s] [内存消耗：2,653.89kb] [文件加载：53]
[ info ] [ LANG ] /www/wwwroot/ledigou/thinkphp/lang/zh-cn.php
[ info ] [ ROUTE ] array (
  'type' => 'module',
  'module' => 
  array (
    0 => 'api',
    1 => 'wechat_base',
    2 => 'GetUnionId',
  ),
)
[ info ] [ HEADER ] array (
  'connection' => 'Keep-Alive',
  'host' => 'dxc.gqwlcm.com',
  'user-agent' => 'Mozilla/5.0 (Linux; Android 8.0.0; SM-C9000 Build/R16NW; wv) AppleWebKit/537.36 (KHTML, like Gecko) Version/4.0 Chrome/70.0.3538.110 Mobile Safari/537.36 MicroMessenger/7.0.7.1521(0x2700073A) Process/appbrand0 NetType/WIFI Language/zh_CN',
  'referer' => 'https://servicewechat.com/wxf24c79e7f9eb5a96/2/page-frame.html',
  'accept-encoding' => 'gzip',
  'charset' => 'utf-8',
  'content-type' => 'application/json',
  'content-length' => '43',
)
[ info ] [ PARAM ] array (
  'code' => '081jVcsT1cgoQ41FeHsT1oHasT1jVcsT',
)
[ info ] [ SESSION ] INIT array (
  'id' => '',
  'var_session_id' => '',
  'prefix' => 'think',
  'type' => '',
  'auto_start' => true,
)
[ info ] [ DB ] INIT mysql
[ info ] [ RUN ] app\api\controller\WechatBase->GetUnionId[ /www/wwwroot/ledigou/application/api/controller/WechatBase.php ]
[ info ] [ LOG ] INIT File
[ sql ] [ DB ] CONNECT:[ UseTime:0.000189s ] mysql:host=localhost;dbname=ledigou;charset=utf8
[ sql ] [ SQL ] SHOW COLUMNS FROM `xin_config` [ RunTime:0.000697s ]
[ sql ] [ SQL ] SELECT * FROM `xin_config` WHERE  `config_id` = 1 LIMIT 1 [ RunTime:0.000287s ]
---------------------------------------------------------------
[ 2019-10-21T09:47:58+08:00 ] 60.219.140.80 POST dxc.gqwlcm.com//api/limited/GetLimitedList
[运行时间：0.149737s] [吞吐率：6.68req/s] [内存消耗：2,806.68kb] [文件加载：57]
[ info ] [ LANG ] /www/wwwroot/ledigou/thinkphp/lang/zh-cn.php
[ info ] [ ROUTE ] array (
  'type' => 'module',
  'module' => 
  array (
    0 => 'api',
    1 => 'limited',
    2 => 'GetLimitedList',
  ),
)
[ info ] [ HEADER ] array (
  'connection' => 'Keep-Alive',
  'host' => 'dxc.gqwlcm.com',
  'user-agent' => 'Mozilla/5.0 (Linux; Android 8.0.0; SM-C9000 Build/R16NW; wv) AppleWebKit/537.36 (KHTML, like Gecko) Version/4.0 Chrome/70.0.3538.110 Mobile Safari/537.36 MicroMessenger/7.0.7.1521(0x2700073A) Process/appbrand0 NetType/WIFI Language/zh_CN',
  'referer' => 'https://servicewechat.com/wxf24c79e7f9eb5a96/2/page-frame.html',
  'accept-encoding' => 'gzip',
  'charset' => 'utf-8',
  'content-type' => 'application/json',
  'content-length' => '42',
)
[ info ] [ PARAM ] array (
  'unionid' => 'o8N9TuPTGoXH-yeuJvWGSjWRe7ZM',
)
[ info ] [ DB ] INIT mysql
[ info ] [ SESSION ] INIT array (
  'id' => '',
  'var_session_id' => '',
  'prefix' => 'think',
  'type' => '',
  'auto_start' => true,
)
[ info ] [ RUN ] app\api\controller\Limited->GetLimitedList[ /www/wwwroot/ledigou/application/api/controller/Limited.php ]
[ info ] [ LOG ] INIT File
[ sql ] [ DB ] CONNECT:[ UseTime:0.000251s ] mysql:host=localhost;dbname=ledigou;charset=utf8
[ sql ] [ SQL ] SHOW COLUMNS FROM `xin_config` [ RunTime:0.000941s ]
[ sql ] [ SQL ] SELECT * FROM `xin_config` WHERE  `config_id` = 1 LIMIT 1 [ RunTime:0.000243s ]
[ sql ] [ SQL ] SHOW COLUMNS FROM `xin_user` [ RunTime:0.000913s ]
[ sql ] [ SQL ] SELECT * FROM `xin_user` WHERE  `user_unionid` = 'o8N9TuPTGoXH-yeuJvWGSjWRe7ZM' LIMIT 1 [ RunTime:0.020111s ]
[ sql ] [ SQL ] SHOW COLUMNS FROM `xin_warehouse` [ RunTime:0.000976s ]
[ sql ] [ SQL ] SELECT `ware_id` FROM `xin_warehouse` WHERE  `ware_school` = 1 [ RunTime:0.053723s ]
[ sql ] [ SQL ] SHOW COLUMNS FROM `xin_limited` [ RunTime:0.001443s ]
[ sql ] [ SQL ] SELECT * FROM `xin_limited` `l` INNER JOIN `xin_goods` `g` ON `l`.`limited_goods`=`g`.`goods_id` WHERE  `g`.`goods_warehouse` IN ('1')  AND `l`.`limited_stime` < 1571622478  AND `l`.`limited_etime` > 1571622478 ORDER BY `limited_time` DESC LIMIT 2 [ RunTime:0.043429s ]
---------------------------------------------------------------
[ 2019-10-21T09:47:58+08:00 ] 60.219.140.80 POST dxc.gqwlcm.com//api/goods/GetGoodsList
[运行时间：0.054638s] [吞吐率：18.30req/s] [内存消耗：2,865.88kb] [文件加载：59]
[ info ] [ LANG ] /www/wwwroot/ledigou/thinkphp/lang/zh-cn.php
[ info ] [ ROUTE ] array (
  'type' => 'module',
  'module' => 
  array (
    0 => 'api',
    1 => 'goods',
    2 => 'GetGoodsList',
  ),
)
[ info ] [ HEADER ] array (
  'connection' => 'Keep-Alive',
  'host' => 'dxc.gqwlcm.com',
  'user-agent' => 'Mozilla/5.0 (Linux; Android 8.0.0; SM-C9000 Build/R16NW; wv) AppleWebKit/537.36 (KHTML, like Gecko) Version/4.0 Chrome/70.0.3538.110 Mobile Safari/537.36 MicroMessenger/7.0.7.1521(0x2700073A) Process/appbrand0 NetType/WIFI Language/zh_CN',
  'referer' => 'https://servicewechat.com/wxf24c79e7f9eb5a96/2/page-frame.html',
  'accept-encoding' => 'gzip',
  'charset' => 'utf-8',
  'content-type' => 'application/json',
  'content-length' => '97',
)
[ info ] [ PARAM ] array (
  'unionid' => 'o8N9TuPTGoXH-yeuJvWGSjWRe7ZM',
  'keyword' => '',
  'sort' => 0,
  'is_top' => true,
  'page' => 1,
  'limit' => 4,
)
[ info ] [ SESSION ] INIT array (
  'id' => '',
  'var_session_id' => '',
  'prefix' => 'think',
  'type' => '',
  'auto_start' => true,
)
[ info ] [ DB ] INIT mysql
[ info ] [ RUN ] app\api\controller\Goods->GetGoodsList[ /www/wwwroot/ledigou/application/api/controller/Goods.php ]
[ info ] [ LOG ] INIT File
[ sql ] [ DB ] CONNECT:[ UseTime:0.000261s ] mysql:host=localhost;dbname=ledigou;charset=utf8
[ sql ] [ SQL ] SHOW COLUMNS FROM `xin_config` [ RunTime:0.000876s ]
[ sql ] [ SQL ] SELECT * FROM `xin_config` WHERE  `config_id` = 1 LIMIT 1 [ RunTime:0.000227s ]
[ sql ] [ SQL ] SHOW COLUMNS FROM `xin_user` [ RunTime:0.000771s ]
[ sql ] [ SQL ] SELECT * FROM `xin_user` WHERE  `user_unionid` = 'o8N9TuPTGoXH-yeuJvWGSjWRe7ZM' LIMIT 1 [ RunTime:0.000214s ]
[ sql ] [ SQL ] SHOW COLUMNS FROM `xin_warehouse` [ RunTime:0.000739s ]
[ sql ] [ SQL ] SELECT `ware_id` FROM `xin_warehouse` WHERE  `ware_school` = 1 [ RunTime:0.000155s ]
[ sql ] [ SQL ] SHOW COLUMNS FROM `xin_goods` [ RunTime:0.000695s ]
[ sql ] [ SQL ] SELECT * FROM `xin_goods` WHERE  `goods_warehouse` IN (1)  AND `goods_is_top` = 1 ORDER BY `goods_is_top` DESC,`goods_id` DESC LIMIT 0,4 [ RunTime:0.021374s ]
[ sql ] [ SQL ] SHOW COLUMNS FROM `xin_limited` [ RunTime:0.000777s ]
[ sql ] [ SQL ] SELECT * FROM `xin_limited` WHERE  `limited_stime` < 1571622478  AND `limited_etime` > 1571622478  AND `limited_goods` = 37 LIMIT 1 [ RunTime:0.000226s ]
[ sql ] [ SQL ] SELECT * FROM `xin_limited` WHERE  `limited_stime` < 1571622478  AND `limited_etime` > 1571622478  AND `limited_goods` = 36 LIMIT 1 [ RunTime:0.000171s ]
[ sql ] [ SQL ] SELECT * FROM `xin_limited` WHERE  `limited_stime` < 1571622478  AND `limited_etime` > 1571622478  AND `limited_goods` = 35 LIMIT 1 [ RunTime:0.000165s ]
[ sql ] [ SQL ] SELECT * FROM `xin_limited` WHERE  `limited_stime` < 1571622478  AND `limited_etime` > 1571622478  AND `limited_goods` = 34 LIMIT 1 [ RunTime:0.000186s ]
---------------------------------------------------------------
[ 2019-10-21T09:47:59+08:00 ] 60.219.140.80 GET dxc.gqwlcm.com//api/user/FindUser?unionid=o8N9TuPTGoXH-yeuJvWGSjWRe7ZM&wxid=ofbua5S7rSbf-coF_1hGiE2VgpIk
[运行时间：0.030673s] [吞吐率：32.60req/s] [内存消耗：3,021.27kb] [文件加载：63]
[ info ] [ LANG ] /www/wwwroot/ledigou/thinkphp/lang/zh-cn.php
[ info ] [ ROUTE ] array (
  'type' => 'module',
  'module' => 
  array (
    0 => 'api',
    1 => 'user',
    2 => 'FindUser',
  ),
)
[ info ] [ HEADER ] array (
  'connection' => 'Keep-Alive',
  'host' => 'dxc.gqwlcm.com',
  'user-agent' => 'Mozilla/5.0 (Linux; Android 8.0.0; SM-C9000 Build/R16NW; wv) AppleWebKit/537.36 (KHTML, like Gecko) Version/4.0 Chrome/70.0.3538.110 Mobile Safari/537.36 MicroMessenger/7.0.7.1521(0x2700073A) Process/appbrand0 NetType/WIFI Language/zh_CN',
  'referer' => 'https://servicewechat.com/wxf24c79e7f9eb5a96/2/page-frame.html',
  'accept-encoding' => 'gzip',
  'charset' => 'utf-8',
  'content-type' => 'application/json',
)
[ info ] [ PARAM ] array (
  'unionid' => 'o8N9TuPTGoXH-yeuJvWGSjWRe7ZM',
  'wxid' => 'ofbua5S7rSbf-coF_1hGiE2VgpIk',
)
[ info ] [ SESSION ] INIT array (
  'id' => '',
  'var_session_id' => '',
  'prefix' => 'think',
  'type' => '',
  'auto_start' => true,
)
[ info ] [ DB ] INIT mysql
[ info ] [ RUN ] app\api\controller\User->FindUser[ /www/wwwroot/ledigou/application/api/controller/User.php ]
[ info ] [ LOG ] INIT File
[ sql ] [ DB ] CONNECT:[ UseTime:0.000274s ] mysql:host=localhost;dbname=ledigou;charset=utf8
[ sql ] [ SQL ] SHOW COLUMNS FROM `xin_config` [ RunTime:0.000936s ]
[ sql ] [ SQL ] SELECT * FROM `xin_config` WHERE  `config_id` = 1 LIMIT 1 [ RunTime:0.000371s ]
[ sql ] [ SQL ] SHOW COLUMNS FROM `xin_user` [ RunTime:0.000855s ]
[ sql ] [ SQL ] SELECT * FROM `xin_user` WHERE  `user_unionid` = 'o8N9TuPTGoXH-yeuJvWGSjWRe7ZM' LIMIT 1 [ RunTime:0.000333s ]
---------------------------------------------------------------
[ 2019-10-21T09:48:03+08:00 ] 60.219.140.80 POST dxc.gqwlcm.com//api/Sort/GetSortList
[运行时间：0.103443s] [吞吐率：9.67req/s] [内存消耗：2,669.88kb] [文件加载：55]
[ info ] [ LANG ] /www/wwwroot/ledigou/thinkphp/lang/zh-cn.php
[ info ] [ ROUTE ] array (
  'type' => 'module',
  'module' => 
  array (
    0 => 'api',
    1 => 'Sort',
    2 => 'GetSortList',
  ),
)
[ info ] [ HEADER ] array (
  'connection' => 'Keep-Alive',
  'host' => 'dxc.gqwlcm.com',
  'user-agent' => 'Mozilla/5.0 (Linux; Android 8.0.0; SM-C9000 Build/R16NW; wv) AppleWebKit/537.36 (KHTML, like Gecko) Version/4.0 Chrome/70.0.3538.110 Mobile Safari/537.36 MicroMessenger/7.0.7.1521(0x2700073A) Process/appbrand0 NetType/WIFI Language/zh_CN',
  'referer' => 'https://servicewechat.com/wxf24c79e7f9eb5a96/2/page-frame.html',
  'accept-encoding' => 'gzip',
  'charset' => 'utf-8',
  'content-type' => 'application/json',
  'content-length' => '15',
)
[ info ] [ PARAM ] array (
  'limit' => 10000,
)
[ info ] [ DB ] INIT mysql
[ info ] [ SESSION ] INIT array (
  'id' => '',
  'var_session_id' => '',
  'prefix' => 'think',
  'type' => '',
  'auto_start' => true,
)
[ info ] [ RUN ] app\api\controller\Sort->GetSortList[ /www/wwwroot/ledigou/application/api/controller/Sort.php ]
[ info ] [ LOG ] INIT File
[ sql ] [ DB ] CONNECT:[ UseTime:0.000279s ] mysql:host=localhost;dbname=ledigou;charset=utf8
[ sql ] [ SQL ] SHOW COLUMNS FROM `xin_config` [ RunTime:0.002198s ]
[ sql ] [ SQL ] SELECT * FROM `xin_config` WHERE  `config_id` = 1 LIMIT 1 [ RunTime:0.000296s ]
[ sql ] [ SQL ] SHOW COLUMNS FROM `xin_goods_sort` [ RunTime:0.000753s ]
[ sql ] [ SQL ] SELECT * FROM `xin_goods_sort` WHERE  `sort_status` = 1 ORDER BY `sort_rank` DESC LIMIT 0,10000 [ RunTime:0.012962s ]
---------------------------------------------------------------
[ 2019-10-21T09:48:03+08:00 ] 60.219.140.80 POST dxc.gqwlcm.com//api/goods/GetGoodsList
[运行时间：0.129222s] [吞吐率：7.74req/s] [内存消耗：2,867.17kb] [文件加载：59]
[ info ] [ LANG ] /www/wwwroot/ledigou/thinkphp/lang/zh-cn.php
[ info ] [ ROUTE ] array (
  'type' => 'module',
  'module' => 
  array (
    0 => 'api',
    1 => 'goods',
    2 => 'GetGoodsList',
  ),
)
[ info ] [ HEADER ] array (
  'connection' => 'Keep-Alive',
  'host' => 'dxc.gqwlcm.com',
  'user-agent' => 'Mozilla/5.0 (Linux; Android 8.0.0; SM-C9000 Build/R16NW; wv) AppleWebKit/537.36 (KHTML, like Gecko) Version/4.0 Chrome/70.0.3538.110 Mobile Safari/537.36 MicroMessenger/7.0.7.1521(0x2700073A) Process/appbrand0 NetType/WIFI Language/zh_CN',
  'referer' => 'https://servicewechat.com/wxf24c79e7f9eb5a96/2/page-frame.html',
  'accept-encoding' => 'gzip',
  'charset' => 'utf-8',
  'content-type' => 'application/json',
  'content-length' => '145',
)
[ info ] [ PARAM ] array (
  'unionid' => 'o8N9TuPTGoXH-yeuJvWGSjWRe7ZM',
  'keyword' => '',
  'sort' => '9',
  'is_top' => false,
  'ordername' => 'complex',
  'ordertype' => 'desc',
  'page' => 1,
  'limit' => 10000,
)
[ info ] [ SESSION ] INIT array (
  'id' => '',
  'var_session_id' => '',
  'prefix' => 'think',
  'type' => '',
  'auto_start' => true,
)
[ info ] [ DB ] INIT mysql
[ info ] [ RUN ] app\api\controller\Goods->GetGoodsList[ /www/wwwroot/ledigou/application/api/controller/Goods.php ]
[ info ] [ LOG ] INIT File
[ sql ] [ DB ] CONNECT:[ UseTime:0.000198s ] mysql:host=localhost;dbname=ledigou;charset=utf8
[ sql ] [ SQL ] SHOW COLUMNS FROM `xin_config` [ RunTime:0.000817s ]
[ sql ] [ SQL ] SELECT * FROM `xin_config` WHERE  `config_id` = 1 LIMIT 1 [ RunTime:0.000217s ]
[ sql ] [ SQL ] SHOW COLUMNS FROM `xin_user` [ RunTime:0.000817s ]
[ sql ] [ SQL ] SELECT * FROM `xin_user` WHERE  `user_unionid` = 'o8N9TuPTGoXH-yeuJvWGSjWRe7ZM' LIMIT 1 [ RunTime:0.000252s ]
[ sql ] [ SQL ] SHOW COLUMNS FROM `xin_warehouse` [ RunTime:0.000730s ]
[ sql ] [ SQL ] SELECT `ware_id` FROM `xin_warehouse` WHERE  `ware_school` = 1 [ RunTime:0.000180s ]
[ sql ] [ SQL ] SHOW COLUMNS FROM `xin_goods` [ RunTime:0.000779s ]
[ sql ] [ SQL ] SELECT * FROM `xin_goods` WHERE  `goods_warehouse` IN (1)  AND `goods_sort` = 9 ORDER BY `goods_is_top` DESC,`goods_id` DESC LIMIT 0,10000 [ RunTime:0.000364s ]
[ sql ] [ SQL ] SHOW COLUMNS FROM `xin_limited` [ RunTime:0.000774s ]
[ sql ] [ SQL ] SELECT * FROM `xin_limited` WHERE  `limited_stime` < 1571622483  AND `limited_etime` > 1571622483  AND `limited_goods` = 37 LIMIT 1 [ RunTime:0.000200s ]
[ sql ] [ SQL ] SELECT * FROM `xin_limited` WHERE  `limited_stime` < 1571622483  AND `limited_etime` > 1571622483  AND `limited_goods` = 34 LIMIT 1 [ RunTime:0.000170s ]
[ sql ] [ SQL ] SELECT * FROM `xin_limited` WHERE  `limited_stime` < 1571622483  AND `limited_etime` > 1571622483  AND `limited_goods` = 33 LIMIT 1 [ RunTime:0.002915s ]
[ sql ] [ SQL ] SELECT * FROM `xin_limited` WHERE  `limited_stime` < 1571622483  AND `limited_etime` > 1571622483  AND `limited_goods` = 32 LIMIT 1 [ RunTime:0.000194s ]
[ sql ] [ SQL ] SELECT * FROM `xin_limited` WHERE  `limited_stime` < 1571622483  AND `limited_etime` > 1571622483  AND `limited_goods` = 31 LIMIT 1 [ RunTime:0.000205s ]
---------------------------------------------------------------
[ 2019-10-21T10:12:11+08:00 ] 185.176.27.114 GET 161.117.4.120/
[运行时间：0.045995s] [吞吐率：21.74req/s] [内存消耗：2,800.99kb] [文件加载：58]
[ info ] [ LANG ] /www/wwwroot/ledigou/thinkphp/lang/zh-cn.php
[ info ] [ ROUTE ] array (
  'type' => 'module',
  'module' => 
  array (
    0 => '',
    1 => NULL,
    2 => NULL,
  ),
)
[ info ] [ HEADER ] array (
  'host' => '161.117.4.120',
)
[ info ] [ PARAM ] array (
)
[ info ] [ SESSION ] INIT array (
  'id' => '',
  'var_session_id' => '',
  'prefix' => 'think',
  'type' => '',
  'auto_start' => true,
)
[ info ] [ DB ] INIT mysql
[ info ] [ LOG ] INIT File
[ sql ] [ DB ] CONNECT:[ UseTime:0.000270s ] mysql:host=localhost;dbname=ledigou;charset=utf8
[ sql ] [ SQL ] SHOW COLUMNS FROM `xin_config` [ RunTime:0.001087s ]
[ sql ] [ SQL ] SELECT * FROM `xin_config` WHERE  `config_id` = 1 LIMIT 1 [ RunTime:0.000267s ]
---------------------------------------------------------------
[ 2019-10-21T11:16:44+08:00 ] 47.101.196.52 GET formydear.xin/
[运行时间：0.047445s] [吞吐率：21.08req/s] [内存消耗：2,781.31kb] [文件加载：58]
[ info ] [ LANG ] /www/wwwroot/ledigou/thinkphp/lang/zh-cn.php
[ info ] [ ROUTE ] array (
  'type' => 'module',
  'module' => 
  array (
    0 => '',
    1 => NULL,
    2 => NULL,
  ),
)
[ info ] [ HEADER ] array (
  'accept-encoding' => 'gzip',
  'connection' => 'Keep-Alive',
  'host' => 'formydear.xin',
  'user-agent' => 'Mozilla/5.0 (Linux; Android 4.1.1; Nexus 7 Build/JRO03D)',
)
[ info ] [ PARAM ] array (
)
[ info ] [ SESSION ] INIT array (
  'id' => '',
  'var_session_id' => '',
  'prefix' => 'think',
  'type' => '',
  'auto_start' => true,
)
[ info ] [ DB ] INIT mysql
[ info ] [ LOG ] INIT File
[ sql ] [ DB ] CONNECT:[ UseTime:0.000264s ] mysql:host=localhost;dbname=ledigou;charset=utf8
[ sql ] [ SQL ] SHOW COLUMNS FROM `xin_config` [ RunTime:0.001055s ]
[ sql ] [ SQL ] SELECT * FROM `xin_config` WHERE  `config_id` = 1 LIMIT 1 [ RunTime:0.000310s ]
---------------------------------------------------------------
[ 2019-10-21T11:16:44+08:00 ] 47.101.196.52 GET formydear.xin/index/wechat/login.html
[运行时间：0.026290s] [吞吐率：38.04req/s] [内存消耗：2,723.64kb] [文件加载：55]
[ info ] [ LANG ] /www/wwwroot/ledigou/thinkphp/lang/zh-cn.php
[ info ] [ ROUTE ] array (
  'type' => 'module',
  'module' => 
  array (
    0 => 'index',
    1 => 'wechat',
    2 => 'login',
  ),
)
[ info ] [ HEADER ] array (
  'accept-encoding' => 'gzip',
  'connection' => 'Keep-Alive',
  'host' => 'formydear.xin',
  'user-agent' => 'Mozilla/5.0 (Linux; Android 4.1.1; Nexus 7 Build/JRO03D)',
)
[ info ] [ PARAM ] array (
)
[ info ] [ SESSION ] INIT array (
  'id' => '',
  'var_session_id' => '',
  'prefix' => 'think',
  'type' => '',
  'auto_start' => true,
)
[ info ] [ DB ] INIT mysql
[ info ] [ RUN ] app\index\controller\Wechat->Login[ /www/wwwroot/ledigou/application/index/controller/Wechat.php ]
[ info ] [ LOG ] INIT File
[ sql ] [ DB ] CONNECT:[ UseTime:0.000252s ] mysql:host=localhost;dbname=ledigou;charset=utf8
[ sql ] [ SQL ] SHOW COLUMNS FROM `xin_config` [ RunTime:0.000982s ]
[ sql ] [ SQL ] SELECT * FROM `xin_config` WHERE  `config_id` = 1 LIMIT 1 [ RunTime:0.000270s ]
---------------------------------------------------------------
[ 2019-10-21T11:34:45+08:00 ] 47.103.21.233 GET dxc.gqwlcm.com/
[运行时间：0.026247s] [吞吐率：38.10req/s] [内存消耗：2,781.34kb] [文件加载：58]
[ info ] [ LANG ] /www/wwwroot/ledigou/thinkphp/lang/zh-cn.php
[ info ] [ ROUTE ] array (
  'type' => 'module',
  'module' => 
  array (
    0 => '',
    1 => NULL,
    2 => NULL,
  ),
)
[ info ] [ HEADER ] array (
  'accept-encoding' => 'gzip',
  'connection' => 'Keep-Alive',
  'host' => 'dxc.gqwlcm.com',
  'user-agent' => 'Mozilla/5.0 (Linux; Android 4.1.1; Nexus 7 Build/JRO03D)',
)
[ info ] [ PARAM ] array (
)
[ info ] [ SESSION ] INIT array (
  'id' => '',
  'var_session_id' => '',
  'prefix' => 'think',
  'type' => '',
  'auto_start' => true,
)
[ info ] [ DB ] INIT mysql
[ info ] [ LOG ] INIT File
[ sql ] [ DB ] CONNECT:[ UseTime:0.000265s ] mysql:host=localhost;dbname=ledigou;charset=utf8
[ sql ] [ SQL ] SHOW COLUMNS FROM `xin_config` [ RunTime:0.000976s ]
[ sql ] [ SQL ] SELECT * FROM `xin_config` WHERE  `config_id` = 1 LIMIT 1 [ RunTime:0.000241s ]
---------------------------------------------------------------
[ 2019-10-21T11:34:46+08:00 ] 47.103.21.233 GET dxc.gqwlcm.com/index/wechat/login.html
[运行时间：0.029407s] [吞吐率：34.01req/s] [内存消耗：2,723.67kb] [文件加载：55]
[ info ] [ LANG ] /www/wwwroot/ledigou/thinkphp/lang/zh-cn.php
[ info ] [ ROUTE ] array (
  'type' => 'module',
  'module' => 
  array (
    0 => 'index',
    1 => 'wechat',
    2 => 'login',
  ),
)
[ info ] [ HEADER ] array (
  'accept-encoding' => 'gzip',
  'connection' => 'Keep-Alive',
  'host' => 'dxc.gqwlcm.com',
  'user-agent' => 'Mozilla/5.0 (Linux; Android 4.1.1; Nexus 7 Build/JRO03D)',
)
[ info ] [ PARAM ] array (
)
[ info ] [ SESSION ] INIT array (
  'id' => '',
  'var_session_id' => '',
  'prefix' => 'think',
  'type' => '',
  'auto_start' => true,
)
[ info ] [ DB ] INIT mysql
[ info ] [ RUN ] app\index\controller\Wechat->Login[ /www/wwwroot/ledigou/application/index/controller/Wechat.php ]
[ info ] [ LOG ] INIT File
[ sql ] [ DB ] CONNECT:[ UseTime:0.000307s ] mysql:host=localhost;dbname=ledigou;charset=utf8
[ sql ] [ SQL ] SHOW COLUMNS FROM `xin_config` [ RunTime:0.001278s ]
[ sql ] [ SQL ] SELECT * FROM `xin_config` WHERE  `config_id` = 1 LIMIT 1 [ RunTime:0.000406s ]
---------------------------------------------------------------
[ 2019-10-21T11:37:45+08:00 ] 101.81.139.125 GET dxc.gqwlcm.com/admin/index/index.html
[运行时间：0.110612s] [吞吐率：9.04req/s] [内存消耗：2,879.52kb] [文件加载：61]
[ info ] [ LANG ] /www/wwwroot/ledigou/thinkphp/lang/zh-cn.php
[ info ] [ ROUTE ] array (
  'type' => 'module',
  'module' => 
  array (
    0 => 'admin',
    1 => 'index',
    2 => 'index',
  ),
)
[ info ] [ HEADER ] array (
  'cookie' => 'PHPSESSID=6gfncjpv468dte7vbgc1deg6h3',
  'accept-language' => 'zh-CN,zh;q=0.9',
  'accept-encoding' => 'gzip, deflate, br',
  'sec-fetch-site' => 'none',
  'purpose' => 'prefetch',
  'accept' => 'text/html,application/xhtml+xml,application/xml;q=0.9,image/webp,image/apng,*/*;q=0.8,application/signed-exchange;v=b3',
  'sec-fetch-user' => '?1',
  'sec-fetch-mode' => 'navigate',
  'user-agent' => 'Mozilla/5.0 (Macintosh; Intel Mac OS X 10_15_0) AppleWebKit/537.36 (KHTML, like Gecko) Chrome/77.0.3865.90 Safari/537.36',
  'upgrade-insecure-requests' => '1',
  'connection' => 'keep-alive',
  'host' => 'dxc.gqwlcm.com',
)
[ info ] [ PARAM ] array (
)
[ info ] [ SESSION ] INIT array (
  'id' => '',
  'var_session_id' => '',
  'prefix' => 'think',
  'type' => '',
  'auto_start' => true,
)
[ info ] [ RUN ] app\admin\controller\Index->Index[ /www/wwwroot/ledigou/application/admin/controller/Index.php ]
[ info ] [ DB ] INIT mysql
[ info ] [ VIEW ] /www/wwwroot/ledigou/public/../application/admin/view/index/index.html [ array (
  0 => 'adminmenu',
) ]
[ info ] [ LOG ] INIT File
[ sql ] [ DB ] CONNECT:[ UseTime:0.000254s ] mysql:host=localhost;dbname=ledigou;charset=utf8
[ sql ] [ SQL ] SHOW COLUMNS FROM `xin_menu` [ RunTime:0.001230s ]
[ sql ] [ SQL ] SELECT * FROM `xin_menu` WHERE  `menu_status` = 1  AND `menu_parent` = 0 ORDER BY `menu_rank` DESC LIMIT 0,100 [ RunTime:0.032825s ]
[ sql ] [ SQL ] SELECT * FROM `xin_menu` WHERE  `menu_parent` = 5  AND `menu_status` = 1 ORDER BY `menu_rank` DESC LIMIT 0,100 [ RunTime:0.000386s ]
[ sql ] [ SQL ] SELECT * FROM `xin_menu` WHERE  `menu_parent` = 18  AND `menu_status` = 1 ORDER BY `menu_rank` DESC LIMIT 0,100 [ RunTime:0.000318s ]
[ sql ] [ SQL ] SELECT * FROM `xin_menu` WHERE  `menu_parent` = 10  AND `menu_status` = 1 ORDER BY `menu_rank` DESC LIMIT 0,100 [ RunTime:0.000236s ]
[ sql ] [ SQL ] SELECT * FROM `xin_menu` WHERE  `menu_parent` = 12  AND `menu_status` = 1 ORDER BY `menu_rank` DESC LIMIT 0,100 [ RunTime:0.000217s ]
[ sql ] [ SQL ] SELECT * FROM `xin_menu` WHERE  `menu_parent` = 14  AND `menu_status` = 1 ORDER BY `menu_rank` DESC LIMIT 0,100 [ RunTime:0.000275s ]
[ sql ] [ SQL ] SELECT * FROM `xin_menu` WHERE  `menu_parent` = 16  AND `menu_status` = 1 ORDER BY `menu_rank` DESC LIMIT 0,100 [ RunTime:0.000219s ]
[ sql ] [ SQL ] SELECT * FROM `xin_menu` WHERE  `menu_parent` = 22  AND `menu_status` = 1 ORDER BY `menu_rank` DESC LIMIT 0,100 [ RunTime:0.000217s ]
[ sql ] [ SQL ] SELECT * FROM `xin_menu` WHERE  `menu_parent` = 24  AND `menu_status` = 1 ORDER BY `menu_rank` DESC LIMIT 0,100 [ RunTime:0.000233s ]
[ sql ] [ SQL ] SELECT * FROM `xin_menu` WHERE  `menu_parent` = 26  AND `menu_status` = 1 ORDER BY `menu_rank` DESC LIMIT 0,100 [ RunTime:0.000213s ]
[ sql ] [ SQL ] SELECT * FROM `xin_menu` WHERE  `menu_parent` = 29  AND `menu_status` = 1 ORDER BY `menu_rank` DESC LIMIT 0,100 [ RunTime:0.000212s ]
---------------------------------------------------------------
[ 2019-10-21T11:44:36+08:00 ] 93.173.41.157 GET 161.117.4.120/
[运行时间：0.025223s] [吞吐率：39.65req/s] [内存消耗：2,782.48kb] [文件加载：58]
[ info ] [ LANG ] /www/wwwroot/ledigou/thinkphp/lang/zh-cn.php
[ info ] [ ROUTE ] array (
  'type' => 'module',
  'module' => 
  array (
    0 => '',
    1 => NULL,
    2 => NULL,
  ),
)
[ info ] [ HEADER ] array (
  'x-forwarded-for' => '93.173.41.157',
  'connection' => 'close',
  'accept-language' => 'zh-cn,zh;q=0.8,en-us;q=0.5,en;q=0.3',
  'accept-encoding' => 'gzip, deflate',
  'accept' => 'text/html,application/xhtml+xml,application/xml;q=0.9,*/*;q=0.8',
  'user-agent' => 'Mozilla/4.0 (compatible; MSIE 7.0; Windows NT 6.1; WOW64; Trident/5.0; SLCC2; .NET CLR 2.0.50727; .NET CLR 3.5.30729; .NET CLR 3.0.30729; Media Center PC 6.0; .NET4.0C; .NET4.0E; InfoPath.3; KB974488)',
  'host' => '161.117.4.120',
)
[ info ] [ PARAM ] array (
)
[ info ] [ SESSION ] INIT array (
  'id' => '',
  'var_session_id' => '',
  'prefix' => 'think',
  'type' => '',
  'auto_start' => true,
)
[ info ] [ DB ] INIT mysql
[ info ] [ LOG ] INIT File
[ sql ] [ DB ] CONNECT:[ UseTime:0.000270s ] mysql:host=localhost;dbname=ledigou;charset=utf8
[ sql ] [ SQL ] SHOW COLUMNS FROM `xin_config` [ RunTime:0.001016s ]
[ sql ] [ SQL ] SELECT * FROM `xin_config` WHERE  `config_id` = 1 LIMIT 1 [ RunTime:0.000246s ]
---------------------------------------------------------------
[ 2019-10-21T11:44:36+08:00 ] 93.173.41.157 GET 161.117.4.120/index/wechat/login.html
[运行时间：0.021923s] [吞吐率：45.61req/s] [内存消耗：2,649.19kb] [文件加载：54]
[ info ] [ LANG ] /www/wwwroot/ledigou/thinkphp/lang/zh-cn.php
[ info ] [ ROUTE ] array (
  'type' => 'module',
  'module' => 
  array (
    0 => 'index',
    1 => 'wechat',
    2 => 'login',
  ),
)
[ info ] [ HEADER ] array (
  'x-forwarded-for' => '93.173.41.157',
  'referer' => 'https://161.117.4.120',
  'cookie' => 'PHPSESSID=j50vlon78v0cobp97cj44m3k2n',
  'connection' => 'close',
  'accept-language' => 'zh-cn,zh;q=0.8,en-us;q=0.5,en;q=0.3',
  'accept-encoding' => 'gzip, deflate',
  'accept' => 'text/html,application/xhtml+xml,application/xml;q=0.9,*/*;q=0.8',
  'user-agent' => 'Mozilla/4.0 (compatible; MSIE 7.0; Windows NT 6.1; WOW64; Trident/5.0; SLCC2; .NET CLR 2.0.50727; .NET CLR 3.5.30729; .NET CLR 3.0.30729; Media Center PC 6.0; .NET4.0C; .NET4.0E; InfoPath.3; KB974488)',
  'host' => '161.117.4.120',
)
[ info ] [ PARAM ] array (
)
[ info ] [ SESSION ] INIT array (
  'id' => '',
  'var_session_id' => '',
  'prefix' => 'think',
  'type' => '',
  'auto_start' => true,
)
[ info ] [ DB ] INIT mysql
[ info ] [ RUN ] app\index\controller\Wechat->Login[ /www/wwwroot/ledigou/application/index/controller/Wechat.php ]
[ info ] [ LOG ] INIT File
---------------------------------------------------------------
[ 2019-10-21T11:49:43+08:00 ] 47.101.199.211 GET www.shiguojingqian.com/
[运行时间：0.029564s] [吞吐率：33.83req/s] [内存消耗：2,781.34kb] [文件加载：58]
[ info ] [ LANG ] /www/wwwroot/ledigou/thinkphp/lang/zh-cn.php
[ info ] [ ROUTE ] array (
  'type' => 'module',
  'module' => 
  array (
    0 => '',
    1 => NULL,
    2 => NULL,
  ),
)
[ info ] [ HEADER ] array (
  'accept-encoding' => 'gzip',
  'connection' => 'Keep-Alive',
  'host' => 'www.shiguojingqian.com',
  'user-agent' => 'Mozilla/5.0 (Linux; Android 4.1.1; Nexus 7 Build/JRO03D)',
)
[ info ] [ PARAM ] array (
)
[ info ] [ SESSION ] INIT array (
  'id' => '',
  'var_session_id' => '',
  'prefix' => 'think',
  'type' => '',
  'auto_start' => true,
)
[ info ] [ DB ] INIT mysql
[ info ] [ LOG ] INIT File
[ sql ] [ DB ] CONNECT:[ UseTime:0.000333s ] mysql:host=localhost;dbname=ledigou;charset=utf8
[ sql ] [ SQL ] SHOW COLUMNS FROM `xin_config` [ RunTime:0.001192s ]
[ sql ] [ SQL ] SELECT * FROM `xin_config` WHERE  `config_id` = 1 LIMIT 1 [ RunTime:0.000299s ]
---------------------------------------------------------------
[ 2019-10-21T11:49:44+08:00 ] 47.101.199.211 GET www.shiguojingqian.com/index/wechat/login.html
[运行时间：0.026166s] [吞吐率：38.22req/s] [内存消耗：2,723.67kb] [文件加载：55]
[ info ] [ LANG ] /www/wwwroot/ledigou/thinkphp/lang/zh-cn.php
[ info ] [ ROUTE ] array (
  'type' => 'module',
  'module' => 
  array (
    0 => 'index',
    1 => 'wechat',
    2 => 'login',
  ),
)
[ info ] [ HEADER ] array (
  'accept-encoding' => 'gzip',
  'connection' => 'Keep-Alive',
  'host' => 'www.shiguojingqian.com',
  'user-agent' => 'Mozilla/5.0 (Linux; Android 4.1.1; Nexus 7 Build/JRO03D)',
)
[ info ] [ PARAM ] array (
)
[ info ] [ SESSION ] INIT array (
  'id' => '',
  'var_session_id' => '',
  'prefix' => 'think',
  'type' => '',
  'auto_start' => true,
)
[ info ] [ DB ] INIT mysql
[ info ] [ RUN ] app\index\controller\Wechat->Login[ /www/wwwroot/ledigou/application/index/controller/Wechat.php ]
[ info ] [ LOG ] INIT File
[ sql ] [ DB ] CONNECT:[ UseTime:0.000344s ] mysql:host=localhost;dbname=ledigou;charset=utf8
[ sql ] [ SQL ] SHOW COLUMNS FROM `xin_config` [ RunTime:0.001154s ]
[ sql ] [ SQL ] SELECT * FROM `xin_config` WHERE  `config_id` = 1 LIMIT 1 [ RunTime:0.000249s ]
---------------------------------------------------------------
[ 2019-10-21T12:02:21+08:00 ] 47.100.7.25 GET baixuejie.com/
[运行时间：0.058972s] [吞吐率：16.96req/s] [内存消耗：2,781.31kb] [文件加载：58]
[ info ] [ LANG ] /www/wwwroot/ledigou/thinkphp/lang/zh-cn.php
[ info ] [ ROUTE ] array (
  'type' => 'module',
  'module' => 
  array (
    0 => '',
    1 => NULL,
    2 => NULL,
  ),
)
[ info ] [ HEADER ] array (
  'accept-encoding' => 'gzip',
  'connection' => 'Keep-Alive',
  'host' => 'baixuejie.com',
  'user-agent' => 'Mozilla/5.0 (Linux; Android 4.1.1; Nexus 7 Build/JRO03D)',
)
[ info ] [ PARAM ] array (
)
[ info ] [ SESSION ] INIT array (
  'id' => '',
  'var_session_id' => '',
  'prefix' => 'think',
  'type' => '',
  'auto_start' => true,
)
[ info ] [ DB ] INIT mysql
[ info ] [ LOG ] INIT File
[ sql ] [ DB ] CONNECT:[ UseTime:0.000281s ] mysql:host=localhost;dbname=ledigou;charset=utf8
[ sql ] [ SQL ] SHOW COLUMNS FROM `xin_config` [ RunTime:0.001011s ]
[ sql ] [ SQL ] SELECT * FROM `xin_config` WHERE  `config_id` = 1 LIMIT 1 [ RunTime:0.000311s ]
---------------------------------------------------------------
[ 2019-10-21T12:02:22+08:00 ] 47.100.7.25 GET baixuejie.com/index/wechat/login.html
[运行时间：0.027238s] [吞吐率：36.71req/s] [内存消耗：2,723.64kb] [文件加载：55]
[ info ] [ LANG ] /www/wwwroot/ledigou/thinkphp/lang/zh-cn.php
[ info ] [ ROUTE ] array (
  'type' => 'module',
  'module' => 
  array (
    0 => 'index',
    1 => 'wechat',
    2 => 'login',
  ),
)
[ info ] [ HEADER ] array (
  'accept-encoding' => 'gzip',
  'connection' => 'Keep-Alive',
  'host' => 'baixuejie.com',
  'user-agent' => 'Mozilla/5.0 (Linux; Android 4.1.1; Nexus 7 Build/JRO03D)',
)
[ info ] [ PARAM ] array (
)
[ info ] [ SESSION ] INIT array (
  'id' => '',
  'var_session_id' => '',
  'prefix' => 'think',
  'type' => '',
  'auto_start' => true,
)
[ info ] [ DB ] INIT mysql
[ info ] [ RUN ] app\index\controller\Wechat->Login[ /www/wwwroot/ledigou/application/index/controller/Wechat.php ]
[ info ] [ LOG ] INIT File
[ sql ] [ DB ] CONNECT:[ UseTime:0.000353s ] mysql:host=localhost;dbname=ledigou;charset=utf8
[ sql ] [ SQL ] SHOW COLUMNS FROM `xin_config` [ RunTime:0.001004s ]
[ sql ] [ SQL ] SELECT * FROM `xin_config` WHERE  `config_id` = 1 LIMIT 1 [ RunTime:0.000259s ]
---------------------------------------------------------------
[ 2019-10-21T12:08:48+08:00 ] 213.32.122.82 GET 161.117.4.120/
[运行时间：0.030571s] [吞吐率：32.71req/s] [内存消耗：2,801.62kb] [文件加载：58]
[ info ] [ LANG ] /www/wwwroot/ledigou/thinkphp/lang/zh-cn.php
[ info ] [ ROUTE ] array (
  'type' => 'module',
  'module' => 
  array (
    0 => '',
    1 => NULL,
    2 => NULL,
  ),
)
[ info ] [ HEADER ] array (
  'user-agent' => 'Mozilla/5.0 (Windows NT 6.1) AppleWebKit/537.36 (KHTML, like Gecko) Chrome/41.0.2228.0 Safari/537.36',
  'connection' => 'close',
  'host' => '161.117.4.120',
)
[ info ] [ PARAM ] array (
)
[ info ] [ SESSION ] INIT array (
  'id' => '',
  'var_session_id' => '',
  'prefix' => 'think',
  'type' => '',
  'auto_start' => true,
)
[ info ] [ DB ] INIT mysql
[ info ] [ LOG ] INIT File
[ sql ] [ DB ] CONNECT:[ UseTime:0.000273s ] mysql:host=localhost;dbname=ledigou;charset=utf8
[ sql ] [ SQL ] SHOW COLUMNS FROM `xin_config` [ RunTime:0.000969s ]
[ sql ] [ SQL ] SELECT * FROM `xin_config` WHERE  `config_id` = 1 LIMIT 1 [ RunTime:0.000257s ]
---------------------------------------------------------------
[ 2019-10-21T12:08:49+08:00 ] 213.32.122.82 GET 161.117.4.120/index/wechat/login.html
[运行时间：0.024416s] [吞吐率：40.96req/s] [内存消耗：2,735.82kb] [文件加载：55]
[ info ] [ LANG ] /www/wwwroot/ledigou/thinkphp/lang/zh-cn.php
[ info ] [ ROUTE ] array (
  'type' => 'module',
  'module' => 
  array (
    0 => 'index',
    1 => 'wechat',
    2 => 'login',
  ),
)
[ info ] [ HEADER ] array (
  'user-agent' => 'Mozilla/5.0 (Windows NT 6.1) AppleWebKit/537.36 (KHTML, like Gecko) Chrome/41.0.2228.0 Safari/537.36',
  'connection' => 'close',
  'host' => '161.117.4.120',
)
[ info ] [ PARAM ] array (
)
[ info ] [ SESSION ] INIT array (
  'id' => '',
  'var_session_id' => '',
  'prefix' => 'think',
  'type' => '',
  'auto_start' => true,
)
[ info ] [ DB ] INIT mysql
[ info ] [ RUN ] app\index\controller\Wechat->Login[ /www/wwwroot/ledigou/application/index/controller/Wechat.php ]
[ info ] [ LOG ] INIT File
[ sql ] [ DB ] CONNECT:[ UseTime:0.000261s ] mysql:host=localhost;dbname=ledigou;charset=utf8
[ sql ] [ SQL ] SHOW COLUMNS FROM `xin_config` [ RunTime:0.000984s ]
[ sql ] [ SQL ] SELECT * FROM `xin_config` WHERE  `config_id` = 1 LIMIT 1 [ RunTime:0.000243s ]
---------------------------------------------------------------
[ 2019-10-21T12:42:24+08:00 ] 47.101.199.131 GET ru.ibtv.cc/
[运行时间：0.080039s] [吞吐率：12.49req/s] [内存消耗：2,781.19kb] [文件加载：58]
[ info ] [ LANG ] /www/wwwroot/ledigou/thinkphp/lang/zh-cn.php
[ info ] [ ROUTE ] array (
  'type' => 'module',
  'module' => 
  array (
    0 => '',
    1 => NULL,
    2 => NULL,
  ),
)
[ info ] [ HEADER ] array (
  'accept-encoding' => 'gzip',
  'connection' => 'Keep-Alive',
  'host' => 'ru.ibtv.cc',
  'user-agent' => 'Mozilla/5.0 (Linux; Android 4.1.1; Nexus 7 Build/JRO03D)',
)
[ info ] [ PARAM ] array (
)
[ info ] [ SESSION ] INIT array (
  'id' => '',
  'var_session_id' => '',
  'prefix' => 'think',
  'type' => '',
  'auto_start' => true,
)
[ info ] [ DB ] INIT mysql
[ info ] [ LOG ] INIT File
[ sql ] [ DB ] CONNECT:[ UseTime:0.000277s ] mysql:host=localhost;dbname=ledigou;charset=utf8
[ sql ] [ SQL ] SHOW COLUMNS FROM `xin_config` [ RunTime:0.000992s ]
[ sql ] [ SQL ] SELECT * FROM `xin_config` WHERE  `config_id` = 1 LIMIT 1 [ RunTime:0.054203s ]
---------------------------------------------------------------
[ 2019-10-21T12:42:24+08:00 ] 47.101.199.131 GET ru.ibtv.cc/index/wechat/login.html
[运行时间：0.025260s] [吞吐率：39.59req/s] [内存消耗：2,723.52kb] [文件加载：55]
[ info ] [ LANG ] /www/wwwroot/ledigou/thinkphp/lang/zh-cn.php
[ info ] [ ROUTE ] array (
  'type' => 'module',
  'module' => 
  array (
    0 => 'index',
    1 => 'wechat',
    2 => 'login',
  ),
)
[ info ] [ HEADER ] array (
  'accept-encoding' => 'gzip',
  'connection' => 'Keep-Alive',
  'host' => 'ru.ibtv.cc',
  'user-agent' => 'Mozilla/5.0 (Linux; Android 4.1.1; Nexus 7 Build/JRO03D)',
)
[ info ] [ PARAM ] array (
)
[ info ] [ SESSION ] INIT array (
  'id' => '',
  'var_session_id' => '',
  'prefix' => 'think',
  'type' => '',
  'auto_start' => true,
)
[ info ] [ DB ] INIT mysql
[ info ] [ RUN ] app\index\controller\Wechat->Login[ /www/wwwroot/ledigou/application/index/controller/Wechat.php ]
[ info ] [ LOG ] INIT File
[ sql ] [ DB ] CONNECT:[ UseTime:0.000320s ] mysql:host=localhost;dbname=ledigou;charset=utf8
[ sql ] [ SQL ] SHOW COLUMNS FROM `xin_config` [ RunTime:0.001086s ]
[ sql ] [ SQL ] SELECT * FROM `xin_config` WHERE  `config_id` = 1 LIMIT 1 [ RunTime:0.000260s ]
---------------------------------------------------------------
[ 2019-10-21T19:01:28+08:00 ] 112.224.2.240 POST dxc.gqwlcm.com//api/sort/GetSortList
[运行时间：0.223115s] [吞吐率：4.48req/s] [内存消耗：2,668.90kb] [文件加载：55]
[ info ] [ LANG ] /www/wwwroot/ledigou/thinkphp/lang/zh-cn.php
[ info ] [ ROUTE ] array (
  'type' => 'module',
  'module' => 
  array (
    0 => 'api',
    1 => 'sort',
    2 => 'GetSortList',
  ),
)
[ info ] [ HEADER ] array (
  'connection' => 'Keep-Alive',
  'host' => 'dxc.gqwlcm.com',
  'user-agent' => 'Mozilla/5.0 (Linux; Android 9; VCE-AL00 Build/HUAWEIVCE-AL00; wv) AppleWebKit/537.36 (KHTML, like Gecko) Version/4.0 Chrome/74.0.3729.136 Mobile Safari/537.36 MicroMessenger/7.0.7.1521(0x2700073A) Process/appbrand0 NetType/4G Language/zh_CN',
  'referer' => 'https://servicewechat.com/wxf24c79e7f9eb5a96/2/page-frame.html',
  'accept-encoding' => 'gzip',
  'charset' => 'utf-8',
  'content-type' => 'application/json',
  'content-length' => '2',
)
[ info ] [ PARAM ] array (
)
[ info ] [ DB ] INIT mysql
[ info ] [ SESSION ] INIT array (
  'id' => '',
  'var_session_id' => '',
  'prefix' => 'think',
  'type' => '',
  'auto_start' => true,
)
[ info ] [ RUN ] app\api\controller\Sort->GetSortList[ /www/wwwroot/ledigou/application/api/controller/Sort.php ]
[ info ] [ LOG ] INIT File
[ sql ] [ DB ] CONNECT:[ UseTime:0.000548s ] mysql:host=localhost;dbname=ledigou;charset=utf8
[ sql ] [ SQL ] SHOW COLUMNS FROM `xin_config` [ RunTime:0.001631s ]
[ sql ] [ SQL ] SELECT * FROM `xin_config` WHERE  `config_id` = 1 LIMIT 1 [ RunTime:0.088991s ]
[ sql ] [ SQL ] SHOW COLUMNS FROM `xin_goods_sort` [ RunTime:0.001121s ]
[ sql ] [ SQL ] SELECT * FROM `xin_goods_sort` WHERE  `sort_status` = 1 ORDER BY `sort_rank` DESC LIMIT 0,8 [ RunTime:0.062078s ]
---------------------------------------------------------------
[ 2019-10-21T19:01:28+08:00 ] 112.224.2.240 POST dxc.gqwlcm.com//api/rotate/getrotatelist
[运行时间：0.230348s] [吞吐率：4.34req/s] [内存消耗：2,669.34kb] [文件加载：55]
[ info ] [ LANG ] /www/wwwroot/ledigou/thinkphp/lang/zh-cn.php
[ info ] [ ROUTE ] array (
  'type' => 'module',
  'module' => 
  array (
    0 => 'api',
    1 => 'rotate',
    2 => 'getrotatelist',
  ),
)
[ info ] [ HEADER ] array (
  'connection' => 'Keep-Alive',
  'host' => 'dxc.gqwlcm.com',
  'user-agent' => 'Mozilla/5.0 (Linux; Android 9; VCE-AL00 Build/HUAWEIVCE-AL00; wv) AppleWebKit/537.36 (KHTML, like Gecko) Version/4.0 Chrome/74.0.3729.136 Mobile Safari/537.36 MicroMessenger/7.0.7.1521(0x2700073A) Process/appbrand0 NetType/4G Language/zh_CN',
  'referer' => 'https://servicewechat.com/wxf24c79e7f9eb5a96/2/page-frame.html',
  'accept-encoding' => 'gzip',
  'charset' => 'utf-8',
  'content-type' => 'application/json',
  'content-length' => '2',
)
[ info ] [ PARAM ] array (
)
[ info ] [ DB ] INIT mysql
[ info ] [ SESSION ] INIT array (
  'id' => '',
  'var_session_id' => '',
  'prefix' => 'think',
  'type' => '',
  'auto_start' => true,
)
[ info ] [ RUN ] app\api\controller\Rotate->GetRotateList[ /www/wwwroot/ledigou/application/api/controller/Rotate.php ]
[ info ] [ LOG ] INIT File
[ sql ] [ DB ] CONNECT:[ UseTime:0.000225s ] mysql:host=localhost;dbname=ledigou;charset=utf8
[ sql ] [ SQL ] SHOW COLUMNS FROM `xin_config` [ RunTime:0.001416s ]
[ sql ] [ SQL ] SELECT * FROM `xin_config` WHERE  `config_id` = 1 LIMIT 1 [ RunTime:0.088624s ]
[ sql ] [ SQL ] SHOW COLUMNS FROM `xin_rotate` [ RunTime:0.002783s ]
[ sql ] [ SQL ] SELECT * FROM `xin_rotate` WHERE  `rotate_address` = 'index' ORDER BY `rotate_rank` DESC LIMIT 0,4 [ RunTime:0.065019s ]
---------------------------------------------------------------
[ 2019-10-21T19:01:29+08:00 ] 112.224.2.240 POST dxc.gqwlcm.com//api/wechat_base/GetUnionId
[运行时间：0.634762s] [吞吐率：1.58req/s] [内存消耗：2,653.89kb] [文件加载：53]
[ info ] [ LANG ] /www/wwwroot/ledigou/thinkphp/lang/zh-cn.php
[ info ] [ ROUTE ] array (
  'type' => 'module',
  'module' => 
  array (
    0 => 'api',
    1 => 'wechat_base',
    2 => 'GetUnionId',
  ),
)
[ info ] [ HEADER ] array (
  'connection' => 'Keep-Alive',
  'host' => 'dxc.gqwlcm.com',
  'user-agent' => 'Mozilla/5.0 (Linux; Android 9; VCE-AL00 Build/HUAWEIVCE-AL00; wv) AppleWebKit/537.36 (KHTML, like Gecko) Version/4.0 Chrome/74.0.3729.136 Mobile Safari/537.36 MicroMessenger/7.0.7.1521(0x2700073A) Process/appbrand0 NetType/4G Language/zh_CN',
  'referer' => 'https://servicewechat.com/wxf24c79e7f9eb5a96/2/page-frame.html',
  'accept-encoding' => 'gzip',
  'charset' => 'utf-8',
  'content-type' => 'application/json',
  'content-length' => '43',
)
[ info ] [ PARAM ] array (
  'code' => '001D4E0O0R5r252LLF0O03Jj0O0D4E0L',
)
[ info ] [ SESSION ] INIT array (
  'id' => '',
  'var_session_id' => '',
  'prefix' => 'think',
  'type' => '',
  'auto_start' => true,
)
[ info ] [ DB ] INIT mysql
[ info ] [ RUN ] app\api\controller\WechatBase->GetUnionId[ /www/wwwroot/ledigou/application/api/controller/WechatBase.php ]
[ info ] [ LOG ] INIT File
[ sql ] [ DB ] CONNECT:[ UseTime:0.000248s ] mysql:host=localhost;dbname=ledigou;charset=utf8
[ sql ] [ SQL ] SHOW COLUMNS FROM `xin_config` [ RunTime:0.000801s ]
[ sql ] [ SQL ] SELECT * FROM `xin_config` WHERE  `config_id` = 1 LIMIT 1 [ RunTime:0.087322s ]
---------------------------------------------------------------
[ 2019-10-21T19:01:29+08:00 ] 112.224.2.240 POST dxc.gqwlcm.com//api/user/CreateUser
[运行时间：0.034955s] [吞吐率：28.61req/s] [内存消耗：3,172.84kb] [文件加载：65]
[ info ] [ LANG ] /www/wwwroot/ledigou/thinkphp/lang/zh-cn.php
[ info ] [ ROUTE ] array (
  'type' => 'module',
  'module' => 
  array (
    0 => 'api',
    1 => 'user',
    2 => 'CreateUser',
  ),
)
[ info ] [ HEADER ] array (
  'connection' => 'Keep-Alive',
  'host' => 'dxc.gqwlcm.com',
  'user-agent' => 'Mozilla/5.0 (Linux; Android 9; VCE-AL00 Build/HUAWEIVCE-AL00; wv) AppleWebKit/537.36 (KHTML, like Gecko) Version/4.0 Chrome/74.0.3729.136 Mobile Safari/537.36 MicroMessenger/7.0.7.1521(0x2700073A) Process/appbrand0 NetType/4G Language/zh_CN',
  'referer' => 'https://servicewechat.com/wxf24c79e7f9eb5a96/2/page-frame.html',
  'accept-encoding' => 'gzip',
  'charset' => 'utf-8',
  'content-type' => 'application/json',
  'content-length' => '300',
)
[ info ] [ PARAM ] array (
  'data' => 
  array (
    'nickName' => '小王',
    'gender' => 1,
    'language' => 'zh_CN',
    'city' => '',
    'province' => '',
    'country' => 'Australia',
    'avatarUrl' => 'https://wx.qlogo.cn/mmopen/vi_32/DYAIOgq83ereIFylkcUoqgriaYum1t8JHyibrvGPYKRDJVDKfJ2WdUxye375QVB8RtIk1mjciaGaCJF7bMMfoqoRw/132',
  ),
  'openid' => '',
  'unionid' => 'o8N9TuN_OQ19yZnwpANeS5saz_TQ',
)
[ info ] [ SESSION ] INIT array (
  'id' => '',
  'var_session_id' => '',
  'prefix' => 'think',
  'type' => '',
  'auto_start' => true,
)
[ info ] [ DB ] INIT mysql
[ info ] [ RUN ] app\api\controller\User->CreateUser[ /www/wwwroot/ledigou/application/api/controller/User.php ]
[ info ] [ LOG ] INIT File
[ sql ] [ DB ] CONNECT:[ UseTime:0.000234s ] mysql:host=localhost;dbname=ledigou;charset=utf8
[ sql ] [ SQL ] SHOW COLUMNS FROM `xin_config` [ RunTime:0.000872s ]
[ sql ] [ SQL ] SELECT * FROM `xin_config` WHERE  `config_id` = 1 LIMIT 1 [ RunTime:0.000239s ]
[ sql ] [ SQL ] SHOW COLUMNS FROM `xin_user` [ RunTime:0.000862s ]
[ sql ] [ SQL ] SELECT `user_id` FROM `xin_user` WHERE  `user_unionid` = 'o8N9TuN_OQ19yZnwpANeS5saz_TQ' LIMIT 1 [ RunTime:0.000193s ]
---------------------------------------------------------------
[ 2019-10-21T19:01:29+08:00 ] 112.224.2.240 POST dxc.gqwlcm.com//api/limited/GetLimitedList
[运行时间：0.334185s] [吞吐率：2.99req/s] [内存消耗：2,806.68kb] [文件加载：57]
[ info ] [ LANG ] /www/wwwroot/ledigou/thinkphp/lang/zh-cn.php
[ info ] [ ROUTE ] array (
  'type' => 'module',
  'module' => 
  array (
    0 => 'api',
    1 => 'limited',
    2 => 'GetLimitedList',
  ),
)
[ info ] [ HEADER ] array (
  'connection' => 'Keep-Alive',
  'host' => 'dxc.gqwlcm.com',
  'user-agent' => 'Mozilla/5.0 (Linux; Android 9; VCE-AL00 Build/HUAWEIVCE-AL00; wv) AppleWebKit/537.36 (KHTML, like Gecko) Version/4.0 Chrome/74.0.3729.136 Mobile Safari/537.36 MicroMessenger/7.0.7.1521(0x2700073A) Process/appbrand0 NetType/4G Language/zh_CN',
  'referer' => 'https://servicewechat.com/wxf24c79e7f9eb5a96/2/page-frame.html',
  'accept-encoding' => 'gzip',
  'charset' => 'utf-8',
  'content-type' => 'application/json',
  'content-length' => '42',
)
[ info ] [ PARAM ] array (
  'unionid' => 'o8N9TuN_OQ19yZnwpANeS5saz_TQ',
)
[ info ] [ DB ] INIT mysql
[ info ] [ SESSION ] INIT array (
  'id' => '',
  'var_session_id' => '',
  'prefix' => 'think',
  'type' => '',
  'auto_start' => true,
)
[ info ] [ RUN ] app\api\controller\Limited->GetLimitedList[ /www/wwwroot/ledigou/application/api/controller/Limited.php ]
[ info ] [ LOG ] INIT File
[ sql ] [ DB ] CONNECT:[ UseTime:0.001505s ] mysql:host=localhost;dbname=ledigou;charset=utf8
[ sql ] [ SQL ] SHOW COLUMNS FROM `xin_config` [ RunTime:0.000815s ]
[ sql ] [ SQL ] SELECT * FROM `xin_config` WHERE  `config_id` = 1 LIMIT 1 [ RunTime:0.000214s ]
[ sql ] [ SQL ] SHOW COLUMNS FROM `xin_user` [ RunTime:0.000754s ]
[ sql ] [ SQL ] SELECT * FROM `xin_user` WHERE  `user_unionid` = 'o8N9TuN_OQ19yZnwpANeS5saz_TQ' LIMIT 1 [ RunTime:0.022330s ]
[ sql ] [ SQL ] SHOW COLUMNS FROM `xin_warehouse` [ RunTime:0.084338s ]
[ sql ] [ SQL ] SELECT `ware_id` FROM `xin_warehouse` WHERE  `ware_school` = 1 [ RunTime:0.094936s ]
[ sql ] [ SQL ] SHOW COLUMNS FROM `xin_limited` [ RunTime:0.002347s ]
[ sql ] [ SQL ] SELECT * FROM `xin_limited` `l` INNER JOIN `xin_goods` `g` ON `l`.`limited_goods`=`g`.`goods_id` WHERE  `g`.`goods_warehouse` IN ('1')  AND `l`.`limited_stime` < 1571655689  AND `l`.`limited_etime` > 1571655689 ORDER BY `limited_time` DESC LIMIT 2 [ RunTime:0.031161s ]
---------------------------------------------------------------
[ 2019-10-21T19:01:29+08:00 ] 112.224.2.240 POST dxc.gqwlcm.com//api/goods/GetGoodsList
[运行时间：0.334299s] [吞吐率：2.99req/s] [内存消耗：2,865.88kb] [文件加载：59]
[ info ] [ LANG ] /www/wwwroot/ledigou/thinkphp/lang/zh-cn.php
[ info ] [ ROUTE ] array (
  'type' => 'module',
  'module' => 
  array (
    0 => 'api',
    1 => 'goods',
    2 => 'GetGoodsList',
  ),
)
[ info ] [ HEADER ] array (
  'connection' => 'Keep-Alive',
  'host' => 'dxc.gqwlcm.com',
  'user-agent' => 'Mozilla/5.0 (Linux; Android 9; VCE-AL00 Build/HUAWEIVCE-AL00; wv) AppleWebKit/537.36 (KHTML, like Gecko) Version/4.0 Chrome/74.0.3729.136 Mobile Safari/537.36 MicroMessenger/7.0.7.1521(0x2700073A) Process/appbrand0 NetType/4G Language/zh_CN',
  'referer' => 'https://servicewechat.com/wxf24c79e7f9eb5a96/2/page-frame.html',
  'accept-encoding' => 'gzip',
  'charset' => 'utf-8',
  'content-type' => 'application/json',
  'content-length' => '97',
)
[ info ] [ PARAM ] array (
  'unionid' => 'o8N9TuN_OQ19yZnwpANeS5saz_TQ',
  'keyword' => '',
  'sort' => 0,
  'is_top' => true,
  'page' => 1,
  'limit' => 4,
)
[ info ] [ SESSION ] INIT array (
  'id' => '',
  'var_session_id' => '',
  'prefix' => 'think',
  'type' => '',
  'auto_start' => true,
)
[ info ] [ DB ] INIT mysql
[ info ] [ RUN ] app\api\controller\Goods->GetGoodsList[ /www/wwwroot/ledigou/application/api/controller/Goods.php ]
[ info ] [ LOG ] INIT File
[ sql ] [ DB ] CONNECT:[ UseTime:0.000261s ] mysql:host=localhost;dbname=ledigou;charset=utf8
[ sql ] [ SQL ] SHOW COLUMNS FROM `xin_config` [ RunTime:0.043552s ]
[ sql ] [ SQL ] SELECT * FROM `xin_config` WHERE  `config_id` = 1 LIMIT 1 [ RunTime:0.000752s ]
[ sql ] [ SQL ] SHOW COLUMNS FROM `xin_user` [ RunTime:0.000914s ]
[ sql ] [ SQL ] SELECT * FROM `xin_user` WHERE  `user_unionid` = 'o8N9TuN_OQ19yZnwpANeS5saz_TQ' LIMIT 1 [ RunTime:0.021993s ]
[ sql ] [ SQL ] SHOW COLUMNS FROM `xin_warehouse` [ RunTime:0.083322s ]
[ sql ] [ SQL ] SELECT `ware_id` FROM `xin_warehouse` WHERE  `ware_school` = 1 [ RunTime:0.095411s ]
[ sql ] [ SQL ] SHOW COLUMNS FROM `xin_goods` [ RunTime:0.000904s ]
[ sql ] [ SQL ] SELECT * FROM `xin_goods` WHERE  `goods_warehouse` IN (1)  AND `goods_is_top` = 1 ORDER BY `goods_is_top` DESC,`goods_id` DESC LIMIT 0,4 [ RunTime:0.025144s ]
[ sql ] [ SQL ] SHOW COLUMNS FROM `xin_limited` [ RunTime:0.001040s ]
[ sql ] [ SQL ] SELECT * FROM `xin_limited` WHERE  `limited_stime` < 1571655689  AND `limited_etime` > 1571655689  AND `limited_goods` = 37 LIMIT 1 [ RunTime:0.006284s ]
[ sql ] [ SQL ] SELECT * FROM `xin_limited` WHERE  `limited_stime` < 1571655689  AND `limited_etime` > 1571655689  AND `limited_goods` = 36 LIMIT 1 [ RunTime:0.000233s ]
[ sql ] [ SQL ] SELECT * FROM `xin_limited` WHERE  `limited_stime` < 1571655689  AND `limited_etime` > 1571655689  AND `limited_goods` = 35 LIMIT 1 [ RunTime:0.000829s ]
[ sql ] [ SQL ] SELECT * FROM `xin_limited` WHERE  `limited_stime` < 1571655689  AND `limited_etime` > 1571655689  AND `limited_goods` = 34 LIMIT 1 [ RunTime:0.000653s ]
---------------------------------------------------------------
[ 2019-10-21T19:01:29+08:00 ] 112.224.2.240 GET dxc.gqwlcm.com//api/user/FindUser?unionid=o8N9TuN_OQ19yZnwpANeS5saz_TQ&wxid=ofbua5X845l62f_mVBGmQtuK7dMA
[运行时间：0.031069s] [吞吐率：32.19req/s] [内存消耗：3,021.32kb] [文件加载：63]
[ info ] [ LANG ] /www/wwwroot/ledigou/thinkphp/lang/zh-cn.php
[ info ] [ ROUTE ] array (
  'type' => 'module',
  'module' => 
  array (
    0 => 'api',
    1 => 'user',
    2 => 'FindUser',
  ),
)
[ info ] [ HEADER ] array (
  'connection' => 'Keep-Alive',
  'host' => 'dxc.gqwlcm.com',
  'user-agent' => 'Mozilla/5.0 (Linux; Android 9; VCE-AL00 Build/HUAWEIVCE-AL00; wv) AppleWebKit/537.36 (KHTML, like Gecko) Version/4.0 Chrome/74.0.3729.136 Mobile Safari/537.36 MicroMessenger/7.0.7.1521(0x2700073A) Process/appbrand0 NetType/4G Language/zh_CN',
  'referer' => 'https://servicewechat.com/wxf24c79e7f9eb5a96/2/page-frame.html',
  'accept-encoding' => 'gzip',
  'charset' => 'utf-8',
  'content-type' => 'application/json',
)
[ info ] [ PARAM ] array (
  'unionid' => 'o8N9TuN_OQ19yZnwpANeS5saz_TQ',
  'wxid' => 'ofbua5X845l62f_mVBGmQtuK7dMA',
)
[ info ] [ SESSION ] INIT array (
  'id' => '',
  'var_session_id' => '',
  'prefix' => 'think',
  'type' => '',
  'auto_start' => true,
)
[ info ] [ DB ] INIT mysql
[ info ] [ RUN ] app\api\controller\User->FindUser[ /www/wwwroot/ledigou/application/api/controller/User.php ]
[ info ] [ LOG ] INIT File
[ sql ] [ DB ] CONNECT:[ UseTime:0.000249s ] mysql:host=localhost;dbname=ledigou;charset=utf8
[ sql ] [ SQL ] SHOW COLUMNS FROM `xin_config` [ RunTime:0.001090s ]
[ sql ] [ SQL ] SELECT * FROM `xin_config` WHERE  `config_id` = 1 LIMIT 1 [ RunTime:0.000250s ]
[ sql ] [ SQL ] SHOW COLUMNS FROM `xin_user` [ RunTime:0.000849s ]
[ sql ] [ SQL ] SELECT * FROM `xin_user` WHERE  `user_unionid` = 'o8N9TuN_OQ19yZnwpANeS5saz_TQ' LIMIT 1 [ RunTime:0.000245s ]
---------------------------------------------------------------
[ 2019-10-21T19:01:30+08:00 ] 112.224.2.240 POST dxc.gqwlcm.com//api/limited/GetLimitedList
[运行时间：0.035501s] [吞吐率：28.17req/s] [内存消耗：2,806.68kb] [文件加载：57]
[ info ] [ LANG ] /www/wwwroot/ledigou/thinkphp/lang/zh-cn.php
[ info ] [ ROUTE ] array (
  'type' => 'module',
  'module' => 
  array (
    0 => 'api',
    1 => 'limited',
    2 => 'GetLimitedList',
  ),
)
[ info ] [ HEADER ] array (
  'connection' => 'Keep-Alive',
  'host' => 'dxc.gqwlcm.com',
  'user-agent' => 'Mozilla/5.0 (Linux; Android 9; VCE-AL00 Build/HUAWEIVCE-AL00; wv) AppleWebKit/537.36 (KHTML, like Gecko) Version/4.0 Chrome/74.0.3729.136 Mobile Safari/537.36 MicroMessenger/7.0.7.1521(0x2700073A) Process/appbrand0 NetType/4G Language/zh_CN',
  'referer' => 'https://servicewechat.com/wxf24c79e7f9eb5a96/2/page-frame.html',
  'accept-encoding' => 'gzip',
  'charset' => 'utf-8',
  'content-type' => 'application/json',
  'content-length' => '42',
)
[ info ] [ PARAM ] array (
  'unionid' => 'o8N9TuN_OQ19yZnwpANeS5saz_TQ',
)
[ info ] [ DB ] INIT mysql
[ info ] [ SESSION ] INIT array (
  'id' => '',
  'var_session_id' => '',
  'prefix' => 'think',
  'type' => '',
  'auto_start' => true,
)
[ info ] [ RUN ] app\api\controller\Limited->GetLimitedList[ /www/wwwroot/ledigou/application/api/controller/Limited.php ]
[ info ] [ LOG ] INIT File
[ sql ] [ DB ] CONNECT:[ UseTime:0.000268s ] mysql:host=localhost;dbname=ledigou;charset=utf8
[ sql ] [ SQL ] SHOW COLUMNS FROM `xin_config` [ RunTime:0.000922s ]
[ sql ] [ SQL ] SELECT * FROM `xin_config` WHERE  `config_id` = 1 LIMIT 1 [ RunTime:0.000279s ]
[ sql ] [ SQL ] SHOW COLUMNS FROM `xin_user` [ RunTime:0.000780s ]
[ sql ] [ SQL ] SELECT * FROM `xin_user` WHERE  `user_unionid` = 'o8N9TuN_OQ19yZnwpANeS5saz_TQ' LIMIT 1 [ RunTime:0.000249s ]
[ sql ] [ SQL ] SHOW COLUMNS FROM `xin_warehouse` [ RunTime:0.000773s ]
[ sql ] [ SQL ] SELECT `ware_id` FROM `xin_warehouse` WHERE  `ware_school` = 1 [ RunTime:0.000156s ]
[ sql ] [ SQL ] SHOW COLUMNS FROM `xin_limited` [ RunTime:0.000751s ]
[ sql ] [ SQL ] SELECT * FROM `xin_limited` `l` INNER JOIN `xin_goods` `g` ON `l`.`limited_goods`=`g`.`goods_id` WHERE  `g`.`goods_warehouse` IN ('1')  AND `l`.`limited_stime` < 1571655690  AND `l`.`limited_etime` > 1571655690 ORDER BY `limited_time` DESC LIMIT 2 [ RunTime:0.000315s ]
---------------------------------------------------------------
[ 2019-10-21T19:01:30+08:00 ] 112.224.2.240 POST dxc.gqwlcm.com//api/goods/GetGoodsList
[运行时间：0.036147s] [吞吐率：27.66req/s] [内存消耗：2,865.88kb] [文件加载：59]
[ info ] [ LANG ] /www/wwwroot/ledigou/thinkphp/lang/zh-cn.php
[ info ] [ ROUTE ] array (
  'type' => 'module',
  'module' => 
  array (
    0 => 'api',
    1 => 'goods',
    2 => 'GetGoodsList',
  ),
)
[ info ] [ HEADER ] array (
  'connection' => 'Keep-Alive',
  'host' => 'dxc.gqwlcm.com',
  'user-agent' => 'Mozilla/5.0 (Linux; Android 9; VCE-AL00 Build/HUAWEIVCE-AL00; wv) AppleWebKit/537.36 (KHTML, like Gecko) Version/4.0 Chrome/74.0.3729.136 Mobile Safari/537.36 MicroMessenger/7.0.7.1521(0x2700073A) Process/appbrand0 NetType/4G Language/zh_CN',
  'referer' => 'https://servicewechat.com/wxf24c79e7f9eb5a96/2/page-frame.html',
  'accept-encoding' => 'gzip',
  'charset' => 'utf-8',
  'content-type' => 'application/json',
  'content-length' => '97',
)
[ info ] [ PARAM ] array (
  'unionid' => 'o8N9TuN_OQ19yZnwpANeS5saz_TQ',
  'keyword' => '',
  'sort' => 0,
  'is_top' => true,
  'page' => 1,
  'limit' => 4,
)
[ info ] [ SESSION ] INIT array (
  'id' => '',
  'var_session_id' => '',
  'prefix' => 'think',
  'type' => '',
  'auto_start' => true,
)
[ info ] [ DB ] INIT mysql
[ info ] [ RUN ] app\api\controller\Goods->GetGoodsList[ /www/wwwroot/ledigou/application/api/controller/Goods.php ]
[ info ] [ LOG ] INIT File
[ sql ] [ DB ] CONNECT:[ UseTime:0.000265s ] mysql:host=localhost;dbname=ledigou;charset=utf8
[ sql ] [ SQL ] SHOW COLUMNS FROM `xin_config` [ RunTime:0.000972s ]
[ sql ] [ SQL ] SELECT * FROM `xin_config` WHERE  `config_id` = 1 LIMIT 1 [ RunTime:0.000269s ]
[ sql ] [ SQL ] SHOW COLUMNS FROM `xin_user` [ RunTime:0.000933s ]
[ sql ] [ SQL ] SELECT * FROM `xin_user` WHERE  `user_unionid` = 'o8N9TuN_OQ19yZnwpANeS5saz_TQ' LIMIT 1 [ RunTime:0.000290s ]
[ sql ] [ SQL ] SHOW COLUMNS FROM `xin_warehouse` [ RunTime:0.000799s ]
[ sql ] [ SQL ] SELECT `ware_id` FROM `xin_warehouse` WHERE  `ware_school` = 1 [ RunTime:0.000303s ]
[ sql ] [ SQL ] SHOW COLUMNS FROM `xin_goods` [ RunTime:0.000719s ]
[ sql ] [ SQL ] SELECT * FROM `xin_goods` WHERE  `goods_warehouse` IN (1)  AND `goods_is_top` = 1 ORDER BY `goods_is_top` DESC,`goods_id` DESC LIMIT 0,4 [ RunTime:0.000264s ]
[ sql ] [ SQL ] SHOW COLUMNS FROM `xin_limited` [ RunTime:0.000709s ]
[ sql ] [ SQL ] SELECT * FROM `xin_limited` WHERE  `limited_stime` < 1571655690  AND `limited_etime` > 1571655690  AND `limited_goods` = 37 LIMIT 1 [ RunTime:0.000187s ]
[ sql ] [ SQL ] SELECT * FROM `xin_limited` WHERE  `limited_stime` < 1571655690  AND `limited_etime` > 1571655690  AND `limited_goods` = 36 LIMIT 1 [ RunTime:0.000172s ]
[ sql ] [ SQL ] SELECT * FROM `xin_limited` WHERE  `limited_stime` < 1571655690  AND `limited_etime` > 1571655690  AND `limited_goods` = 35 LIMIT 1 [ RunTime:0.000164s ]
[ sql ] [ SQL ] SELECT * FROM `xin_limited` WHERE  `limited_stime` < 1571655690  AND `limited_etime` > 1571655690  AND `limited_goods` = 34 LIMIT 1 [ RunTime:0.000198s ]
---------------------------------------------------------------
[ 2019-10-21T19:01:32+08:00 ] 112.224.2.240 POST dxc.gqwlcm.com//api/goods/GetGoodsList
[运行时间：0.043286s] [吞吐率：23.10req/s] [内存消耗：2,867.17kb] [文件加载：59]
[ info ] [ LANG ] /www/wwwroot/ledigou/thinkphp/lang/zh-cn.php
[ info ] [ ROUTE ] array (
  'type' => 'module',
  'module' => 
  array (
    0 => 'api',
    1 => 'goods',
    2 => 'GetGoodsList',
  ),
)
[ info ] [ HEADER ] array (
  'connection' => 'Keep-Alive',
  'host' => 'dxc.gqwlcm.com',
  'user-agent' => 'Mozilla/5.0 (Linux; Android 9; VCE-AL00 Build/HUAWEIVCE-AL00; wv) AppleWebKit/537.36 (KHTML, like Gecko) Version/4.0 Chrome/74.0.3729.136 Mobile Safari/537.36 MicroMessenger/7.0.7.1521(0x2700073A) Process/appbrand0 NetType/4G Language/zh_CN',
  'referer' => 'https://servicewechat.com/wxf24c79e7f9eb5a96/2/page-frame.html',
  'accept-encoding' => 'gzip',
  'charset' => 'utf-8',
  'content-type' => 'application/json',
  'content-length' => '145',
)
[ info ] [ PARAM ] array (
  'unionid' => 'o8N9TuN_OQ19yZnwpANeS5saz_TQ',
  'keyword' => '',
  'sort' => '9',
  'is_top' => false,
  'ordername' => 'complex',
  'ordertype' => 'desc',
  'page' => 1,
  'limit' => 10000,
)
[ info ] [ SESSION ] INIT array (
  'id' => '',
  'var_session_id' => '',
  'prefix' => 'think',
  'type' => '',
  'auto_start' => true,
)
[ info ] [ DB ] INIT mysql
[ info ] [ RUN ] app\api\controller\Goods->GetGoodsList[ /www/wwwroot/ledigou/application/api/controller/Goods.php ]
[ info ] [ LOG ] INIT File
[ sql ] [ DB ] CONNECT:[ UseTime:0.000292s ] mysql:host=localhost;dbname=ledigou;charset=utf8
[ sql ] [ SQL ] SHOW COLUMNS FROM `xin_config` [ RunTime:0.004741s ]
[ sql ] [ SQL ] SELECT * FROM `xin_config` WHERE  `config_id` = 1 LIMIT 1 [ RunTime:0.001603s ]
[ sql ] [ SQL ] SHOW COLUMNS FROM `xin_user` [ RunTime:0.001332s ]
[ sql ] [ SQL ] SELECT * FROM `xin_user` WHERE  `user_unionid` = 'o8N9TuN_OQ19yZnwpANeS5saz_TQ' LIMIT 1 [ RunTime:0.000226s ]
[ sql ] [ SQL ] SHOW COLUMNS FROM `xin_warehouse` [ RunTime:0.001497s ]
[ sql ] [ SQL ] SELECT `ware_id` FROM `xin_warehouse` WHERE  `ware_school` = 1 [ RunTime:0.000170s ]
[ sql ] [ SQL ] SHOW COLUMNS FROM `xin_goods` [ RunTime:0.000700s ]
[ sql ] [ SQL ] SELECT * FROM `xin_goods` WHERE  `goods_warehouse` IN (1)  AND `goods_sort` = 9 ORDER BY `goods_is_top` DESC,`goods_id` DESC LIMIT 0,10000 [ RunTime:0.000311s ]
[ sql ] [ SQL ] SHOW COLUMNS FROM `xin_limited` [ RunTime:0.000709s ]
[ sql ] [ SQL ] SELECT * FROM `xin_limited` WHERE  `limited_stime` < 1571655692  AND `limited_etime` > 1571655692  AND `limited_goods` = 37 LIMIT 1 [ RunTime:0.001066s ]
[ sql ] [ SQL ] SELECT * FROM `xin_limited` WHERE  `limited_stime` < 1571655692  AND `limited_etime` > 1571655692  AND `limited_goods` = 34 LIMIT 1 [ RunTime:0.000186s ]
[ sql ] [ SQL ] SELECT * FROM `xin_limited` WHERE  `limited_stime` < 1571655692  AND `limited_etime` > 1571655692  AND `limited_goods` = 33 LIMIT 1 [ RunTime:0.000168s ]
[ sql ] [ SQL ] SELECT * FROM `xin_limited` WHERE  `limited_stime` < 1571655692  AND `limited_etime` > 1571655692  AND `limited_goods` = 32 LIMIT 1 [ RunTime:0.000286s ]
[ sql ] [ SQL ] SELECT * FROM `xin_limited` WHERE  `limited_stime` < 1571655692  AND `limited_etime` > 1571655692  AND `limited_goods` = 31 LIMIT 1 [ RunTime:0.000983s ]
---------------------------------------------------------------
[ 2019-10-21T19:01:32+08:00 ] 112.224.2.240 POST dxc.gqwlcm.com//api/Sort/GetSortList
[运行时间：0.059332s] [吞吐率：16.85req/s] [内存消耗：2,669.88kb] [文件加载：55]
[ info ] [ LANG ] /www/wwwroot/ledigou/thinkphp/lang/zh-cn.php
[ info ] [ ROUTE ] array (
  'type' => 'module',
  'module' => 
  array (
    0 => 'api',
    1 => 'Sort',
    2 => 'GetSortList',
  ),
)
[ info ] [ HEADER ] array (
  'connection' => 'Keep-Alive',
  'host' => 'dxc.gqwlcm.com',
  'user-agent' => 'Mozilla/5.0 (Linux; Android 9; VCE-AL00 Build/HUAWEIVCE-AL00; wv) AppleWebKit/537.36 (KHTML, like Gecko) Version/4.0 Chrome/74.0.3729.136 Mobile Safari/537.36 MicroMessenger/7.0.7.1521(0x2700073A) Process/appbrand0 NetType/4G Language/zh_CN',
  'referer' => 'https://servicewechat.com/wxf24c79e7f9eb5a96/2/page-frame.html',
  'accept-encoding' => 'gzip',
  'charset' => 'utf-8',
  'content-type' => 'application/json',
  'content-length' => '15',
)
[ info ] [ PARAM ] array (
  'limit' => 10000,
)
[ info ] [ DB ] INIT mysql
[ info ] [ SESSION ] INIT array (
  'id' => '',
  'var_session_id' => '',
  'prefix' => 'think',
  'type' => '',
  'auto_start' => true,
)
[ info ] [ RUN ] app\api\controller\Sort->GetSortList[ /www/wwwroot/ledigou/application/api/controller/Sort.php ]
[ info ] [ LOG ] INIT File
[ sql ] [ DB ] CONNECT:[ UseTime:0.000254s ] mysql:host=localhost;dbname=ledigou;charset=utf8
[ sql ] [ SQL ] SHOW COLUMNS FROM `xin_config` [ RunTime:0.000956s ]
[ sql ] [ SQL ] SELECT * FROM `xin_config` WHERE  `config_id` = 1 LIMIT 1 [ RunTime:0.000256s ]
[ sql ] [ SQL ] SHOW COLUMNS FROM `xin_goods_sort` [ RunTime:0.000723s ]
[ sql ] [ SQL ] SELECT * FROM `xin_goods_sort` WHERE  `sort_status` = 1 ORDER BY `sort_rank` DESC LIMIT 0,10000 [ RunTime:0.020906s ]
---------------------------------------------------------------
[ 2019-10-21T19:17:40+08:00 ] 137.226.113.28 GET www.shiguojingqian.com/
[运行时间：0.025726s] [吞吐率：38.87req/s] [内存消耗：2,781.43kb] [文件加载：58]
[ info ] [ LANG ] /www/wwwroot/ledigou/thinkphp/lang/zh-cn.php
[ info ] [ ROUTE ] array (
  'type' => 'module',
  'module' => 
  array (
    0 => '',
    1 => NULL,
    2 => NULL,
  ),
)
[ info ] [ HEADER ] array (
  'accept-encoding' => 'gzip',
  'accept' => '*/*',
  'user-agent' => 'Mozilla/5.0 zgrab/0.x (compatible; Researchscan/t12sns; +http://researchscan.comsys.rwth-aachen.de)',
  'host' => 'www.shiguojingqian.com',
)
[ info ] [ PARAM ] array (
)
[ info ] [ SESSION ] INIT array (
  'id' => '',
  'var_session_id' => '',
  'prefix' => 'think',
  'type' => '',
  'auto_start' => true,
)
[ info ] [ DB ] INIT mysql
[ info ] [ LOG ] INIT File
[ sql ] [ DB ] CONNECT:[ UseTime:0.000261s ] mysql:host=localhost;dbname=ledigou;charset=utf8
[ sql ] [ SQL ] SHOW COLUMNS FROM `xin_config` [ RunTime:0.001049s ]
[ sql ] [ SQL ] SELECT * FROM `xin_config` WHERE  `config_id` = 1 LIMIT 1 [ RunTime:0.000256s ]
---------------------------------------------------------------
[ 2019-10-21T19:18:37+08:00 ] 139.162.116.133 GET 161.117.4.120/
[运行时间：0.045322s] [吞吐率：22.06req/s] [内存消耗：2,801.40kb] [文件加载：58]
[ info ] [ LANG ] /www/wwwroot/ledigou/thinkphp/lang/zh-cn.php
[ info ] [ ROUTE ] array (
  'type' => 'module',
  'module' => 
  array (
    0 => '',
    1 => NULL,
    2 => NULL,
  ),
)
[ info ] [ HEADER ] array (
  'connection' => 'close',
  'user-agent' => 'HTTP Banner Detection (https://security.ipip.net)',
  'host' => '161.117.4.120',
)
[ info ] [ PARAM ] array (
)
[ info ] [ SESSION ] INIT array (
  'id' => '',
  'var_session_id' => '',
  'prefix' => 'think',
  'type' => '',
  'auto_start' => true,
)
[ info ] [ DB ] INIT mysql
[ info ] [ LOG ] INIT File
[ sql ] [ DB ] CONNECT:[ UseTime:0.000275s ] mysql:host=localhost;dbname=ledigou;charset=utf8
[ sql ] [ SQL ] SHOW COLUMNS FROM `xin_config` [ RunTime:0.001117s ]
[ sql ] [ SQL ] SELECT * FROM `xin_config` WHERE  `config_id` = 1 LIMIT 1 [ RunTime:0.000271s ]
---------------------------------------------------------------
[ 2019-10-21T21:32:04+08:00 ] 113.0.64.35 POST dxc.gqwlcm.com//api/sort/GetSortList
[运行时间：0.105421s] [吞吐率：9.49req/s] [内存消耗：2,668.90kb] [文件加载：55]
[ info ] [ LANG ] /www/wwwroot/ledigou/thinkphp/lang/zh-cn.php
[ info ] [ ROUTE ] array (
  'type' => 'module',
  'module' => 
  array (
    0 => 'api',
    1 => 'sort',
    2 => 'GetSortList',
  ),
)
[ info ] [ HEADER ] array (
  'connection' => 'Keep-Alive',
  'host' => 'dxc.gqwlcm.com',
  'user-agent' => 'Mozilla/5.0 (Linux; Android 8.0.0; SM-C9000 Build/R16NW; wv) AppleWebKit/537.36 (KHTML, like Gecko) Version/4.0 Chrome/70.0.3538.110 Mobile Safari/537.36 MicroMessenger/7.0.7.1521(0x2700073A) Process/appbrand0 NetType/WIFI Language/zh_CN',
  'referer' => 'https://servicewechat.com/wxf24c79e7f9eb5a96/2/page-frame.html',
  'accept-encoding' => 'gzip',
  'charset' => 'utf-8',
  'content-type' => 'application/json',
  'content-length' => '2',
)
[ info ] [ PARAM ] array (
)
[ info ] [ DB ] INIT mysql
[ info ] [ SESSION ] INIT array (
  'id' => '',
  'var_session_id' => '',
  'prefix' => 'think',
  'type' => '',
  'auto_start' => true,
)
[ info ] [ RUN ] app\api\controller\Sort->GetSortList[ /www/wwwroot/ledigou/application/api/controller/Sort.php ]
[ info ] [ LOG ] INIT File
[ sql ] [ DB ] CONNECT:[ UseTime:0.000280s ] mysql:host=localhost;dbname=ledigou;charset=utf8
[ sql ] [ SQL ] SHOW COLUMNS FROM `xin_config` [ RunTime:0.000933s ]
[ sql ] [ SQL ] SELECT * FROM `xin_config` WHERE  `config_id` = 1 LIMIT 1 [ RunTime:0.039211s ]
[ sql ] [ SQL ] SHOW COLUMNS FROM `xin_goods_sort` [ RunTime:0.001061s ]
[ sql ] [ SQL ] SELECT * FROM `xin_goods_sort` WHERE  `sort_status` = 1 ORDER BY `sort_rank` DESC LIMIT 0,8 [ RunTime:0.000400s ]
---------------------------------------------------------------
[ 2019-10-21T21:32:05+08:00 ] 122.159.13.65 POST dxc.gqwlcm.com//api/wechat_base/GetUnionId
[运行时间：0.675333s] [吞吐率：1.48req/s] [内存消耗：2,653.89kb] [文件加载：53]
[ info ] [ LANG ] /www/wwwroot/ledigou/thinkphp/lang/zh-cn.php
[ info ] [ ROUTE ] array (
  'type' => 'module',
  'module' => 
  array (
    0 => 'api',
    1 => 'wechat_base',
    2 => 'GetUnionId',
  ),
)
[ info ] [ HEADER ] array (
  'connection' => 'Keep-Alive',
  'host' => 'dxc.gqwlcm.com',
  'user-agent' => 'Mozilla/5.0 (Linux; Android 8.0.0; SM-C9000 Build/R16NW; wv) AppleWebKit/537.36 (KHTML, like Gecko) Version/4.0 Chrome/70.0.3538.110 Mobile Safari/537.36 MicroMessenger/7.0.7.1521(0x2700073A) Process/appbrand0 NetType/WIFI Language/zh_CN',
  'referer' => 'https://servicewechat.com/wxf24c79e7f9eb5a96/2/page-frame.html',
  'accept-encoding' => 'gzip',
  'charset' => 'utf-8',
  'content-type' => 'application/json',
  'content-length' => '43',
)
[ info ] [ PARAM ] array (
  'code' => '071eI6uI0ZIq6f2a2csI0WKjuI0eI6uM',
)
[ info ] [ SESSION ] INIT array (
  'id' => '',
  'var_session_id' => '',
  'prefix' => 'think',
  'type' => '',
  'auto_start' => true,
)
[ info ] [ DB ] INIT mysql
[ info ] [ RUN ] app\api\controller\WechatBase->GetUnionId[ /www/wwwroot/ledigou/application/api/controller/WechatBase.php ]
[ info ] [ LOG ] INIT File
[ sql ] [ DB ] CONNECT:[ UseTime:0.000213s ] mysql:host=localhost;dbname=ledigou;charset=utf8
[ sql ] [ SQL ] SHOW COLUMNS FROM `xin_config` [ RunTime:0.000896s ]
[ sql ] [ SQL ] SELECT * FROM `xin_config` WHERE  `config_id` = 1 LIMIT 1 [ RunTime:0.038220s ]
---------------------------------------------------------------
[ 2019-10-21T21:32:05+08:00 ] 113.0.5.232 POST dxc.gqwlcm.com//api/limited/GetLimitedList
[运行时间：0.047485s] [吞吐率：21.06req/s] [内存消耗：2,806.68kb] [文件加载：57]
[ info ] [ LANG ] /www/wwwroot/ledigou/thinkphp/lang/zh-cn.php
[ info ] [ ROUTE ] array (
  'type' => 'module',
  'module' => 
  array (
    0 => 'api',
    1 => 'limited',
    2 => 'GetLimitedList',
  ),
)
[ info ] [ HEADER ] array (
  'connection' => 'Keep-Alive',
  'host' => 'dxc.gqwlcm.com',
  'user-agent' => 'Mozilla/5.0 (Linux; Android 8.0.0; SM-C9000 Build/R16NW; wv) AppleWebKit/537.36 (KHTML, like Gecko) Version/4.0 Chrome/70.0.3538.110 Mobile Safari/537.36 MicroMessenger/7.0.7.1521(0x2700073A) Process/appbrand0 NetType/WIFI Language/zh_CN',
  'referer' => 'https://servicewechat.com/wxf24c79e7f9eb5a96/2/page-frame.html',
  'accept-encoding' => 'gzip',
  'charset' => 'utf-8',
  'content-type' => 'application/json',
  'content-length' => '42',
)
[ info ] [ PARAM ] array (
  'unionid' => 'o8N9TuPTGoXH-yeuJvWGSjWRe7ZM',
)
[ info ] [ DB ] INIT mysql
[ info ] [ SESSION ] INIT array (
  'id' => '',
  'var_session_id' => '',
  'prefix' => 'think',
  'type' => '',
  'auto_start' => true,
)
[ info ] [ RUN ] app\api\controller\Limited->GetLimitedList[ /www/wwwroot/ledigou/application/api/controller/Limited.php ]
[ info ] [ LOG ] INIT File
[ sql ] [ DB ] CONNECT:[ UseTime:0.000266s ] mysql:host=localhost;dbname=ledigou;charset=utf8
[ sql ] [ SQL ] SHOW COLUMNS FROM `xin_config` [ RunTime:0.001046s ]
[ sql ] [ SQL ] SELECT * FROM `xin_config` WHERE  `config_id` = 1 LIMIT 1 [ RunTime:0.000254s ]
[ sql ] [ SQL ] SHOW COLUMNS FROM `xin_user` [ RunTime:0.000882s ]
[ sql ] [ SQL ] SELECT * FROM `xin_user` WHERE  `user_unionid` = 'o8N9TuPTGoXH-yeuJvWGSjWRe7ZM' LIMIT 1 [ RunTime:0.000344s ]
[ sql ] [ SQL ] SHOW COLUMNS FROM `xin_warehouse` [ RunTime:0.000759s ]
[ sql ] [ SQL ] SELECT `ware_id` FROM `xin_warehouse` WHERE  `ware_school` = 1 [ RunTime:0.000259s ]
[ sql ] [ SQL ] SHOW COLUMNS FROM `xin_limited` [ RunTime:0.000746s ]
[ sql ] [ SQL ] SELECT * FROM `xin_limited` `l` INNER JOIN `xin_goods` `g` ON `l`.`limited_goods`=`g`.`goods_id` WHERE  `g`.`goods_warehouse` IN ('1')  AND `l`.`limited_stime` < 1571664725  AND `l`.`limited_etime` > 1571664725 ORDER BY `limited_time` DESC LIMIT 2 [ RunTime:0.000383s ]
---------------------------------------------------------------
[ 2019-10-21T21:32:05+08:00 ] 122.159.13.65 GET dxc.gqwlcm.com//api/user/FindUser?unionid=o8N9TuPTGoXH-yeuJvWGSjWRe7ZM&wxid=ofbua5S7rSbf-coF_1hGiE2VgpIk
[运行时间：0.042919s] [吞吐率：23.30req/s] [内存消耗：3,021.27kb] [文件加载：63]
[ info ] [ LANG ] /www/wwwroot/ledigou/thinkphp/lang/zh-cn.php
[ info ] [ ROUTE ] array (
  'type' => 'module',
  'module' => 
  array (
    0 => 'api',
    1 => 'user',
    2 => 'FindUser',
  ),
)
[ info ] [ HEADER ] array (
  'connection' => 'Keep-Alive',
  'host' => 'dxc.gqwlcm.com',
  'user-agent' => 'Mozilla/5.0 (Linux; Android 8.0.0; SM-C9000 Build/R16NW; wv) AppleWebKit/537.36 (KHTML, like Gecko) Version/4.0 Chrome/70.0.3538.110 Mobile Safari/537.36 MicroMessenger/7.0.7.1521(0x2700073A) Process/appbrand0 NetType/WIFI Language/zh_CN',
  'referer' => 'https://servicewechat.com/wxf24c79e7f9eb5a96/2/page-frame.html',
  'accept-encoding' => 'gzip',
  'charset' => 'utf-8',
  'content-type' => 'application/json',
)
[ info ] [ PARAM ] array (
  'unionid' => 'o8N9TuPTGoXH-yeuJvWGSjWRe7ZM',
  'wxid' => 'ofbua5S7rSbf-coF_1hGiE2VgpIk',
)
[ info ] [ SESSION ] INIT array (
  'id' => '',
  'var_session_id' => '',
  'prefix' => 'think',
  'type' => '',
  'auto_start' => true,
)
[ info ] [ DB ] INIT mysql
[ info ] [ RUN ] app\api\controller\User->FindUser[ /www/wwwroot/ledigou/application/api/controller/User.php ]
[ info ] [ LOG ] INIT File
[ sql ] [ DB ] CONNECT:[ UseTime:0.000349s ] mysql:host=localhost;dbname=ledigou;charset=utf8
[ sql ] [ SQL ] SHOW COLUMNS FROM `xin_config` [ RunTime:0.001326s ]
[ sql ] [ SQL ] SELECT * FROM `xin_config` WHERE  `config_id` = 1 LIMIT 1 [ RunTime:0.000395s ]
[ sql ] [ SQL ] SHOW COLUMNS FROM `xin_user` [ RunTime:0.001085s ]
[ sql ] [ SQL ] SELECT * FROM `xin_user` WHERE  `user_unionid` = 'o8N9TuPTGoXH-yeuJvWGSjWRe7ZM' LIMIT 1 [ RunTime:0.000311s ]
---------------------------------------------------------------
[ 2019-10-21T21:32:07+08:00 ] 113.0.64.234 POST dxc.gqwlcm.com//api/rotate/getrotatelist
[运行时间：0.028984s] [吞吐率：34.50req/s] [内存消耗：2,669.34kb] [文件加载：55]
[ info ] [ LANG ] /www/wwwroot/ledigou/thinkphp/lang/zh-cn.php
[ info ] [ ROUTE ] array (
  'type' => 'module',
  'module' => 
  array (
    0 => 'api',
    1 => 'rotate',
    2 => 'getrotatelist',
  ),
)
[ info ] [ HEADER ] array (
  'connection' => 'Keep-Alive',
  'host' => 'dxc.gqwlcm.com',
  'user-agent' => 'Mozilla/5.0 (Linux; Android 8.0.0; SM-C9000 Build/R16NW; wv) AppleWebKit/537.36 (KHTML, like Gecko) Version/4.0 Chrome/70.0.3538.110 Mobile Safari/537.36 MicroMessenger/7.0.7.1521(0x2700073A) Process/appbrand0 NetType/WIFI Language/zh_CN',
  'referer' => 'https://servicewechat.com/wxf24c79e7f9eb5a96/2/page-frame.html',
  'accept-encoding' => 'gzip',
  'charset' => 'utf-8',
  'content-type' => 'application/json',
  'content-length' => '2',
)
[ info ] [ PARAM ] array (
)
[ info ] [ DB ] INIT mysql
[ info ] [ SESSION ] INIT array (
  'id' => '',
  'var_session_id' => '',
  'prefix' => 'think',
  'type' => '',
  'auto_start' => true,
)
[ info ] [ RUN ] app\api\controller\Rotate->GetRotateList[ /www/wwwroot/ledigou/application/api/controller/Rotate.php ]
[ info ] [ LOG ] INIT File
[ sql ] [ DB ] CONNECT:[ UseTime:0.000260s ] mysql:host=localhost;dbname=ledigou;charset=utf8
[ sql ] [ SQL ] SHOW COLUMNS FROM `xin_config` [ RunTime:0.001036s ]
[ sql ] [ SQL ] SELECT * FROM `xin_config` WHERE  `config_id` = 1 LIMIT 1 [ RunTime:0.000263s ]
[ sql ] [ SQL ] SHOW COLUMNS FROM `xin_rotate` [ RunTime:0.000787s ]
[ sql ] [ SQL ] SELECT * FROM `xin_rotate` WHERE  `rotate_address` = 'index' ORDER BY `rotate_rank` DESC LIMIT 0,4 [ RunTime:0.000384s ]
---------------------------------------------------------------
[ 2019-10-21T21:32:10+08:00 ] 122.159.13.65 POST dxc.gqwlcm.com//api/goods/GetGoodsList
[运行时间：0.031301s] [吞吐率：31.95req/s] [内存消耗：2,865.86kb] [文件加载：59]
[ info ] [ LANG ] /www/wwwroot/ledigou/thinkphp/lang/zh-cn.php
[ info ] [ ROUTE ] array (
  'type' => 'module',
  'module' => 
  array (
    0 => 'api',
    1 => 'goods',
    2 => 'GetGoodsList',
  ),
)
[ info ] [ HEADER ] array (
  'connection' => 'Keep-Alive',
  'host' => 'dxc.gqwlcm.com',
  'user-agent' => 'Mozilla/5.0 (Linux; Android 8.0.0; SM-C9000 Build/R16NW; wv) AppleWebKit/537.36 (KHTML, like Gecko) Version/4.0 Chrome/70.0.3538.110 Mobile Safari/537.36 MicroMessenger/7.0.7.1521(0x2700073A) Process/appbrand0 NetType/WIFI Language/zh_CN',
  'referer' => 'https://servicewechat.com/wxf24c79e7f9eb5a96/2/page-frame.html',
  'accept-encoding' => 'gzip',
  'charset' => 'utf-8',
  'content-type' => 'application/json',
  'content-length' => '145',
)
[ info ] [ PARAM ] array (
  'unionid' => 'o8N9TuPTGoXH-yeuJvWGSjWRe7ZM',
  'keyword' => '',
  'sort' => '7',
  'is_top' => false,
  'ordername' => 'complex',
  'ordertype' => 'desc',
  'page' => 1,
  'limit' => 10000,
)
[ info ] [ SESSION ] INIT array (
  'id' => '',
  'var_session_id' => '',
  'prefix' => 'think',
  'type' => '',
  'auto_start' => true,
)
[ info ] [ DB ] INIT mysql
[ info ] [ RUN ] app\api\controller\Goods->GetGoodsList[ /www/wwwroot/ledigou/application/api/controller/Goods.php ]
[ info ] [ LOG ] INIT File
[ sql ] [ DB ] CONNECT:[ UseTime:0.000296s ] mysql:host=localhost;dbname=ledigou;charset=utf8
[ sql ] [ SQL ] SHOW COLUMNS FROM `xin_config` [ RunTime:0.001026s ]
[ sql ] [ SQL ] SELECT * FROM `xin_config` WHERE  `config_id` = 1 LIMIT 1 [ RunTime:0.000265s ]
[ sql ] [ SQL ] SHOW COLUMNS FROM `xin_user` [ RunTime:0.000861s ]
[ sql ] [ SQL ] SELECT * FROM `xin_user` WHERE  `user_unionid` = 'o8N9TuPTGoXH-yeuJvWGSjWRe7ZM' LIMIT 1 [ RunTime:0.000242s ]
[ sql ] [ SQL ] SHOW COLUMNS FROM `xin_warehouse` [ RunTime:0.000736s ]
[ sql ] [ SQL ] SELECT `ware_id` FROM `xin_warehouse` WHERE  `ware_school` = 1 [ RunTime:0.000156s ]
[ sql ] [ SQL ] SHOW COLUMNS FROM `xin_goods` [ RunTime:0.000727s ]
[ sql ] [ SQL ] SELECT * FROM `xin_goods` WHERE  `goods_warehouse` IN (1)  AND `goods_sort` = 7 ORDER BY `goods_is_top` DESC,`goods_id` DESC LIMIT 0,10000 [ RunTime:0.000284s ]
[ sql ] [ SQL ] SHOW COLUMNS FROM `xin_limited` [ RunTime:0.000722s ]
[ sql ] [ SQL ] SELECT * FROM `xin_limited` WHERE  `limited_stime` < 1571664730  AND `limited_etime` > 1571664730  AND `limited_goods` = 36 LIMIT 1 [ RunTime:0.000182s ]
[ sql ] [ SQL ] SELECT * FROM `xin_limited` WHERE  `limited_stime` < 1571664730  AND `limited_etime` > 1571664730  AND `limited_goods` = 22 LIMIT 1 [ RunTime:0.000186s ]
[ sql ] [ SQL ] SELECT * FROM `xin_limited` WHERE  `limited_stime` < 1571664730  AND `limited_etime` > 1571664730  AND `limited_goods` = 21 LIMIT 1 [ RunTime:0.000164s ]
---------------------------------------------------------------
[ 2019-10-21T21:32:13+08:00 ] 113.0.5.232 POST dxc.gqwlcm.com//api/goods/GetGoodsList
[运行时间：0.051290s] [吞吐率：19.50req/s] [内存消耗：2,867.17kb] [文件加载：59]
[ info ] [ LANG ] /www/wwwroot/ledigou/thinkphp/lang/zh-cn.php
[ info ] [ ROUTE ] array (
  'type' => 'module',
  'module' => 
  array (
    0 => 'api',
    1 => 'goods',
    2 => 'GetGoodsList',
  ),
)
[ info ] [ HEADER ] array (
  'connection' => 'Keep-Alive',
  'host' => 'dxc.gqwlcm.com',
  'user-agent' => 'Mozilla/5.0 (Linux; Android 8.0.0; SM-C9000 Build/R16NW; wv) AppleWebKit/537.36 (KHTML, like Gecko) Version/4.0 Chrome/70.0.3538.110 Mobile Safari/537.36 MicroMessenger/7.0.7.1521(0x2700073A) Process/appbrand0 NetType/WIFI Language/zh_CN',
  'referer' => 'https://servicewechat.com/wxf24c79e7f9eb5a96/2/page-frame.html',
  'accept-encoding' => 'gzip',
  'charset' => 'utf-8',
  'content-type' => 'application/json',
  'content-length' => '145',
)
[ info ] [ PARAM ] array (
  'unionid' => 'o8N9TuPTGoXH-yeuJvWGSjWRe7ZM',
  'keyword' => '',
  'sort' => '9',
  'is_top' => false,
  'ordername' => 'complex',
  'ordertype' => 'desc',
  'page' => 1,
  'limit' => 10000,
)
[ info ] [ SESSION ] INIT array (
  'id' => '',
  'var_session_id' => '',
  'prefix' => 'think',
  'type' => '',
  'auto_start' => true,
)
[ info ] [ DB ] INIT mysql
[ info ] [ RUN ] app\api\controller\Goods->GetGoodsList[ /www/wwwroot/ledigou/application/api/controller/Goods.php ]
[ info ] [ LOG ] INIT File
[ sql ] [ DB ] CONNECT:[ UseTime:0.000263s ] mysql:host=localhost;dbname=ledigou;charset=utf8
[ sql ] [ SQL ] SHOW COLUMNS FROM `xin_config` [ RunTime:0.001028s ]
[ sql ] [ SQL ] SELECT * FROM `xin_config` WHERE  `config_id` = 1 LIMIT 1 [ RunTime:0.000246s ]
[ sql ] [ SQL ] SHOW COLUMNS FROM `xin_user` [ RunTime:0.000776s ]
[ sql ] [ SQL ] SELECT * FROM `xin_user` WHERE  `user_unionid` = 'o8N9TuPTGoXH-yeuJvWGSjWRe7ZM' LIMIT 1 [ RunTime:0.000222s ]
[ sql ] [ SQL ] SHOW COLUMNS FROM `xin_warehouse` [ RunTime:0.000752s ]
[ sql ] [ SQL ] SELECT `ware_id` FROM `xin_warehouse` WHERE  `ware_school` = 1 [ RunTime:0.000170s ]
[ sql ] [ SQL ] SHOW COLUMNS FROM `xin_goods` [ RunTime:0.000733s ]
[ sql ] [ SQL ] SELECT * FROM `xin_goods` WHERE  `goods_warehouse` IN (1)  AND `goods_sort` = 9 ORDER BY `goods_is_top` DESC,`goods_id` DESC LIMIT 0,10000 [ RunTime:0.000282s ]
[ sql ] [ SQL ] SHOW COLUMNS FROM `xin_limited` [ RunTime:0.000761s ]
[ sql ] [ SQL ] SELECT * FROM `xin_limited` WHERE  `limited_stime` < 1571664733  AND `limited_etime` > 1571664733  AND `limited_goods` = 37 LIMIT 1 [ RunTime:0.000273s ]
[ sql ] [ SQL ] SELECT * FROM `xin_limited` WHERE  `limited_stime` < 1571664733  AND `limited_etime` > 1571664733  AND `limited_goods` = 34 LIMIT 1 [ RunTime:0.000250s ]
[ sql ] [ SQL ] SELECT * FROM `xin_limited` WHERE  `limited_stime` < 1571664733  AND `limited_etime` > 1571664733  AND `limited_goods` = 33 LIMIT 1 [ RunTime:0.000168s ]
[ sql ] [ SQL ] SELECT * FROM `xin_limited` WHERE  `limited_stime` < 1571664733  AND `limited_etime` > 1571664733  AND `limited_goods` = 32 LIMIT 1 [ RunTime:0.000162s ]
[ sql ] [ SQL ] SELECT * FROM `xin_limited` WHERE  `limited_stime` < 1571664733  AND `limited_etime` > 1571664733  AND `limited_goods` = 31 LIMIT 1 [ RunTime:0.000163s ]
---------------------------------------------------------------
[ 2019-10-21T21:32:23+08:00 ] 113.0.64.234 POST dxc.gqwlcm.com//api/user/GetUserInfo
[运行时间：0.040224s] [吞吐率：24.86req/s] [内存消耗：3,020.87kb] [文件加载：63]
[ info ] [ LANG ] /www/wwwroot/ledigou/thinkphp/lang/zh-cn.php
[ info ] [ ROUTE ] array (
  'type' => 'module',
  'module' => 
  array (
    0 => 'api',
    1 => 'user',
    2 => 'GetUserInfo',
  ),
)
[ info ] [ HEADER ] array (
  'connection' => 'Keep-Alive',
  'host' => 'dxc.gqwlcm.com',
  'user-agent' => 'Mozilla/5.0 (Linux; Android 8.0.0; SM-C9000 Build/R16NW; wv) AppleWebKit/537.36 (KHTML, like Gecko) Version/4.0 Chrome/70.0.3538.110 Mobile Safari/537.36 MicroMessenger/7.0.7.1521(0x2700073A) Process/appbrand0 NetType/WIFI Language/zh_CN',
  'referer' => 'https://servicewechat.com/wxf24c79e7f9eb5a96/2/page-frame.html',
  'accept-encoding' => 'gzip',
  'charset' => 'utf-8',
  'content-type' => 'application/json',
  'content-length' => '40',
)
[ info ] [ PARAM ] array (
  'param' => 'o8N9TuPTGoXH-yeuJvWGSjWRe7ZM',
)
[ info ] [ SESSION ] INIT array (
  'id' => '',
  'var_session_id' => '',
  'prefix' => 'think',
  'type' => '',
  'auto_start' => true,
)
[ info ] [ DB ] INIT mysql
[ info ] [ RUN ] app\api\controller\User->GetUserInfo[ /www/wwwroot/ledigou/application/api/controller/User.php ]
[ info ] [ LOG ] INIT File
[ sql ] [ DB ] CONNECT:[ UseTime:0.000343s ] mysql:host=localhost;dbname=ledigou;charset=utf8
[ sql ] [ SQL ] SHOW COLUMNS FROM `xin_config` [ RunTime:0.002660s ]
[ sql ] [ SQL ] SELECT * FROM `xin_config` WHERE  `config_id` = 1 LIMIT 1 [ RunTime:0.000378s ]
[ sql ] [ SQL ] SHOW COLUMNS FROM `xin_user` [ RunTime:0.000988s ]
[ sql ] [ SQL ] SELECT * FROM `xin_user` WHERE  `user_unionid` = 'o8N9TuPTGoXH-yeuJvWGSjWRe7ZM' LIMIT 1 [ RunTime:0.000289s ]
---------------------------------------------------------------
[ 2019-10-21T21:32:23+08:00 ] 113.0.64.234 POST dxc.gqwlcm.com//api/Sort/GetSortList
[运行时间：0.038981s] [吞吐率：25.65req/s] [内存消耗：2,669.88kb] [文件加载：55]
[ info ] [ LANG ] /www/wwwroot/ledigou/thinkphp/lang/zh-cn.php
[ info ] [ ROUTE ] array (
  'type' => 'module',
  'module' => 
  array (
    0 => 'api',
    1 => 'Sort',
    2 => 'GetSortList',
  ),
)
[ info ] [ HEADER ] array (
  'connection' => 'Keep-Alive',
  'host' => 'dxc.gqwlcm.com',
  'user-agent' => 'Mozilla/5.0 (Linux; Android 8.0.0; SM-C9000 Build/R16NW; wv) AppleWebKit/537.36 (KHTML, like Gecko) Version/4.0 Chrome/70.0.3538.110 Mobile Safari/537.36 MicroMessenger/7.0.7.1521(0x2700073A) Process/appbrand0 NetType/WIFI Language/zh_CN',
  'referer' => 'https://servicewechat.com/wxf24c79e7f9eb5a96/2/page-frame.html',
  'accept-encoding' => 'gzip',
  'charset' => 'utf-8',
  'content-type' => 'application/json',
  'content-length' => '15',
)
[ info ] [ PARAM ] array (
  'limit' => 10000,
)
[ info ] [ DB ] INIT mysql
[ info ] [ SESSION ] INIT array (
  'id' => '',
  'var_session_id' => '',
  'prefix' => 'think',
  'type' => '',
  'auto_start' => true,
)
[ info ] [ RUN ] app\api\controller\Sort->GetSortList[ /www/wwwroot/ledigou/application/api/controller/Sort.php ]
[ info ] [ LOG ] INIT File
[ sql ] [ DB ] CONNECT:[ UseTime:0.000268s ] mysql:host=localhost;dbname=ledigou;charset=utf8
[ sql ] [ SQL ] SHOW COLUMNS FROM `xin_config` [ RunTime:0.001011s ]
[ sql ] [ SQL ] SELECT * FROM `xin_config` WHERE  `config_id` = 1 LIMIT 1 [ RunTime:0.000255s ]
[ sql ] [ SQL ] SHOW COLUMNS FROM `xin_goods_sort` [ RunTime:0.000689s ]
[ sql ] [ SQL ] SELECT * FROM `xin_goods_sort` WHERE  `sort_status` = 1 ORDER BY `sort_rank` DESC LIMIT 0,10000 [ RunTime:0.000396s ]
---------------------------------------------------------------
[ 2019-10-21T21:32:24+08:00 ] 122.159.13.65 POST dxc.gqwlcm.com//api/order/GetOrderList
[运行时间：0.030426s] [吞吐率：32.87req/s] [内存消耗：2,977.18kb] [文件加载：62]
[ info ] [ LANG ] /www/wwwroot/ledigou/thinkphp/lang/zh-cn.php
[ info ] [ ROUTE ] array (
  'type' => 'module',
  'module' => 
  array (
    0 => 'api',
    1 => 'order',
    2 => 'GetOrderList',
  ),
)
[ info ] [ HEADER ] array (
  'connection' => 'Keep-Alive',
  'host' => 'dxc.gqwlcm.com',
  'user-agent' => 'Mozilla/5.0 (Linux; Android 8.0.0; SM-C9000 Build/R16NW; wv) AppleWebKit/537.36 (KHTML, like Gecko) Version/4.0 Chrome/70.0.3538.110 Mobile Safari/537.36 MicroMessenger/7.0.7.1521(0x2700073A) Process/appbrand0 NetType/WIFI Language/zh_CN',
  'referer' => 'https://servicewechat.com/wxf24c79e7f9eb5a96/2/page-frame.html',
  'accept-encoding' => 'gzip',
  'charset' => 'utf-8',
  'content-type' => 'application/json',
  'content-length' => '70',
)
[ info ] [ PARAM ] array (
  'unionid' => 'o8N9TuPTGoXH-yeuJvWGSjWRe7ZM',
  'type' => 'task',
  'status' => '-1',
)
[ info ] [ DB ] INIT mysql
[ info ] [ SESSION ] INIT array (
  'id' => '',
  'var_session_id' => '',
  'prefix' => 'think',
  'type' => '',
  'auto_start' => true,
)
[ info ] [ RUN ] app\api\controller\Order->GetOrderList[ /www/wwwroot/ledigou/application/api/controller/Order.php ]
[ info ] [ LOG ] INIT File
[ sql ] [ DB ] CONNECT:[ UseTime:0.000266s ] mysql:host=localhost;dbname=ledigou;charset=utf8
[ sql ] [ SQL ] SHOW COLUMNS FROM `xin_config` [ RunTime:0.001015s ]
[ sql ] [ SQL ] SELECT * FROM `xin_config` WHERE  `config_id` = 1 LIMIT 1 [ RunTime:0.000246s ]
[ sql ] [ SQL ] SHOW COLUMNS FROM `xin_user` [ RunTime:0.000776s ]
[ sql ] [ SQL ] SELECT * FROM `xin_user` WHERE  `user_unionid` = 'o8N9TuPTGoXH-yeuJvWGSjWRe7ZM' LIMIT 1 [ RunTime:0.000233s ]
[ sql ] [ SQL ] SHOW COLUMNS FROM `xin_order` [ RunTime:0.000812s ]
[ sql ] [ SQL ] SELECT * FROM `xin_order` `o` INNER JOIN `xin_task` `t` ON `o`.`order_task`=`t`.`task_id` WHERE  `order_desc` = '跑腿任务'  AND `o`.`order_user` = 32  AND `o`.`order_task` <> 0 [ RunTime:0.000403s ]
---------------------------------------------------------------
[ 2019-10-21T22:06:16+08:00 ] 128.14.134.134 GET 161.117.4.120/remote/login
[运行时间：0.016271s] [吞吐率：61.46req/s] [内存消耗：1,435.40kb] [文件加载：40]
[ info ] [ LANG ] /www/wwwroot/ledigou/thinkphp/lang/zh-cn.php
[ info ] [ ROUTE ] array (
  'type' => 'module',
  'module' => 
  array (
    0 => 'remote',
    1 => 'login',
    2 => NULL,
  ),
)
[ info ] [ HEADER ] array (
  'accept-encoding' => 'gzip',
  'accept' => '*/*',
  'user-agent' => 'Mozilla/5.0 (Windows NT 10.0; Win64; x64) AppleWebKit/537.36 (KHTML, like Gecko) Chrome/60.0.3112.113 Safari/537.36',
  'host' => '161.117.4.120',
)
[ info ] [ PARAM ] array (
)
[ info ] [ LOG ] INIT File
---------------------------------------------------------------
[ 2019-10-21T23:01:49+08:00 ] 159.203.193.251 GET 161.117.4.120/
[运行时间：0.025923s] [吞吐率：38.58req/s] [内存消耗：2,781.12kb] [文件加载：58]
[ info ] [ LANG ] /www/wwwroot/ledigou/thinkphp/lang/zh-cn.php
[ info ] [ ROUTE ] array (
  'type' => 'module',
  'module' => 
  array (
    0 => '',
    1 => NULL,
    2 => NULL,
  ),
)
[ info ] [ HEADER ] array (
  'accept-encoding' => 'gzip',
  'accept' => '*/*',
  'user-agent' => 'Mozilla/5.0 zgrab/0.x',
  'host' => '161.117.4.120',
)
[ info ] [ PARAM ] array (
)
[ info ] [ SESSION ] INIT array (
  'id' => '',
  'var_session_id' => '',
  'prefix' => 'think',
  'type' => '',
  'auto_start' => true,
)
[ info ] [ DB ] INIT mysql
[ info ] [ LOG ] INIT File
[ sql ] [ DB ] CONNECT:[ UseTime:0.000291s ] mysql:host=localhost;dbname=ledigou;charset=utf8
[ sql ] [ SQL ] SHOW COLUMNS FROM `xin_config` [ RunTime:0.001039s ]
[ sql ] [ SQL ] SELECT * FROM `xin_config` WHERE  `config_id` = 1 LIMIT 1 [ RunTime:0.000430s ]
---------------------------------------------------------------
[ 2019-10-21T23:40:13+08:00 ] 137.226.113.28 GET www.forlavida.com/
[运行时间：0.054597s] [吞吐率：18.32req/s] [内存消耗：2,781.34kb] [文件加载：58]
[ info ] [ LANG ] /www/wwwroot/ledigou/thinkphp/lang/zh-cn.php
[ info ] [ ROUTE ] array (
  'type' => 'module',
  'module' => 
  array (
    0 => '',
    1 => NULL,
    2 => NULL,
  ),
)
[ info ] [ HEADER ] array (
  'accept-encoding' => 'gzip',
  'user-agent' => 'Mozilla/5.0 zgrab/0.x (compatible; Researchscan/t13rl; +http://researchscan.comsys.rwth-aachen.de)',
  'host' => 'www.forlavida.com',
)
[ info ] [ PARAM ] array (
)
[ info ] [ SESSION ] INIT array (
  'id' => '',
  'var_session_id' => '',
  'prefix' => 'think',
  'type' => '',
  'auto_start' => true,
)
[ info ] [ DB ] INIT mysql
[ info ] [ LOG ] INIT File
[ sql ] [ DB ] CONNECT:[ UseTime:0.000262s ] mysql:host=localhost;dbname=ledigou;charset=utf8
[ sql ] [ SQL ] SHOW COLUMNS FROM `xin_config` [ RunTime:0.000989s ]
[ sql ] [ SQL ] SELECT * FROM `xin_config` WHERE  `config_id` = 1 LIMIT 1 [ RunTime:0.000247s ]
---------------------------------------------------------------
[ 2019-10-21T23:40:15+08:00 ] 137.226.113.28 GET 161.117.4.120:443/index/wechat/login.html
[运行时间：0.132835s] [吞吐率：7.53req/s] [内存消耗：2,723.82kb] [文件加载：55]
[ info ] [ LANG ] /www/wwwroot/ledigou/thinkphp/lang/zh-cn.php
[ info ] [ ROUTE ] array (
  'type' => 'module',
  'module' => 
  array (
    0 => 'index',
    1 => 'wechat',
    2 => 'login',
  ),
)
[ info ] [ HEADER ] array (
  'accept-encoding' => 'gzip',
  'referer' => 'https://161.117.4.120:443/',
  'user-agent' => 'Mozilla/5.0 zgrab/0.x (compatible; Researchscan/t13rl; +http://researchscan.comsys.rwth-aachen.de)',
  'host' => '161.117.4.120:443',
)
[ info ] [ PARAM ] array (
)
[ info ] [ SESSION ] INIT array (
  'id' => '',
  'var_session_id' => '',
  'prefix' => 'think',
  'type' => '',
  'auto_start' => true,
)
[ info ] [ DB ] INIT mysql
[ info ] [ RUN ] app\index\controller\Wechat->Login[ /www/wwwroot/ledigou/application/index/controller/Wechat.php ]
[ info ] [ LOG ] INIT File
[ sql ] [ DB ] CONNECT:[ UseTime:0.000265s ] mysql:host=localhost;dbname=ledigou;charset=utf8
[ sql ] [ SQL ] SHOW COLUMNS FROM `xin_config` [ RunTime:0.000957s ]
[ sql ] [ SQL ] SELECT * FROM `xin_config` WHERE  `config_id` = 1 LIMIT 1 [ RunTime:0.000255s ]
