---------------------------------------------------------------
[ 2019-10-25T00:15:42+08:00 ] 82.202.161.133 GET ibtv.cc/
[è¿è¡Œæ—¶é—´ï¼š0.027898s] [åžåçŽ‡ï¼š35.84req/s] [å†…å­˜æ¶ˆè€—ï¼š2,781.42kb] [æ–‡ä»¶åŠ è½½ï¼š58]
[ info ] [ LANG ] /www/wwwroot/ledigou/thinkphp/lang/zh-cn.php
[ info ] [ ROUTE ] array (
  'type' => 'module',
  'module' => 
  array (
    0 => '',
    1 => NULL,
    2 => NULL,
  ),
)
[ info ] [ HEADER ] array (
  'accept-encoding' => 'gzip, deflate',
  'accept' => '*/*',
  'user-agent' => 'Mozilla/5.0 (X11; Linux x86_64) AppleWebKit/537.36 (KHTML, like Gecko) Chrome/76.0.3809.100 Safari/537.36',
  'host' => 'ibtv.cc',
)
[ info ] [ PARAM ] array (
)
[ info ] [ SESSION ] INIT array (
  'id' => '',
  'var_session_id' => '',
  'prefix' => 'think',
  'type' => '',
  'auto_start' => true,
)
[ info ] [ DB ] INIT mysql
[ info ] [ LOG ] INIT File
[ sql ] [ DB ] CONNECT:[ UseTime:0.000268s ] mysql:host=localhost;dbname=ledigou;charset=utf8
[ sql ] [ SQL ] SHOW COLUMNS FROM `xin_config` [ RunTime:0.001092s ]
[ sql ] [ SQL ] SELECT * FROM `xin_config` WHERE  `config_id` = 1 LIMIT 1 [ RunTime:0.000284s ]
---------------------------------------------------------------
[ 2019-10-25T00:15:43+08:00 ] 82.202.161.133 GET ibtv.cc/index/wechat/login.html
[è¿è¡Œæ—¶é—´ï¼š0.027667s] [åžåçŽ‡ï¼š36.14req/s] [å†…å­˜æ¶ˆè€—ï¼š2,724.55kb] [æ–‡ä»¶åŠ è½½ï¼š55]
[ info ] [ LANG ] /www/wwwroot/ledigou/thinkphp/lang/zh-cn.php
[ info ] [ ROUTE ] array (
  'type' => 'module',
  'module' => 
  array (
    0 => 'index',
    1 => 'wechat',
    2 => 'login',
  ),
)
[ info ] [ HEADER ] array (
  'accept-encoding' => 'gzip, deflate',
  'accept' => '*/*',
  'user-agent' => 'Mozilla/5.0 (X11; Linux x86_64) AppleWebKit/537.36 (KHTML, like Gecko) Chrome/76.0.3809.100 Safari/537.36',
  'host' => 'ibtv.cc',
)
[ info ] [ PARAM ] array (
)
[ info ] [ SESSION ] INIT array (
  'id' => '',
  'var_session_id' => '',
  'prefix' => 'think',
  'type' => '',
  'auto_start' => true,
)
[ info ] [ DB ] INIT mysql
[ info ] [ RUN ] app\index\controller\Wechat->Login[ /www/wwwroot/ledigou/application/index/controller/Wechat.php ]
[ info ] [ LOG ] INIT File
[ sql ] [ DB ] CONNECT:[ UseTime:0.000268s ] mysql:host=localhost;dbname=ledigou;charset=utf8
[ sql ] [ SQL ] SHOW COLUMNS FROM `xin_config` [ RunTime:0.000982s ]
[ sql ] [ SQL ] SELECT * FROM `xin_config` WHERE  `config_id` = 1 LIMIT 1 [ RunTime:0.000239s ]
---------------------------------------------------------------
[ 2019-10-25T01:42:12+08:00 ] 93.174.93.84 GET 161.117.4.120/dms/cisco-spa-122/122.xml
[è¿è¡Œæ—¶é—´ï¼š0.013625s] [åžåçŽ‡ï¼š73.39req/s] [å†…å­˜æ¶ˆè€—ï¼š1,455.45kb] [æ–‡ä»¶åŠ è½½ï¼š40]
[ info ] [ LANG ] /www/wwwroot/ledigou/thinkphp/lang/zh-cn.php
[ info ] [ ROUTE ] array (
  'type' => 'module',
  'module' => 
  array (
    0 => 'dms',
    1 => 'cisco-spa-122',
    2 => '122.xml',
  ),
)
[ info ] [ HEADER ] array (
  'connection' => 'Keep-Alive',
  'host' => '161.117.4.120',
  'user-agent' => 'Mozilla/5.0 (Windows NT 6.1; Win64; x64; rv:56.0) Gecko/20100101 Firefox/56.0',
)
[ info ] [ PARAM ] array (
)
[ info ] [ LOG ] INIT File
---------------------------------------------------------------
[ 2019-10-25T01:42:13+08:00 ] 93.174.93.84 GET 161.117.4.120/dms/cisco/spa122/122.xml
[è¿è¡Œæ—¶é—´ï¼š0.013770s] [åžåçŽ‡ï¼š72.62req/s] [å†…å­˜æ¶ˆè€—ï¼š1,455.25kb] [æ–‡ä»¶åŠ è½½ï¼š40]
[ info ] [ LANG ] /www/wwwroot/ledigou/thinkphp/lang/zh-cn.php
[ info ] [ ROUTE ] array (
  'type' => 'module',
  'module' => 
  array (
    0 => 'dms',
    1 => 'cisco',
    2 => 'spa122',
  ),
)
[ info ] [ HEADER ] array (
  'host' => '161.117.4.120',
  'user-agent' => 'Mozilla/5.0 (Windows NT 6.1; Win64; x64; rv:56.0) Gecko/20100101 Firefox/56.0',
)
[ info ] [ PARAM ] array (
)
[ info ] [ LOG ] INIT File
---------------------------------------------------------------
[ 2019-10-25T01:42:14+08:00 ] 93.174.93.84 GET 161.117.4.120/dms/Cisco122/122.xml
[è¿è¡Œæ—¶é—´ï¼š0.013781s] [åžåçŽ‡ï¼š72.56req/s] [å†…å­˜æ¶ˆè€—ï¼š1,455.28kb] [æ–‡ä»¶åŠ è½½ï¼š40]
[ info ] [ LANG ] /www/wwwroot/ledigou/thinkphp/lang/zh-cn.php
[ info ] [ ROUTE ] array (
  'type' => 'module',
  'module' => 
  array (
    0 => 'dms',
    1 => 'Cisco122',
    2 => '122.xml',
  ),
)
[ info ] [ HEADER ] array (
  'host' => '161.117.4.120',
  'user-agent' => 'Mozilla/5.0 (Windows NT 6.1; Win64; x64; rv:56.0) Gecko/20100101 Firefox/56.0',
)
[ info ] [ PARAM ] array (
)
[ info ] [ LOG ] INIT File
---------------------------------------------------------------
[ 2019-10-25T01:42:15+08:00 ] 93.174.93.84 GET 161.117.4.120/dms/cisco-spa-112/112.xml
[è¿è¡Œæ—¶é—´ï¼š0.014658s] [åžåçŽ‡ï¼š68.22req/s] [å†…å­˜æ¶ˆè€—ï¼š1,455.29kb] [æ–‡ä»¶åŠ è½½ï¼š40]
[ info ] [ LANG ] /www/wwwroot/ledigou/thinkphp/lang/zh-cn.php
[ info ] [ ROUTE ] array (
  'type' => 'module',
  'module' => 
  array (
    0 => 'dms',
    1 => 'cisco-spa-112',
    2 => '112.xml',
  ),
)
[ info ] [ HEADER ] array (
  'host' => '161.117.4.120',
  'user-agent' => 'Mozilla/5.0 (Windows NT 6.1; Win64; x64; rv:56.0) Gecko/20100101 Firefox/56.0',
)
[ info ] [ PARAM ] array (
)
[ info ] [ LOG ] INIT File
---------------------------------------------------------------
[ 2019-10-25T01:42:17+08:00 ] 93.174.93.84 GET 161.117.4.120/dms/cisco/spa112/112.xml
[è¿è¡Œæ—¶é—´ï¼š0.013414s] [åžåçŽ‡ï¼š74.55req/s] [å†…å­˜æ¶ˆè€—ï¼š1,455.25kb] [æ–‡ä»¶åŠ è½½ï¼š40]
[ info ] [ LANG ] /www/wwwroot/ledigou/thinkphp/lang/zh-cn.php
[ info ] [ ROUTE ] array (
  'type' => 'module',
  'module' => 
  array (
    0 => 'dms',
    1 => 'cisco',
    2 => 'spa112',
  ),
)
[ info ] [ HEADER ] array (
  'host' => '161.117.4.120',
  'user-agent' => 'Mozilla/5.0 (Windows NT 6.1; Win64; x64; rv:56.0) Gecko/20100101 Firefox/56.0',
)
[ info ] [ PARAM ] array (
)
[ info ] [ LOG ] INIT File
---------------------------------------------------------------
[ 2019-10-25T01:46:14+08:00 ] 93.174.93.84 GET 161.117.4.120/dms/Cisco112/112.xml
[è¿è¡Œæ—¶é—´ï¼š0.013089s] [åžåçŽ‡ï¼š76.40req/s] [å†…å­˜æ¶ˆè€—ï¼š1,455.45kb] [æ–‡ä»¶åŠ è½½ï¼š40]
[ info ] [ LANG ] /www/wwwroot/ledigou/thinkphp/lang/zh-cn.php
[ info ] [ ROUTE ] array (
  'type' => 'module',
  'module' => 
  array (
    0 => 'dms',
    1 => 'Cisco112',
    2 => '112.xml',
  ),
)
[ info ] [ HEADER ] array (
  'connection' => 'Keep-Alive',
  'host' => '161.117.4.120',
  'user-agent' => 'Mozilla/5.0 (Windows NT 6.1; Win64; x64; rv:56.0) Gecko/20100101 Firefox/56.0',
)
[ info ] [ PARAM ] array (
)
[ info ] [ LOG ] INIT File
---------------------------------------------------------------
[ 2019-10-25T01:46:15+08:00 ] 93.174.93.84 GET 161.117.4.120/dms/cisco-spa-525/525.xml
[è¿è¡Œæ—¶é—´ï¼š0.014053s] [åžåçŽ‡ï¼š71.16req/s] [å†…å­˜æ¶ˆè€—ï¼š1,455.29kb] [æ–‡ä»¶åŠ è½½ï¼š40]
[ info ] [ LANG ] /www/wwwroot/ledigou/thinkphp/lang/zh-cn.php
[ info ] [ ROUTE ] array (
  'type' => 'module',
  'module' => 
  array (
    0 => 'dms',
    1 => 'cisco-spa-525',
    2 => '525.xml',
  ),
)
[ info ] [ HEADER ] array (
  'host' => '161.117.4.120',
  'user-agent' => 'Mozilla/5.0 (Windows NT 6.1; Win64; x64; rv:56.0) Gecko/20100101 Firefox/56.0',
)
[ info ] [ PARAM ] array (
)
[ info ] [ LOG ] INIT File
---------------------------------------------------------------
[ 2019-10-25T01:46:17+08:00 ] 93.174.93.84 GET 161.117.4.120/dms/cisco/spa525/525.xml
[è¿è¡Œæ—¶é—´ï¼š0.015128s] [åžåçŽ‡ï¼š66.10req/s] [å†…å­˜æ¶ˆè€—ï¼š1,455.25kb] [æ–‡ä»¶åŠ è½½ï¼š40]
[ info ] [ LANG ] /www/wwwroot/ledigou/thinkphp/lang/zh-cn.php
[ info ] [ ROUTE ] array (
  'type' => 'module',
  'module' => 
  array (
    0 => 'dms',
    1 => 'cisco',
    2 => 'spa525',
  ),
)
[ info ] [ HEADER ] array (
  'host' => '161.117.4.120',
  'user-agent' => 'Mozilla/5.0 (Windows NT 6.1; Win64; x64; rv:56.0) Gecko/20100101 Firefox/56.0',
)
[ info ] [ PARAM ] array (
)
[ info ] [ LOG ] INIT File
---------------------------------------------------------------
[ 2019-10-25T01:46:18+08:00 ] 93.174.93.84 GET 161.117.4.120/dms/Cisco525/525.xml
[è¿è¡Œæ—¶é—´ï¼š0.015329s] [åžåçŽ‡ï¼š65.24req/s] [å†…å­˜æ¶ˆè€—ï¼š1,455.28kb] [æ–‡ä»¶åŠ è½½ï¼š40]
[ info ] [ LANG ] /www/wwwroot/ledigou/thinkphp/lang/zh-cn.php
[ info ] [ ROUTE ] array (
  'type' => 'module',
  'module' => 
  array (
    0 => 'dms',
    1 => 'Cisco525',
    2 => '525.xml',
  ),
)
[ info ] [ HEADER ] array (
  'host' => '161.117.4.120',
  'user-agent' => 'Mozilla/5.0 (Windows NT 6.1; Win64; x64; rv:56.0) Gecko/20100101 Firefox/56.0',
)
[ info ] [ PARAM ] array (
)
[ info ] [ LOG ] INIT File
---------------------------------------------------------------
[ 2019-10-25T01:46:19+08:00 ] 93.174.93.84 GET 161.117.4.120/dms/cisco-spa-504/504.xml
[è¿è¡Œæ—¶é—´ï¼š0.014140s] [åžåçŽ‡ï¼š70.72req/s] [å†…å­˜æ¶ˆè€—ï¼š1,455.29kb] [æ–‡ä»¶åŠ è½½ï¼š40]
[ info ] [ LANG ] /www/wwwroot/ledigou/thinkphp/lang/zh-cn.php
[ info ] [ ROUTE ] array (
  'type' => 'module',
  'module' => 
  array (
    0 => 'dms',
    1 => 'cisco-spa-504',
    2 => '504.xml',
  ),
)
[ info ] [ HEADER ] array (
  'host' => '161.117.4.120',
  'user-agent' => 'Mozilla/5.0 (Windows NT 6.1; Win64; x64; rv:56.0) Gecko/20100101 Firefox/56.0',
)
[ info ] [ PARAM ] array (
)
[ info ] [ LOG ] INIT File
---------------------------------------------------------------
[ 2019-10-25T01:48:23+08:00 ] 93.174.93.84 GET 161.117.4.120/dms/cisco/spa504/504.xml
[è¿è¡Œæ—¶é—´ï¼š0.014513s] [åžåçŽ‡ï¼š68.90req/s] [å†…å­˜æ¶ˆè€—ï¼š1,455.41kb] [æ–‡ä»¶åŠ è½½ï¼š40]
[ info ] [ LANG ] /www/wwwroot/ledigou/thinkphp/lang/zh-cn.php
[ info ] [ ROUTE ] array (
  'type' => 'module',
  'module' => 
  array (
    0 => 'dms',
    1 => 'cisco',
    2 => 'spa504',
  ),
)
[ info ] [ HEADER ] array (
  'connection' => 'Keep-Alive',
  'host' => '161.117.4.120',
  'user-agent' => 'Mozilla/5.0 (Windows NT 6.1; Win64; x64; rv:56.0) Gecko/20100101 Firefox/56.0',
)
[ info ] [ PARAM ] array (
)
[ info ] [ LOG ] INIT File
---------------------------------------------------------------
[ 2019-10-25T01:48:24+08:00 ] 93.174.93.84 GET 161.117.4.120/dms/Cisco504/504.xml
[è¿è¡Œæ—¶é—´ï¼š0.014399s] [åžåçŽ‡ï¼š69.45req/s] [å†…å­˜æ¶ˆè€—ï¼š1,455.28kb] [æ–‡ä»¶åŠ è½½ï¼š40]
[ info ] [ LANG ] /www/wwwroot/ledigou/thinkphp/lang/zh-cn.php
[ info ] [ ROUTE ] array (
  'type' => 'module',
  'module' => 
  array (
    0 => 'dms',
    1 => 'Cisco504',
    2 => '504.xml',
  ),
)
[ info ] [ HEADER ] array (
  'host' => '161.117.4.120',
  'user-agent' => 'Mozilla/5.0 (Windows NT 6.1; Win64; x64; rv:56.0) Gecko/20100101 Firefox/56.0',
)
[ info ] [ PARAM ] array (
)
[ info ] [ LOG ] INIT File
---------------------------------------------------------------
[ 2019-10-25T01:48:25+08:00 ] 93.174.93.84 GET 161.117.4.120/dms/cisco-spa-303/303.xml
[è¿è¡Œæ—¶é—´ï¼š0.013012s] [åžåçŽ‡ï¼š76.85req/s] [å†…å­˜æ¶ˆè€—ï¼š1,455.29kb] [æ–‡ä»¶åŠ è½½ï¼š40]
[ info ] [ LANG ] /www/wwwroot/ledigou/thinkphp/lang/zh-cn.php
[ info ] [ ROUTE ] array (
  'type' => 'module',
  'module' => 
  array (
    0 => 'dms',
    1 => 'cisco-spa-303',
    2 => '303.xml',
  ),
)
[ info ] [ HEADER ] array (
  'host' => '161.117.4.120',
  'user-agent' => 'Mozilla/5.0 (Windows NT 6.1; Win64; x64; rv:56.0) Gecko/20100101 Firefox/56.0',
)
[ info ] [ PARAM ] array (
)
[ info ] [ LOG ] INIT File
---------------------------------------------------------------
[ 2019-10-25T01:48:26+08:00 ] 93.174.93.84 GET 161.117.4.120/dms/cisco/spa303/303.xml
[è¿è¡Œæ—¶é—´ï¼š0.013356s] [åžåçŽ‡ï¼š74.87req/s] [å†…å­˜æ¶ˆè€—ï¼š1,455.25kb] [æ–‡ä»¶åŠ è½½ï¼š40]
[ info ] [ LANG ] /www/wwwroot/ledigou/thinkphp/lang/zh-cn.php
[ info ] [ ROUTE ] array (
  'type' => 'module',
  'module' => 
  array (
    0 => 'dms',
    1 => 'cisco',
    2 => 'spa303',
  ),
)
[ info ] [ HEADER ] array (
  'host' => '161.117.4.120',
  'user-agent' => 'Mozilla/5.0 (Windows NT 6.1; Win64; x64; rv:56.0) Gecko/20100101 Firefox/56.0',
)
[ info ] [ PARAM ] array (
)
[ info ] [ LOG ] INIT File
---------------------------------------------------------------
[ 2019-10-25T01:48:27+08:00 ] 93.174.93.84 GET 161.117.4.120/dms/Cisco303/303.xml
[è¿è¡Œæ—¶é—´ï¼š0.017363s] [åžåçŽ‡ï¼š57.59req/s] [å†…å­˜æ¶ˆè€—ï¼š1,455.28kb] [æ–‡ä»¶åŠ è½½ï¼š40]
[ info ] [ LANG ] /www/wwwroot/ledigou/thinkphp/lang/zh-cn.php
[ info ] [ ROUTE ] array (
  'type' => 'module',
  'module' => 
  array (
    0 => 'dms',
    1 => 'Cisco303',
    2 => '303.xml',
  ),
)
[ info ] [ HEADER ] array (
  'host' => '161.117.4.120',
  'user-agent' => 'Mozilla/5.0 (Windows NT 6.1; Win64; x64; rv:56.0) Gecko/20100101 Firefox/56.0',
)
[ info ] [ PARAM ] array (
)
[ info ] [ LOG ] INIT File
---------------------------------------------------------------
[ 2019-10-25T01:48:57+08:00 ] 93.174.93.84 GET 161.117.4.120/dms/cisco-spa-509/509.xml
[è¿è¡Œæ—¶é—´ï¼š0.014506s] [åžåçŽ‡ï¼š68.94req/s] [å†…å­˜æ¶ˆè€—ï¼š1,455.45kb] [æ–‡ä»¶åŠ è½½ï¼š40]
[ info ] [ LANG ] /www/wwwroot/ledigou/thinkphp/lang/zh-cn.php
[ info ] [ ROUTE ] array (
  'type' => 'module',
  'module' => 
  array (
    0 => 'dms',
    1 => 'cisco-spa-509',
    2 => '509.xml',
  ),
)
[ info ] [ HEADER ] array (
  'connection' => 'Keep-Alive',
  'host' => '161.117.4.120',
  'user-agent' => 'Mozilla/5.0 (Windows NT 6.1; Win64; x64; rv:56.0) Gecko/20100101 Firefox/56.0',
)
[ info ] [ PARAM ] array (
)
[ info ] [ LOG ] INIT File
---------------------------------------------------------------
[ 2019-10-25T01:48:58+08:00 ] 93.174.93.84 GET 161.117.4.120/dms/cisco/spa509/509.xml
[è¿è¡Œæ—¶é—´ï¼š0.013783s] [åžåçŽ‡ï¼š72.55req/s] [å†…å­˜æ¶ˆè€—ï¼š1,455.25kb] [æ–‡ä»¶åŠ è½½ï¼š40]
[ info ] [ LANG ] /www/wwwroot/ledigou/thinkphp/lang/zh-cn.php
[ info ] [ ROUTE ] array (
  'type' => 'module',
  'module' => 
  array (
    0 => 'dms',
    1 => 'cisco',
    2 => 'spa509',
  ),
)
[ info ] [ HEADER ] array (
  'host' => '161.117.4.120',
  'user-agent' => 'Mozilla/5.0 (Windows NT 6.1; Win64; x64; rv:56.0) Gecko/20100101 Firefox/56.0',
)
[ info ] [ PARAM ] array (
)
[ info ] [ LOG ] INIT File
---------------------------------------------------------------
[ 2019-10-25T01:48:59+08:00 ] 93.174.93.84 GET 161.117.4.120/dms/Cisco509/509.xml
[è¿è¡Œæ—¶é—´ï¼š0.013025s] [åžåçŽ‡ï¼š76.78req/s] [å†…å­˜æ¶ˆè€—ï¼š1,455.28kb] [æ–‡ä»¶åŠ è½½ï¼š40]
[ info ] [ LANG ] /www/wwwroot/ledigou/thinkphp/lang/zh-cn.php
[ info ] [ ROUTE ] array (
  'type' => 'module',
  'module' => 
  array (
    0 => 'dms',
    1 => 'Cisco509',
    2 => '509.xml',
  ),
)
[ info ] [ HEADER ] array (
  'host' => '161.117.4.120',
  'user-agent' => 'Mozilla/5.0 (Windows NT 6.1; Win64; x64; rv:56.0) Gecko/20100101 Firefox/56.0',
)
[ info ] [ PARAM ] array (
)
[ info ] [ LOG ] INIT File
---------------------------------------------------------------
[ 2019-10-25T01:49:00+08:00 ] 93.174.93.84 GET 161.117.4.120/dms/cisco-spa-508/508.xml
[è¿è¡Œæ—¶é—´ï¼š0.013152s] [åžåçŽ‡ï¼š76.03req/s] [å†…å­˜æ¶ˆè€—ï¼š1,455.29kb] [æ–‡ä»¶åŠ è½½ï¼š40]
[ info ] [ LANG ] /www/wwwroot/ledigou/thinkphp/lang/zh-cn.php
[ info ] [ ROUTE ] array (
  'type' => 'module',
  'module' => 
  array (
    0 => 'dms',
    1 => 'cisco-spa-508',
    2 => '508.xml',
  ),
)
[ info ] [ HEADER ] array (
  'host' => '161.117.4.120',
  'user-agent' => 'Mozilla/5.0 (Windows NT 6.1; Win64; x64; rv:56.0) Gecko/20100101 Firefox/56.0',
)
[ info ] [ PARAM ] array (
)
[ info ] [ LOG ] INIT File
---------------------------------------------------------------
[ 2019-10-25T01:49:01+08:00 ] 93.174.93.84 GET 161.117.4.120/dms/cisco/spa508/508.xml
[è¿è¡Œæ—¶é—´ï¼š0.015924s] [åžåçŽ‡ï¼š62.80req/s] [å†…å­˜æ¶ˆè€—ï¼š1,455.25kb] [æ–‡ä»¶åŠ è½½ï¼š40]
[ info ] [ LANG ] /www/wwwroot/ledigou/thinkphp/lang/zh-cn.php
[ info ] [ ROUTE ] array (
  'type' => 'module',
  'module' => 
  array (
    0 => 'dms',
    1 => 'cisco',
    2 => 'spa508',
  ),
)
[ info ] [ HEADER ] array (
  'host' => '161.117.4.120',
  'user-agent' => 'Mozilla/5.0 (Windows NT 6.1; Win64; x64; rv:56.0) Gecko/20100101 Firefox/56.0',
)
[ info ] [ PARAM ] array (
)
[ info ] [ LOG ] INIT File
---------------------------------------------------------------
[ 2019-10-25T02:14:25+08:00 ] 128.14.134.134 GET 161.117.4.120/
[è¿è¡Œæ—¶é—´ï¼š0.054977s] [åžåçŽ‡ï¼š18.19req/s] [å†…å­˜æ¶ˆè€—ï¼š2,781.49kb] [æ–‡ä»¶åŠ è½½ï¼š58]
[ info ] [ LANG ] /www/wwwroot/ledigou/thinkphp/lang/zh-cn.php
[ info ] [ ROUTE ] array (
  'type' => 'module',
  'module' => 
  array (
    0 => '',
    1 => NULL,
    2 => NULL,
  ),
)
[ info ] [ HEADER ] array (
  'accept-encoding' => 'gzip',
  'accept' => '*/*',
  'user-agent' => 'Mozilla/5.0 (Windows NT 10.0; Win64; x64) AppleWebKit/537.36 (KHTML, like Gecko) Chrome/60.0.3112.113 Safari/537.36',
  'host' => '161.117.4.120',
)
[ info ] [ PARAM ] array (
)
[ info ] [ SESSION ] INIT array (
  'id' => '',
  'var_session_id' => '',
  'prefix' => 'think',
  'type' => '',
  'auto_start' => true,
)
[ info ] [ DB ] INIT mysql
[ info ] [ LOG ] INIT File
[ sql ] [ DB ] CONNECT:[ UseTime:0.000267s ] mysql:host=localhost;dbname=ledigou;charset=utf8
[ sql ] [ SQL ] SHOW COLUMNS FROM `xin_config` [ RunTime:0.000981s ]
[ sql ] [ SQL ] SELECT * FROM `xin_config` WHERE  `config_id` = 1 LIMIT 1 [ RunTime:0.022514s ]
---------------------------------------------------------------
[ 2019-10-25T02:14:27+08:00 ] 128.14.134.134 GET 161.117.4.120/index/wechat/login.html
[è¿è¡Œæ—¶é—´ï¼š0.043971s] [åžåçŽ‡ï¼š22.74req/s] [å†…å­˜æ¶ˆè€—ï¼š2,724.64kb] [æ–‡ä»¶åŠ è½½ï¼š55]
[ info ] [ LANG ] /www/wwwroot/ledigou/thinkphp/lang/zh-cn.php
[ info ] [ ROUTE ] array (
  'type' => 'module',
  'module' => 
  array (
    0 => 'index',
    1 => 'wechat',
    2 => 'login',
  ),
)
[ info ] [ HEADER ] array (
  'accept-encoding' => 'gzip',
  'referer' => 'https://161.117.4.120/',
  'accept' => '*/*',
  'user-agent' => 'Mozilla/5.0 (Windows NT 10.0; Win64; x64) AppleWebKit/537.36 (KHTML, like Gecko) Chrome/60.0.3112.113 Safari/537.36',
  'host' => '161.117.4.120',
)
[ info ] [ PARAM ] array (
)
[ info ] [ SESSION ] INIT array (
  'id' => '',
  'var_session_id' => '',
  'prefix' => 'think',
  'type' => '',
  'auto_start' => true,
)
[ info ] [ DB ] INIT mysql
[ info ] [ RUN ] app\index\controller\Wechat->Login[ /www/wwwroot/ledigou/application/index/controller/Wechat.php ]
[ info ] [ LOG ] INIT File
[ sql ] [ DB ] CONNECT:[ UseTime:0.000264s ] mysql:host=localhost;dbname=ledigou;charset=utf8
[ sql ] [ SQL ] SHOW COLUMNS FROM `xin_config` [ RunTime:0.000881s ]
[ sql ] [ SQL ] SELECT * FROM `xin_config` WHERE  `config_id` = 1 LIMIT 1 [ RunTime:0.000247s ]
---------------------------------------------------------------
[ 2019-10-25T02:20:34+08:00 ] 93.174.93.84 GET 161.117.4.120/dms/Cisco508/508.xml
[è¿è¡Œæ—¶é—´ï¼š0.014760s] [åžåçŽ‡ï¼š67.75req/s] [å†…å­˜æ¶ˆè€—ï¼š1,455.45kb] [æ–‡ä»¶åŠ è½½ï¼š40]
[ info ] [ LANG ] /www/wwwroot/ledigou/thinkphp/lang/zh-cn.php
[ info ] [ ROUTE ] array (
  'type' => 'module',
  'module' => 
  array (
    0 => 'dms',
    1 => 'Cisco508',
    2 => '508.xml',
  ),
)
[ info ] [ HEADER ] array (
  'connection' => 'Keep-Alive',
  'host' => '161.117.4.120',
  'user-agent' => 'Mozilla/5.0 (Windows NT 6.1; Win64; x64; rv:56.0) Gecko/20100101 Firefox/56.0',
)
[ info ] [ PARAM ] array (
)
[ info ] [ LOG ] INIT File
---------------------------------------------------------------
[ 2019-10-25T02:20:35+08:00 ] 93.174.93.84 GET 161.117.4.120/dms/cisco-spa-2102/2102.xml
[è¿è¡Œæ—¶é—´ï¼š0.013850s] [åžåçŽ‡ï¼š72.20req/s] [å†…å­˜æ¶ˆè€—ï¼š1,455.36kb] [æ–‡ä»¶åŠ è½½ï¼š40]
[ info ] [ LANG ] /www/wwwroot/ledigou/thinkphp/lang/zh-cn.php
[ info ] [ ROUTE ] array (
  'type' => 'module',
  'module' => 
  array (
    0 => 'dms',
    1 => 'cisco-spa-2102',
    2 => '2102.xml',
  ),
)
[ info ] [ HEADER ] array (
  'host' => '161.117.4.120',
  'user-agent' => 'Mozilla/5.0 (Windows NT 6.1; Win64; x64; rv:56.0) Gecko/20100101 Firefox/56.0',
)
[ info ] [ PARAM ] array (
)
[ info ] [ LOG ] INIT File
---------------------------------------------------------------
[ 2019-10-25T02:20:36+08:00 ] 93.174.93.84 GET 161.117.4.120/dms/cisco/spa2102/2102.xml
[è¿è¡Œæ—¶é—´ï¼š0.014258s] [åžåçŽ‡ï¼š70.14req/s] [å†…å­˜æ¶ˆè€—ï¼š1,455.25kb] [æ–‡ä»¶åŠ è½½ï¼š40]
[ info ] [ LANG ] /www/wwwroot/ledigou/thinkphp/lang/zh-cn.php
[ info ] [ ROUTE ] array (
  'type' => 'module',
  'module' => 
  array (
    0 => 'dms',
    1 => 'cisco',
    2 => 'spa2102',
  ),
)
[ info ] [ HEADER ] array (
  'host' => '161.117.4.120',
  'user-agent' => 'Mozilla/5.0 (Windows NT 6.1; Win64; x64; rv:56.0) Gecko/20100101 Firefox/56.0',
)
[ info ] [ PARAM ] array (
)
[ info ] [ LOG ] INIT File
---------------------------------------------------------------
[ 2019-10-25T02:20:37+08:00 ] 93.174.93.84 GET 161.117.4.120/dms/Cisco2102/2102.xml
[è¿è¡Œæ—¶é—´ï¼š0.013494s] [åžåçŽ‡ï¼š74.11req/s] [å†…å­˜æ¶ˆè€—ï¼š1,455.29kb] [æ–‡ä»¶åŠ è½½ï¼š40]
[ info ] [ LANG ] /www/wwwroot/ledigou/thinkphp/lang/zh-cn.php
[ info ] [ ROUTE ] array (
  'type' => 'module',
  'module' => 
  array (
    0 => 'dms',
    1 => 'Cisco2102',
    2 => '2102.xml',
  ),
)
[ info ] [ HEADER ] array (
  'host' => '161.117.4.120',
  'user-agent' => 'Mozilla/5.0 (Windows NT 6.1; Win64; x64; rv:56.0) Gecko/20100101 Firefox/56.0',
)
[ info ] [ PARAM ] array (
)
[ info ] [ LOG ] INIT File
---------------------------------------------------------------
[ 2019-10-25T02:20:38+08:00 ] 93.174.93.84 GET 161.117.4.120/dms/T42G/y000000000029.cfg
[è¿è¡Œæ—¶é—´ï¼š0.013599s] [åžåçŽ‡ï¼š73.54req/s] [å†…å­˜æ¶ˆè€—ï¼š1,455.36kb] [æ–‡ä»¶åŠ è½½ï¼š40]
[ info ] [ LANG ] /www/wwwroot/ledigou/thinkphp/lang/zh-cn.php
[ info ] [ ROUTE ] array (
  'type' => 'module',
  'module' => 
  array (
    0 => 'dms',
    1 => 'T42G',
    2 => 'y000000000029.cfg',
  ),
)
[ info ] [ HEADER ] array (
  'host' => '161.117.4.120',
  'user-agent' => 'Mozilla/5.0 (Windows NT 6.1; Win64; x64; rv:56.0) Gecko/20100101 Firefox/56.0',
)
[ info ] [ PARAM ] array (
)
[ info ] [ LOG ] INIT File
---------------------------------------------------------------
[ 2019-10-25T02:20:39+08:00 ] 93.174.93.84 GET 161.117.4.120/dms/T41P/y000000000036.cfg
[è¿è¡Œæ—¶é—´ï¼š0.013753s] [åžåçŽ‡ï¼š72.71req/s] [å†…å­˜æ¶ˆè€—ï¼š1,455.36kb] [æ–‡ä»¶åŠ è½½ï¼š40]
[ info ] [ LANG ] /www/wwwroot/ledigou/thinkphp/lang/zh-cn.php
[ info ] [ ROUTE ] array (
  'type' => 'module',
  'module' => 
  array (
    0 => 'dms',
    1 => 'T41P',
    2 => 'y000000000036.cfg',
  ),
)
[ info ] [ HEADER ] array (
  'host' => '161.117.4.120',
  'user-agent' => 'Mozilla/5.0 (Windows NT 6.1; Win64; x64; rv:56.0) Gecko/20100101 Firefox/56.0',
)
[ info ] [ PARAM ] array (
)
[ info ] [ LOG ] INIT File
---------------------------------------------------------------
[ 2019-10-25T03:54:43+08:00 ] 128.14.209.226 GET 161.117.4.120/corporate/webpages/login.jsp
[è¿è¡Œæ—¶é—´ï¼š0.014422s] [åžåçŽ‡ï¼š69.34req/s] [å†…å­˜æ¶ˆè€—ï¼š1,435.53kb] [æ–‡ä»¶åŠ è½½ï¼š40]
[ info ] [ LANG ] /www/wwwroot/ledigou/thinkphp/lang/zh-cn.php
[ info ] [ ROUTE ] array (
  'type' => 'module',
  'module' => 
  array (
    0 => 'corporate',
    1 => 'webpages',
    2 => 'login.jsp',
  ),
)
[ info ] [ HEADER ] array (
  'accept-encoding' => 'gzip',
  'accept' => '*/*',
  'user-agent' => 'Mozilla/5.0 (Windows NT 10.0; Win64; x64) AppleWebKit/537.36 (KHTML, like Gecko) Chrome/60.0.3112.113 Safari/537.36',
  'host' => '161.117.4.120',
)
[ info ] [ PARAM ] array (
)
[ info ] [ LOG ] INIT File
---------------------------------------------------------------
[ 2019-10-25T04:24:18+08:00 ] 77.247.108.162 GET 161.117.4.120:443/
[è¿è¡Œæ—¶é—´ï¼š0.449030s] [åžåçŽ‡ï¼š2.23req/s] [å†…å­˜æ¶ˆè€—ï¼š2,801.43kb] [æ–‡ä»¶åŠ è½½ï¼š58]
[ info ] [ LANG ] /www/wwwroot/ledigou/thinkphp/lang/zh-cn.php
[ info ] [ ROUTE ] array (
  'type' => 'module',
  'module' => 
  array (
    0 => '',
    1 => NULL,
    2 => NULL,
  ),
)
[ info ] [ HEADER ] array (
  'user-agent' => 'libwww-perl/6.39',
  'host' => '161.117.4.120:443',
  'connection' => 'TE, close',
  'te' => 'deflate,gzip;q=0.3',
)
[ info ] [ PARAM ] array (
)
[ info ] [ SESSION ] INIT array (
  'id' => '',
  'var_session_id' => '',
  'prefix' => 'think',
  'type' => '',
  'auto_start' => true,
)
[ info ] [ DB ] INIT mysql
[ info ] [ LOG ] INIT File
[ sql ] [ DB ] CONNECT:[ UseTime:0.025233s ] mysql:host=localhost;dbname=ledigou;charset=utf8
[ sql ] [ SQL ] SHOW COLUMNS FROM `xin_config` [ RunTime:0.028311s ]
[ sql ] [ SQL ] SELECT * FROM `xin_config` WHERE  `config_id` = 1 LIMIT 1 [ RunTime:0.005768s ]
---------------------------------------------------------------
[ 2019-10-25T04:24:20+08:00 ] 77.247.108.162 GET 161.117.4.120:443/index/wechat/login.html
[è¿è¡Œæ—¶é—´ï¼š0.026224s] [åžåçŽ‡ï¼š38.13req/s] [å†…å­˜æ¶ˆè€—ï¼š2,736.42kb] [æ–‡ä»¶åŠ è½½ï¼š55]
[ info ] [ LANG ] /www/wwwroot/ledigou/thinkphp/lang/zh-cn.php
[ info ] [ ROUTE ] array (
  'type' => 'module',
  'module' => 
  array (
    0 => 'index',
    1 => 'wechat',
    2 => 'login',
  ),
)
[ info ] [ HEADER ] array (
  'user-agent' => 'libwww-perl/6.39',
  'host' => '161.117.4.120:443',
  'connection' => 'TE, close',
  'te' => 'deflate,gzip;q=0.3',
)
[ info ] [ PARAM ] array (
)
[ info ] [ SESSION ] INIT array (
  'id' => '',
  'var_session_id' => '',
  'prefix' => 'think',
  'type' => '',
  'auto_start' => true,
)
[ info ] [ DB ] INIT mysql
[ info ] [ RUN ] app\index\controller\Wechat->Login[ /www/wwwroot/ledigou/application/index/controller/Wechat.php ]
[ info ] [ LOG ] INIT File
[ sql ] [ DB ] CONNECT:[ UseTime:0.000273s ] mysql:host=localhost;dbname=ledigou;charset=utf8
[ sql ] [ SQL ] SHOW COLUMNS FROM `xin_config` [ RunTime:0.000986s ]
[ sql ] [ SQL ] SELECT * FROM `xin_config` WHERE  `config_id` = 1 LIMIT 1 [ RunTime:0.000263s ]
---------------------------------------------------------------
[ 2019-10-25T06:59:57+08:00 ] 47.101.63.151 GET shop.ibtv.cc/
[è¿è¡Œæ—¶é—´ï¼š0.133944s] [åžåçŽ‡ï¼š7.47req/s] [å†…å­˜æ¶ˆè€—ï¼š2,781.38kb] [æ–‡ä»¶åŠ è½½ï¼š58]
[ info ] [ LANG ] /www/wwwroot/ledigou/thinkphp/lang/zh-cn.php
[ info ] [ ROUTE ] array (
  'type' => 'module',
  'module' => 
  array (
    0 => '',
    1 => NULL,
    2 => NULL,
  ),
)
[ info ] [ HEADER ] array (
  'accept-encoding' => 'gzip',
  'connection' => 'Keep-Alive',
  'host' => 'shop.ibtv.cc',
  'user-agent' => 'Mozilla/5.0 (X11; Ubuntu; Linux x86_64; rv:36.0) Gecko/20100101 Firefox/36.0',
)
[ info ] [ PARAM ] array (
)
[ info ] [ SESSION ] INIT array (
  'id' => '',
  'var_session_id' => '',
  'prefix' => 'think',
  'type' => '',
  'auto_start' => true,
)
[ info ] [ DB ] INIT mysql
[ info ] [ LOG ] INIT File
[ sql ] [ DB ] CONNECT:[ UseTime:0.000275s ] mysql:host=localhost;dbname=ledigou;charset=utf8
[ sql ] [ SQL ] SHOW COLUMNS FROM `xin_config` [ RunTime:0.000983s ]
[ sql ] [ SQL ] SELECT * FROM `xin_config` WHERE  `config_id` = 1 LIMIT 1 [ RunTime:0.000278s ]
---------------------------------------------------------------
[ 2019-10-25T06:59:58+08:00 ] 47.101.63.151 GET shop.ibtv.cc/index/wechat/login.html
[è¿è¡Œæ—¶é—´ï¼š0.045647s] [åžåçŽ‡ï¼š21.91req/s] [å†…å­˜æ¶ˆè€—ï¼š2,724.49kb] [æ–‡ä»¶åŠ è½½ï¼š55]
[ info ] [ LANG ] /www/wwwroot/ledigou/thinkphp/lang/zh-cn.php
[ info ] [ ROUTE ] array (
  'type' => 'module',
  'module' => 
  array (
    0 => 'index',
    1 => 'wechat',
    2 => 'login',
  ),
)
[ info ] [ HEADER ] array (
  'accept-encoding' => 'gzip',
  'connection' => 'Keep-Alive',
  'host' => 'shop.ibtv.cc',
  'user-agent' => 'Mozilla/5.0 (X11; Ubuntu; Linux x86_64; rv:36.0) Gecko/20100101 Firefox/36.0',
)
[ info ] [ PARAM ] array (
)
[ info ] [ SESSION ] INIT array (
  'id' => '',
  'var_session_id' => '',
  'prefix' => 'think',
  'type' => '',
  'auto_start' => true,
)
[ info ] [ DB ] INIT mysql
[ info ] [ RUN ] app\index\controller\Wechat->Login[ /www/wwwroot/ledigou/application/index/controller/Wechat.php ]
[ info ] [ LOG ] INIT File
[ sql ] [ DB ] CONNECT:[ UseTime:0.000363s ] mysql:host=localhost;dbname=ledigou;charset=utf8
[ sql ] [ SQL ] SHOW COLUMNS FROM `xin_config` [ RunTime:0.001022s ]
[ sql ] [ SQL ] SELECT * FROM `xin_config` WHERE  `config_id` = 1 LIMIT 1 [ RunTime:0.000271s ]
---------------------------------------------------------------
[ 2019-10-25T07:03:04+08:00 ] 60.191.38.77 GET formydear.xin/
[è¿è¡Œæ—¶é—´ï¼š0.026937s] [åžåçŽ‡ï¼š37.12req/s] [å†…å­˜æ¶ˆè€—ï¼š2,801.68kb] [æ–‡ä»¶åŠ è½½ï¼š58]
[ info ] [ LANG ] /www/wwwroot/ledigou/thinkphp/lang/zh-cn.php
[ info ] [ ROUTE ] array (
  'type' => 'module',
  'module' => 
  array (
    0 => '',
    1 => NULL,
    2 => NULL,
  ),
)
[ info ] [ HEADER ] array (
  'connection' => 'keep-alive',
  'accept' => '*/*',
  'user-agent' => 'Mozilla/5.0 (Macintosh; Intel Mac OS X 10.11; rv:47.0) Gecko/20100101 Firefox/47.0',
  'host' => 'formydear.xin',
)
[ info ] [ PARAM ] array (
)
[ info ] [ SESSION ] INIT array (
  'id' => '',
  'var_session_id' => '',
  'prefix' => 'think',
  'type' => '',
  'auto_start' => true,
)
[ info ] [ DB ] INIT mysql
[ info ] [ LOG ] INIT File
[ sql ] [ DB ] CONNECT:[ UseTime:0.000274s ] mysql:host=localhost;dbname=ledigou;charset=utf8
[ sql ] [ SQL ] SHOW COLUMNS FROM `xin_config` [ RunTime:0.001003s ]
[ sql ] [ SQL ] SELECT * FROM `xin_config` WHERE  `config_id` = 1 LIMIT 1 [ RunTime:0.000238s ]
---------------------------------------------------------------
[ 2019-10-25T07:03:10+08:00 ] 60.191.38.77 GET formydear.xin/index/wechat/login.html
[è¿è¡Œæ—¶é—´ï¼š0.027602s] [åžåçŽ‡ï¼š36.23req/s] [å†…å­˜æ¶ˆè€—ï¼š2,736.67kb] [æ–‡ä»¶åŠ è½½ï¼š55]
[ info ] [ LANG ] /www/wwwroot/ledigou/thinkphp/lang/zh-cn.php
[ info ] [ ROUTE ] array (
  'type' => 'module',
  'module' => 
  array (
    0 => 'index',
    1 => 'wechat',
    2 => 'login',
  ),
)
[ info ] [ HEADER ] array (
  'connection' => 'keep-alive',
  'accept' => '*/*',
  'user-agent' => 'Mozilla/5.0 (Macintosh; Intel Mac OS X 10.11; rv:47.0) Gecko/20100101 Firefox/47.0',
  'host' => 'formydear.xin',
)
[ info ] [ PARAM ] array (
)
[ info ] [ SESSION ] INIT array (
  'id' => '',
  'var_session_id' => '',
  'prefix' => 'think',
  'type' => '',
  'auto_start' => true,
)
[ info ] [ DB ] INIT mysql
[ info ] [ RUN ] app\index\controller\Wechat->Login[ /www/wwwroot/ledigou/application/index/controller/Wechat.php ]
[ info ] [ LOG ] INIT File
[ sql ] [ DB ] CONNECT:[ UseTime:0.000275s ] mysql:host=localhost;dbname=ledigou;charset=utf8
[ sql ] [ SQL ] SHOW COLUMNS FROM `xin_config` [ RunTime:0.001068s ]
[ sql ] [ SQL ] SELECT * FROM `xin_config` WHERE  `config_id` = 1 LIMIT 1 [ RunTime:0.000274s ]
---------------------------------------------------------------
[ 2019-10-25T08:33:31+08:00 ] 209.17.97.26 GET www.thebestwe.com/
[è¿è¡Œæ—¶é—´ï¼š0.030465s] [åžåçŽ‡ï¼š32.82req/s] [å†…å­˜æ¶ˆè€—ï¼š2,801.36kb] [æ–‡ä»¶åŠ è½½ï¼š58]
[ info ] [ LANG ] /www/wwwroot/ledigou/thinkphp/lang/zh-cn.php
[ info ] [ ROUTE ] array (
  'type' => 'module',
  'module' => 
  array (
    0 => '',
    1 => NULL,
    2 => NULL,
  ),
)
[ info ] [ HEADER ] array (
  'user-agent' => 'Mozilla/5.0 (compatible; Nimbostratus-Bot/v1.3.2; http://cloudsystemnetworks.com)',
  'host' => 'www.thebestwe.com',
)
[ info ] [ PARAM ] array (
)
[ info ] [ SESSION ] INIT array (
  'id' => '',
  'var_session_id' => '',
  'prefix' => 'think',
  'type' => '',
  'auto_start' => true,
)
[ info ] [ DB ] INIT mysql
[ info ] [ LOG ] INIT File
[ sql ] [ DB ] CONNECT:[ UseTime:0.000266s ] mysql:host=localhost;dbname=ledigou;charset=utf8
[ sql ] [ SQL ] SHOW COLUMNS FROM `xin_config` [ RunTime:0.001034s ]
[ sql ] [ SQL ] SELECT * FROM `xin_config` WHERE  `config_id` = 1 LIMIT 1 [ RunTime:0.000299s ]
---------------------------------------------------------------
[ 2019-10-25T08:39:42+08:00 ] 209.17.96.226 GET baixuejie.com/
[è¿è¡Œæ—¶é—´ï¼š0.044056s] [åžåçŽ‡ï¼š22.70req/s] [å†…å­˜æ¶ˆè€—ï¼š2,801.36kb] [æ–‡ä»¶åŠ è½½ï¼š58]
[ info ] [ LANG ] /www/wwwroot/ledigou/thinkphp/lang/zh-cn.php
[ info ] [ ROUTE ] array (
  'type' => 'module',
  'module' => 
  array (
    0 => '',
    1 => NULL,
    2 => NULL,
  ),
)
[ info ] [ HEADER ] array (
  'user-agent' => 'Mozilla/5.0 (compatible; Nimbostratus-Bot/v1.3.2; http://cloudsystemnetworks.com)',
  'host' => 'baixuejie.com',
)
[ info ] [ PARAM ] array (
)
[ info ] [ SESSION ] INIT array (
  'id' => '',
  'var_session_id' => '',
  'prefix' => 'think',
  'type' => '',
  'auto_start' => true,
)
[ info ] [ DB ] INIT mysql
[ info ] [ LOG ] INIT File
[ sql ] [ DB ] CONNECT:[ UseTime:0.000255s ] mysql:host=localhost;dbname=ledigou;charset=utf8
[ sql ] [ SQL ] SHOW COLUMNS FROM `xin_config` [ RunTime:0.000911s ]
[ sql ] [ SQL ] SELECT * FROM `xin_config` WHERE  `config_id` = 1 LIMIT 1 [ RunTime:0.000383s ]
---------------------------------------------------------------
[ 2019-10-25T09:42:51+08:00 ] 119.57.159.120 GET www.wzxaini9.cn:443/
[è¿è¡Œæ—¶é—´ï¼š0.038861s] [åžåçŽ‡ï¼š25.73req/s] [å†…å­˜æ¶ˆè€—ï¼š2,782.05kb] [æ–‡ä»¶åŠ è½½ï¼š58]
[ info ] [ LANG ] /www/wwwroot/ledigou/thinkphp/lang/zh-cn.php
[ info ] [ ROUTE ] array (
  'type' => 'module',
  'module' => 
  array (
    0 => '',
    1 => NULL,
    2 => NULL,
  ),
)
[ info ] [ HEADER ] array (
  'connection' => 'close',
  'accept-encoding' => 'gzip',
  'accept-language' => 'zh-cn;q=0.8, *;q=0.5',
  'accept-charset' => 'utf-8, gbk, gb2312, *;q=0.5',
  'accept' => 'text/html;q=0.8, */*;q=0.5',
  'user-agent' => 'Mozilla/5.0 (X11; Linux x86_64) AppleWebKit/535.2 (KHTML, like Gecko) Ubuntu/10.04 Chromium/15.0.874.106 Chrome/15.0.874.106 Safari/535.2',
  'host' => 'www.wzxaini9.cn:443',
)
[ info ] [ PARAM ] array (
)
[ info ] [ SESSION ] INIT array (
  'id' => '',
  'var_session_id' => '',
  'prefix' => 'think',
  'type' => '',
  'auto_start' => true,
)
[ info ] [ DB ] INIT mysql
[ info ] [ LOG ] INIT File
[ sql ] [ DB ] CONNECT:[ UseTime:0.000260s ] mysql:host=localhost;dbname=ledigou;charset=utf8
[ sql ] [ SQL ] SHOW COLUMNS FROM `xin_config` [ RunTime:0.000859s ]
[ sql ] [ SQL ] SELECT * FROM `xin_config` WHERE  `config_id` = 1 LIMIT 1 [ RunTime:0.000394s ]
---------------------------------------------------------------
[ 2019-10-25T09:42:57+08:00 ] 119.57.159.120 GET www.wzxaini9.cn:443/index/wechat/login.html
[è¿è¡Œæ—¶é—´ï¼š0.026265s] [åžåçŽ‡ï¼š38.07req/s] [å†…å­˜æ¶ˆè€—ï¼š2,725.16kb] [æ–‡ä»¶åŠ è½½ï¼š55]
[ info ] [ LANG ] /www/wwwroot/ledigou/thinkphp/lang/zh-cn.php
[ info ] [ ROUTE ] array (
  'type' => 'module',
  'module' => 
  array (
    0 => 'index',
    1 => 'wechat',
    2 => 'login',
  ),
)
[ info ] [ HEADER ] array (
  'connection' => 'close',
  'accept-encoding' => 'gzip',
  'accept-language' => 'zh-cn;q=0.8, *;q=0.5',
  'accept-charset' => 'utf-8, gbk, gb2312, *;q=0.5',
  'accept' => 'text/html;q=0.8, */*;q=0.5',
  'user-agent' => 'Mozilla/5.0 (X11; Linux x86_64) AppleWebKit/535.2 (KHTML, like Gecko) Ubuntu/10.04 Chromium/15.0.874.106 Chrome/15.0.874.106 Safari/535.2',
  'host' => 'www.wzxaini9.cn:443',
)
[ info ] [ PARAM ] array (
)
[ info ] [ SESSION ] INIT array (
  'id' => '',
  'var_session_id' => '',
  'prefix' => 'think',
  'type' => '',
  'auto_start' => true,
)
[ info ] [ DB ] INIT mysql
[ info ] [ RUN ] app\index\controller\Wechat->Login[ /www/wwwroot/ledigou/application/index/controller/Wechat.php ]
[ info ] [ LOG ] INIT File
[ sql ] [ DB ] CONNECT:[ UseTime:0.000267s ] mysql:host=localhost;dbname=ledigou;charset=utf8
[ sql ] [ SQL ] SHOW COLUMNS FROM `xin_config` [ RunTime:0.000919s ]
[ sql ] [ SQL ] SELECT * FROM `xin_config` WHERE  `config_id` = 1 LIMIT 1 [ RunTime:0.000252s ]
---------------------------------------------------------------
[ 2019-10-25T09:43:02+08:00 ] 119.57.158.159 GET open.weixin.qq.com:443/connect/oauth2/authorize?appid=wxf8d6a2af2002f997&redirect_uri=http://dxc.gqwlcm.com/index/wechat/getcode&response_type=code&scope=snsapi_userinfo&state=STATE
[è¿è¡Œæ—¶é—´ï¼š0.016233s] [åžåçŽ‡ï¼š61.60req/s] [å†…å­˜æ¶ˆè€—ï¼š1,437.31kb] [æ–‡ä»¶åŠ è½½ï¼š40]
[ info ] [ LANG ] /www/wwwroot/ledigou/thinkphp/lang/zh-cn.php
[ info ] [ ROUTE ] array (
  'type' => 'module',
  'module' => 
  array (
    0 => 'connect',
    1 => 'oauth2',
    2 => 'authorize',
  ),
)
[ info ] [ HEADER ] array (
  'connection' => 'close',
  'accept-encoding' => 'gzip',
  'accept-language' => 'zh-cn;q=0.8, *;q=0.5',
  'accept-charset' => 'utf-8, gbk, gb2312, *;q=0.5',
  'accept' => 'text/html;q=0.8, */*;q=0.5',
  'user-agent' => 'Mozilla/5.0 (X11; Linux x86_64) AppleWebKit/535.2 (KHTML, like Gecko) Ubuntu/10.04 Chromium/15.0.874.106 Chrome/15.0.874.106 Safari/535.2',
  'host' => 'open.weixin.qq.com:443',
)
[ info ] [ PARAM ] array (
  'appid' => 'wxf8d6a2af2002f997',
  'redirect_uri' => 'http://dxc.gqwlcm.com/index/wechat/getcode',
  'response_type' => 'code',
  'scope' => 'snsapi_userinfo',
  'state' => 'STATE',
)
[ info ] [ LOG ] INIT File
---------------------------------------------------------------
[ 2019-10-25T10:02:07+08:00 ] 178.128.214.187 POST 192.168.1.1/imegesxx
[è¿è¡Œæ—¶é—´ï¼š0.013599s] [åžåçŽ‡ï¼š73.53req/s] [å†…å­˜æ¶ˆè€—ï¼š1,455.80kb] [æ–‡ä»¶åŠ è½½ï¼š40]
[ info ] [ LANG ] /www/wwwroot/ledigou/thinkphp/lang/zh-cn.php
[ info ] [ ROUTE ] array (
  'type' => 'module',
  'module' => 
  array (
    0 => 'imegesxx',
    1 => NULL,
    2 => NULL,
  ),
)
[ info ] [ HEADER ] array (
  'cookie' => 'rZV1Z3nNxD_$E~I)MY1%7dclpbDM44,(',
  'accept' => '*/*',
  'user-agent' => 'curl/7.49.1',
  'host' => '192.168.1.1',
  'content-type' => 'application/x-www-form-urlencoded',
  'content-length' => '28',
)
[ info ] [ PARAM ] array (
  'ªªªªªªªª' => '',
)
[ info ] [ LOG ] INIT File
---------------------------------------------------------------
[ 2019-10-25T10:43:39+08:00 ] 18.236.212.172 GET forlavida.com/
[è¿è¡Œæ—¶é—´ï¼š0.087931s] [åžåçŽ‡ï¼š11.37req/s] [å†…å­˜æ¶ˆè€—ï¼š2,781.02kb] [æ–‡ä»¶åŠ è½½ï¼š58]
[ info ] [ LANG ] /www/wwwroot/ledigou/thinkphp/lang/zh-cn.php
[ info ] [ ROUTE ] array (
  'type' => 'module',
  'module' => 
  array (
    0 => '',
    1 => NULL,
    2 => NULL,
  ),
)
[ info ] [ HEADER ] array (
  'accept-encoding' => 'gzip',
  'user-agent' => 'Go-http-client/1.1',
  'host' => 'forlavida.com',
)
[ info ] [ PARAM ] array (
)
[ info ] [ SESSION ] INIT array (
  'id' => '',
  'var_session_id' => '',
  'prefix' => 'think',
  'type' => '',
  'auto_start' => true,
)
[ info ] [ DB ] INIT mysql
[ info ] [ LOG ] INIT File
[ sql ] [ DB ] CONNECT:[ UseTime:0.000273s ] mysql:host=localhost;dbname=ledigou;charset=utf8
[ sql ] [ SQL ] SHOW COLUMNS FROM `xin_config` [ RunTime:0.001082s ]
[ sql ] [ SQL ] SELECT * FROM `xin_config` WHERE  `config_id` = 1 LIMIT 1 [ RunTime:0.000253s ]
---------------------------------------------------------------
[ 2019-10-25T11:53:35+08:00 ] 74.82.47.4 GET 161.117.4.120/
[è¿è¡Œæ—¶é—´ï¼š0.261825s] [åžåçŽ‡ï¼š3.82req/s] [å†…å­˜æ¶ˆè€—ï¼š2,800.99kb] [æ–‡ä»¶åŠ è½½ï¼š58]
[ info ] [ LANG ] /www/wwwroot/ledigou/thinkphp/lang/zh-cn.php
[ info ] [ ROUTE ] array (
  'type' => 'module',
  'module' => 
  array (
    0 => '',
    1 => NULL,
    2 => NULL,
  ),
)
[ info ] [ HEADER ] array (
  'host' => '161.117.4.120',
)
[ info ] [ PARAM ] array (
)
[ info ] [ SESSION ] INIT array (
  'id' => '',
  'var_session_id' => '',
  'prefix' => 'think',
  'type' => '',
  'auto_start' => true,
)
[ info ] [ DB ] INIT mysql
[ info ] [ LOG ] INIT File
[ sql ] [ DB ] CONNECT:[ UseTime:0.000255s ] mysql:host=localhost;dbname=ledigou;charset=utf8
[ sql ] [ SQL ] SHOW COLUMNS FROM `xin_config` [ RunTime:0.000972s ]
[ sql ] [ SQL ] SELECT * FROM `xin_config` WHERE  `config_id` = 1 LIMIT 1 [ RunTime:0.022609s ]
---------------------------------------------------------------
[ 2019-10-25T12:57:12+08:00 ] 209.17.96.250 GET thebestwe.com/
[è¿è¡Œæ—¶é—´ï¼š0.850218s] [åžåçŽ‡ï¼š1.18req/s] [å†…å­˜æ¶ˆè€—ï¼š2,801.36kb] [æ–‡ä»¶åŠ è½½ï¼š58]
[ info ] [ LANG ] /www/wwwroot/ledigou/thinkphp/lang/zh-cn.php
[ info ] [ ROUTE ] array (
  'type' => 'module',
  'module' => 
  array (
    0 => '',
    1 => NULL,
    2 => NULL,
  ),
)
[ info ] [ HEADER ] array (
  'user-agent' => 'Mozilla/5.0 (compatible; Nimbostratus-Bot/v1.3.2; http://cloudsystemnetworks.com)',
  'host' => 'thebestwe.com',
)
[ info ] [ PARAM ] array (
)
[ info ] [ SESSION ] INIT array (
  'id' => '',
  'var_session_id' => '',
  'prefix' => 'think',
  'type' => '',
  'auto_start' => true,
)
[ info ] [ DB ] INIT mysql
[ info ] [ LOG ] INIT File
[ sql ] [ DB ] CONNECT:[ UseTime:0.000292s ] mysql:host=localhost;dbname=ledigou;charset=utf8
[ sql ] [ SQL ] SHOW COLUMNS FROM `xin_config` [ RunTime:0.001088s ]
[ sql ] [ SQL ] SELECT * FROM `xin_config` WHERE  `config_id` = 1 LIMIT 1 [ RunTime:0.031767s ]
---------------------------------------------------------------
[ 2019-10-25T13:41:40+08:00 ] 54.212.114.137 GET ibtv.cc/
[è¿è¡Œæ—¶é—´ï¼š0.618990s] [åžåçŽ‡ï¼š1.62req/s] [å†…å­˜æ¶ˆè€—ï¼š2,781.02kb] [æ–‡ä»¶åŠ è½½ï¼š58]
[ info ] [ LANG ] /www/wwwroot/ledigou/thinkphp/lang/zh-cn.php
[ info ] [ ROUTE ] array (
  'type' => 'module',
  'module' => 
  array (
    0 => '',
    1 => NULL,
    2 => NULL,
  ),
)
[ info ] [ HEADER ] array (
  'accept-encoding' => 'gzip',
  'user-agent' => 'Go-http-client/1.1',
  'host' => 'ibtv.cc',
)
[ info ] [ PARAM ] array (
)
[ info ] [ SESSION ] INIT array (
  'id' => '',
  'var_session_id' => '',
  'prefix' => 'think',
  'type' => '',
  'auto_start' => true,
)
[ info ] [ DB ] INIT mysql
[ info ] [ LOG ] INIT File
[ sql ] [ DB ] CONNECT:[ UseTime:0.000273s ] mysql:host=localhost;dbname=ledigou;charset=utf8
[ sql ] [ SQL ] SHOW COLUMNS FROM `xin_config` [ RunTime:0.000982s ]
[ sql ] [ SQL ] SELECT * FROM `xin_config` WHERE  `config_id` = 1 LIMIT 1 [ RunTime:0.000264s ]
---------------------------------------------------------------
[ 2019-10-25T14:57:28+08:00 ] 124.248.202.186 GET 161.117.4.120/
[è¿è¡Œæ—¶é—´ï¼š0.034299s] [åžåçŽ‡ï¼š29.16req/s] [å†…å­˜æ¶ˆè€—ï¼š2,781.22kb] [æ–‡ä»¶åŠ è½½ï¼š58]
[ info ] [ LANG ] /www/wwwroot/ledigou/thinkphp/lang/zh-cn.php
[ info ] [ ROUTE ] array (
  'type' => 'module',
  'module' => 
  array (
    0 => '',
    1 => NULL,
    2 => NULL,
  ),
)
[ info ] [ HEADER ] array (
  'user-agent' => 'python-requests/2.22.0',
  'accept' => '*/*',
  'accept-encoding' => 'gzip, deflate',
  'connection' => 'keep-alive',
  'host' => '161.117.4.120',
)
[ info ] [ PARAM ] array (
)
[ info ] [ SESSION ] INIT array (
  'id' => '',
  'var_session_id' => '',
  'prefix' => 'think',
  'type' => '',
  'auto_start' => true,
)
[ info ] [ DB ] INIT mysql
[ info ] [ LOG ] INIT File
[ sql ] [ DB ] CONNECT:[ UseTime:0.000268s ] mysql:host=localhost;dbname=ledigou;charset=utf8
[ sql ] [ SQL ] SHOW COLUMNS FROM `xin_config` [ RunTime:0.000983s ]
[ sql ] [ SQL ] SELECT * FROM `xin_config` WHERE  `config_id` = 1 LIMIT 1 [ RunTime:0.000254s ]
---------------------------------------------------------------
[ 2019-10-25T14:57:29+08:00 ] 124.248.202.186 GET 161.117.4.120/index/wechat/login.html
[è¿è¡Œæ—¶é—´ï¼š0.183703s] [åžåçŽ‡ï¼š5.44req/s] [å†…å­˜æ¶ˆè€—ï¼š2,648.43kb] [æ–‡ä»¶åŠ è½½ï¼š54]
[ info ] [ LANG ] /www/wwwroot/ledigou/thinkphp/lang/zh-cn.php
[ info ] [ ROUTE ] array (
  'type' => 'module',
  'module' => 
  array (
    0 => 'index',
    1 => 'wechat',
    2 => 'login',
  ),
)
[ info ] [ HEADER ] array (
  'cookie' => 'PHPSESSID=nm4fctk8pj4c9f8i4gd674tk4i',
  'user-agent' => 'python-requests/2.22.0',
  'accept' => '*/*',
  'accept-encoding' => 'gzip, deflate',
  'connection' => 'keep-alive',
  'host' => '161.117.4.120',
)
[ info ] [ PARAM ] array (
)
[ info ] [ SESSION ] INIT array (
  'id' => '',
  'var_session_id' => '',
  'prefix' => 'think',
  'type' => '',
  'auto_start' => true,
)
[ info ] [ DB ] INIT mysql
[ info ] [ RUN ] app\index\controller\Wechat->Login[ /www/wwwroot/ledigou/application/index/controller/Wechat.php ]
[ info ] [ LOG ] INIT File
---------------------------------------------------------------
[ 2019-10-25T16:30:26+08:00 ] 92.63.111.27 GET ibtv.cc/
[è¿è¡Œæ—¶é—´ï¼š0.054494s] [åžåçŽ‡ï¼š18.35req/s] [å†…å­˜æ¶ˆè€—ï¼š2,781.43kb] [æ–‡ä»¶åŠ è½½ï¼š58]
[ info ] [ LANG ] /www/wwwroot/ledigou/thinkphp/lang/zh-cn.php
[ info ] [ ROUTE ] array (
  'type' => 'module',
  'module' => 
  array (
    0 => '',
    1 => NULL,
    2 => NULL,
  ),
)
[ info ] [ HEADER ] array (
  'accept-encoding' => 'gzip, deflate',
  'accept' => '*/*',
  'user-agent' => 'Mozilla/5.0 (X11; Linux x86_64) AppleWebKit/537.36 (KHTML, like Gecko) Chrome/76.0.3809.100 Safari/537.36',
  'host' => 'ibtv.cc',
)
[ info ] [ PARAM ] array (
)
[ info ] [ SESSION ] INIT array (
  'id' => '',
  'var_session_id' => '',
  'prefix' => 'think',
  'type' => '',
  'auto_start' => true,
)
[ info ] [ DB ] INIT mysql
[ info ] [ LOG ] INIT File
[ sql ] [ DB ] CONNECT:[ UseTime:0.000294s ] mysql:host=localhost;dbname=ledigou;charset=utf8
[ sql ] [ SQL ] SHOW COLUMNS FROM `xin_config` [ RunTime:0.001143s ]
[ sql ] [ SQL ] SELECT * FROM `xin_config` WHERE  `config_id` = 1 LIMIT 1 [ RunTime:0.025316s ]
---------------------------------------------------------------
[ 2019-10-25T16:30:27+08:00 ] 92.63.111.27 GET ibtv.cc/index/wechat/login.html
[è¿è¡Œæ—¶é—´ï¼š0.026202s] [åžåçŽ‡ï¼š38.17req/s] [å†…å­˜æ¶ˆè€—ï¼š2,724.55kb] [æ–‡ä»¶åŠ è½½ï¼š55]
[ info ] [ LANG ] /www/wwwroot/ledigou/thinkphp/lang/zh-cn.php
[ info ] [ ROUTE ] array (
  'type' => 'module',
  'module' => 
  array (
    0 => 'index',
    1 => 'wechat',
    2 => 'login',
  ),
)
[ info ] [ HEADER ] array (
  'accept-encoding' => 'gzip, deflate',
  'accept' => '*/*',
  'user-agent' => 'Mozilla/5.0 (X11; Linux x86_64) AppleWebKit/537.36 (KHTML, like Gecko) Chrome/76.0.3809.100 Safari/537.36',
  'host' => 'ibtv.cc',
)
[ info ] [ PARAM ] array (
)
[ info ] [ SESSION ] INIT array (
  'id' => '',
  'var_session_id' => '',
  'prefix' => 'think',
  'type' => '',
  'auto_start' => true,
)
[ info ] [ DB ] INIT mysql
[ info ] [ RUN ] app\index\controller\Wechat->Login[ /www/wwwroot/ledigou/application/index/controller/Wechat.php ]
[ info ] [ LOG ] INIT File
[ sql ] [ DB ] CONNECT:[ UseTime:0.000278s ] mysql:host=localhost;dbname=ledigou;charset=utf8
[ sql ] [ SQL ] SHOW COLUMNS FROM `xin_config` [ RunTime:0.000999s ]
[ sql ] [ SQL ] SELECT * FROM `xin_config` WHERE  `config_id` = 1 LIMIT 1 [ RunTime:0.000250s ]
---------------------------------------------------------------
[ 2019-10-25T16:42:57+08:00 ] 209.17.97.10 GET ibtv.cc/
[è¿è¡Œæ—¶é—´ï¼š0.025499s] [åžåçŽ‡ï¼š39.22req/s] [å†…å­˜æ¶ˆè€—ï¼š2,801.36kb] [æ–‡ä»¶åŠ è½½ï¼š58]
[ info ] [ LANG ] /www/wwwroot/ledigou/thinkphp/lang/zh-cn.php
[ info ] [ ROUTE ] array (
  'type' => 'module',
  'module' => 
  array (
    0 => '',
    1 => NULL,
    2 => NULL,
  ),
)
[ info ] [ HEADER ] array (
  'user-agent' => 'Mozilla/5.0 (compatible; Nimbostratus-Bot/v1.3.2; http://cloudsystemnetworks.com)',
  'host' => 'ibtv.cc',
)
[ info ] [ PARAM ] array (
)
[ info ] [ SESSION ] INIT array (
  'id' => '',
  'var_session_id' => '',
  'prefix' => 'think',
  'type' => '',
  'auto_start' => true,
)
[ info ] [ DB ] INIT mysql
[ info ] [ LOG ] INIT File
[ sql ] [ DB ] CONNECT:[ UseTime:0.000248s ] mysql:host=localhost;dbname=ledigou;charset=utf8
[ sql ] [ SQL ] SHOW COLUMNS FROM `xin_config` [ RunTime:0.000981s ]
[ sql ] [ SQL ] SELECT * FROM `xin_config` WHERE  `config_id` = 1 LIMIT 1 [ RunTime:0.000245s ]
---------------------------------------------------------------
[ 2019-10-25T17:32:19+08:00 ] 209.17.96.194 GET ru.ibtv.cc/
[è¿è¡Œæ—¶é—´ï¼š0.054006s] [åžåçŽ‡ï¼š18.52req/s] [å†…å­˜æ¶ˆè€—ï¼š2,801.36kb] [æ–‡ä»¶åŠ è½½ï¼š58]
[ info ] [ LANG ] /www/wwwroot/ledigou/thinkphp/lang/zh-cn.php
[ info ] [ ROUTE ] array (
  'type' => 'module',
  'module' => 
  array (
    0 => '',
    1 => NULL,
    2 => NULL,
  ),
)
[ info ] [ HEADER ] array (
  'user-agent' => 'Mozilla/5.0 (compatible; Nimbostratus-Bot/v1.3.2; http://cloudsystemnetworks.com)',
  'host' => 'ru.ibtv.cc',
)
[ info ] [ PARAM ] array (
)
[ info ] [ SESSION ] INIT array (
  'id' => '',
  'var_session_id' => '',
  'prefix' => 'think',
  'type' => '',
  'auto_start' => true,
)
[ info ] [ DB ] INIT mysql
[ info ] [ LOG ] INIT File
[ sql ] [ DB ] CONNECT:[ UseTime:0.000265s ] mysql:host=localhost;dbname=ledigou;charset=utf8
[ sql ] [ SQL ] SHOW COLUMNS FROM `xin_config` [ RunTime:0.001026s ]
[ sql ] [ SQL ] SELECT * FROM `xin_config` WHERE  `config_id` = 1 LIMIT 1 [ RunTime:0.016726s ]
---------------------------------------------------------------
[ 2019-10-25T18:16:23+08:00 ] 124.248.202.186 GET 161.117.4.120/
[è¿è¡Œæ—¶é—´ï¼š0.026516s] [åžåçŽ‡ï¼š37.71req/s] [å†…å­˜æ¶ˆè€—ï¼š2,781.22kb] [æ–‡ä»¶åŠ è½½ï¼š58]
[ info ] [ LANG ] /www/wwwroot/ledigou/thinkphp/lang/zh-cn.php
[ info ] [ ROUTE ] array (
  'type' => 'module',
  'module' => 
  array (
    0 => '',
    1 => NULL,
    2 => NULL,
  ),
)
[ info ] [ HEADER ] array (
  'user-agent' => 'python-requests/2.22.0',
  'accept' => '*/*',
  'accept-encoding' => 'gzip, deflate',
  'connection' => 'keep-alive',
  'host' => '161.117.4.120',
)
[ info ] [ PARAM ] array (
)
[ info ] [ SESSION ] INIT array (
  'id' => '',
  'var_session_id' => '',
  'prefix' => 'think',
  'type' => '',
  'auto_start' => true,
)
[ info ] [ DB ] INIT mysql
[ info ] [ LOG ] INIT File
[ sql ] [ DB ] CONNECT:[ UseTime:0.000265s ] mysql:host=localhost;dbname=ledigou;charset=utf8
[ sql ] [ SQL ] SHOW COLUMNS FROM `xin_config` [ RunTime:0.001030s ]
[ sql ] [ SQL ] SELECT * FROM `xin_config` WHERE  `config_id` = 1 LIMIT 1 [ RunTime:0.000244s ]
---------------------------------------------------------------
[ 2019-10-25T18:16:24+08:00 ] 124.248.202.186 GET 161.117.4.120/index/wechat/login.html
[è¿è¡Œæ—¶é—´ï¼š0.022948s] [åžåçŽ‡ï¼š43.58req/s] [å†…å­˜æ¶ˆè€—ï¼š2,648.43kb] [æ–‡ä»¶åŠ è½½ï¼š54]
[ info ] [ LANG ] /www/wwwroot/ledigou/thinkphp/lang/zh-cn.php
[ info ] [ ROUTE ] array (
  'type' => 'module',
  'module' => 
  array (
    0 => 'index',
    1 => 'wechat',
    2 => 'login',
  ),
)
[ info ] [ HEADER ] array (
  'cookie' => 'PHPSESSID=ci2npd3lbq890fjvc73uob96l0',
  'user-agent' => 'python-requests/2.22.0',
  'accept' => '*/*',
  'accept-encoding' => 'gzip, deflate',
  'connection' => 'keep-alive',
  'host' => '161.117.4.120',
)
[ info ] [ PARAM ] array (
)
[ info ] [ SESSION ] INIT array (
  'id' => '',
  'var_session_id' => '',
  'prefix' => 'think',
  'type' => '',
  'auto_start' => true,
)
[ info ] [ DB ] INIT mysql
[ info ] [ RUN ] app\index\controller\Wechat->Login[ /www/wwwroot/ledigou/application/index/controller/Wechat.php ]
[ info ] [ LOG ] INIT File
---------------------------------------------------------------
[ 2019-10-25T19:04:00+08:00 ] 101.91.60.72 POST dxc.gqwlcm.com//api/sort/GetSortList
[è¿è¡Œæ—¶é—´ï¼š0.128964s] [åžåçŽ‡ï¼š7.75req/s] [å†…å­˜æ¶ˆè€—ï¼š2,669.26kb] [æ–‡ä»¶åŠ è½½ï¼š55]
[ info ] [ LANG ] /www/wwwroot/ledigou/thinkphp/lang/zh-cn.php
[ info ] [ ROUTE ] array (
  'type' => 'module',
  'module' => 
  array (
    0 => 'api',
    1 => 'sort',
    2 => 'GetSortList',
  ),
)
[ info ] [ HEADER ] array (
  'x-wx-cascade-timeout' => '40000',
  'user-agent' => 'Mozilla/5.0 (iPhone; CPU iPhone OS 11_0 like Mac OS X) AppleWebKit/604.1.38 (KHTML, like Gecko) Version/11.0 Mobile/15A372 Safari/604.1 MicroMessenger/6.5 mpcrawler',
  'referer' => 'https://servicewechat.com/wxf24c79e7f9eb5a96/2/page-frame.html',
  'host' => 'dxc.gqwlcm.com',
  'connection' => 'keep-alive',
  'accept-encoding' => 'gzip, deflate',
  'accept' => '*/*',
  'content-type' => 'application/json',
  'content-length' => '2',
)
[ info ] [ PARAM ] array (
)
[ info ] [ DB ] INIT mysql
[ info ] [ SESSION ] INIT array (
  'id' => '',
  'var_session_id' => '',
  'prefix' => 'think',
  'type' => '',
  'auto_start' => true,
)
[ info ] [ RUN ] app\api\controller\Sort->GetSortList[ /www/wwwroot/ledigou/application/api/controller/Sort.php ]
[ info ] [ LOG ] INIT File
[ sql ] [ DB ] CONNECT:[ UseTime:0.000252s ] mysql:host=localhost;dbname=ledigou;charset=utf8
[ sql ] [ SQL ] SHOW COLUMNS FROM `xin_config` [ RunTime:0.002673s ]
[ sql ] [ SQL ] SELECT * FROM `xin_config` WHERE  `config_id` = 1 LIMIT 1 [ RunTime:0.000624s ]
[ sql ] [ SQL ] SHOW COLUMNS FROM `xin_goods_sort` [ RunTime:0.001098s ]
[ sql ] [ SQL ] SELECT * FROM `xin_goods_sort` WHERE  `sort_status` = 1 ORDER BY `sort_rank` DESC LIMIT 0,8 [ RunTime:0.038466s ]
---------------------------------------------------------------
[ 2019-10-25T19:04:00+08:00 ] 223.166.222.100 POST dxc.gqwlcm.com//api/rotate/getrotatelist
[è¿è¡Œæ—¶é—´ï¼š0.099801s] [åžåçŽ‡ï¼š10.02req/s] [å†…å­˜æ¶ˆè€—ï¼š2,669.70kb] [æ–‡ä»¶åŠ è½½ï¼š55]
[ info ] [ LANG ] /www/wwwroot/ledigou/thinkphp/lang/zh-cn.php
[ info ] [ ROUTE ] array (
  'type' => 'module',
  'module' => 
  array (
    0 => 'api',
    1 => 'rotate',
    2 => 'getrotatelist',
  ),
)
[ info ] [ HEADER ] array (
  'x-wx-cascade-timeout' => '40000',
  'user-agent' => 'Mozilla/5.0 (iPhone; CPU iPhone OS 11_0 like Mac OS X) AppleWebKit/604.1.38 (KHTML, like Gecko) Version/11.0 Mobile/15A372 Safari/604.1 MicroMessenger/6.5 mpcrawler',
  'referer' => 'https://servicewechat.com/wxf24c79e7f9eb5a96/2/page-frame.html',
  'host' => 'dxc.gqwlcm.com',
  'connection' => 'keep-alive',
  'accept-encoding' => 'gzip, deflate',
  'accept' => '*/*',
  'content-type' => 'application/json',
  'content-length' => '2',
)
[ info ] [ PARAM ] array (
)
[ info ] [ DB ] INIT mysql
[ info ] [ SESSION ] INIT array (
  'id' => '',
  'var_session_id' => '',
  'prefix' => 'think',
  'type' => '',
  'auto_start' => true,
)
[ info ] [ RUN ] app\api\controller\Rotate->GetRotateList[ /www/wwwroot/ledigou/application/api/controller/Rotate.php ]
[ info ] [ LOG ] INIT File
[ sql ] [ DB ] CONNECT:[ UseTime:0.000855s ] mysql:host=localhost;dbname=ledigou;charset=utf8
[ sql ] [ SQL ] SHOW COLUMNS FROM `xin_config` [ RunTime:0.001063s ]
[ sql ] [ SQL ] SELECT * FROM `xin_config` WHERE  `config_id` = 1 LIMIT 1 [ RunTime:0.000701s ]
[ sql ] [ SQL ] SHOW COLUMNS FROM `xin_rotate` [ RunTime:0.000997s ]
[ sql ] [ SQL ] SELECT * FROM `xin_rotate` WHERE  `rotate_address` = 'index' ORDER BY `rotate_rank` DESC LIMIT 0,4 [ RunTime:0.035918s ]
---------------------------------------------------------------
[ 2019-10-25T19:04:00+08:00 ] 223.166.222.105 POST dxc.gqwlcm.com//api/wechat_base/GetUnionId
[è¿è¡Œæ—¶é—´ï¼š0.459812s] [åžåçŽ‡ï¼š2.17req/s] [å†…å­˜æ¶ˆè€—ï¼š2,654.25kb] [æ–‡ä»¶åŠ è½½ï¼š53]
[ info ] [ LANG ] /www/wwwroot/ledigou/thinkphp/lang/zh-cn.php
[ info ] [ ROUTE ] array (
  'type' => 'module',
  'module' => 
  array (
    0 => 'api',
    1 => 'wechat_base',
    2 => 'GetUnionId',
  ),
)
[ info ] [ HEADER ] array (
  'x-wx-cascade-timeout' => '40000',
  'user-agent' => 'Mozilla/5.0 (iPhone; CPU iPhone OS 11_0 like Mac OS X) AppleWebKit/604.1.38 (KHTML, like Gecko) Version/11.0 Mobile/15A372 Safari/604.1 MicroMessenger/6.5 mpcrawler',
  'referer' => 'https://servicewechat.com/wxf24c79e7f9eb5a96/2/page-frame.html',
  'host' => 'dxc.gqwlcm.com',
  'connection' => 'keep-alive',
  'accept-encoding' => 'gzip, deflate',
  'accept' => '*/*',
  'content-type' => 'application/json',
  'content-length' => '43',
)
[ info ] [ PARAM ] array (
  'code' => '081r0cZI19fK040wBzZI1DadZI1r0cZi',
)
[ info ] [ SESSION ] INIT array (
  'id' => '',
  'var_session_id' => '',
  'prefix' => 'think',
  'type' => '',
  'auto_start' => true,
)
[ info ] [ DB ] INIT mysql
[ info ] [ RUN ] app\api\controller\WechatBase->GetUnionId[ /www/wwwroot/ledigou/application/api/controller/WechatBase.php ]
[ info ] [ LOG ] INIT File
[ sql ] [ DB ] CONNECT:[ UseTime:0.000291s ] mysql:host=localhost;dbname=ledigou;charset=utf8
[ sql ] [ SQL ] SHOW COLUMNS FROM `xin_config` [ RunTime:0.000941s ]
[ sql ] [ SQL ] SELECT * FROM `xin_config` WHERE  `config_id` = 1 LIMIT 1 [ RunTime:0.000248s ]
---------------------------------------------------------------
[ 2019-10-25T19:04:01+08:00 ] 223.166.222.105 POST dxc.gqwlcm.com//api/limited/GetLimitedList
[è¿è¡Œæ—¶é—´ï¼š0.280646s] [åžåçŽ‡ï¼š3.56req/s] [å†…å­˜æ¶ˆè€—ï¼š2,793.45kb] [æ–‡ä»¶åŠ è½½ï¼š57]
[ info ] [ LANG ] /www/wwwroot/ledigou/thinkphp/lang/zh-cn.php
[ info ] [ ROUTE ] array (
  'type' => 'module',
  'module' => 
  array (
    0 => 'api',
    1 => 'limited',
    2 => 'GetLimitedList',
  ),
)
[ info ] [ HEADER ] array (
  'x-wx-cascade-timeout' => '40000',
  'user-agent' => 'Mozilla/5.0 (iPhone; CPU iPhone OS 11_0 like Mac OS X) AppleWebKit/604.1.38 (KHTML, like Gecko) Version/11.0 Mobile/15A372 Safari/604.1 MicroMessenger/6.5 mpcrawler',
  'referer' => 'https://servicewechat.com/wxf24c79e7f9eb5a96/2/page-frame.html',
  'host' => 'dxc.gqwlcm.com',
  'connection' => 'keep-alive',
  'accept-encoding' => 'gzip, deflate',
  'accept' => '*/*',
  'content-type' => 'application/json',
  'content-length' => '14',
)
[ info ] [ PARAM ] array (
  'unionid' => '',
)
[ info ] [ DB ] INIT mysql
[ info ] [ SESSION ] INIT array (
  'id' => '',
  'var_session_id' => '',
  'prefix' => 'think',
  'type' => '',
  'auto_start' => true,
)
[ info ] [ RUN ] app\api\controller\Limited->GetLimitedList[ /www/wwwroot/ledigou/application/api/controller/Limited.php ]
[ info ] [ LOG ] INIT File
[ sql ] [ DB ] CONNECT:[ UseTime:0.000834s ] mysql:host=localhost;dbname=ledigou;charset=utf8
[ sql ] [ SQL ] SHOW COLUMNS FROM `xin_config` [ RunTime:0.001767s ]
[ sql ] [ SQL ] SELECT * FROM `xin_config` WHERE  `config_id` = 1 LIMIT 1 [ RunTime:0.000266s ]
[ sql ] [ SQL ] SHOW COLUMNS FROM `xin_user` [ RunTime:0.000980s ]
[ sql ] [ SQL ] SELECT * FROM `xin_user` WHERE  `user_unionid` = '' LIMIT 1 [ RunTime:0.096267s ]
---------------------------------------------------------------
[ 2019-10-25T19:04:01+08:00 ] 223.166.222.103 POST dxc.gqwlcm.com//api/goods/GetGoodsList
[è¿è¡Œæ—¶é—´ï¼š0.326177s] [åžåçŽ‡ï¼š3.07req/s] [å†…å­˜æ¶ˆè€—ï¼š2,854.30kb] [æ–‡ä»¶åŠ è½½ï¼š59]
[ info ] [ LANG ] /www/wwwroot/ledigou/thinkphp/lang/zh-cn.php
[ info ] [ ROUTE ] array (
  'type' => 'module',
  'module' => 
  array (
    0 => 'api',
    1 => 'goods',
    2 => 'GetGoodsList',
  ),
)
[ info ] [ HEADER ] array (
  'x-wx-cascade-timeout' => '40000',
  'user-agent' => 'Mozilla/5.0 (iPhone; CPU iPhone OS 11_0 like Mac OS X) AppleWebKit/604.1.38 (KHTML, like Gecko) Version/11.0 Mobile/15A372 Safari/604.1 MicroMessenger/6.5 mpcrawler',
  'referer' => 'https://servicewechat.com/wxf24c79e7f9eb5a96/2/page-frame.html',
  'host' => 'dxc.gqwlcm.com',
  'connection' => 'keep-alive',
  'accept-encoding' => 'gzip, deflate',
  'accept' => '*/*',
  'content-type' => 'application/json',
  'content-length' => '69',
)
[ info ] [ PARAM ] array (
  'unionid' => '',
  'keyword' => '',
  'sort' => 0,
  'is_top' => true,
  'page' => 1,
  'limit' => 4,
)
[ info ] [ SESSION ] INIT array (
  'id' => '',
  'var_session_id' => '',
  'prefix' => 'think',
  'type' => '',
  'auto_start' => true,
)
[ info ] [ DB ] INIT mysql
[ info ] [ RUN ] app\api\controller\Goods->GetGoodsList[ /www/wwwroot/ledigou/application/api/controller/Goods.php ]
[ info ] [ LOG ] INIT File
[ sql ] [ DB ] CONNECT:[ UseTime:0.000246s ] mysql:host=localhost;dbname=ledigou;charset=utf8
[ sql ] [ SQL ] SHOW COLUMNS FROM `xin_config` [ RunTime:0.000786s ]
[ sql ] [ SQL ] SELECT * FROM `xin_config` WHERE  `config_id` = 1 LIMIT 1 [ RunTime:0.000204s ]
[ sql ] [ SQL ] SHOW COLUMNS FROM `xin_user` [ RunTime:0.000821s ]
[ sql ] [ SQL ] SELECT * FROM `xin_user` WHERE  `user_unionid` = '' LIMIT 1 [ RunTime:0.091160s ]
---------------------------------------------------------------
[ 2019-10-25T19:04:05+08:00 ] 223.166.222.105 POST dxc.gqwlcm.com//api/user/CreateUser
[è¿è¡Œæ—¶é—´ï¼š0.148804s] [åžåçŽ‡ï¼š6.72req/s] [å†…å­˜æ¶ˆè€—ï¼š3,128.20kb] [æ–‡ä»¶åŠ è½½ï¼š64]
[ info ] [ LANG ] /www/wwwroot/ledigou/thinkphp/lang/zh-cn.php
[ info ] [ ROUTE ] array (
  'type' => 'module',
  'module' => 
  array (
    0 => 'api',
    1 => 'user',
    2 => 'CreateUser',
  ),
)
[ info ] [ HEADER ] array (
  'x-wx-cascade-timeout' => '40000',
  'user-agent' => 'Mozilla/5.0 (iPhone; CPU iPhone OS 11_0 like Mac OS X) AppleWebKit/604.1.38 (KHTML, like Gecko) Version/11.0 Mobile/15A372 Safari/604.1 MicroMessenger/6.5 mpcrawler',
  'referer' => 'https://servicewechat.com/wxf24c79e7f9eb5a96/2/page-frame.html',
  'host' => 'dxc.gqwlcm.com',
  'connection' => 'keep-alive',
  'accept-encoding' => 'gzip, deflate',
  'accept' => '*/*',
  'content-type' => 'application/json',
  'content-length' => '216',
)
[ info ] [ PARAM ] array (
  'data' => 
  array (
    'nickName' => 'å´æ¹˜ç”Ÿ',
    'gender' => 0,
    'language' => 'zh_CN',
    'city' => '',
    'province' => '',
    'country' => '',
    'avatarUrl' => 'https://wx.qlogo.cn/mmhead/B5vNxSFyHaDibMaNT2AqGQO1GTTiav5S5W2OFF5ICBcZY/132',
  ),
  'openid' => '',
  'unionid' => '',
)
[ info ] [ SESSION ] INIT array (
  'id' => '',
  'var_session_id' => '',
  'prefix' => 'think',
  'type' => '',
  'auto_start' => true,
)
[ info ] [ DB ] INIT mysql
[ info ] [ RUN ] app\api\controller\User->CreateUser[ /www/wwwroot/ledigou/application/api/controller/User.php ]
[ info ] [ LOG ] INIT File
[ sql ] [ DB ] CONNECT:[ UseTime:0.000255s ] mysql:host=localhost;dbname=ledigou;charset=utf8
[ sql ] [ SQL ] SHOW COLUMNS FROM `xin_config` [ RunTime:0.001042s ]
[ sql ] [ SQL ] SELECT * FROM `xin_config` WHERE  `config_id` = 1 LIMIT 1 [ RunTime:0.000258s ]
[ sql ] [ SQL ] SHOW COLUMNS FROM `xin_user` [ RunTime:0.000766s ]
[ sql ] [ SQL ] INSERT INTO `xin_user` (`user_name` , `user_avatar` , `user_wxid` , `user_unionid` , `user_time`) VALUES ('å´æ¹˜ç”Ÿ' , 'https://wx.qlogo.cn/mmhead/B5vNxSFyHaDibMaNT2AqGQO1GTTiav5S5W2OFF5ICBcZY/132' , '' , '' , 1572001445) [ RunTime:0.096085s ]
---------------------------------------------------------------
[ 2019-10-25T19:04:06+08:00 ] 223.166.222.103 POST dxc.gqwlcm.com//api/limited/GetLimitedList
[è¿è¡Œæ—¶é—´ï¼š0.161686s] [åžåçŽ‡ï¼š6.18req/s] [å†…å­˜æ¶ˆè€—ï¼š2,806.58kb] [æ–‡ä»¶åŠ è½½ï¼š57]
[ info ] [ LANG ] /www/wwwroot/ledigou/thinkphp/lang/zh-cn.php
[ info ] [ ROUTE ] array (
  'type' => 'module',
  'module' => 
  array (
    0 => 'api',
    1 => 'limited',
    2 => 'GetLimitedList',
  ),
)
[ info ] [ HEADER ] array (
  'x-wx-cascade-timeout' => '40000',
  'user-agent' => 'Mozilla/5.0 (iPhone; CPU iPhone OS 11_0 like Mac OS X) AppleWebKit/604.1.38 (KHTML, like Gecko) Version/11.0 Mobile/15A372 Safari/604.1 MicroMessenger/6.5 mpcrawler',
  'referer' => 'https://servicewechat.com/wxf24c79e7f9eb5a96/2/page-frame.html',
  'host' => 'dxc.gqwlcm.com',
  'connection' => 'keep-alive',
  'accept-encoding' => 'gzip, deflate',
  'accept' => '*/*',
  'content-type' => 'application/json',
  'content-length' => '14',
)
[ info ] [ PARAM ] array (
  'unionid' => '',
)
[ info ] [ DB ] INIT mysql
[ info ] [ SESSION ] INIT array (
  'id' => '',
  'var_session_id' => '',
  'prefix' => 'think',
  'type' => '',
  'auto_start' => true,
)
[ info ] [ RUN ] app\api\controller\Limited->GetLimitedList[ /www/wwwroot/ledigou/application/api/controller/Limited.php ]
[ info ] [ LOG ] INIT File
[ sql ] [ DB ] CONNECT:[ UseTime:0.001698s ] mysql:host=localhost;dbname=ledigou;charset=utf8
[ sql ] [ SQL ] SHOW COLUMNS FROM `xin_config` [ RunTime:0.002267s ]
[ sql ] [ SQL ] SELECT * FROM `xin_config` WHERE  `config_id` = 1 LIMIT 1 [ RunTime:0.000195s ]
[ sql ] [ SQL ] SHOW COLUMNS FROM `xin_user` [ RunTime:0.000803s ]
[ sql ] [ SQL ] SELECT * FROM `xin_user` WHERE  `user_unionid` = '' LIMIT 1 [ RunTime:0.000215s ]
[ sql ] [ SQL ] SHOW COLUMNS FROM `xin_warehouse` [ RunTime:0.000883s ]
[ sql ] [ SQL ] SELECT `ware_id` FROM `xin_warehouse` WHERE  `ware_school` = 1 [ RunTime:0.017385s ]
[ sql ] [ SQL ] SHOW COLUMNS FROM `xin_limited` [ RunTime:0.002153s ]
[ sql ] [ SQL ] SELECT * FROM `xin_limited` `l` INNER JOIN `xin_goods` `g` ON `l`.`limited_goods`=`g`.`goods_id` WHERE  `g`.`goods_warehouse` IN ('1')  AND `l`.`limited_stime` < 1572001446  AND `l`.`limited_etime` > 1572001446 ORDER BY `limited_time` DESC LIMIT 2 [ RunTime:0.082186s ]
---------------------------------------------------------------
[ 2019-10-25T19:04:06+08:00 ] 223.166.222.100 POST dxc.gqwlcm.com//api/goods/GetGoodsList
[è¿è¡Œæ—¶é—´ï¼š0.161990s] [åžåçŽ‡ï¼š6.17req/s] [å†…å­˜æ¶ˆè€—ï¼š2,866.03kb] [æ–‡ä»¶åŠ è½½ï¼š59]
[ info ] [ LANG ] /www/wwwroot/ledigou/thinkphp/lang/zh-cn.php
[ info ] [ ROUTE ] array (
  'type' => 'module',
  'module' => 
  array (
    0 => 'api',
    1 => 'goods',
    2 => 'GetGoodsList',
  ),
)
[ info ] [ HEADER ] array (
  'x-wx-cascade-timeout' => '40000',
  'user-agent' => 'Mozilla/5.0 (iPhone; CPU iPhone OS 11_0 like Mac OS X) AppleWebKit/604.1.38 (KHTML, like Gecko) Version/11.0 Mobile/15A372 Safari/604.1 MicroMessenger/6.5 mpcrawler',
  'referer' => 'https://servicewechat.com/wxf24c79e7f9eb5a96/2/page-frame.html',
  'host' => 'dxc.gqwlcm.com',
  'connection' => 'keep-alive',
  'accept-encoding' => 'gzip, deflate',
  'accept' => '*/*',
  'content-type' => 'application/json',
  'content-length' => '69',
)
[ info ] [ PARAM ] array (
  'unionid' => '',
  'keyword' => '',
  'sort' => 0,
  'is_top' => true,
  'page' => 1,
  'limit' => 4,
)
[ info ] [ SESSION ] INIT array (
  'id' => '',
  'var_session_id' => '',
  'prefix' => 'think',
  'type' => '',
  'auto_start' => true,
)
[ info ] [ DB ] INIT mysql
[ info ] [ RUN ] app\api\controller\Goods->GetGoodsList[ /www/wwwroot/ledigou/application/api/controller/Goods.php ]
[ info ] [ LOG ] INIT File
[ sql ] [ DB ] CONNECT:[ UseTime:0.001244s ] mysql:host=localhost;dbname=ledigou;charset=utf8
[ sql ] [ SQL ] SHOW COLUMNS FROM `xin_config` [ RunTime:0.001808s ]
[ sql ] [ SQL ] SELECT * FROM `xin_config` WHERE  `config_id` = 1 LIMIT 1 [ RunTime:0.000301s ]
[ sql ] [ SQL ] SHOW COLUMNS FROM `xin_user` [ RunTime:0.000765s ]
[ sql ] [ SQL ] SELECT * FROM `xin_user` WHERE  `user_unionid` = '' LIMIT 1 [ RunTime:0.000203s ]
[ sql ] [ SQL ] SHOW COLUMNS FROM `xin_warehouse` [ RunTime:0.000788s ]
[ sql ] [ SQL ] SELECT `ware_id` FROM `xin_warehouse` WHERE  `ware_school` = 1 [ RunTime:0.015807s ]
[ sql ] [ SQL ] SHOW COLUMNS FROM `xin_goods` [ RunTime:0.001810s ]
[ sql ] [ SQL ] SELECT * FROM `xin_goods` WHERE  `goods_warehouse` IN (1)  AND `goods_is_top` = 1 ORDER BY `goods_is_top` DESC,`goods_id` DESC LIMIT 0,4 [ RunTime:0.081615s ]
[ sql ] [ SQL ] SHOW COLUMNS FROM `xin_limited` [ RunTime:0.003257s ]
[ sql ] [ SQL ] SELECT * FROM `xin_limited` WHERE  `limited_stime` < 1572001446  AND `limited_etime` > 1572001446  AND `limited_goods` = 37 LIMIT 1 [ RunTime:0.001109s ]
[ sql ] [ SQL ] SELECT * FROM `xin_limited` WHERE  `limited_stime` < 1572001446  AND `limited_etime` > 1572001446  AND `limited_goods` = 36 LIMIT 1 [ RunTime:0.000257s ]
[ sql ] [ SQL ] SELECT * FROM `xin_limited` WHERE  `limited_stime` < 1572001446  AND `limited_etime` > 1572001446  AND `limited_goods` = 35 LIMIT 1 [ RunTime:0.000187s ]
[ sql ] [ SQL ] SELECT * FROM `xin_limited` WHERE  `limited_stime` < 1572001446  AND `limited_etime` > 1572001446  AND `limited_goods` = 34 LIMIT 1 [ RunTime:0.000179s ]
---------------------------------------------------------------
[ 2019-10-25T19:54:51+08:00 ] 209.17.97.58 GET blog.leesin.xin/
[è¿è¡Œæ—¶é—´ï¼š0.091606s] [åžåçŽ‡ï¼š10.92req/s] [å†…å­˜æ¶ˆè€—ï¼š2,801.36kb] [æ–‡ä»¶åŠ è½½ï¼š58]
[ info ] [ LANG ] /www/wwwroot/ledigou/thinkphp/lang/zh-cn.php
[ info ] [ ROUTE ] array (
  'type' => 'module',
  'module' => 
  array (
    0 => '',
    1 => NULL,
    2 => NULL,
  ),
)
[ info ] [ HEADER ] array (
  'user-agent' => 'Mozilla/5.0 (compatible; Nimbostratus-Bot/v1.3.2; http://cloudsystemnetworks.com)',
  'host' => 'blog.leesin.xin',
)
[ info ] [ PARAM ] array (
)
[ info ] [ SESSION ] INIT array (
  'id' => '',
  'var_session_id' => '',
  'prefix' => 'think',
  'type' => '',
  'auto_start' => true,
)
[ info ] [ DB ] INIT mysql
[ info ] [ LOG ] INIT File
[ sql ] [ DB ] CONNECT:[ UseTime:0.000259s ] mysql:host=localhost;dbname=ledigou;charset=utf8
[ sql ] [ SQL ] SHOW COLUMNS FROM `xin_config` [ RunTime:0.000882s ]
[ sql ] [ SQL ] SELECT * FROM `xin_config` WHERE  `config_id` = 1 LIMIT 1 [ RunTime:0.000478s ]
---------------------------------------------------------------
[ 2019-10-25T20:28:46+08:00 ] 209.17.96.202 GET book.ibtv.cc/
[è¿è¡Œæ—¶é—´ï¼š0.043716s] [åžåçŽ‡ï¼š22.87req/s] [å†…å­˜æ¶ˆè€—ï¼š2,801.36kb] [æ–‡ä»¶åŠ è½½ï¼š58]
[ info ] [ LANG ] /www/wwwroot/ledigou/thinkphp/lang/zh-cn.php
[ info ] [ ROUTE ] array (
  'type' => 'module',
  'module' => 
  array (
    0 => '',
    1 => NULL,
    2 => NULL,
  ),
)
[ info ] [ HEADER ] array (
  'user-agent' => 'Mozilla/5.0 (compatible; Nimbostratus-Bot/v1.3.2; http://cloudsystemnetworks.com)',
  'host' => 'book.ibtv.cc',
)
[ info ] [ PARAM ] array (
)
[ info ] [ SESSION ] INIT array (
  'id' => '',
  'var_session_id' => '',
  'prefix' => 'think',
  'type' => '',
  'auto_start' => true,
)
[ info ] [ DB ] INIT mysql
[ info ] [ LOG ] INIT File
[ sql ] [ DB ] CONNECT:[ UseTime:0.000283s ] mysql:host=localhost;dbname=ledigou;charset=utf8
[ sql ] [ SQL ] SHOW COLUMNS FROM `xin_config` [ RunTime:0.001133s ]
[ sql ] [ SQL ] SELECT * FROM `xin_config` WHERE  `config_id` = 1 LIMIT 1 [ RunTime:0.000289s ]
---------------------------------------------------------------
[ 2019-10-25T22:12:46+08:00 ] 93.174.93.84 GET 161.117.4.120/pps/cisco/cisco.cfg
[è¿è¡Œæ—¶é—´ï¼š0.015775s] [åžåçŽ‡ï¼š63.39req/s] [å†…å­˜æ¶ˆè€—ï¼š1,455.45kb] [æ–‡ä»¶åŠ è½½ï¼š40]
[ info ] [ LANG ] /www/wwwroot/ledigou/thinkphp/lang/zh-cn.php
[ info ] [ ROUTE ] array (
  'type' => 'module',
  'module' => 
  array (
    0 => 'pps',
    1 => 'cisco',
    2 => 'cisco.cfg',
  ),
)
[ info ] [ HEADER ] array (
  'connection' => 'Keep-Alive',
  'host' => '161.117.4.120',
  'user-agent' => 'Mozilla/5.0 (Windows NT 6.1; Win64; x64; rv:56.0) Gecko/20100101 Firefox/56.0',
)
[ info ] [ PARAM ] array (
)
[ info ] [ LOG ] INIT File
---------------------------------------------------------------
[ 2019-10-25T22:18:54+08:00 ] 209.17.97.34 GET staff.ibtv.cc/
[è¿è¡Œæ—¶é—´ï¼š0.026196s] [åžåçŽ‡ï¼š38.17req/s] [å†…å­˜æ¶ˆè€—ï¼š2,801.36kb] [æ–‡ä»¶åŠ è½½ï¼š58]
[ info ] [ LANG ] /www/wwwroot/ledigou/thinkphp/lang/zh-cn.php
[ info ] [ ROUTE ] array (
  'type' => 'module',
  'module' => 
  array (
    0 => '',
    1 => NULL,
    2 => NULL,
  ),
)
[ info ] [ HEADER ] array (
  'user-agent' => 'Mozilla/5.0 (compatible; Nimbostratus-Bot/v1.3.2; http://cloudsystemnetworks.com)',
  'host' => 'staff.ibtv.cc',
)
[ info ] [ PARAM ] array (
)
[ info ] [ SESSION ] INIT array (
  'id' => '',
  'var_session_id' => '',
  'prefix' => 'think',
  'type' => '',
  'auto_start' => true,
)
[ info ] [ DB ] INIT mysql
[ info ] [ LOG ] INIT File
[ sql ] [ DB ] CONNECT:[ UseTime:0.000286s ] mysql:host=localhost;dbname=ledigou;charset=utf8
[ sql ] [ SQL ] SHOW COLUMNS FROM `xin_config` [ RunTime:0.001010s ]
[ sql ] [ SQL ] SELECT * FROM `xin_config` WHERE  `config_id` = 1 LIMIT 1 [ RunTime:0.000248s ]
---------------------------------------------------------------
[ 2019-10-25T23:19:38+08:00 ] 209.17.97.106 GET video.ibtv.cc/
[è¿è¡Œæ—¶é—´ï¼š0.037000s] [åžåçŽ‡ï¼š27.03req/s] [å†…å­˜æ¶ˆè€—ï¼š2,801.36kb] [æ–‡ä»¶åŠ è½½ï¼š58]
[ info ] [ LANG ] /www/wwwroot/ledigou/thinkphp/lang/zh-cn.php
[ info ] [ ROUTE ] array (
  'type' => 'module',
  'module' => 
  array (
    0 => '',
    1 => NULL,
    2 => NULL,
  ),
)
[ info ] [ HEADER ] array (
  'user-agent' => 'Mozilla/5.0 (compatible; Nimbostratus-Bot/v1.3.2; http://cloudsystemnetworks.com)',
  'host' => 'video.ibtv.cc',
)
[ info ] [ PARAM ] array (
)
[ info ] [ SESSION ] INIT array (
  'id' => '',
  'var_session_id' => '',
  'prefix' => 'think',
  'type' => '',
  'auto_start' => true,
)
[ info ] [ DB ] INIT mysql
[ info ] [ LOG ] INIT File
[ sql ] [ DB ] CONNECT:[ UseTime:0.000273s ] mysql:host=localhost;dbname=ledigou;charset=utf8
[ sql ] [ SQL ] SHOW COLUMNS FROM `xin_config` [ RunTime:0.001010s ]
[ sql ] [ SQL ] SELECT * FROM `xin_config` WHERE  `config_id` = 1 LIMIT 1 [ RunTime:0.000278s ]
