---------------------------------------------------------------
[ 2019-10-28T15:33:54+08:00 ] 113.128.87.186 POST dxc.gqwlcm.com//api/wechat_base/GetUnionId
[运行时间：0.403721s] [吞吐率：2.48req/s] [内存消耗：2,655.87kb] [文件加载：53]
[ info ] [ LANG ] /www/wwwroot/ledigou/thinkphp/lang/zh-cn.php
[ info ] [ ROUTE ] array (
  'type' => 'module',
  'module' => 
  array (
    0 => 'api',
    1 => 'wechat_base',
    2 => 'GetUnionId',
  ),
)
[ info ] [ HEADER ] array (
  'accept-language' => 'zh-CN,zh;q=0.9',
  'accept-encoding' => 'gzip, deflate, br',
  'referer' => 'https://servicewechat.com/wxf24c79e7f9eb5a96/devtools/page-frame.html',
  'accept' => '*/*',
  'sec-fetch-site' => 'cross-site',
  'sec-fetch-user' => '?F',
  'sec-fetch-dest' => 'empty',
  'user-agent' => 'Mozilla/5.0 (iPhone; CPU iPhone OS 9_1 like Mac OS X) AppleWebKit/601.1.46 (KHTML, like Gecko) Version/9.0 Mobile/13B143 Safari/601.1 wechatdevtools/1.02.1907300 MicroMessenger/6.7.3 Language/zh_CN webview/',
  'origin' => 'http://127.0.0.1:40302',
  'sec-fetch-mode' => 'cors',
  'sec-ch-ua' => 'nwjs 74',
  'cache-control' => 'no-cache',
  'pragma' => 'no-cache',
  'connection' => 'keep-alive',
  'host' => 'dxc.gqwlcm.com',
  'content-type' => 'application/json',
  'content-length' => '43',
)
[ info ] [ PARAM ] array (
  'code' => '011uiNY70nKtYE1bAqZ70xdEY70uiNYz',
)
[ info ] [ SESSION ] INIT array (
  'id' => '',
  'var_session_id' => '',
  'prefix' => 'think',
  'type' => '',
  'auto_start' => true,
)
[ info ] [ DB ] INIT mysql
[ info ] [ RUN ] app\api\controller\WechatBase->GetUnionId[ /www/wwwroot/ledigou/application/api/controller/WechatBase.php ]
[ info ] [ LOG ] INIT File
[ sql ] [ DB ] CONNECT:[ UseTime:0.000266s ] mysql:host=localhost;dbname=ledigou;charset=utf8
[ sql ] [ SQL ] SHOW COLUMNS FROM `xin_config` [ RunTime:0.001024s ]
[ sql ] [ SQL ] SELECT * FROM `xin_config` WHERE  `config_id` = 1 LIMIT 1 [ RunTime:0.000269s ]
---------------------------------------------------------------
[ 2019-10-28T15:33:54+08:00 ] 113.128.87.186 GET dxc.gqwlcm.com//api/user/FindUser?unionid=o8N9TuNuwIMO_qLddHjeVz-xHnAs&wxid=ofbua5ZvdCwNdxFnbmKuaIh6lW9k
[运行时间：0.029239s] [吞吐率：34.20req/s] [内存消耗：3,023.13kb] [文件加载：63]
[ info ] [ LANG ] /www/wwwroot/ledigou/thinkphp/lang/zh-cn.php
[ info ] [ ROUTE ] array (
  'type' => 'module',
  'module' => 
  array (
    0 => 'api',
    1 => 'user',
    2 => 'FindUser',
  ),
)
[ info ] [ HEADER ] array (
  'accept-language' => 'zh-CN,zh;q=0.9',
  'accept-encoding' => 'gzip, deflate, br',
  'referer' => 'https://servicewechat.com/wxf24c79e7f9eb5a96/devtools/page-frame.html',
  'accept' => '*/*',
  'sec-fetch-site' => 'cross-site',
  'sec-fetch-user' => '?F',
  'sec-fetch-dest' => 'empty',
  'user-agent' => 'Mozilla/5.0 (iPhone; CPU iPhone OS 9_1 like Mac OS X) AppleWebKit/601.1.46 (KHTML, like Gecko) Version/9.0 Mobile/13B143 Safari/601.1 wechatdevtools/1.02.1907300 MicroMessenger/6.7.3 Language/zh_CN webview/',
  'sec-fetch-mode' => 'cors',
  'sec-ch-ua' => 'nwjs 74',
  'cache-control' => 'no-cache',
  'pragma' => 'no-cache',
  'connection' => 'keep-alive',
  'host' => 'dxc.gqwlcm.com',
  'content-type' => 'application/json',
)
[ info ] [ PARAM ] array (
  'unionid' => 'o8N9TuNuwIMO_qLddHjeVz-xHnAs',
  'wxid' => 'ofbua5ZvdCwNdxFnbmKuaIh6lW9k',
)
[ info ] [ SESSION ] INIT array (
  'id' => '',
  'var_session_id' => '',
  'prefix' => 'think',
  'type' => '',
  'auto_start' => true,
)
[ info ] [ DB ] INIT mysql
[ info ] [ RUN ] app\api\controller\User->FindUser[ /www/wwwroot/ledigou/application/api/controller/User.php ]
[ info ] [ LOG ] INIT File
[ sql ] [ DB ] CONNECT:[ UseTime:0.000256s ] mysql:host=localhost;dbname=ledigou;charset=utf8
[ sql ] [ SQL ] SHOW COLUMNS FROM `xin_config` [ RunTime:0.001017s ]
[ sql ] [ SQL ] SELECT * FROM `xin_config` WHERE  `config_id` = 1 LIMIT 1 [ RunTime:0.000275s ]
[ sql ] [ SQL ] SHOW COLUMNS FROM `xin_user` [ RunTime:0.000781s ]
[ sql ] [ SQL ] SELECT * FROM `xin_user` WHERE  `user_unionid` = 'o8N9TuNuwIMO_qLddHjeVz-xHnAs' LIMIT 1 [ RunTime:0.000242s ]
---------------------------------------------------------------
[ 2019-10-28T15:33:55+08:00 ] 113.128.87.186 POST dxc.gqwlcm.com//api/limited/GetLimitedList
[运行时间：0.060356s] [吞吐率：16.57req/s] [内存消耗：2,808.77kb] [文件加载：57]
[ info ] [ LANG ] /www/wwwroot/ledigou/thinkphp/lang/zh-cn.php
[ info ] [ ROUTE ] array (
  'type' => 'module',
  'module' => 
  array (
    0 => 'api',
    1 => 'limited',
    2 => 'GetLimitedList',
  ),
)
[ info ] [ HEADER ] array (
  'accept-language' => 'zh-CN,zh;q=0.9',
  'accept-encoding' => 'gzip, deflate, br',
  'referer' => 'https://servicewechat.com/wxf24c79e7f9eb5a96/devtools/page-frame.html',
  'accept' => '*/*',
  'sec-fetch-site' => 'cross-site',
  'sec-fetch-user' => '?F',
  'sec-fetch-dest' => 'empty',
  'user-agent' => 'Mozilla/5.0 (iPhone; CPU iPhone OS 9_1 like Mac OS X) AppleWebKit/601.1.46 (KHTML, like Gecko) Version/9.0 Mobile/13B143 Safari/601.1 wechatdevtools/1.02.1907300 MicroMessenger/6.7.3 Language/zh_CN webview/',
  'origin' => 'http://127.0.0.1:40302',
  'sec-fetch-mode' => 'cors',
  'sec-ch-ua' => 'nwjs 74',
  'cache-control' => 'no-cache',
  'pragma' => 'no-cache',
  'connection' => 'keep-alive',
  'host' => 'dxc.gqwlcm.com',
  'content-type' => 'application/json',
  'content-length' => '42',
)
[ info ] [ PARAM ] array (
  'unionid' => 'o8N9TuNuwIMO_qLddHjeVz-xHnAs',
)
[ info ] [ DB ] INIT mysql
[ info ] [ SESSION ] INIT array (
  'id' => '',
  'var_session_id' => '',
  'prefix' => 'think',
  'type' => '',
  'auto_start' => true,
)
[ info ] [ RUN ] app\api\controller\Limited->GetLimitedList[ /www/wwwroot/ledigou/application/api/controller/Limited.php ]
[ info ] [ LOG ] INIT File
[ sql ] [ DB ] CONNECT:[ UseTime:0.001389s ] mysql:host=localhost;dbname=ledigou;charset=utf8
[ sql ] [ SQL ] SHOW COLUMNS FROM `xin_config` [ RunTime:0.001093s ]
[ sql ] [ SQL ] SELECT * FROM `xin_config` WHERE  `config_id` = 1 LIMIT 1 [ RunTime:0.001083s ]
[ sql ] [ SQL ] SHOW COLUMNS FROM `xin_user` [ RunTime:0.000841s ]
[ sql ] [ SQL ] SELECT * FROM `xin_user` WHERE  `user_unionid` = 'o8N9TuNuwIMO_qLddHjeVz-xHnAs' LIMIT 1 [ RunTime:0.000239s ]
[ sql ] [ SQL ] SHOW COLUMNS FROM `xin_warehouse` [ RunTime:0.001045s ]
[ sql ] [ SQL ] SELECT `ware_id` FROM `xin_warehouse` WHERE  `ware_school` = 1 [ RunTime:0.000159s ]
[ sql ] [ SQL ] SHOW COLUMNS FROM `xin_limited` [ RunTime:0.001031s ]
[ sql ] [ SQL ] SELECT * FROM `xin_limited` `l` INNER JOIN `xin_goods` `g` ON `l`.`limited_goods`=`g`.`goods_id` WHERE  `g`.`goods_warehouse` IN ('1')  AND `l`.`limited_stime` < 1572248035  AND `l`.`limited_etime` > 1572248035 ORDER BY `limited_time` DESC LIMIT 2 [ RunTime:0.001211s ]
---------------------------------------------------------------
[ 2019-10-28T15:33:55+08:00 ] 113.128.87.186 POST dxc.gqwlcm.com//api/goods/GetGoodsList
[运行时间：0.062469s] [吞吐率：16.01req/s] [内存消耗：2,868.22kb] [文件加载：59]
[ info ] [ LANG ] /www/wwwroot/ledigou/thinkphp/lang/zh-cn.php
[ info ] [ ROUTE ] array (
  'type' => 'module',
  'module' => 
  array (
    0 => 'api',
    1 => 'goods',
    2 => 'GetGoodsList',
  ),
)
[ info ] [ HEADER ] array (
  'accept-language' => 'zh-CN,zh;q=0.9',
  'accept-encoding' => 'gzip, deflate, br',
  'referer' => 'https://servicewechat.com/wxf24c79e7f9eb5a96/devtools/page-frame.html',
  'accept' => '*/*',
  'sec-fetch-site' => 'cross-site',
  'sec-fetch-user' => '?F',
  'sec-fetch-dest' => 'empty',
  'user-agent' => 'Mozilla/5.0 (iPhone; CPU iPhone OS 9_1 like Mac OS X) AppleWebKit/601.1.46 (KHTML, like Gecko) Version/9.0 Mobile/13B143 Safari/601.1 wechatdevtools/1.02.1907300 MicroMessenger/6.7.3 Language/zh_CN webview/',
  'origin' => 'http://127.0.0.1:40302',
  'sec-fetch-mode' => 'cors',
  'sec-ch-ua' => 'nwjs 74',
  'cache-control' => 'no-cache',
  'pragma' => 'no-cache',
  'connection' => 'keep-alive',
  'host' => 'dxc.gqwlcm.com',
  'content-type' => 'application/json',
  'content-length' => '97',
)
[ info ] [ PARAM ] array (
  'unionid' => 'o8N9TuNuwIMO_qLddHjeVz-xHnAs',
  'keyword' => '',
  'sort' => 0,
  'is_top' => true,
  'page' => 1,
  'limit' => 4,
)
[ info ] [ SESSION ] INIT array (
  'id' => '',
  'var_session_id' => '',
  'prefix' => 'think',
  'type' => '',
  'auto_start' => true,
)
[ info ] [ DB ] INIT mysql
[ info ] [ RUN ] app\api\controller\Goods->GetGoodsList[ /www/wwwroot/ledigou/application/api/controller/Goods.php ]
[ info ] [ LOG ] INIT File
[ sql ] [ DB ] CONNECT:[ UseTime:0.000833s ] mysql:host=localhost;dbname=ledigou;charset=utf8
[ sql ] [ SQL ] SHOW COLUMNS FROM `xin_config` [ RunTime:0.002178s ]
[ sql ] [ SQL ] SELECT * FROM `xin_config` WHERE  `config_id` = 1 LIMIT 1 [ RunTime:0.000219s ]
[ sql ] [ SQL ] SHOW COLUMNS FROM `xin_user` [ RunTime:0.001087s ]
[ sql ] [ SQL ] SELECT * FROM `xin_user` WHERE  `user_unionid` = 'o8N9TuNuwIMO_qLddHjeVz-xHnAs' LIMIT 1 [ RunTime:0.000207s ]
[ sql ] [ SQL ] SHOW COLUMNS FROM `xin_warehouse` [ RunTime:0.000739s ]
[ sql ] [ SQL ] SELECT `ware_id` FROM `xin_warehouse` WHERE  `ware_school` = 1 [ RunTime:0.000155s ]
[ sql ] [ SQL ] SHOW COLUMNS FROM `xin_goods` [ RunTime:0.000701s ]
[ sql ] [ SQL ] SELECT * FROM `xin_goods` WHERE  `goods_warehouse` IN (1)  AND `goods_is_top` = 1 ORDER BY `goods_is_top` DESC,`goods_id` DESC LIMIT 0,4 [ RunTime:0.000234s ]
[ sql ] [ SQL ] SHOW COLUMNS FROM `xin_limited` [ RunTime:0.000770s ]
[ sql ] [ SQL ] SELECT * FROM `xin_limited` WHERE  `limited_stime` < 1572248035  AND `limited_etime` > 1572248035  AND `limited_goods` = 37 LIMIT 1 [ RunTime:0.000185s ]
[ sql ] [ SQL ] SELECT * FROM `xin_limited` WHERE  `limited_stime` < 1572248035  AND `limited_etime` > 1572248035  AND `limited_goods` = 36 LIMIT 1 [ RunTime:0.000210s ]
[ sql ] [ SQL ] SELECT * FROM `xin_limited` WHERE  `limited_stime` < 1572248035  AND `limited_etime` > 1572248035  AND `limited_goods` = 35 LIMIT 1 [ RunTime:0.000178s ]
[ sql ] [ SQL ] SELECT * FROM `xin_limited` WHERE  `limited_stime` < 1572248035  AND `limited_etime` > 1572248035  AND `limited_goods` = 34 LIMIT 1 [ RunTime:0.000168s ]
---------------------------------------------------------------
[ 2019-10-28T15:34:08+08:00 ] 113.128.87.186 POST dxc.gqwlcm.com//api/rotate/getrotatelist
[运行时间：0.053585s] [吞吐率：18.66req/s] [内存消耗：2,671.36kb] [文件加载：55]
[ info ] [ LANG ] /www/wwwroot/ledigou/thinkphp/lang/zh-cn.php
[ info ] [ ROUTE ] array (
  'type' => 'module',
  'module' => 
  array (
    0 => 'api',
    1 => 'rotate',
    2 => 'getrotatelist',
  ),
)
[ info ] [ HEADER ] array (
  'accept-language' => 'zh-CN,zh;q=0.9',
  'accept-encoding' => 'gzip, deflate, br',
  'referer' => 'https://servicewechat.com/wxf24c79e7f9eb5a96/devtools/page-frame.html',
  'accept' => '*/*',
  'sec-fetch-site' => 'cross-site',
  'sec-fetch-user' => '?F',
  'sec-fetch-dest' => 'empty',
  'user-agent' => 'Mozilla/5.0 (iPhone; CPU iPhone OS 9_1 like Mac OS X) AppleWebKit/601.1.46 (KHTML, like Gecko) Version/9.0 Mobile/13B143 Safari/601.1 wechatdevtools/1.02.1907300 MicroMessenger/6.7.3 Language/zh_CN webview/',
  'origin' => 'http://127.0.0.1:40302',
  'sec-fetch-mode' => 'cors',
  'sec-ch-ua' => 'nwjs 74',
  'cache-control' => 'no-cache',
  'pragma' => 'no-cache',
  'connection' => 'keep-alive',
  'host' => 'dxc.gqwlcm.com',
  'content-type' => 'application/json',
  'content-length' => '2',
)
[ info ] [ PARAM ] array (
)
[ info ] [ DB ] INIT mysql
[ info ] [ SESSION ] INIT array (
  'id' => '',
  'var_session_id' => '',
  'prefix' => 'think',
  'type' => '',
  'auto_start' => true,
)
[ info ] [ RUN ] app\api\controller\Rotate->GetRotateList[ /www/wwwroot/ledigou/application/api/controller/Rotate.php ]
[ info ] [ LOG ] INIT File
[ sql ] [ DB ] CONNECT:[ UseTime:0.000803s ] mysql:host=localhost;dbname=ledigou;charset=utf8
[ sql ] [ SQL ] SHOW COLUMNS FROM `xin_config` [ RunTime:0.002239s ]
[ sql ] [ SQL ] SELECT * FROM `xin_config` WHERE  `config_id` = 1 LIMIT 1 [ RunTime:0.000568s ]
[ sql ] [ SQL ] SHOW COLUMNS FROM `xin_rotate` [ RunTime:0.001708s ]
[ sql ] [ SQL ] SELECT * FROM `xin_rotate` WHERE  `rotate_address` = 'index' ORDER BY `rotate_rank` DESC LIMIT 0,4 [ RunTime:0.000435s ]
---------------------------------------------------------------
[ 2019-10-28T15:34:08+08:00 ] 113.128.87.186 POST dxc.gqwlcm.com//api/sort/GetSortList
[运行时间：0.050406s] [吞吐率：19.84req/s] [内存消耗：2,670.91kb] [文件加载：55]
[ info ] [ LANG ] /www/wwwroot/ledigou/thinkphp/lang/zh-cn.php
[ info ] [ ROUTE ] array (
  'type' => 'module',
  'module' => 
  array (
    0 => 'api',
    1 => 'sort',
    2 => 'GetSortList',
  ),
)
[ info ] [ HEADER ] array (
  'accept-language' => 'zh-CN,zh;q=0.9',
  'accept-encoding' => 'gzip, deflate, br',
  'referer' => 'https://servicewechat.com/wxf24c79e7f9eb5a96/devtools/page-frame.html',
  'accept' => '*/*',
  'sec-fetch-site' => 'cross-site',
  'sec-fetch-user' => '?F',
  'sec-fetch-dest' => 'empty',
  'user-agent' => 'Mozilla/5.0 (iPhone; CPU iPhone OS 9_1 like Mac OS X) AppleWebKit/601.1.46 (KHTML, like Gecko) Version/9.0 Mobile/13B143 Safari/601.1 wechatdevtools/1.02.1907300 MicroMessenger/6.7.3 Language/zh_CN webview/',
  'origin' => 'http://127.0.0.1:40302',
  'sec-fetch-mode' => 'cors',
  'sec-ch-ua' => 'nwjs 74',
  'cache-control' => 'no-cache',
  'pragma' => 'no-cache',
  'connection' => 'keep-alive',
  'host' => 'dxc.gqwlcm.com',
  'content-type' => 'application/json',
  'content-length' => '2',
)
[ info ] [ PARAM ] array (
)
[ info ] [ DB ] INIT mysql
[ info ] [ SESSION ] INIT array (
  'id' => '',
  'var_session_id' => '',
  'prefix' => 'think',
  'type' => '',
  'auto_start' => true,
)
[ info ] [ RUN ] app\api\controller\Sort->GetSortList[ /www/wwwroot/ledigou/application/api/controller/Sort.php ]
[ info ] [ LOG ] INIT File
[ sql ] [ DB ] CONNECT:[ UseTime:0.001062s ] mysql:host=localhost;dbname=ledigou;charset=utf8
[ sql ] [ SQL ] SHOW COLUMNS FROM `xin_config` [ RunTime:0.001538s ]
[ sql ] [ SQL ] SELECT * FROM `xin_config` WHERE  `config_id` = 1 LIMIT 1 [ RunTime:0.000818s ]
[ sql ] [ SQL ] SHOW COLUMNS FROM `xin_goods_sort` [ RunTime:0.001099s ]
[ sql ] [ SQL ] SELECT * FROM `xin_goods_sort` WHERE  `sort_status` = 1 ORDER BY `sort_rank` DESC LIMIT 0,8 [ RunTime:0.001742s ]
---------------------------------------------------------------
[ 2019-10-28T15:34:08+08:00 ] 113.128.87.186 POST dxc.gqwlcm.com//api/wechat_base/GetUnionId
[运行时间：0.394651s] [吞吐率：2.53req/s] [内存消耗：2,655.91kb] [文件加载：53]
[ info ] [ LANG ] /www/wwwroot/ledigou/thinkphp/lang/zh-cn.php
[ info ] [ ROUTE ] array (
  'type' => 'module',
  'module' => 
  array (
    0 => 'api',
    1 => 'wechat_base',
    2 => 'GetUnionId',
  ),
)
[ info ] [ HEADER ] array (
  'accept-language' => 'zh-CN,zh;q=0.9',
  'accept-encoding' => 'gzip, deflate, br',
  'referer' => 'https://servicewechat.com/wxf24c79e7f9eb5a96/devtools/page-frame.html',
  'accept' => '*/*',
  'sec-fetch-site' => 'cross-site',
  'sec-fetch-user' => '?F',
  'sec-fetch-dest' => 'empty',
  'user-agent' => 'Mozilla/5.0 (iPhone; CPU iPhone OS 9_1 like Mac OS X) AppleWebKit/601.1.46 (KHTML, like Gecko) Version/9.0 Mobile/13B143 Safari/601.1 wechatdevtools/1.02.1907300 MicroMessenger/6.7.3 Language/zh_CN webview/',
  'origin' => 'http://127.0.0.1:40302',
  'sec-fetch-mode' => 'cors',
  'sec-ch-ua' => 'nwjs 74',
  'cache-control' => 'no-cache',
  'pragma' => 'no-cache',
  'connection' => 'keep-alive',
  'host' => 'dxc.gqwlcm.com',
  'content-type' => 'application/json',
  'content-length' => '43',
)
[ info ] [ PARAM ] array (
  'code' => '00196Ul50oxD3D1JUbm50C44m5096UlG',
)
[ info ] [ SESSION ] INIT array (
  'id' => '',
  'var_session_id' => '',
  'prefix' => 'think',
  'type' => '',
  'auto_start' => true,
)
[ info ] [ DB ] INIT mysql
[ info ] [ RUN ] app\api\controller\WechatBase->GetUnionId[ /www/wwwroot/ledigou/application/api/controller/WechatBase.php ]
[ info ] [ LOG ] INIT File
[ sql ] [ DB ] CONNECT:[ UseTime:0.000249s ] mysql:host=localhost;dbname=ledigou;charset=utf8
[ sql ] [ SQL ] SHOW COLUMNS FROM `xin_config` [ RunTime:0.000962s ]
[ sql ] [ SQL ] SELECT * FROM `xin_config` WHERE  `config_id` = 1 LIMIT 1 [ RunTime:0.000241s ]
---------------------------------------------------------------
[ 2019-10-28T15:34:09+08:00 ] 113.128.87.186 GET dxc.gqwlcm.com//api/user/FindUser?unionid=o8N9TuNuwIMO_qLddHjeVz-xHnAs&wxid=ofbua5ZvdCwNdxFnbmKuaIh6lW9k
[运行时间：0.029094s] [吞吐率：34.37req/s] [内存消耗：3,023.13kb] [文件加载：63]
[ info ] [ LANG ] /www/wwwroot/ledigou/thinkphp/lang/zh-cn.php
[ info ] [ ROUTE ] array (
  'type' => 'module',
  'module' => 
  array (
    0 => 'api',
    1 => 'user',
    2 => 'FindUser',
  ),
)
[ info ] [ HEADER ] array (
  'accept-language' => 'zh-CN,zh;q=0.9',
  'accept-encoding' => 'gzip, deflate, br',
  'referer' => 'https://servicewechat.com/wxf24c79e7f9eb5a96/devtools/page-frame.html',
  'accept' => '*/*',
  'sec-fetch-site' => 'cross-site',
  'sec-fetch-user' => '?F',
  'sec-fetch-dest' => 'empty',
  'user-agent' => 'Mozilla/5.0 (iPhone; CPU iPhone OS 9_1 like Mac OS X) AppleWebKit/601.1.46 (KHTML, like Gecko) Version/9.0 Mobile/13B143 Safari/601.1 wechatdevtools/1.02.1907300 MicroMessenger/6.7.3 Language/zh_CN webview/',
  'sec-fetch-mode' => 'cors',
  'sec-ch-ua' => 'nwjs 74',
  'cache-control' => 'no-cache',
  'pragma' => 'no-cache',
  'connection' => 'keep-alive',
  'host' => 'dxc.gqwlcm.com',
  'content-type' => 'application/json',
)
[ info ] [ PARAM ] array (
  'unionid' => 'o8N9TuNuwIMO_qLddHjeVz-xHnAs',
  'wxid' => 'ofbua5ZvdCwNdxFnbmKuaIh6lW9k',
)
[ info ] [ SESSION ] INIT array (
  'id' => '',
  'var_session_id' => '',
  'prefix' => 'think',
  'type' => '',
  'auto_start' => true,
)
[ info ] [ DB ] INIT mysql
[ info ] [ RUN ] app\api\controller\User->FindUser[ /www/wwwroot/ledigou/application/api/controller/User.php ]
[ info ] [ LOG ] INIT File
[ sql ] [ DB ] CONNECT:[ UseTime:0.000276s ] mysql:host=localhost;dbname=ledigou;charset=utf8
[ sql ] [ SQL ] SHOW COLUMNS FROM `xin_config` [ RunTime:0.000993s ]
[ sql ] [ SQL ] SELECT * FROM `xin_config` WHERE  `config_id` = 1 LIMIT 1 [ RunTime:0.000253s ]
[ sql ] [ SQL ] SHOW COLUMNS FROM `xin_user` [ RunTime:0.000847s ]
[ sql ] [ SQL ] SELECT * FROM `xin_user` WHERE  `user_unionid` = 'o8N9TuNuwIMO_qLddHjeVz-xHnAs' LIMIT 1 [ RunTime:0.000234s ]
---------------------------------------------------------------
[ 2019-10-28T15:34:09+08:00 ] 113.128.87.186 POST dxc.gqwlcm.com//api/limited/GetLimitedList
[运行时间：0.061451s] [吞吐率：16.27req/s] [内存消耗：2,808.77kb] [文件加载：57]
[ info ] [ LANG ] /www/wwwroot/ledigou/thinkphp/lang/zh-cn.php
[ info ] [ ROUTE ] array (
  'type' => 'module',
  'module' => 
  array (
    0 => 'api',
    1 => 'limited',
    2 => 'GetLimitedList',
  ),
)
[ info ] [ HEADER ] array (
  'accept-language' => 'zh-CN,zh;q=0.9',
  'accept-encoding' => 'gzip, deflate, br',
  'referer' => 'https://servicewechat.com/wxf24c79e7f9eb5a96/devtools/page-frame.html',
  'accept' => '*/*',
  'sec-fetch-site' => 'cross-site',
  'sec-fetch-user' => '?F',
  'sec-fetch-dest' => 'empty',
  'user-agent' => 'Mozilla/5.0 (iPhone; CPU iPhone OS 9_1 like Mac OS X) AppleWebKit/601.1.46 (KHTML, like Gecko) Version/9.0 Mobile/13B143 Safari/601.1 wechatdevtools/1.02.1907300 MicroMessenger/6.7.3 Language/zh_CN webview/',
  'origin' => 'http://127.0.0.1:40302',
  'sec-fetch-mode' => 'cors',
  'sec-ch-ua' => 'nwjs 74',
  'cache-control' => 'no-cache',
  'pragma' => 'no-cache',
  'connection' => 'keep-alive',
  'host' => 'dxc.gqwlcm.com',
  'content-type' => 'application/json',
  'content-length' => '42',
)
[ info ] [ PARAM ] array (
  'unionid' => 'o8N9TuNuwIMO_qLddHjeVz-xHnAs',
)
[ info ] [ DB ] INIT mysql
[ info ] [ SESSION ] INIT array (
  'id' => '',
  'var_session_id' => '',
  'prefix' => 'think',
  'type' => '',
  'auto_start' => true,
)
[ info ] [ RUN ] app\api\controller\Limited->GetLimitedList[ /www/wwwroot/ledigou/application/api/controller/Limited.php ]
[ info ] [ LOG ] INIT File
[ sql ] [ DB ] CONNECT:[ UseTime:0.002438s ] mysql:host=localhost;dbname=ledigou;charset=utf8
[ sql ] [ SQL ] SHOW COLUMNS FROM `xin_config` [ RunTime:0.000820s ]
[ sql ] [ SQL ] SELECT * FROM `xin_config` WHERE  `config_id` = 1 LIMIT 1 [ RunTime:0.001077s ]
[ sql ] [ SQL ] SHOW COLUMNS FROM `xin_user` [ RunTime:0.000712s ]
[ sql ] [ SQL ] SELECT * FROM `xin_user` WHERE  `user_unionid` = 'o8N9TuNuwIMO_qLddHjeVz-xHnAs' LIMIT 1 [ RunTime:0.000218s ]
[ sql ] [ SQL ] SHOW COLUMNS FROM `xin_warehouse` [ RunTime:0.001400s ]
[ sql ] [ SQL ] SELECT `ware_id` FROM `xin_warehouse` WHERE  `ware_school` = 1 [ RunTime:0.000255s ]
[ sql ] [ SQL ] SHOW COLUMNS FROM `xin_limited` [ RunTime:0.001051s ]
[ sql ] [ SQL ] SELECT * FROM `xin_limited` `l` INNER JOIN `xin_goods` `g` ON `l`.`limited_goods`=`g`.`goods_id` WHERE  `g`.`goods_warehouse` IN ('1')  AND `l`.`limited_stime` < 1572248049  AND `l`.`limited_etime` > 1572248049 ORDER BY `limited_time` DESC LIMIT 2 [ RunTime:0.000936s ]
---------------------------------------------------------------
[ 2019-10-28T15:34:09+08:00 ] 113.128.87.186 POST dxc.gqwlcm.com//api/goods/GetGoodsList
[运行时间：0.063637s] [吞吐率：15.71req/s] [内存消耗：2,868.22kb] [文件加载：59]
[ info ] [ LANG ] /www/wwwroot/ledigou/thinkphp/lang/zh-cn.php
[ info ] [ ROUTE ] array (
  'type' => 'module',
  'module' => 
  array (
    0 => 'api',
    1 => 'goods',
    2 => 'GetGoodsList',
  ),
)
[ info ] [ HEADER ] array (
  'accept-language' => 'zh-CN,zh;q=0.9',
  'accept-encoding' => 'gzip, deflate, br',
  'referer' => 'https://servicewechat.com/wxf24c79e7f9eb5a96/devtools/page-frame.html',
  'accept' => '*/*',
  'sec-fetch-site' => 'cross-site',
  'sec-fetch-user' => '?F',
  'sec-fetch-dest' => 'empty',
  'user-agent' => 'Mozilla/5.0 (iPhone; CPU iPhone OS 9_1 like Mac OS X) AppleWebKit/601.1.46 (KHTML, like Gecko) Version/9.0 Mobile/13B143 Safari/601.1 wechatdevtools/1.02.1907300 MicroMessenger/6.7.3 Language/zh_CN webview/',
  'origin' => 'http://127.0.0.1:40302',
  'sec-fetch-mode' => 'cors',
  'sec-ch-ua' => 'nwjs 74',
  'cache-control' => 'no-cache',
  'pragma' => 'no-cache',
  'connection' => 'keep-alive',
  'host' => 'dxc.gqwlcm.com',
  'content-type' => 'application/json',
  'content-length' => '97',
)
[ info ] [ PARAM ] array (
  'unionid' => 'o8N9TuNuwIMO_qLddHjeVz-xHnAs',
  'keyword' => '',
  'sort' => 0,
  'is_top' => true,
  'page' => 1,
  'limit' => 4,
)
[ info ] [ SESSION ] INIT array (
  'id' => '',
  'var_session_id' => '',
  'prefix' => 'think',
  'type' => '',
  'auto_start' => true,
)
[ info ] [ DB ] INIT mysql
[ info ] [ RUN ] app\api\controller\Goods->GetGoodsList[ /www/wwwroot/ledigou/application/api/controller/Goods.php ]
[ info ] [ LOG ] INIT File
[ sql ] [ DB ] CONNECT:[ UseTime:0.000707s ] mysql:host=localhost;dbname=ledigou;charset=utf8
[ sql ] [ SQL ] SHOW COLUMNS FROM `xin_config` [ RunTime:0.000920s ]
[ sql ] [ SQL ] SELECT * FROM `xin_config` WHERE  `config_id` = 1 LIMIT 1 [ RunTime:0.000246s ]
[ sql ] [ SQL ] SHOW COLUMNS FROM `xin_user` [ RunTime:0.002607s ]
[ sql ] [ SQL ] SELECT * FROM `xin_user` WHERE  `user_unionid` = 'o8N9TuNuwIMO_qLddHjeVz-xHnAs' LIMIT 1 [ RunTime:0.000999s ]
[ sql ] [ SQL ] SHOW COLUMNS FROM `xin_warehouse` [ RunTime:0.001491s ]
[ sql ] [ SQL ] SELECT `ware_id` FROM `xin_warehouse` WHERE  `ware_school` = 1 [ RunTime:0.000390s ]
[ sql ] [ SQL ] SHOW COLUMNS FROM `xin_goods` [ RunTime:0.001578s ]
[ sql ] [ SQL ] SELECT * FROM `xin_goods` WHERE  `goods_warehouse` IN (1)  AND `goods_is_top` = 1 ORDER BY `goods_is_top` DESC,`goods_id` DESC LIMIT 0,4 [ RunTime:0.000724s ]
[ sql ] [ SQL ] SHOW COLUMNS FROM `xin_limited` [ RunTime:0.001228s ]
[ sql ] [ SQL ] SELECT * FROM `xin_limited` WHERE  `limited_stime` < 1572248049  AND `limited_etime` > 1572248049  AND `limited_goods` = 37 LIMIT 1 [ RunTime:0.000189s ]
[ sql ] [ SQL ] SELECT * FROM `xin_limited` WHERE  `limited_stime` < 1572248049  AND `limited_etime` > 1572248049  AND `limited_goods` = 36 LIMIT 1 [ RunTime:0.000199s ]
[ sql ] [ SQL ] SELECT * FROM `xin_limited` WHERE  `limited_stime` < 1572248049  AND `limited_etime` > 1572248049  AND `limited_goods` = 35 LIMIT 1 [ RunTime:0.000178s ]
[ sql ] [ SQL ] SELECT * FROM `xin_limited` WHERE  `limited_stime` < 1572248049  AND `limited_etime` > 1572248049  AND `limited_goods` = 34 LIMIT 1 [ RunTime:0.000165s ]
---------------------------------------------------------------
[ 2019-10-28T15:39:11+08:00 ] 203.205.219.188 POST dxc.gqwlcm.com/api/pay/Callback
[运行时间：0.027502s] [吞吐率：36.36req/s] [内存消耗：3,139.30kb] [文件加载：67]
[ info ] [ LANG ] /www/wwwroot/ledigou/thinkphp/lang/zh-cn.php
[ info ] [ ROUTE ] array (
  'type' => 'module',
  'module' => 
  array (
    0 => 'api',
    1 => 'pay',
    2 => 'Callback',
  ),
)
[ info ] [ HEADER ] array (
  'user-agent' => 'Mozilla/4.0',
  'host' => 'dxc.gqwlcm.com',
  'pragma' => 'no-cache',
  'connection' => 'Keep-Alive',
  'accept' => '*/*',
  'content-type' => 'text/xml',
  'content-length' => '777',
)
[ info ] [ PARAM ] array (
)
[ info ] [ SESSION ] INIT array (
  'id' => '',
  'var_session_id' => '',
  'prefix' => 'think',
  'type' => '',
  'auto_start' => true,
)
[ info ] [ DB ] INIT mysql
[ info ] [ RUN ] app\api\controller\Pay->Callback[ /www/wwwroot/ledigou/application/api/controller/Pay.php ]
[ info ] [ LOG ] INIT File
[ sql ] [ DB ] CONNECT:[ UseTime:0.000264s ] mysql:host=localhost;dbname=ledigou;charset=utf8
[ sql ] [ SQL ] SHOW COLUMNS FROM `xin_config` [ RunTime:0.000975s ]
[ sql ] [ SQL ] SELECT * FROM `xin_config` WHERE  `config_id` = 1 LIMIT 1 [ RunTime:0.000241s ]
---------------------------------------------------------------
[ 2019-10-28T15:50:46+08:00 ] 203.205.219.190 POST dxc.gqwlcm.com/api/pay/Callback
[运行时间：0.026840s] [吞吐率：37.26req/s] [内存消耗：3,139.30kb] [文件加载：67]
[ info ] [ LANG ] /www/wwwroot/ledigou/thinkphp/lang/zh-cn.php
[ info ] [ ROUTE ] array (
  'type' => 'module',
  'module' => 
  array (
    0 => 'api',
    1 => 'pay',
    2 => 'Callback',
  ),
)
[ info ] [ HEADER ] array (
  'user-agent' => 'Mozilla/4.0',
  'host' => 'dxc.gqwlcm.com',
  'pragma' => 'no-cache',
  'connection' => 'Keep-Alive',
  'accept' => '*/*',
  'content-type' => 'text/xml',
  'content-length' => '777',
)
[ info ] [ PARAM ] array (
)
[ info ] [ SESSION ] INIT array (
  'id' => '',
  'var_session_id' => '',
  'prefix' => 'think',
  'type' => '',
  'auto_start' => true,
)
[ info ] [ DB ] INIT mysql
[ info ] [ RUN ] app\api\controller\Pay->Callback[ /www/wwwroot/ledigou/application/api/controller/Pay.php ]
[ info ] [ LOG ] INIT File
[ sql ] [ DB ] CONNECT:[ UseTime:0.000260s ] mysql:host=localhost;dbname=ledigou;charset=utf8
[ sql ] [ SQL ] SHOW COLUMNS FROM `xin_config` [ RunTime:0.000969s ]
[ sql ] [ SQL ] SELECT * FROM `xin_config` WHERE  `config_id` = 1 LIMIT 1 [ RunTime:0.000245s ]
---------------------------------------------------------------
[ 2019-10-28T16:21:32+08:00 ] 203.205.219.190 POST dxc.gqwlcm.com/api/pay/Callback
[运行时间：0.027280s] [吞吐率：36.66req/s] [内存消耗：3,139.30kb] [文件加载：67]
[ info ] [ LANG ] /www/wwwroot/ledigou/thinkphp/lang/zh-cn.php
[ info ] [ ROUTE ] array (
  'type' => 'module',
  'module' => 
  array (
    0 => 'api',
    1 => 'pay',
    2 => 'Callback',
  ),
)
[ info ] [ HEADER ] array (
  'user-agent' => 'Mozilla/4.0',
  'host' => 'dxc.gqwlcm.com',
  'pragma' => 'no-cache',
  'connection' => 'Keep-Alive',
  'accept' => '*/*',
  'content-type' => 'text/xml',
  'content-length' => '773',
)
[ info ] [ PARAM ] array (
)
[ info ] [ SESSION ] INIT array (
  'id' => '',
  'var_session_id' => '',
  'prefix' => 'think',
  'type' => '',
  'auto_start' => true,
)
[ info ] [ DB ] INIT mysql
[ info ] [ RUN ] app\api\controller\Pay->Callback[ /www/wwwroot/ledigou/application/api/controller/Pay.php ]
[ info ] [ LOG ] INIT File
[ sql ] [ DB ] CONNECT:[ UseTime:0.000281s ] mysql:host=localhost;dbname=ledigou;charset=utf8
[ sql ] [ SQL ] SHOW COLUMNS FROM `xin_config` [ RunTime:0.000987s ]
[ sql ] [ SQL ] SELECT * FROM `xin_config` WHERE  `config_id` = 1 LIMIT 1 [ RunTime:0.000255s ]
---------------------------------------------------------------
[ 2019-10-28T16:25:46+08:00 ] 122.224.129.237 GET /
[运行时间：0.025679s] [吞吐率：38.94req/s] [内存消耗：2,800.58kb] [文件加载：58]
[ info ] [ LANG ] /www/wwwroot/ledigou/thinkphp/lang/zh-cn.php
[ info ] [ ROUTE ] array (
  'type' => 'module',
  'module' => 
  array (
    0 => '',
    1 => NULL,
    2 => NULL,
  ),
)
[ info ] [ HEADER ] array (
)
[ info ] [ PARAM ] array (
)
[ info ] [ SESSION ] INIT array (
  'id' => '',
  'var_session_id' => '',
  'prefix' => 'think',
  'type' => '',
  'auto_start' => true,
)
[ info ] [ DB ] INIT mysql
[ info ] [ LOG ] INIT File
[ sql ] [ DB ] CONNECT:[ UseTime:0.000256s ] mysql:host=localhost;dbname=ledigou;charset=utf8
[ sql ] [ SQL ] SHOW COLUMNS FROM `xin_config` [ RunTime:0.001025s ]
[ sql ] [ SQL ] SELECT * FROM `xin_config` WHERE  `config_id` = 1 LIMIT 1 [ RunTime:0.000250s ]
---------------------------------------------------------------
[ 2019-10-28T16:26:54+08:00 ] 203.205.219.188 POST dxc.gqwlcm.com/api/pay/Callback
[运行时间：0.028978s] [吞吐率：34.51req/s] [内存消耗：3,139.30kb] [文件加载：67]
[ info ] [ LANG ] /www/wwwroot/ledigou/thinkphp/lang/zh-cn.php
[ info ] [ ROUTE ] array (
  'type' => 'module',
  'module' => 
  array (
    0 => 'api',
    1 => 'pay',
    2 => 'Callback',
  ),
)
[ info ] [ HEADER ] array (
  'user-agent' => 'Mozilla/4.0',
  'host' => 'dxc.gqwlcm.com',
  'pragma' => 'no-cache',
  'connection' => 'Keep-Alive',
  'accept' => '*/*',
  'content-type' => 'text/xml',
  'content-length' => '773',
)
[ info ] [ PARAM ] array (
)
[ info ] [ SESSION ] INIT array (
  'id' => '',
  'var_session_id' => '',
  'prefix' => 'think',
  'type' => '',
  'auto_start' => true,
)
[ info ] [ DB ] INIT mysql
[ info ] [ RUN ] app\api\controller\Pay->Callback[ /www/wwwroot/ledigou/application/api/controller/Pay.php ]
[ info ] [ LOG ] INIT File
[ sql ] [ DB ] CONNECT:[ UseTime:0.000290s ] mysql:host=localhost;dbname=ledigou;charset=utf8
[ sql ] [ SQL ] SHOW COLUMNS FROM `xin_config` [ RunTime:0.001019s ]
[ sql ] [ SQL ] SELECT * FROM `xin_config` WHERE  `config_id` = 1 LIMIT 1 [ RunTime:0.000260s ]
---------------------------------------------------------------
[ 2019-10-28T16:39:12+08:00 ] 203.205.219.188 POST dxc.gqwlcm.com/api/pay/Callback
[运行时间：0.027053s] [吞吐率：36.96req/s] [内存消耗：3,139.30kb] [文件加载：67]
[ info ] [ LANG ] /www/wwwroot/ledigou/thinkphp/lang/zh-cn.php
[ info ] [ ROUTE ] array (
  'type' => 'module',
  'module' => 
  array (
    0 => 'api',
    1 => 'pay',
    2 => 'Callback',
  ),
)
[ info ] [ HEADER ] array (
  'user-agent' => 'Mozilla/4.0',
  'host' => 'dxc.gqwlcm.com',
  'pragma' => 'no-cache',
  'connection' => 'Keep-Alive',
  'accept' => '*/*',
  'content-type' => 'text/xml',
  'content-length' => '777',
)
[ info ] [ PARAM ] array (
)
[ info ] [ SESSION ] INIT array (
  'id' => '',
  'var_session_id' => '',
  'prefix' => 'think',
  'type' => '',
  'auto_start' => true,
)
[ info ] [ DB ] INIT mysql
[ info ] [ RUN ] app\api\controller\Pay->Callback[ /www/wwwroot/ledigou/application/api/controller/Pay.php ]
[ info ] [ LOG ] INIT File
[ sql ] [ DB ] CONNECT:[ UseTime:0.000276s ] mysql:host=localhost;dbname=ledigou;charset=utf8
[ sql ] [ SQL ] SHOW COLUMNS FROM `xin_config` [ RunTime:0.000976s ]
[ sql ] [ SQL ] SELECT * FROM `xin_config` WHERE  `config_id` = 1 LIMIT 1 [ RunTime:0.000273s ]
---------------------------------------------------------------
[ 2019-10-28T16:50:47+08:00 ] 203.205.219.188 POST dxc.gqwlcm.com/api/pay/Callback
[运行时间：0.029012s] [吞吐率：34.47req/s] [内存消耗：3,139.30kb] [文件加载：67]
[ info ] [ LANG ] /www/wwwroot/ledigou/thinkphp/lang/zh-cn.php
[ info ] [ ROUTE ] array (
  'type' => 'module',
  'module' => 
  array (
    0 => 'api',
    1 => 'pay',
    2 => 'Callback',
  ),
)
[ info ] [ HEADER ] array (
  'user-agent' => 'Mozilla/4.0',
  'host' => 'dxc.gqwlcm.com',
  'pragma' => 'no-cache',
  'connection' => 'Keep-Alive',
  'accept' => '*/*',
  'content-type' => 'text/xml',
  'content-length' => '777',
)
[ info ] [ PARAM ] array (
)
[ info ] [ SESSION ] INIT array (
  'id' => '',
  'var_session_id' => '',
  'prefix' => 'think',
  'type' => '',
  'auto_start' => true,
)
[ info ] [ DB ] INIT mysql
[ info ] [ RUN ] app\api\controller\Pay->Callback[ /www/wwwroot/ledigou/application/api/controller/Pay.php ]
[ info ] [ LOG ] INIT File
[ sql ] [ DB ] CONNECT:[ UseTime:0.000265s ] mysql:host=localhost;dbname=ledigou;charset=utf8
[ sql ] [ SQL ] SHOW COLUMNS FROM `xin_config` [ RunTime:0.000913s ]
[ sql ] [ SQL ] SELECT * FROM `xin_config` WHERE  `config_id` = 1 LIMIT 1 [ RunTime:0.000272s ]
---------------------------------------------------------------
[ 2019-10-28T17:06:55+08:00 ] 113.128.87.186 POST dxc.gqwlcm.com//api/message/GetMessageList
[运行时间：0.028015s] [吞吐率：35.70req/s] [内存消耗：2,712.19kb] [文件加载：56]
[ info ] [ LANG ] /www/wwwroot/ledigou/thinkphp/lang/zh-cn.php
[ info ] [ ROUTE ] array (
  'type' => 'module',
  'module' => 
  array (
    0 => 'api',
    1 => 'message',
    2 => 'GetMessageList',
  ),
)
[ info ] [ HEADER ] array (
  'accept-language' => 'zh-CN,zh;q=0.9',
  'accept-encoding' => 'gzip, deflate, br',
  'referer' => 'https://servicewechat.com/wxf24c79e7f9eb5a96/devtools/page-frame.html',
  'accept' => '*/*',
  'sec-fetch-site' => 'cross-site',
  'sec-fetch-user' => '?F',
  'sec-fetch-dest' => 'empty',
  'user-agent' => 'Mozilla/5.0 (iPhone; CPU iPhone OS 9_1 like Mac OS X) AppleWebKit/601.1.46 (KHTML, like Gecko) Version/9.0 Mobile/13B143 Safari/601.1 wechatdevtools/1.02.1907300 MicroMessenger/6.7.3 Language/zh_CN webview/',
  'origin' => 'http://127.0.0.1:40302',
  'sec-fetch-mode' => 'cors',
  'sec-ch-ua' => 'nwjs 74',
  'cache-control' => 'no-cache',
  'pragma' => 'no-cache',
  'connection' => 'keep-alive',
  'host' => 'dxc.gqwlcm.com',
  'content-type' => 'application/json',
  'content-length' => '42',
)
[ info ] [ PARAM ] array (
  'unionid' => 'o8N9TuNuwIMO_qLddHjeVz-xHnAs',
)
[ info ] [ DB ] INIT mysql
[ info ] [ SESSION ] INIT array (
  'id' => '',
  'var_session_id' => '',
  'prefix' => 'think',
  'type' => '',
  'auto_start' => true,
)
[ info ] [ RUN ] app\api\controller\Message->GetMessageList[ /www/wwwroot/ledigou/application/api/controller/Message.php ]
[ info ] [ LOG ] INIT File
[ sql ] [ DB ] CONNECT:[ UseTime:0.000280s ] mysql:host=localhost;dbname=ledigou;charset=utf8
[ sql ] [ SQL ] SHOW COLUMNS FROM `xin_config` [ RunTime:0.001013s ]
[ sql ] [ SQL ] SELECT * FROM `xin_config` WHERE  `config_id` = 1 LIMIT 1 [ RunTime:0.000250s ]
[ sql ] [ SQL ] SHOW COLUMNS FROM `xin_user` [ RunTime:0.000790s ]
[ sql ] [ SQL ] SELECT * FROM `xin_user` WHERE  `user_unionid` = 'o8N9TuNuwIMO_qLddHjeVz-xHnAs' LIMIT 1 [ RunTime:0.000200s ]
[ sql ] [ SQL ] SHOW COLUMNS FROM `xin_message` [ RunTime:0.000762s ]
[ sql ] [ SQL ] SELECT * FROM `xin_message` WHERE  `message_user` IN (0,8)  AND `message_isdel` = 0 [ RunTime:0.000213s ]
---------------------------------------------------------------
[ 2019-10-28T17:07:05+08:00 ] 113.128.87.186 POST dxc.gqwlcm.com//api/rotate/getrotatelist
[运行时间：0.068182s] [吞吐率：14.67req/s] [内存消耗：2,671.36kb] [文件加载：55]
[ info ] [ LANG ] /www/wwwroot/ledigou/thinkphp/lang/zh-cn.php
[ info ] [ ROUTE ] array (
  'type' => 'module',
  'module' => 
  array (
    0 => 'api',
    1 => 'rotate',
    2 => 'getrotatelist',
  ),
)
[ info ] [ HEADER ] array (
  'accept-language' => 'zh-CN,zh;q=0.9',
  'accept-encoding' => 'gzip, deflate, br',
  'referer' => 'https://servicewechat.com/wxf24c79e7f9eb5a96/devtools/page-frame.html',
  'accept' => '*/*',
  'sec-fetch-site' => 'cross-site',
  'sec-fetch-user' => '?F',
  'sec-fetch-dest' => 'empty',
  'user-agent' => 'Mozilla/5.0 (iPhone; CPU iPhone OS 9_1 like Mac OS X) AppleWebKit/601.1.46 (KHTML, like Gecko) Version/9.0 Mobile/13B143 Safari/601.1 wechatdevtools/1.02.1907300 MicroMessenger/6.7.3 Language/zh_CN webview/',
  'origin' => 'http://127.0.0.1:40302',
  'sec-fetch-mode' => 'cors',
  'sec-ch-ua' => 'nwjs 74',
  'cache-control' => 'no-cache',
  'pragma' => 'no-cache',
  'connection' => 'keep-alive',
  'host' => 'dxc.gqwlcm.com',
  'content-type' => 'application/json',
  'content-length' => '2',
)
[ info ] [ PARAM ] array (
)
[ info ] [ DB ] INIT mysql
[ info ] [ SESSION ] INIT array (
  'id' => '',
  'var_session_id' => '',
  'prefix' => 'think',
  'type' => '',
  'auto_start' => true,
)
[ info ] [ RUN ] app\api\controller\Rotate->GetRotateList[ /www/wwwroot/ledigou/application/api/controller/Rotate.php ]
[ info ] [ LOG ] INIT File
[ sql ] [ DB ] CONNECT:[ UseTime:0.001628s ] mysql:host=localhost;dbname=ledigou;charset=utf8
[ sql ] [ SQL ] SHOW COLUMNS FROM `xin_config` [ RunTime:0.001465s ]
[ sql ] [ SQL ] SELECT * FROM `xin_config` WHERE  `config_id` = 1 LIMIT 1 [ RunTime:0.000873s ]
[ sql ] [ SQL ] SHOW COLUMNS FROM `xin_rotate` [ RunTime:0.001257s ]
[ sql ] [ SQL ] SELECT * FROM `xin_rotate` WHERE  `rotate_address` = 'index' ORDER BY `rotate_rank` DESC LIMIT 0,4 [ RunTime:0.001823s ]
---------------------------------------------------------------
[ 2019-10-28T17:07:05+08:00 ] 113.128.87.186 POST dxc.gqwlcm.com//api/sort/GetSortList
[运行时间：0.072793s] [吞吐率：13.74req/s] [内存消耗：2,670.91kb] [文件加载：55]
[ info ] [ LANG ] /www/wwwroot/ledigou/thinkphp/lang/zh-cn.php
[ info ] [ ROUTE ] array (
  'type' => 'module',
  'module' => 
  array (
    0 => 'api',
    1 => 'sort',
    2 => 'GetSortList',
  ),
)
[ info ] [ HEADER ] array (
  'accept-language' => 'zh-CN,zh;q=0.9',
  'accept-encoding' => 'gzip, deflate, br',
  'referer' => 'https://servicewechat.com/wxf24c79e7f9eb5a96/devtools/page-frame.html',
  'accept' => '*/*',
  'sec-fetch-site' => 'cross-site',
  'sec-fetch-user' => '?F',
  'sec-fetch-dest' => 'empty',
  'user-agent' => 'Mozilla/5.0 (iPhone; CPU iPhone OS 9_1 like Mac OS X) AppleWebKit/601.1.46 (KHTML, like Gecko) Version/9.0 Mobile/13B143 Safari/601.1 wechatdevtools/1.02.1907300 MicroMessenger/6.7.3 Language/zh_CN webview/',
  'origin' => 'http://127.0.0.1:40302',
  'sec-fetch-mode' => 'cors',
  'sec-ch-ua' => 'nwjs 74',
  'cache-control' => 'no-cache',
  'pragma' => 'no-cache',
  'connection' => 'keep-alive',
  'host' => 'dxc.gqwlcm.com',
  'content-type' => 'application/json',
  'content-length' => '2',
)
[ info ] [ PARAM ] array (
)
[ info ] [ DB ] INIT mysql
[ info ] [ SESSION ] INIT array (
  'id' => '',
  'var_session_id' => '',
  'prefix' => 'think',
  'type' => '',
  'auto_start' => true,
)
[ info ] [ RUN ] app\api\controller\Sort->GetSortList[ /www/wwwroot/ledigou/application/api/controller/Sort.php ]
[ info ] [ LOG ] INIT File
[ sql ] [ DB ] CONNECT:[ UseTime:0.000261s ] mysql:host=localhost;dbname=ledigou;charset=utf8
[ sql ] [ SQL ] SHOW COLUMNS FROM `xin_config` [ RunTime:0.001913s ]
[ sql ] [ SQL ] SELECT * FROM `xin_config` WHERE  `config_id` = 1 LIMIT 1 [ RunTime:0.000851s ]
[ sql ] [ SQL ] SHOW COLUMNS FROM `xin_goods_sort` [ RunTime:0.001275s ]
[ sql ] [ SQL ] SELECT * FROM `xin_goods_sort` WHERE  `sort_status` = 1 ORDER BY `sort_rank` DESC LIMIT 0,8 [ RunTime:0.000906s ]
---------------------------------------------------------------
[ 2019-10-28T17:07:06+08:00 ] 113.128.87.186 POST dxc.gqwlcm.com//api/wechat_base/GetUnionId
[运行时间：0.434571s] [吞吐率：2.30req/s] [内存消耗：2,655.91kb] [文件加载：53]
[ info ] [ LANG ] /www/wwwroot/ledigou/thinkphp/lang/zh-cn.php
[ info ] [ ROUTE ] array (
  'type' => 'module',
  'module' => 
  array (
    0 => 'api',
    1 => 'wechat_base',
    2 => 'GetUnionId',
  ),
)
[ info ] [ HEADER ] array (
  'accept-language' => 'zh-CN,zh;q=0.9',
  'accept-encoding' => 'gzip, deflate, br',
  'referer' => 'https://servicewechat.com/wxf24c79e7f9eb5a96/devtools/page-frame.html',
  'accept' => '*/*',
  'sec-fetch-site' => 'cross-site',
  'sec-fetch-user' => '?F',
  'sec-fetch-dest' => 'empty',
  'user-agent' => 'Mozilla/5.0 (iPhone; CPU iPhone OS 9_1 like Mac OS X) AppleWebKit/601.1.46 (KHTML, like Gecko) Version/9.0 Mobile/13B143 Safari/601.1 wechatdevtools/1.02.1907300 MicroMessenger/6.7.3 Language/zh_CN webview/',
  'origin' => 'http://127.0.0.1:40302',
  'sec-fetch-mode' => 'cors',
  'sec-ch-ua' => 'nwjs 74',
  'cache-control' => 'no-cache',
  'pragma' => 'no-cache',
  'connection' => 'keep-alive',
  'host' => 'dxc.gqwlcm.com',
  'content-type' => 'application/json',
  'content-length' => '43',
)
[ info ] [ PARAM ] array (
  'code' => '021HdLub1AMeZw0BOzsb1PaNub1HdLup',
)
[ info ] [ SESSION ] INIT array (
  'id' => '',
  'var_session_id' => '',
  'prefix' => 'think',
  'type' => '',
  'auto_start' => true,
)
[ info ] [ DB ] INIT mysql
[ info ] [ RUN ] app\api\controller\WechatBase->GetUnionId[ /www/wwwroot/ledigou/application/api/controller/WechatBase.php ]
[ info ] [ LOG ] INIT File
[ sql ] [ DB ] CONNECT:[ UseTime:0.000260s ] mysql:host=localhost;dbname=ledigou;charset=utf8
[ sql ] [ SQL ] SHOW COLUMNS FROM `xin_config` [ RunTime:0.000861s ]
[ sql ] [ SQL ] SELECT * FROM `xin_config` WHERE  `config_id` = 1 LIMIT 1 [ RunTime:0.000356s ]
---------------------------------------------------------------
[ 2019-10-28T17:07:06+08:00 ] 113.128.87.186 POST dxc.gqwlcm.com//api/limited/GetLimitedList
[运行时间：0.116182s] [吞吐率：8.61req/s] [内存消耗：2,808.77kb] [文件加载：57]
[ info ] [ LANG ] /www/wwwroot/ledigou/thinkphp/lang/zh-cn.php
[ info ] [ ROUTE ] array (
  'type' => 'module',
  'module' => 
  array (
    0 => 'api',
    1 => 'limited',
    2 => 'GetLimitedList',
  ),
)
[ info ] [ HEADER ] array (
  'accept-language' => 'zh-CN,zh;q=0.9',
  'accept-encoding' => 'gzip, deflate, br',
  'referer' => 'https://servicewechat.com/wxf24c79e7f9eb5a96/devtools/page-frame.html',
  'accept' => '*/*',
  'sec-fetch-site' => 'cross-site',
  'sec-fetch-user' => '?F',
  'sec-fetch-dest' => 'empty',
  'user-agent' => 'Mozilla/5.0 (iPhone; CPU iPhone OS 9_1 like Mac OS X) AppleWebKit/601.1.46 (KHTML, like Gecko) Version/9.0 Mobile/13B143 Safari/601.1 wechatdevtools/1.02.1907300 MicroMessenger/6.7.3 Language/zh_CN webview/',
  'origin' => 'http://127.0.0.1:40302',
  'sec-fetch-mode' => 'cors',
  'sec-ch-ua' => 'nwjs 74',
  'cache-control' => 'no-cache',
  'pragma' => 'no-cache',
  'connection' => 'keep-alive',
  'host' => 'dxc.gqwlcm.com',
  'content-type' => 'application/json',
  'content-length' => '42',
)
[ info ] [ PARAM ] array (
  'unionid' => 'o8N9TuNuwIMO_qLddHjeVz-xHnAs',
)
[ info ] [ DB ] INIT mysql
[ info ] [ SESSION ] INIT array (
  'id' => '',
  'var_session_id' => '',
  'prefix' => 'think',
  'type' => '',
  'auto_start' => true,
)
[ info ] [ RUN ] app\api\controller\Limited->GetLimitedList[ /www/wwwroot/ledigou/application/api/controller/Limited.php ]
[ info ] [ LOG ] INIT File
[ sql ] [ DB ] CONNECT:[ UseTime:0.001430s ] mysql:host=localhost;dbname=ledigou;charset=utf8
[ sql ] [ SQL ] SHOW COLUMNS FROM `xin_config` [ RunTime:0.000793s ]
[ sql ] [ SQL ] SELECT * FROM `xin_config` WHERE  `config_id` = 1 LIMIT 1 [ RunTime:0.001937s ]
[ sql ] [ SQL ] SHOW COLUMNS FROM `xin_user` [ RunTime:0.000685s ]
[ sql ] [ SQL ] SELECT * FROM `xin_user` WHERE  `user_unionid` = 'o8N9TuNuwIMO_qLddHjeVz-xHnAs' LIMIT 1 [ RunTime:0.000273s ]
[ sql ] [ SQL ] SHOW COLUMNS FROM `xin_warehouse` [ RunTime:0.001291s ]
[ sql ] [ SQL ] SELECT `ware_id` FROM `xin_warehouse` WHERE  `ware_school` = 1 [ RunTime:0.000859s ]
[ sql ] [ SQL ] SHOW COLUMNS FROM `xin_limited` [ RunTime:0.000680s ]
[ sql ] [ SQL ] SELECT * FROM `xin_limited` `l` INNER JOIN `xin_goods` `g` ON `l`.`limited_goods`=`g`.`goods_id` WHERE  `g`.`goods_warehouse` IN ('1')  AND `l`.`limited_stime` < 1572253626  AND `l`.`limited_etime` > 1572253626 ORDER BY `limited_time` DESC LIMIT 2 [ RunTime:0.001022s ]
---------------------------------------------------------------
[ 2019-10-28T17:07:06+08:00 ] 113.128.87.186 POST dxc.gqwlcm.com//api/goods/GetGoodsList
[运行时间：0.119226s] [吞吐率：8.39req/s] [内存消耗：2,868.22kb] [文件加载：59]
[ info ] [ LANG ] /www/wwwroot/ledigou/thinkphp/lang/zh-cn.php
[ info ] [ ROUTE ] array (
  'type' => 'module',
  'module' => 
  array (
    0 => 'api',
    1 => 'goods',
    2 => 'GetGoodsList',
  ),
)
[ info ] [ HEADER ] array (
  'accept-language' => 'zh-CN,zh;q=0.9',
  'accept-encoding' => 'gzip, deflate, br',
  'referer' => 'https://servicewechat.com/wxf24c79e7f9eb5a96/devtools/page-frame.html',
  'accept' => '*/*',
  'sec-fetch-site' => 'cross-site',
  'sec-fetch-user' => '?F',
  'sec-fetch-dest' => 'empty',
  'user-agent' => 'Mozilla/5.0 (iPhone; CPU iPhone OS 9_1 like Mac OS X) AppleWebKit/601.1.46 (KHTML, like Gecko) Version/9.0 Mobile/13B143 Safari/601.1 wechatdevtools/1.02.1907300 MicroMessenger/6.7.3 Language/zh_CN webview/',
  'origin' => 'http://127.0.0.1:40302',
  'sec-fetch-mode' => 'cors',
  'sec-ch-ua' => 'nwjs 74',
  'cache-control' => 'no-cache',
  'pragma' => 'no-cache',
  'connection' => 'keep-alive',
  'host' => 'dxc.gqwlcm.com',
  'content-type' => 'application/json',
  'content-length' => '97',
)
[ info ] [ PARAM ] array (
  'unionid' => 'o8N9TuNuwIMO_qLddHjeVz-xHnAs',
  'keyword' => '',
  'sort' => 0,
  'is_top' => true,
  'page' => 1,
  'limit' => 4,
)
[ info ] [ SESSION ] INIT array (
  'id' => '',
  'var_session_id' => '',
  'prefix' => 'think',
  'type' => '',
  'auto_start' => true,
)
[ info ] [ DB ] INIT mysql
[ info ] [ RUN ] app\api\controller\Goods->GetGoodsList[ /www/wwwroot/ledigou/application/api/controller/Goods.php ]
[ info ] [ LOG ] INIT File
[ sql ] [ DB ] CONNECT:[ UseTime:0.000259s ] mysql:host=localhost;dbname=ledigou;charset=utf8
[ sql ] [ SQL ] SHOW COLUMNS FROM `xin_config` [ RunTime:0.042697s ]
[ sql ] [ SQL ] SELECT * FROM `xin_config` WHERE  `config_id` = 1 LIMIT 1 [ RunTime:0.000273s ]
[ sql ] [ SQL ] SHOW COLUMNS FROM `xin_user` [ RunTime:0.002563s ]
[ sql ] [ SQL ] SELECT * FROM `xin_user` WHERE  `user_unionid` = 'o8N9TuNuwIMO_qLddHjeVz-xHnAs' LIMIT 1 [ RunTime:0.001553s ]
[ sql ] [ SQL ] SHOW COLUMNS FROM `xin_warehouse` [ RunTime:0.001649s ]
[ sql ] [ SQL ] SELECT `ware_id` FROM `xin_warehouse` WHERE  `ware_school` = 1 [ RunTime:0.001069s ]
[ sql ] [ SQL ] SHOW COLUMNS FROM `xin_goods` [ RunTime:0.000922s ]
[ sql ] [ SQL ] SELECT * FROM `xin_goods` WHERE  `goods_warehouse` IN (1)  AND `goods_is_top` = 1 ORDER BY `goods_is_top` DESC,`goods_id` DESC LIMIT 0,4 [ RunTime:0.000403s ]
[ sql ] [ SQL ] SHOW COLUMNS FROM `xin_limited` [ RunTime:0.000898s ]
[ sql ] [ SQL ] SELECT * FROM `xin_limited` WHERE  `limited_stime` < 1572253626  AND `limited_etime` > 1572253626  AND `limited_goods` = 37 LIMIT 1 [ RunTime:0.000742s ]
[ sql ] [ SQL ] SELECT * FROM `xin_limited` WHERE  `limited_stime` < 1572253626  AND `limited_etime` > 1572253626  AND `limited_goods` = 36 LIMIT 1 [ RunTime:0.000949s ]
[ sql ] [ SQL ] SELECT * FROM `xin_limited` WHERE  `limited_stime` < 1572253626  AND `limited_etime` > 1572253626  AND `limited_goods` = 35 LIMIT 1 [ RunTime:0.000680s ]
[ sql ] [ SQL ] SELECT * FROM `xin_limited` WHERE  `limited_stime` < 1572253626  AND `limited_etime` > 1572253626  AND `limited_goods` = 34 LIMIT 1 [ RunTime:0.000201s ]
---------------------------------------------------------------
[ 2019-10-28T17:07:06+08:00 ] 113.128.87.186 GET dxc.gqwlcm.com//api/user/FindUser?unionid=o8N9TuNuwIMO_qLddHjeVz-xHnAs&wxid=ofbua5ZvdCwNdxFnbmKuaIh6lW9k
[运行时间：0.124774s] [吞吐率：8.01req/s] [内存消耗：3,023.13kb] [文件加载：63]
[ info ] [ LANG ] /www/wwwroot/ledigou/thinkphp/lang/zh-cn.php
[ info ] [ ROUTE ] array (
  'type' => 'module',
  'module' => 
  array (
    0 => 'api',
    1 => 'user',
    2 => 'FindUser',
  ),
)
[ info ] [ HEADER ] array (
  'accept-language' => 'zh-CN,zh;q=0.9',
  'accept-encoding' => 'gzip, deflate, br',
  'referer' => 'https://servicewechat.com/wxf24c79e7f9eb5a96/devtools/page-frame.html',
  'accept' => '*/*',
  'sec-fetch-site' => 'cross-site',
  'sec-fetch-user' => '?F',
  'sec-fetch-dest' => 'empty',
  'user-agent' => 'Mozilla/5.0 (iPhone; CPU iPhone OS 9_1 like Mac OS X) AppleWebKit/601.1.46 (KHTML, like Gecko) Version/9.0 Mobile/13B143 Safari/601.1 wechatdevtools/1.02.1907300 MicroMessenger/6.7.3 Language/zh_CN webview/',
  'sec-fetch-mode' => 'cors',
  'sec-ch-ua' => 'nwjs 74',
  'cache-control' => 'no-cache',
  'pragma' => 'no-cache',
  'connection' => 'keep-alive',
  'host' => 'dxc.gqwlcm.com',
  'content-type' => 'application/json',
)
[ info ] [ PARAM ] array (
  'unionid' => 'o8N9TuNuwIMO_qLddHjeVz-xHnAs',
  'wxid' => 'ofbua5ZvdCwNdxFnbmKuaIh6lW9k',
)
[ info ] [ SESSION ] INIT array (
  'id' => '',
  'var_session_id' => '',
  'prefix' => 'think',
  'type' => '',
  'auto_start' => true,
)
[ info ] [ DB ] INIT mysql
[ info ] [ RUN ] app\api\controller\User->FindUser[ /www/wwwroot/ledigou/application/api/controller/User.php ]
[ info ] [ LOG ] INIT File
[ sql ] [ DB ] CONNECT:[ UseTime:0.000440s ] mysql:host=localhost;dbname=ledigou;charset=utf8
[ sql ] [ SQL ] SHOW COLUMNS FROM `xin_config` [ RunTime:0.000807s ]
[ sql ] [ SQL ] SELECT * FROM `xin_config` WHERE  `config_id` = 1 LIMIT 1 [ RunTime:0.000202s ]
[ sql ] [ SQL ] SHOW COLUMNS FROM `xin_user` [ RunTime:0.000768s ]
[ sql ] [ SQL ] SELECT * FROM `xin_user` WHERE  `user_unionid` = 'o8N9TuNuwIMO_qLddHjeVz-xHnAs' LIMIT 1 [ RunTime:0.000202s ]
---------------------------------------------------------------
[ 2019-10-28T17:07:09+08:00 ] 113.128.87.186 POST dxc.gqwlcm.com//api/message/GetMessageList
[运行时间：0.080508s] [吞吐率：12.42req/s] [内存消耗：2,712.19kb] [文件加载：56]
[ info ] [ LANG ] /www/wwwroot/ledigou/thinkphp/lang/zh-cn.php
[ info ] [ ROUTE ] array (
  'type' => 'module',
  'module' => 
  array (
    0 => 'api',
    1 => 'message',
    2 => 'GetMessageList',
  ),
)
[ info ] [ HEADER ] array (
  'accept-language' => 'zh-CN,zh;q=0.9',
  'accept-encoding' => 'gzip, deflate, br',
  'referer' => 'https://servicewechat.com/wxf24c79e7f9eb5a96/devtools/page-frame.html',
  'accept' => '*/*',
  'sec-fetch-site' => 'cross-site',
  'sec-fetch-user' => '?F',
  'sec-fetch-dest' => 'empty',
  'user-agent' => 'Mozilla/5.0 (iPhone; CPU iPhone OS 9_1 like Mac OS X) AppleWebKit/601.1.46 (KHTML, like Gecko) Version/9.0 Mobile/13B143 Safari/601.1 wechatdevtools/1.02.1907300 MicroMessenger/6.7.3 Language/zh_CN webview/',
  'origin' => 'http://127.0.0.1:40302',
  'sec-fetch-mode' => 'cors',
  'sec-ch-ua' => 'nwjs 74',
  'cache-control' => 'no-cache',
  'pragma' => 'no-cache',
  'connection' => 'keep-alive',
  'host' => 'dxc.gqwlcm.com',
  'content-type' => 'application/json',
  'content-length' => '42',
)
[ info ] [ PARAM ] array (
  'unionid' => 'o8N9TuNuwIMO_qLddHjeVz-xHnAs',
)
[ info ] [ DB ] INIT mysql
[ info ] [ SESSION ] INIT array (
  'id' => '',
  'var_session_id' => '',
  'prefix' => 'think',
  'type' => '',
  'auto_start' => true,
)
[ info ] [ RUN ] app\api\controller\Message->GetMessageList[ /www/wwwroot/ledigou/application/api/controller/Message.php ]
[ info ] [ LOG ] INIT File
[ sql ] [ DB ] CONNECT:[ UseTime:0.000257s ] mysql:host=localhost;dbname=ledigou;charset=utf8
[ sql ] [ SQL ] SHOW COLUMNS FROM `xin_config` [ RunTime:0.001041s ]
[ sql ] [ SQL ] SELECT * FROM `xin_config` WHERE  `config_id` = 1 LIMIT 1 [ RunTime:0.000262s ]
[ sql ] [ SQL ] SHOW COLUMNS FROM `xin_user` [ RunTime:0.000773s ]
[ sql ] [ SQL ] SELECT * FROM `xin_user` WHERE  `user_unionid` = 'o8N9TuNuwIMO_qLddHjeVz-xHnAs' LIMIT 1 [ RunTime:0.000211s ]
[ sql ] [ SQL ] SHOW COLUMNS FROM `xin_message` [ RunTime:0.000735s ]
[ sql ] [ SQL ] SELECT * FROM `xin_message` WHERE  `message_user` IN (0,8)  AND `message_isdel` = 0 [ RunTime:0.000216s ]
---------------------------------------------------------------
[ 2019-10-28T17:07:11+08:00 ] 113.128.87.186 POST dxc.gqwlcm.com//api/order/GetOrderList
[运行时间：0.034608s] [吞吐率：28.89req/s] [内存消耗：2,972.22kb] [文件加载：62]
[ info ] [ LANG ] /www/wwwroot/ledigou/thinkphp/lang/zh-cn.php
[ info ] [ ROUTE ] array (
  'type' => 'module',
  'module' => 
  array (
    0 => 'api',
    1 => 'order',
    2 => 'GetOrderList',
  ),
)
[ info ] [ HEADER ] array (
  'accept-language' => 'zh-CN,zh;q=0.9',
  'accept-encoding' => 'gzip, deflate, br',
  'referer' => 'https://servicewechat.com/wxf24c79e7f9eb5a96/devtools/page-frame.html',
  'accept' => '*/*',
  'sec-fetch-site' => 'cross-site',
  'sec-fetch-user' => '?F',
  'sec-fetch-dest' => 'empty',
  'user-agent' => 'Mozilla/5.0 (iPhone; CPU iPhone OS 9_1 like Mac OS X) AppleWebKit/601.1.46 (KHTML, like Gecko) Version/9.0 Mobile/13B143 Safari/601.1 wechatdevtools/1.02.1907300 MicroMessenger/6.7.3 Language/zh_CN webview/',
  'origin' => 'http://127.0.0.1:40302',
  'sec-fetch-mode' => 'cors',
  'sec-ch-ua' => 'nwjs 74',
  'cache-control' => 'no-cache',
  'pragma' => 'no-cache',
  'connection' => 'keep-alive',
  'host' => 'dxc.gqwlcm.com',
  'content-type' => 'application/json',
  'content-length' => '71',
)
[ info ] [ PARAM ] array (
  'unionid' => 'o8N9TuNuwIMO_qLddHjeVz-xHnAs',
  'type' => 'goods',
  'status' => '-1',
)
[ info ] [ DB ] INIT mysql
[ info ] [ SESSION ] INIT array (
  'id' => '',
  'var_session_id' => '',
  'prefix' => 'think',
  'type' => '',
  'auto_start' => true,
)
[ info ] [ RUN ] app\api\controller\Order->GetOrderList[ /www/wwwroot/ledigou/application/api/controller/Order.php ]
[ info ] [ LOG ] INIT File
[ sql ] [ DB ] CONNECT:[ UseTime:0.000251s ] mysql:host=localhost;dbname=ledigou;charset=utf8
[ sql ] [ SQL ] SHOW COLUMNS FROM `xin_config` [ RunTime:0.000875s ]
[ sql ] [ SQL ] SELECT * FROM `xin_config` WHERE  `config_id` = 1 LIMIT 1 [ RunTime:0.000253s ]
[ sql ] [ SQL ] SHOW COLUMNS FROM `xin_user` [ RunTime:0.000788s ]
[ sql ] [ SQL ] SELECT * FROM `xin_user` WHERE  `user_unionid` = 'o8N9TuNuwIMO_qLddHjeVz-xHnAs' LIMIT 1 [ RunTime:0.000207s ]
[ sql ] [ SQL ] SHOW COLUMNS FROM `xin_order` [ RunTime:0.000758s ]
[ sql ] [ SQL ] SELECT * FROM `xin_order` WHERE  `order_desc` = '商品购买'  AND `order_user` = 8 ORDER BY `order_id` DESC LIMIT 0,10 [ RunTime:0.000274s ]
[ sql ] [ SQL ] SHOW COLUMNS FROM `xin_order_item` [ RunTime:0.000709s ]
[ sql ] [ SQL ] SELECT * FROM `xin_order_item` `oi` INNER JOIN `xin_goods` `g` ON `oi`.`item_goods`=`g`.`goods_id` WHERE  `oi`.`item_order` = 30 [ RunTime:0.000280s ]
[ sql ] [ SQL ] SELECT `item_goods` FROM `xin_order_item` WHERE  `item_order` = 30 LIMIT 1 [ RunTime:0.000146s ]
[ sql ] [ SQL ] SHOW COLUMNS FROM `xin_goods` [ RunTime:0.000724s ]
[ sql ] [ SQL ] SELECT `goods_warehouse` FROM `xin_goods` WHERE  `goods_id` = 34 LIMIT 1 [ RunTime:0.000142s ]
[ sql ] [ SQL ] SHOW COLUMNS FROM `xin_warehouse` [ RunTime:0.000697s ]
[ sql ] [ SQL ] SELECT `ware_address` FROM `xin_warehouse` WHERE  `ware_id` = 1 LIMIT 1 [ RunTime:0.000138s ]
[ sql ] [ SQL ] SHOW COLUMNS FROM `xin_address` [ RunTime:0.000701s ]
[ sql ] [ SQL ] SELECT `address_info` FROM `xin_address` WHERE  `address_id` = 6 LIMIT 1 [ RunTime:0.000142s ]
[ sql ] [ SQL ] SELECT * FROM `xin_order_item` `oi` INNER JOIN `xin_goods` `g` ON `oi`.`item_goods`=`g`.`goods_id` WHERE  `oi`.`item_order` = 16 [ RunTime:0.000221s ]
[ sql ] [ SQL ] SELECT `item_goods` FROM `xin_order_item` WHERE  `item_order` = 16 LIMIT 1 [ RunTime:0.000238s ]
[ sql ] [ SQL ] SELECT `goods_warehouse` FROM `xin_goods` WHERE  `goods_id` = 15 LIMIT 1 [ RunTime:0.000134s ]
[ sql ] [ SQL ] SELECT `ware_address` FROM `xin_warehouse` WHERE  `ware_id` = 1 LIMIT 1 [ RunTime:0.000124s ]
[ sql ] [ SQL ] SELECT `address_info` FROM `xin_address` WHERE  `address_id` = 1 LIMIT 1 [ RunTime:0.000116s ]
---------------------------------------------------------------
[ 2019-10-28T17:07:12+08:00 ] 113.128.87.186 POST dxc.gqwlcm.com//api/order/GetOrderList
[运行时间：0.032825s] [吞吐率：30.46req/s] [内存消耗：2,971.59kb] [文件加载：62]
[ info ] [ LANG ] /www/wwwroot/ledigou/thinkphp/lang/zh-cn.php
[ info ] [ ROUTE ] array (
  'type' => 'module',
  'module' => 
  array (
    0 => 'api',
    1 => 'order',
    2 => 'GetOrderList',
  ),
)
[ info ] [ HEADER ] array (
  'accept-language' => 'zh-CN,zh;q=0.9',
  'accept-encoding' => 'gzip, deflate, br',
  'referer' => 'https://servicewechat.com/wxf24c79e7f9eb5a96/devtools/page-frame.html',
  'accept' => '*/*',
  'sec-fetch-site' => 'cross-site',
  'sec-fetch-user' => '?F',
  'sec-fetch-dest' => 'empty',
  'user-agent' => 'Mozilla/5.0 (iPhone; CPU iPhone OS 9_1 like Mac OS X) AppleWebKit/601.1.46 (KHTML, like Gecko) Version/9.0 Mobile/13B143 Safari/601.1 wechatdevtools/1.02.1907300 MicroMessenger/6.7.3 Language/zh_CN webview/',
  'origin' => 'http://127.0.0.1:40302',
  'sec-fetch-mode' => 'cors',
  'sec-ch-ua' => 'nwjs 74',
  'cache-control' => 'no-cache',
  'pragma' => 'no-cache',
  'connection' => 'keep-alive',
  'host' => 'dxc.gqwlcm.com',
  'content-type' => 'application/json',
  'content-length' => '56',
)
[ info ] [ PARAM ] array (
  'unionid' => 'o8N9TuNuwIMO_qLddHjeVz-xHnAs',
  'type' => 'task',
)
[ info ] [ DB ] INIT mysql
[ info ] [ SESSION ] INIT array (
  'id' => '',
  'var_session_id' => '',
  'prefix' => 'think',
  'type' => '',
  'auto_start' => true,
)
[ info ] [ RUN ] app\api\controller\Order->GetOrderList[ /www/wwwroot/ledigou/application/api/controller/Order.php ]
[ info ] [ LOG ] INIT File
[ sql ] [ DB ] CONNECT:[ UseTime:0.000265s ] mysql:host=localhost;dbname=ledigou;charset=utf8
[ sql ] [ SQL ] SHOW COLUMNS FROM `xin_config` [ RunTime:0.000988s ]
[ sql ] [ SQL ] SELECT * FROM `xin_config` WHERE  `config_id` = 1 LIMIT 1 [ RunTime:0.000244s ]
[ sql ] [ SQL ] SHOW COLUMNS FROM `xin_user` [ RunTime:0.000774s ]
[ sql ] [ SQL ] SELECT * FROM `xin_user` WHERE  `user_unionid` = 'o8N9TuNuwIMO_qLddHjeVz-xHnAs' LIMIT 1 [ RunTime:0.000235s ]
[ sql ] [ SQL ] SHOW COLUMNS FROM `xin_order` [ RunTime:0.000760s ]
[ sql ] [ SQL ] SELECT * FROM `xin_order` `o` INNER JOIN `xin_task` `t` ON `o`.`order_task`=`t`.`task_id` WHERE  `order_desc` = '跑腿任务'  AND `o`.`order_user` = 8  AND `o`.`order_task` <> 0 [ RunTime:0.000492s ]
[ sql ] [ SQL ] SHOW COLUMNS FROM `xin_task` [ RunTime:0.000798s ]
[ sql ] [ SQL ] SELECT * FROM `xin_task` WHERE  `task_id` = 33 LIMIT 1 [ RunTime:0.000259s ]
[ sql ] [ SQL ] SELECT * FROM `xin_task` WHERE  `task_id` = 34 LIMIT 1 [ RunTime:0.000172s ]
---------------------------------------------------------------
[ 2019-10-28T17:07:13+08:00 ] 113.128.87.186 POST dxc.gqwlcm.com//api/order/GetOrderList
[运行时间：0.036049s] [吞吐率：27.74req/s] [内存消耗：2,972.08kb] [文件加载：62]
[ info ] [ LANG ] /www/wwwroot/ledigou/thinkphp/lang/zh-cn.php
[ info ] [ ROUTE ] array (
  'type' => 'module',
  'module' => 
  array (
    0 => 'api',
    1 => 'order',
    2 => 'GetOrderList',
  ),
)
[ info ] [ HEADER ] array (
  'accept-language' => 'zh-CN,zh;q=0.9',
  'accept-encoding' => 'gzip, deflate, br',
  'referer' => 'https://servicewechat.com/wxf24c79e7f9eb5a96/devtools/page-frame.html',
  'accept' => '*/*',
  'sec-fetch-site' => 'cross-site',
  'sec-fetch-user' => '?F',
  'sec-fetch-dest' => 'empty',
  'user-agent' => 'Mozilla/5.0 (iPhone; CPU iPhone OS 9_1 like Mac OS X) AppleWebKit/601.1.46 (KHTML, like Gecko) Version/9.0 Mobile/13B143 Safari/601.1 wechatdevtools/1.02.1907300 MicroMessenger/6.7.3 Language/zh_CN webview/',
  'origin' => 'http://127.0.0.1:40302',
  'sec-fetch-mode' => 'cors',
  'sec-ch-ua' => 'nwjs 74',
  'cache-control' => 'no-cache',
  'pragma' => 'no-cache',
  'connection' => 'keep-alive',
  'host' => 'dxc.gqwlcm.com',
  'content-type' => 'application/json',
  'content-length' => '57',
)
[ info ] [ PARAM ] array (
  'unionid' => 'o8N9TuNuwIMO_qLddHjeVz-xHnAs',
  'type' => 'goods',
)
[ info ] [ DB ] INIT mysql
[ info ] [ SESSION ] INIT array (
  'id' => '',
  'var_session_id' => '',
  'prefix' => 'think',
  'type' => '',
  'auto_start' => true,
)
[ info ] [ RUN ] app\api\controller\Order->GetOrderList[ /www/wwwroot/ledigou/application/api/controller/Order.php ]
[ info ] [ LOG ] INIT File
[ sql ] [ DB ] CONNECT:[ UseTime:0.000265s ] mysql:host=localhost;dbname=ledigou;charset=utf8
[ sql ] [ SQL ] SHOW COLUMNS FROM `xin_config` [ RunTime:0.000888s ]
[ sql ] [ SQL ] SELECT * FROM `xin_config` WHERE  `config_id` = 1 LIMIT 1 [ RunTime:0.000262s ]
[ sql ] [ SQL ] SHOW COLUMNS FROM `xin_user` [ RunTime:0.000827s ]
[ sql ] [ SQL ] SELECT * FROM `xin_user` WHERE  `user_unionid` = 'o8N9TuNuwIMO_qLddHjeVz-xHnAs' LIMIT 1 [ RunTime:0.000217s ]
[ sql ] [ SQL ] SHOW COLUMNS FROM `xin_order` [ RunTime:0.000817s ]
[ sql ] [ SQL ] SELECT * FROM `xin_order` WHERE  `order_desc` = '商品购买'  AND `order_user` = 8 ORDER BY `order_id` DESC LIMIT 0,10 [ RunTime:0.000300s ]
[ sql ] [ SQL ] SHOW COLUMNS FROM `xin_order_item` [ RunTime:0.000749s ]
[ sql ] [ SQL ] SELECT * FROM `xin_order_item` `oi` INNER JOIN `xin_goods` `g` ON `oi`.`item_goods`=`g`.`goods_id` WHERE  `oi`.`item_order` = 30 [ RunTime:0.000319s ]
[ sql ] [ SQL ] SELECT `item_goods` FROM `xin_order_item` WHERE  `item_order` = 30 LIMIT 1 [ RunTime:0.000219s ]
[ sql ] [ SQL ] SHOW COLUMNS FROM `xin_goods` [ RunTime:0.000705s ]
[ sql ] [ SQL ] SELECT `goods_warehouse` FROM `xin_goods` WHERE  `goods_id` = 34 LIMIT 1 [ RunTime:0.000231s ]
[ sql ] [ SQL ] SHOW COLUMNS FROM `xin_warehouse` [ RunTime:0.000626s ]
[ sql ] [ SQL ] SELECT `ware_address` FROM `xin_warehouse` WHERE  `ware_id` = 1 LIMIT 1 [ RunTime:0.000138s ]
[ sql ] [ SQL ] SHOW COLUMNS FROM `xin_address` [ RunTime:0.000718s ]
[ sql ] [ SQL ] SELECT `address_info` FROM `xin_address` WHERE  `address_id` = 6 LIMIT 1 [ RunTime:0.000143s ]
[ sql ] [ SQL ] SELECT * FROM `xin_order_item` `oi` INNER JOIN `xin_goods` `g` ON `oi`.`item_goods`=`g`.`goods_id` WHERE  `oi`.`item_order` = 16 [ RunTime:0.000332s ]
[ sql ] [ SQL ] SELECT `item_goods` FROM `xin_order_item` WHERE  `item_order` = 16 LIMIT 1 [ RunTime:0.000158s ]
[ sql ] [ SQL ] SELECT `goods_warehouse` FROM `xin_goods` WHERE  `goods_id` = 15 LIMIT 1 [ RunTime:0.000132s ]
[ sql ] [ SQL ] SELECT `ware_address` FROM `xin_warehouse` WHERE  `ware_id` = 1 LIMIT 1 [ RunTime:0.000135s ]
[ sql ] [ SQL ] SELECT `address_info` FROM `xin_address` WHERE  `address_id` = 1 LIMIT 1 [ RunTime:0.000142s ]
---------------------------------------------------------------
[ 2019-10-28T18:40:03+08:00 ] 137.226.113.28 GET www.thebestwe.com/
[运行时间：0.038743s] [吞吐率：25.81req/s] [内存消耗：2,781.43kb] [文件加载：58]
[ info ] [ LANG ] /www/wwwroot/ledigou/thinkphp/lang/zh-cn.php
[ info ] [ ROUTE ] array (
  'type' => 'module',
  'module' => 
  array (
    0 => '',
    1 => NULL,
    2 => NULL,
  ),
)
[ info ] [ HEADER ] array (
  'accept-encoding' => 'gzip',
  'accept' => '*/*',
  'user-agent' => 'Mozilla/5.0 zgrab/0.x (compatible; Researchscan/t12ca; +http://researchscan.comsys.rwth-aachen.de)',
  'host' => 'www.thebestwe.com',
)
[ info ] [ PARAM ] array (
)
[ info ] [ SESSION ] INIT array (
  'id' => '',
  'var_session_id' => '',
  'prefix' => 'think',
  'type' => '',
  'auto_start' => true,
)
[ info ] [ DB ] INIT mysql
[ info ] [ LOG ] INIT File
[ sql ] [ DB ] CONNECT:[ UseTime:0.000277s ] mysql:host=localhost;dbname=ledigou;charset=utf8
[ sql ] [ SQL ] SHOW COLUMNS FROM `xin_config` [ RunTime:0.001040s ]
[ sql ] [ SQL ] SELECT * FROM `xin_config` WHERE  `config_id` = 1 LIMIT 1 [ RunTime:0.000263s ]
---------------------------------------------------------------
[ 2019-10-28T19:21:33+08:00 ] 203.205.219.190 POST dxc.gqwlcm.com/api/pay/Callback
[运行时间：0.081508s] [吞吐率：12.27req/s] [内存消耗：3,139.30kb] [文件加载：67]
[ info ] [ LANG ] /www/wwwroot/ledigou/thinkphp/lang/zh-cn.php
[ info ] [ ROUTE ] array (
  'type' => 'module',
  'module' => 
  array (
    0 => 'api',
    1 => 'pay',
    2 => 'Callback',
  ),
)
[ info ] [ HEADER ] array (
  'user-agent' => 'Mozilla/4.0',
  'host' => 'dxc.gqwlcm.com',
  'pragma' => 'no-cache',
  'connection' => 'Keep-Alive',
  'accept' => '*/*',
  'content-type' => 'text/xml',
  'content-length' => '773',
)
[ info ] [ PARAM ] array (
)
[ info ] [ SESSION ] INIT array (
  'id' => '',
  'var_session_id' => '',
  'prefix' => 'think',
  'type' => '',
  'auto_start' => true,
)
[ info ] [ DB ] INIT mysql
[ info ] [ RUN ] app\api\controller\Pay->Callback[ /www/wwwroot/ledigou/application/api/controller/Pay.php ]
[ info ] [ LOG ] INIT File
[ sql ] [ DB ] CONNECT:[ UseTime:0.000284s ] mysql:host=localhost;dbname=ledigou;charset=utf8
[ sql ] [ SQL ] SHOW COLUMNS FROM `xin_config` [ RunTime:0.000996s ]
[ sql ] [ SQL ] SELECT * FROM `xin_config` WHERE  `config_id` = 1 LIMIT 1 [ RunTime:0.000288s ]
---------------------------------------------------------------
[ 2019-10-28T19:26:55+08:00 ] 203.205.219.188 POST dxc.gqwlcm.com/api/pay/Callback
[运行时间：0.027886s] [吞吐率：35.86req/s] [内存消耗：3,139.30kb] [文件加载：67]
[ info ] [ LANG ] /www/wwwroot/ledigou/thinkphp/lang/zh-cn.php
[ info ] [ ROUTE ] array (
  'type' => 'module',
  'module' => 
  array (
    0 => 'api',
    1 => 'pay',
    2 => 'Callback',
  ),
)
[ info ] [ HEADER ] array (
  'user-agent' => 'Mozilla/4.0',
  'host' => 'dxc.gqwlcm.com',
  'pragma' => 'no-cache',
  'connection' => 'Keep-Alive',
  'accept' => '*/*',
  'content-type' => 'text/xml',
  'content-length' => '773',
)
[ info ] [ PARAM ] array (
)
[ info ] [ SESSION ] INIT array (
  'id' => '',
  'var_session_id' => '',
  'prefix' => 'think',
  'type' => '',
  'auto_start' => true,
)
[ info ] [ DB ] INIT mysql
[ info ] [ RUN ] app\api\controller\Pay->Callback[ /www/wwwroot/ledigou/application/api/controller/Pay.php ]
[ info ] [ LOG ] INIT File
[ sql ] [ DB ] CONNECT:[ UseTime:0.000263s ] mysql:host=localhost;dbname=ledigou;charset=utf8
[ sql ] [ SQL ] SHOW COLUMNS FROM `xin_config` [ RunTime:0.001049s ]
[ sql ] [ SQL ] SELECT * FROM `xin_config` WHERE  `config_id` = 1 LIMIT 1 [ RunTime:0.000267s ]
---------------------------------------------------------------
[ 2019-10-28T19:39:13+08:00 ] 203.205.219.190 POST dxc.gqwlcm.com/api/pay/Callback
[运行时间：0.027389s] [吞吐率：36.51req/s] [内存消耗：3,139.30kb] [文件加载：67]
[ info ] [ LANG ] /www/wwwroot/ledigou/thinkphp/lang/zh-cn.php
[ info ] [ ROUTE ] array (
  'type' => 'module',
  'module' => 
  array (
    0 => 'api',
    1 => 'pay',
    2 => 'Callback',
  ),
)
[ info ] [ HEADER ] array (
  'user-agent' => 'Mozilla/4.0',
  'host' => 'dxc.gqwlcm.com',
  'pragma' => 'no-cache',
  'connection' => 'Keep-Alive',
  'accept' => '*/*',
  'content-type' => 'text/xml',
  'content-length' => '777',
)
[ info ] [ PARAM ] array (
)
[ info ] [ SESSION ] INIT array (
  'id' => '',
  'var_session_id' => '',
  'prefix' => 'think',
  'type' => '',
  'auto_start' => true,
)
[ info ] [ DB ] INIT mysql
[ info ] [ RUN ] app\api\controller\Pay->Callback[ /www/wwwroot/ledigou/application/api/controller/Pay.php ]
[ info ] [ LOG ] INIT File
[ sql ] [ DB ] CONNECT:[ UseTime:0.000275s ] mysql:host=localhost;dbname=ledigou;charset=utf8
[ sql ] [ SQL ] SHOW COLUMNS FROM `xin_config` [ RunTime:0.000988s ]
[ sql ] [ SQL ] SELECT * FROM `xin_config` WHERE  `config_id` = 1 LIMIT 1 [ RunTime:0.000256s ]
---------------------------------------------------------------
[ 2019-10-28T19:50:49+08:00 ] 203.205.219.188 POST dxc.gqwlcm.com/api/pay/Callback
[运行时间：0.055153s] [吞吐率：18.13req/s] [内存消耗：3,139.30kb] [文件加载：67]
[ info ] [ LANG ] /www/wwwroot/ledigou/thinkphp/lang/zh-cn.php
[ info ] [ ROUTE ] array (
  'type' => 'module',
  'module' => 
  array (
    0 => 'api',
    1 => 'pay',
    2 => 'Callback',
  ),
)
[ info ] [ HEADER ] array (
  'user-agent' => 'Mozilla/4.0',
  'host' => 'dxc.gqwlcm.com',
  'pragma' => 'no-cache',
  'connection' => 'Keep-Alive',
  'accept' => '*/*',
  'content-type' => 'text/xml',
  'content-length' => '777',
)
[ info ] [ PARAM ] array (
)
[ info ] [ SESSION ] INIT array (
  'id' => '',
  'var_session_id' => '',
  'prefix' => 'think',
  'type' => '',
  'auto_start' => true,
)
[ info ] [ DB ] INIT mysql
[ info ] [ RUN ] app\api\controller\Pay->Callback[ /www/wwwroot/ledigou/application/api/controller/Pay.php ]
[ info ] [ LOG ] INIT File
[ sql ] [ DB ] CONNECT:[ UseTime:0.000257s ] mysql:host=localhost;dbname=ledigou;charset=utf8
[ sql ] [ SQL ] SHOW COLUMNS FROM `xin_config` [ RunTime:0.001092s ]
[ sql ] [ SQL ] SELECT * FROM `xin_config` WHERE  `config_id` = 1 LIMIT 1 [ RunTime:0.000257s ]
---------------------------------------------------------------
[ 2019-10-28T20:21:43+08:00 ] 137.226.113.27 GET www.thebestwe.com/
[运行时间：0.026983s] [吞吐率：37.06req/s] [内存消耗：2,781.34kb] [文件加载：58]
[ info ] [ LANG ] /www/wwwroot/ledigou/thinkphp/lang/zh-cn.php
[ info ] [ ROUTE ] array (
  'type' => 'module',
  'module' => 
  array (
    0 => '',
    1 => NULL,
    2 => NULL,
  ),
)
[ info ] [ HEADER ] array (
  'accept-encoding' => 'gzip',
  'user-agent' => 'Mozilla/5.0 zgrab/0.x (compatible; Researchscan/t13rl; +http://researchscan.comsys.rwth-aachen.de)',
  'host' => 'www.thebestwe.com',
)
[ info ] [ PARAM ] array (
)
[ info ] [ SESSION ] INIT array (
  'id' => '',
  'var_session_id' => '',
  'prefix' => 'think',
  'type' => '',
  'auto_start' => true,
)
[ info ] [ DB ] INIT mysql
[ info ] [ LOG ] INIT File
[ sql ] [ DB ] CONNECT:[ UseTime:0.000294s ] mysql:host=localhost;dbname=ledigou;charset=utf8
[ sql ] [ SQL ] SHOW COLUMNS FROM `xin_config` [ RunTime:0.001077s ]
[ sql ] [ SQL ] SELECT * FROM `xin_config` WHERE  `config_id` = 1 LIMIT 1 [ RunTime:0.000263s ]
---------------------------------------------------------------
[ 2019-10-28T20:21:46+08:00 ] 137.226.113.27 GET 161.117.4.120:443/index/wechat/login.html
[运行时间：0.033556s] [吞吐率：29.80req/s] [内存消耗：2,724.61kb] [文件加载：55]
[ info ] [ LANG ] /www/wwwroot/ledigou/thinkphp/lang/zh-cn.php
[ info ] [ ROUTE ] array (
  'type' => 'module',
  'module' => 
  array (
    0 => 'index',
    1 => 'wechat',
    2 => 'login',
  ),
)
[ info ] [ HEADER ] array (
  'accept-encoding' => 'gzip',
  'referer' => 'https://161.117.4.120:443/',
  'user-agent' => 'Mozilla/5.0 zgrab/0.x (compatible; Researchscan/t13rl; +http://researchscan.comsys.rwth-aachen.de)',
  'host' => '161.117.4.120:443',
)
[ info ] [ PARAM ] array (
)
[ info ] [ SESSION ] INIT array (
  'id' => '',
  'var_session_id' => '',
  'prefix' => 'think',
  'type' => '',
  'auto_start' => true,
)
[ info ] [ DB ] INIT mysql
[ info ] [ RUN ] app\index\controller\Wechat->Login[ /www/wwwroot/ledigou/application/index/controller/Wechat.php ]
[ info ] [ LOG ] INIT File
[ sql ] [ DB ] CONNECT:[ UseTime:0.000289s ] mysql:host=localhost;dbname=ledigou;charset=utf8
[ sql ] [ SQL ] SHOW COLUMNS FROM `xin_config` [ RunTime:0.001093s ]
[ sql ] [ SQL ] SELECT * FROM `xin_config` WHERE  `config_id` = 1 LIMIT 1 [ RunTime:0.000248s ]
---------------------------------------------------------------
[ 2019-10-28T20:38:24+08:00 ] 137.226.113.26 GET www.thebestwe.com/
[运行时间：0.028007s] [吞吐率：35.71req/s] [内存消耗：2,781.43kb] [文件加载：58]
[ info ] [ LANG ] /www/wwwroot/ledigou/thinkphp/lang/zh-cn.php
[ info ] [ ROUTE ] array (
  'type' => 'module',
  'module' => 
  array (
    0 => '',
    1 => NULL,
    2 => NULL,
  ),
)
[ info ] [ HEADER ] array (
  'accept-encoding' => 'gzip',
  'accept' => '*/*',
  'user-agent' => 'Mozilla/5.0 zgrab/0.x (compatible; Researchscan/t12sns; +http://researchscan.comsys.rwth-aachen.de)',
  'host' => 'www.thebestwe.com',
)
[ info ] [ PARAM ] array (
)
[ info ] [ SESSION ] INIT array (
  'id' => '',
  'var_session_id' => '',
  'prefix' => 'think',
  'type' => '',
  'auto_start' => true,
)
[ info ] [ DB ] INIT mysql
[ info ] [ LOG ] INIT File
[ sql ] [ DB ] CONNECT:[ UseTime:0.000237s ] mysql:host=localhost;dbname=ledigou;charset=utf8
[ sql ] [ SQL ] SHOW COLUMNS FROM `xin_config` [ RunTime:0.000928s ]
[ sql ] [ SQL ] SELECT * FROM `xin_config` WHERE  `config_id` = 1 LIMIT 1 [ RunTime:0.000248s ]
---------------------------------------------------------------
[ 2019-10-28T22:21:36+08:00 ] 203.205.219.188 POST dxc.gqwlcm.com/api/pay/Callback
[运行时间：0.382534s] [吞吐率：2.61req/s] [内存消耗：3,139.30kb] [文件加载：67]
[ info ] [ LANG ] /www/wwwroot/ledigou/thinkphp/lang/zh-cn.php
[ info ] [ ROUTE ] array (
  'type' => 'module',
  'module' => 
  array (
    0 => 'api',
    1 => 'pay',
    2 => 'Callback',
  ),
)
[ info ] [ HEADER ] array (
  'user-agent' => 'Mozilla/4.0',
  'host' => 'dxc.gqwlcm.com',
  'pragma' => 'no-cache',
  'connection' => 'Keep-Alive',
  'accept' => '*/*',
  'content-type' => 'text/xml',
  'content-length' => '773',
)
[ info ] [ PARAM ] array (
)
[ info ] [ SESSION ] INIT array (
  'id' => '',
  'var_session_id' => '',
  'prefix' => 'think',
  'type' => '',
  'auto_start' => true,
)
[ info ] [ DB ] INIT mysql
[ info ] [ RUN ] app\api\controller\Pay->Callback[ /www/wwwroot/ledigou/application/api/controller/Pay.php ]
[ info ] [ LOG ] INIT File
[ sql ] [ DB ] CONNECT:[ UseTime:0.000294s ] mysql:host=localhost;dbname=ledigou;charset=utf8
[ sql ] [ SQL ] SHOW COLUMNS FROM `xin_config` [ RunTime:0.001003s ]
[ sql ] [ SQL ] SELECT * FROM `xin_config` WHERE  `config_id` = 1 LIMIT 1 [ RunTime:0.000249s ]
---------------------------------------------------------------
[ 2019-10-28T22:26:56+08:00 ] 203.205.219.190 POST dxc.gqwlcm.com/api/pay/Callback
[运行时间：0.052505s] [吞吐率：19.05req/s] [内存消耗：3,139.30kb] [文件加载：67]
[ info ] [ LANG ] /www/wwwroot/ledigou/thinkphp/lang/zh-cn.php
[ info ] [ ROUTE ] array (
  'type' => 'module',
  'module' => 
  array (
    0 => 'api',
    1 => 'pay',
    2 => 'Callback',
  ),
)
[ info ] [ HEADER ] array (
  'user-agent' => 'Mozilla/4.0',
  'host' => 'dxc.gqwlcm.com',
  'pragma' => 'no-cache',
  'connection' => 'Keep-Alive',
  'accept' => '*/*',
  'content-type' => 'text/xml',
  'content-length' => '773',
)
[ info ] [ PARAM ] array (
)
[ info ] [ SESSION ] INIT array (
  'id' => '',
  'var_session_id' => '',
  'prefix' => 'think',
  'type' => '',
  'auto_start' => true,
)
[ info ] [ DB ] INIT mysql
[ info ] [ RUN ] app\api\controller\Pay->Callback[ /www/wwwroot/ledigou/application/api/controller/Pay.php ]
[ info ] [ LOG ] INIT File
[ sql ] [ DB ] CONNECT:[ UseTime:0.000289s ] mysql:host=localhost;dbname=ledigou;charset=utf8
[ sql ] [ SQL ] SHOW COLUMNS FROM `xin_config` [ RunTime:0.001000s ]
[ sql ] [ SQL ] SELECT * FROM `xin_config` WHERE  `config_id` = 1 LIMIT 1 [ RunTime:0.000269s ]
---------------------------------------------------------------
[ 2019-10-28T22:39:14+08:00 ] 203.205.219.190 POST dxc.gqwlcm.com/api/pay/Callback
[运行时间：0.071381s] [吞吐率：14.01req/s] [内存消耗：3,139.30kb] [文件加载：67]
[ info ] [ LANG ] /www/wwwroot/ledigou/thinkphp/lang/zh-cn.php
[ info ] [ ROUTE ] array (
  'type' => 'module',
  'module' => 
  array (
    0 => 'api',
    1 => 'pay',
    2 => 'Callback',
  ),
)
[ info ] [ HEADER ] array (
  'user-agent' => 'Mozilla/4.0',
  'host' => 'dxc.gqwlcm.com',
  'pragma' => 'no-cache',
  'connection' => 'Keep-Alive',
  'accept' => '*/*',
  'content-type' => 'text/xml',
  'content-length' => '777',
)
[ info ] [ PARAM ] array (
)
[ info ] [ SESSION ] INIT array (
  'id' => '',
  'var_session_id' => '',
  'prefix' => 'think',
  'type' => '',
  'auto_start' => true,
)
[ info ] [ DB ] INIT mysql
[ info ] [ RUN ] app\api\controller\Pay->Callback[ /www/wwwroot/ledigou/application/api/controller/Pay.php ]
[ info ] [ LOG ] INIT File
[ sql ] [ DB ] CONNECT:[ UseTime:0.000396s ] mysql:host=localhost;dbname=ledigou;charset=utf8
[ sql ] [ SQL ] SHOW COLUMNS FROM `xin_config` [ RunTime:0.001592s ]
[ sql ] [ SQL ] SELECT * FROM `xin_config` WHERE  `config_id` = 1 LIMIT 1 [ RunTime:0.000545s ]
---------------------------------------------------------------
[ 2019-10-28T22:50:51+08:00 ] 203.205.219.190 POST dxc.gqwlcm.com/api/pay/Callback
[运行时间：0.043552s] [吞吐率：22.96req/s] [内存消耗：3,139.30kb] [文件加载：67]
[ info ] [ LANG ] /www/wwwroot/ledigou/thinkphp/lang/zh-cn.php
[ info ] [ ROUTE ] array (
  'type' => 'module',
  'module' => 
  array (
    0 => 'api',
    1 => 'pay',
    2 => 'Callback',
  ),
)
[ info ] [ HEADER ] array (
  'user-agent' => 'Mozilla/4.0',
  'host' => 'dxc.gqwlcm.com',
  'pragma' => 'no-cache',
  'connection' => 'Keep-Alive',
  'accept' => '*/*',
  'content-type' => 'text/xml',
  'content-length' => '777',
)
[ info ] [ PARAM ] array (
)
[ info ] [ SESSION ] INIT array (
  'id' => '',
  'var_session_id' => '',
  'prefix' => 'think',
  'type' => '',
  'auto_start' => true,
)
[ info ] [ DB ] INIT mysql
[ info ] [ RUN ] app\api\controller\Pay->Callback[ /www/wwwroot/ledigou/application/api/controller/Pay.php ]
[ info ] [ LOG ] INIT File
[ sql ] [ DB ] CONNECT:[ UseTime:0.000270s ] mysql:host=localhost;dbname=ledigou;charset=utf8
[ sql ] [ SQL ] SHOW COLUMNS FROM `xin_config` [ RunTime:0.001093s ]
[ sql ] [ SQL ] SELECT * FROM `xin_config` WHERE  `config_id` = 1 LIMIT 1 [ RunTime:0.000275s ]
