---------------------------------------------------------------
[ 2019-11-16T02:02:00+08:00 ] 209.17.97.82 GET sc.ibtv.cc/
[运行时间：0.029427s] [吞吐率：33.98req/s] [内存消耗：2,801.35kb] [文件加载：58]
[ info ] [ LANG ] /www/wwwroot/ledigou/thinkphp/lang/zh-cn.php
[ info ] [ ROUTE ] array (
  'type' => 'module',
  'module' => 
  array (
    0 => '',
    1 => NULL,
    2 => NULL,
  ),
)
[ info ] [ HEADER ] array (
  'user-agent' => 'Mozilla/5.0 (compatible; Nimbostratus-Bot/v1.3.2; http://cloudsystemnetworks.com)',
  'host' => 'sc.ibtv.cc',
)
[ info ] [ PARAM ] array (
)
[ info ] [ SESSION ] INIT array (
  'id' => '',
  'var_session_id' => '',
  'prefix' => 'think',
  'type' => '',
  'auto_start' => true,
)
[ info ] [ DB ] INIT mysql
[ info ] [ LOG ] INIT File
[ sql ] [ DB ] CONNECT:[ UseTime:0.000254s ] mysql:host=localhost;dbname=ledigou;charset=utf8
[ sql ] [ SQL ] SHOW COLUMNS FROM `xin_config` [ RunTime:0.000964s ]
[ sql ] [ SQL ] SELECT * FROM `xin_config` WHERE  `config_id` = 1 LIMIT 1 [ RunTime:0.000356s ]
---------------------------------------------------------------
[ 2019-11-16T02:27:40+08:00 ] 128.14.133.50 GET 161.117.4.120/
[运行时间：0.028462s] [吞吐率：35.13req/s] [内存消耗：2,781.49kb] [文件加载：58]
[ info ] [ LANG ] /www/wwwroot/ledigou/thinkphp/lang/zh-cn.php
[ info ] [ ROUTE ] array (
  'type' => 'module',
  'module' => 
  array (
    0 => '',
    1 => NULL,
    2 => NULL,
  ),
)
[ info ] [ HEADER ] array (
  'accept-encoding' => 'gzip',
  'accept' => '*/*',
  'user-agent' => 'Mozilla/5.0 (Windows NT 10.0; Win64; x64) AppleWebKit/537.36 (KHTML, like Gecko) Chrome/60.0.3112.113 Safari/537.36',
  'host' => '161.117.4.120',
)
[ info ] [ PARAM ] array (
)
[ info ] [ SESSION ] INIT array (
  'id' => '',
  'var_session_id' => '',
  'prefix' => 'think',
  'type' => '',
  'auto_start' => true,
)
[ info ] [ DB ] INIT mysql
[ info ] [ LOG ] INIT File
[ sql ] [ DB ] CONNECT:[ UseTime:0.000259s ] mysql:host=localhost;dbname=ledigou;charset=utf8
[ sql ] [ SQL ] SHOW COLUMNS FROM `xin_config` [ RunTime:0.000871s ]
[ sql ] [ SQL ] SELECT * FROM `xin_config` WHERE  `config_id` = 1 LIMIT 1 [ RunTime:0.000382s ]
---------------------------------------------------------------
[ 2019-11-16T02:27:41+08:00 ] 128.14.133.50 GET 161.117.4.120/index/wechat/login.html
[运行时间：0.026954s] [吞吐率：37.10req/s] [内存消耗：2,724.64kb] [文件加载：55]
[ info ] [ LANG ] /www/wwwroot/ledigou/thinkphp/lang/zh-cn.php
[ info ] [ ROUTE ] array (
  'type' => 'module',
  'module' => 
  array (
    0 => 'index',
    1 => 'wechat',
    2 => 'login',
  ),
)
[ info ] [ HEADER ] array (
  'accept-encoding' => 'gzip',
  'referer' => 'https://161.117.4.120/',
  'accept' => '*/*',
  'user-agent' => 'Mozilla/5.0 (Windows NT 10.0; Win64; x64) AppleWebKit/537.36 (KHTML, like Gecko) Chrome/60.0.3112.113 Safari/537.36',
  'host' => '161.117.4.120',
)
[ info ] [ PARAM ] array (
)
[ info ] [ SESSION ] INIT array (
  'id' => '',
  'var_session_id' => '',
  'prefix' => 'think',
  'type' => '',
  'auto_start' => true,
)
[ info ] [ DB ] INIT mysql
[ info ] [ RUN ] app\index\controller\Wechat->Login[ /www/wwwroot/ledigou/application/index/controller/Wechat.php ]
[ info ] [ LOG ] INIT File
[ sql ] [ DB ] CONNECT:[ UseTime:0.000287s ] mysql:host=localhost;dbname=ledigou;charset=utf8
[ sql ] [ SQL ] SHOW COLUMNS FROM `xin_config` [ RunTime:0.001025s ]
[ sql ] [ SQL ] SELECT * FROM `xin_config` WHERE  `config_id` = 1 LIMIT 1 [ RunTime:0.000262s ]
---------------------------------------------------------------
[ 2019-11-16T04:42:11+08:00 ] 209.17.96.234 GET moshiqi.cn/
[运行时间：0.737760s] [吞吐率：1.36req/s] [内存消耗：2,801.36kb] [文件加载：58]
[ info ] [ LANG ] /www/wwwroot/ledigou/thinkphp/lang/zh-cn.php
[ info ] [ ROUTE ] array (
  'type' => 'module',
  'module' => 
  array (
    0 => '',
    1 => NULL,
    2 => NULL,
  ),
)
[ info ] [ HEADER ] array (
  'user-agent' => 'Mozilla/5.0 (compatible; Nimbostratus-Bot/v1.3.2; http://cloudsystemnetworks.com)',
  'host' => 'moshiqi.cn',
)
[ info ] [ PARAM ] array (
)
[ info ] [ SESSION ] INIT array (
  'id' => '',
  'var_session_id' => '',
  'prefix' => 'think',
  'type' => '',
  'auto_start' => true,
)
[ info ] [ DB ] INIT mysql
[ info ] [ LOG ] INIT File
[ sql ] [ DB ] CONNECT:[ UseTime:0.066545s ] mysql:host=localhost;dbname=ledigou;charset=utf8
[ sql ] [ SQL ] SHOW COLUMNS FROM `xin_config` [ RunTime:0.070477s ]
[ sql ] [ SQL ] SELECT * FROM `xin_config` WHERE  `config_id` = 1 LIMIT 1 [ RunTime:0.000452s ]
---------------------------------------------------------------
[ 2019-11-16T04:56:53+08:00 ] 92.118.160.17 GET 161.117.4.120:443/
[运行时间：0.051783s] [吞吐率：19.31req/s] [内存消耗：2,801.58kb] [文件加载：58]
[ info ] [ LANG ] /www/wwwroot/ledigou/thinkphp/lang/zh-cn.php
[ info ] [ ROUTE ] array (
  'type' => 'module',
  'module' => 
  array (
    0 => '',
    1 => NULL,
    2 => NULL,
  ),
)
[ info ] [ HEADER ] array (
  'user-agent' => 'NetSystemsResearch studies the availability of various services across the internet. Our website is netsystemsresearch.com',
  'host' => '161.117.4.120:443',
)
[ info ] [ PARAM ] array (
)
[ info ] [ SESSION ] INIT array (
  'id' => '',
  'var_session_id' => '',
  'prefix' => 'think',
  'type' => '',
  'auto_start' => true,
)
[ info ] [ DB ] INIT mysql
[ info ] [ LOG ] INIT File
[ sql ] [ DB ] CONNECT:[ UseTime:0.000301s ] mysql:host=localhost;dbname=ledigou;charset=utf8
[ sql ] [ SQL ] SHOW COLUMNS FROM `xin_config` [ RunTime:0.000974s ]
[ sql ] [ SQL ] SELECT * FROM `xin_config` WHERE  `config_id` = 1 LIMIT 1 [ RunTime:0.000289s ]
---------------------------------------------------------------
[ 2019-11-16T05:30:59+08:00 ] 139.162.113.204 GET 161.117.4.120/
[运行时间：0.111458s] [吞吐率：8.97req/s] [内存消耗：2,801.40kb] [文件加载：58]
[ info ] [ LANG ] /www/wwwroot/ledigou/thinkphp/lang/zh-cn.php
[ info ] [ ROUTE ] array (
  'type' => 'module',
  'module' => 
  array (
    0 => '',
    1 => NULL,
    2 => NULL,
  ),
)
[ info ] [ HEADER ] array (
  'connection' => 'close',
  'user-agent' => 'HTTP Banner Detection (https://security.ipip.net)',
  'host' => '161.117.4.120',
)
[ info ] [ PARAM ] array (
)
[ info ] [ SESSION ] INIT array (
  'id' => '',
  'var_session_id' => '',
  'prefix' => 'think',
  'type' => '',
  'auto_start' => true,
)
[ info ] [ DB ] INIT mysql
[ info ] [ LOG ] INIT File
[ sql ] [ DB ] CONNECT:[ UseTime:0.000257s ] mysql:host=localhost;dbname=ledigou;charset=utf8
[ sql ] [ SQL ] SHOW COLUMNS FROM `xin_config` [ RunTime:0.001013s ]
[ sql ] [ SQL ] SELECT * FROM `xin_config` WHERE  `config_id` = 1 LIMIT 1 [ RunTime:0.072219s ]
---------------------------------------------------------------
[ 2019-11-16T06:44:01+08:00 ] 106.15.95.120 GET www.zhoujinyu.vip/
[运行时间：0.027979s] [吞吐率：35.74req/s] [内存消耗：2,781.38kb] [文件加载：58]
[ info ] [ LANG ] /www/wwwroot/ledigou/thinkphp/lang/zh-cn.php
[ info ] [ ROUTE ] array (
  'type' => 'module',
  'module' => 
  array (
    0 => '',
    1 => NULL,
    2 => NULL,
  ),
)
[ info ] [ HEADER ] array (
  'accept-encoding' => 'gzip',
  'connection' => 'Keep-Alive',
  'host' => 'www.zhoujinyu.vip',
  'user-agent' => 'Mozilla/5.0 (X11; Ubuntu; Linux x86_64; rv:36.0) Gecko/20100101 Firefox/36.0',
)
[ info ] [ PARAM ] array (
)
[ info ] [ SESSION ] INIT array (
  'id' => '',
  'var_session_id' => '',
  'prefix' => 'think',
  'type' => '',
  'auto_start' => true,
)
[ info ] [ DB ] INIT mysql
[ info ] [ LOG ] INIT File
[ sql ] [ DB ] CONNECT:[ UseTime:0.000301s ] mysql:host=localhost;dbname=ledigou;charset=utf8
[ sql ] [ SQL ] SHOW COLUMNS FROM `xin_config` [ RunTime:0.001034s ]
[ sql ] [ SQL ] SELECT * FROM `xin_config` WHERE  `config_id` = 1 LIMIT 1 [ RunTime:0.000253s ]
---------------------------------------------------------------
[ 2019-11-16T06:44:02+08:00 ] 106.15.95.120 GET www.zhoujinyu.vip/index/wechat/login.html
[运行时间：0.159033s] [吞吐率：6.29req/s] [内存消耗：2,724.49kb] [文件加载：55]
[ info ] [ LANG ] /www/wwwroot/ledigou/thinkphp/lang/zh-cn.php
[ info ] [ ROUTE ] array (
  'type' => 'module',
  'module' => 
  array (
    0 => 'index',
    1 => 'wechat',
    2 => 'login',
  ),
)
[ info ] [ HEADER ] array (
  'accept-encoding' => 'gzip',
  'connection' => 'Keep-Alive',
  'host' => 'www.zhoujinyu.vip',
  'user-agent' => 'Mozilla/5.0 (X11; Ubuntu; Linux x86_64; rv:36.0) Gecko/20100101 Firefox/36.0',
)
[ info ] [ PARAM ] array (
)
[ info ] [ SESSION ] INIT array (
  'id' => '',
  'var_session_id' => '',
  'prefix' => 'think',
  'type' => '',
  'auto_start' => true,
)
[ info ] [ DB ] INIT mysql
[ info ] [ RUN ] app\index\controller\Wechat->Login[ /www/wwwroot/ledigou/application/index/controller/Wechat.php ]
[ info ] [ LOG ] INIT File
[ sql ] [ DB ] CONNECT:[ UseTime:0.000262s ] mysql:host=localhost;dbname=ledigou;charset=utf8
[ sql ] [ SQL ] SHOW COLUMNS FROM `xin_config` [ RunTime:0.001070s ]
[ sql ] [ SQL ] SELECT * FROM `xin_config` WHERE  `config_id` = 1 LIMIT 1 [ RunTime:0.000269s ]
---------------------------------------------------------------
[ 2019-11-16T07:19:35+08:00 ] 209.17.96.34 GET thebestwe.com/
[运行时间：0.027282s] [吞吐率：36.65req/s] [内存消耗：2,801.36kb] [文件加载：58]
[ info ] [ LANG ] /www/wwwroot/ledigou/thinkphp/lang/zh-cn.php
[ info ] [ ROUTE ] array (
  'type' => 'module',
  'module' => 
  array (
    0 => '',
    1 => NULL,
    2 => NULL,
  ),
)
[ info ] [ HEADER ] array (
  'user-agent' => 'Mozilla/5.0 (compatible; Nimbostratus-Bot/v1.3.2; http://cloudsystemnetworks.com)',
  'host' => 'thebestwe.com',
)
[ info ] [ PARAM ] array (
)
[ info ] [ SESSION ] INIT array (
  'id' => '',
  'var_session_id' => '',
  'prefix' => 'think',
  'type' => '',
  'auto_start' => true,
)
[ info ] [ DB ] INIT mysql
[ info ] [ LOG ] INIT File
[ sql ] [ DB ] CONNECT:[ UseTime:0.000282s ] mysql:host=localhost;dbname=ledigou;charset=utf8
[ sql ] [ SQL ] SHOW COLUMNS FROM `xin_config` [ RunTime:0.001044s ]
[ sql ] [ SQL ] SELECT * FROM `xin_config` WHERE  `config_id` = 1 LIMIT 1 [ RunTime:0.000266s ]
---------------------------------------------------------------
[ 2019-11-16T08:47:40+08:00 ] 209.17.96.130 GET forlavida.com/
[运行时间：0.026193s] [吞吐率：38.18req/s] [内存消耗：2,801.36kb] [文件加载：58]
[ info ] [ LANG ] /www/wwwroot/ledigou/thinkphp/lang/zh-cn.php
[ info ] [ ROUTE ] array (
  'type' => 'module',
  'module' => 
  array (
    0 => '',
    1 => NULL,
    2 => NULL,
  ),
)
[ info ] [ HEADER ] array (
  'user-agent' => 'Mozilla/5.0 (compatible; Nimbostratus-Bot/v1.3.2; http://cloudsystemnetworks.com)',
  'host' => 'forlavida.com',
)
[ info ] [ PARAM ] array (
)
[ info ] [ SESSION ] INIT array (
  'id' => '',
  'var_session_id' => '',
  'prefix' => 'think',
  'type' => '',
  'auto_start' => true,
)
[ info ] [ DB ] INIT mysql
[ info ] [ LOG ] INIT File
[ sql ] [ DB ] CONNECT:[ UseTime:0.000291s ] mysql:host=localhost;dbname=ledigou;charset=utf8
[ sql ] [ SQL ] SHOW COLUMNS FROM `xin_config` [ RunTime:0.000978s ]
[ sql ] [ SQL ] SELECT * FROM `xin_config` WHERE  `config_id` = 1 LIMIT 1 [ RunTime:0.000288s ]
---------------------------------------------------------------
[ 2019-11-16T09:07:54+08:00 ] 223.71.167.62 GET 161.117.4.120:443/
[运行时间：0.058240s] [吞吐率：17.17req/s] [内存消耗：2,801.68kb] [文件加载：58]
[ info ] [ LANG ] /www/wwwroot/ledigou/thinkphp/lang/zh-cn.php
[ info ] [ ROUTE ] array (
  'type' => 'module',
  'module' => 
  array (
    0 => '',
    1 => NULL,
    2 => NULL,
  ),
)
[ info ] [ HEADER ] array (
  'connection' => 'keep-alive',
  'accept' => '*/*',
  'user-agent' => 'Mozilla/5.0 (Macintosh; Intel Mac OS X 10.11; rv:47.0) Gecko/20100101 Firefox/47.0',
  'host' => '161.117.4.120:443',
)
[ info ] [ PARAM ] array (
)
[ info ] [ SESSION ] INIT array (
  'id' => '',
  'var_session_id' => '',
  'prefix' => 'think',
  'type' => '',
  'auto_start' => true,
)
[ info ] [ DB ] INIT mysql
[ info ] [ LOG ] INIT File
[ sql ] [ DB ] CONNECT:[ UseTime:0.000319s ] mysql:host=localhost;dbname=ledigou;charset=utf8
[ sql ] [ SQL ] SHOW COLUMNS FROM `xin_config` [ RunTime:0.000991s ]
[ sql ] [ SQL ] SELECT * FROM `xin_config` WHERE  `config_id` = 1 LIMIT 1 [ RunTime:0.000248s ]
---------------------------------------------------------------
[ 2019-11-16T09:07:55+08:00 ] 223.71.167.62 GET 161.117.4.120:443/index/wechat/login.html
[运行时间：0.024174s] [吞吐率：41.37req/s] [内存消耗：2,736.67kb] [文件加载：55]
[ info ] [ LANG ] /www/wwwroot/ledigou/thinkphp/lang/zh-cn.php
[ info ] [ ROUTE ] array (
  'type' => 'module',
  'module' => 
  array (
    0 => 'index',
    1 => 'wechat',
    2 => 'login',
  ),
)
[ info ] [ HEADER ] array (
  'connection' => 'keep-alive',
  'accept' => '*/*',
  'user-agent' => 'Mozilla/5.0 (Macintosh; Intel Mac OS X 10.11; rv:47.0) Gecko/20100101 Firefox/47.0',
  'host' => '161.117.4.120:443',
)
[ info ] [ PARAM ] array (
)
[ info ] [ SESSION ] INIT array (
  'id' => '',
  'var_session_id' => '',
  'prefix' => 'think',
  'type' => '',
  'auto_start' => true,
)
[ info ] [ DB ] INIT mysql
[ info ] [ RUN ] app\index\controller\Wechat->Login[ /www/wwwroot/ledigou/application/index/controller/Wechat.php ]
[ info ] [ LOG ] INIT File
[ sql ] [ DB ] CONNECT:[ UseTime:0.000249s ] mysql:host=localhost;dbname=ledigou;charset=utf8
[ sql ] [ SQL ] SHOW COLUMNS FROM `xin_config` [ RunTime:0.000947s ]
[ sql ] [ SQL ] SELECT * FROM `xin_config` WHERE  `config_id` = 1 LIMIT 1 [ RunTime:0.000251s ]
---------------------------------------------------------------
[ 2019-11-16T10:02:28+08:00 ] 184.105.247.194 GET 161.117.4.120/
[运行时间：0.040199s] [吞吐率：24.88req/s] [内存消耗：2,800.99kb] [文件加载：58]
[ info ] [ LANG ] /www/wwwroot/ledigou/thinkphp/lang/zh-cn.php
[ info ] [ ROUTE ] array (
  'type' => 'module',
  'module' => 
  array (
    0 => '',
    1 => NULL,
    2 => NULL,
  ),
)
[ info ] [ HEADER ] array (
  'host' => '161.117.4.120',
)
[ info ] [ PARAM ] array (
)
[ info ] [ SESSION ] INIT array (
  'id' => '',
  'var_session_id' => '',
  'prefix' => 'think',
  'type' => '',
  'auto_start' => true,
)
[ info ] [ DB ] INIT mysql
[ info ] [ LOG ] INIT File
[ sql ] [ DB ] CONNECT:[ UseTime:0.000352s ] mysql:host=localhost;dbname=ledigou;charset=utf8
[ sql ] [ SQL ] SHOW COLUMNS FROM `xin_config` [ RunTime:0.001047s ]
[ sql ] [ SQL ] SELECT * FROM `xin_config` WHERE  `config_id` = 1 LIMIT 1 [ RunTime:0.000257s ]
---------------------------------------------------------------
[ 2019-11-16T11:10:59+08:00 ] 47.101.193.1 GET zhoujinyu.vip/
[运行时间：0.025469s] [吞吐率：39.26req/s] [内存消耗：2,781.31kb] [文件加载：58]
[ info ] [ LANG ] /www/wwwroot/ledigou/thinkphp/lang/zh-cn.php
[ info ] [ ROUTE ] array (
  'type' => 'module',
  'module' => 
  array (
    0 => '',
    1 => NULL,
    2 => NULL,
  ),
)
[ info ] [ HEADER ] array (
  'accept-encoding' => 'gzip',
  'connection' => 'Keep-Alive',
  'host' => 'zhoujinyu.vip',
  'user-agent' => 'Mozilla/5.0 (Linux; Android 4.1.1; Nexus 7 Build/JRO03D)',
)
[ info ] [ PARAM ] array (
)
[ info ] [ SESSION ] INIT array (
  'id' => '',
  'var_session_id' => '',
  'prefix' => 'think',
  'type' => '',
  'auto_start' => true,
)
[ info ] [ DB ] INIT mysql
[ info ] [ LOG ] INIT File
[ sql ] [ DB ] CONNECT:[ UseTime:0.000271s ] mysql:host=localhost;dbname=ledigou;charset=utf8
[ sql ] [ SQL ] SHOW COLUMNS FROM `xin_config` [ RunTime:0.001002s ]
[ sql ] [ SQL ] SELECT * FROM `xin_config` WHERE  `config_id` = 1 LIMIT 1 [ RunTime:0.000263s ]
---------------------------------------------------------------
[ 2019-11-16T11:10:59+08:00 ] 47.101.193.1 GET zhoujinyu.vip/index/wechat/login.html
[运行时间：0.056137s] [吞吐率：17.81req/s] [内存消耗：2,724.43kb] [文件加载：55]
[ info ] [ LANG ] /www/wwwroot/ledigou/thinkphp/lang/zh-cn.php
[ info ] [ ROUTE ] array (
  'type' => 'module',
  'module' => 
  array (
    0 => 'index',
    1 => 'wechat',
    2 => 'login',
  ),
)
[ info ] [ HEADER ] array (
  'accept-encoding' => 'gzip',
  'connection' => 'Keep-Alive',
  'host' => 'zhoujinyu.vip',
  'user-agent' => 'Mozilla/5.0 (Linux; Android 4.1.1; Nexus 7 Build/JRO03D)',
)
[ info ] [ PARAM ] array (
)
[ info ] [ SESSION ] INIT array (
  'id' => '',
  'var_session_id' => '',
  'prefix' => 'think',
  'type' => '',
  'auto_start' => true,
)
[ info ] [ DB ] INIT mysql
[ info ] [ RUN ] app\index\controller\Wechat->Login[ /www/wwwroot/ledigou/application/index/controller/Wechat.php ]
[ info ] [ LOG ] INIT File
[ sql ] [ DB ] CONNECT:[ UseTime:0.000258s ] mysql:host=localhost;dbname=ledigou;charset=utf8
[ sql ] [ SQL ] SHOW COLUMNS FROM `xin_config` [ RunTime:0.000983s ]
[ sql ] [ SQL ] SELECT * FROM `xin_config` WHERE  `config_id` = 1 LIMIT 1 [ RunTime:0.000255s ]
---------------------------------------------------------------
[ 2019-11-16T11:19:04+08:00 ] 47.101.198.216 GET baixuejie.com/
[运行时间：0.028068s] [吞吐率：35.63req/s] [内存消耗：2,781.31kb] [文件加载：58]
[ info ] [ LANG ] /www/wwwroot/ledigou/thinkphp/lang/zh-cn.php
[ info ] [ ROUTE ] array (
  'type' => 'module',
  'module' => 
  array (
    0 => '',
    1 => NULL,
    2 => NULL,
  ),
)
[ info ] [ HEADER ] array (
  'accept-encoding' => 'gzip',
  'connection' => 'Keep-Alive',
  'host' => 'baixuejie.com',
  'user-agent' => 'Mozilla/5.0 (Linux; Android 4.1.1; Nexus 7 Build/JRO03D)',
)
[ info ] [ PARAM ] array (
)
[ info ] [ SESSION ] INIT array (
  'id' => '',
  'var_session_id' => '',
  'prefix' => 'think',
  'type' => '',
  'auto_start' => true,
)
[ info ] [ DB ] INIT mysql
[ info ] [ LOG ] INIT File
[ sql ] [ DB ] CONNECT:[ UseTime:0.000278s ] mysql:host=localhost;dbname=ledigou;charset=utf8
[ sql ] [ SQL ] SHOW COLUMNS FROM `xin_config` [ RunTime:0.001035s ]
[ sql ] [ SQL ] SELECT * FROM `xin_config` WHERE  `config_id` = 1 LIMIT 1 [ RunTime:0.000245s ]
---------------------------------------------------------------
[ 2019-11-16T11:19:04+08:00 ] 47.101.198.216 GET baixuejie.com/index/wechat/login.html
[运行时间：0.026083s] [吞吐率：38.34req/s] [内存消耗：2,724.43kb] [文件加载：55]
[ info ] [ LANG ] /www/wwwroot/ledigou/thinkphp/lang/zh-cn.php
[ info ] [ ROUTE ] array (
  'type' => 'module',
  'module' => 
  array (
    0 => 'index',
    1 => 'wechat',
    2 => 'login',
  ),
)
[ info ] [ HEADER ] array (
  'accept-encoding' => 'gzip',
  'connection' => 'Keep-Alive',
  'host' => 'baixuejie.com',
  'user-agent' => 'Mozilla/5.0 (Linux; Android 4.1.1; Nexus 7 Build/JRO03D)',
)
[ info ] [ PARAM ] array (
)
[ info ] [ SESSION ] INIT array (
  'id' => '',
  'var_session_id' => '',
  'prefix' => 'think',
  'type' => '',
  'auto_start' => true,
)
[ info ] [ DB ] INIT mysql
[ info ] [ RUN ] app\index\controller\Wechat->Login[ /www/wwwroot/ledigou/application/index/controller/Wechat.php ]
[ info ] [ LOG ] INIT File
[ sql ] [ DB ] CONNECT:[ UseTime:0.000282s ] mysql:host=localhost;dbname=ledigou;charset=utf8
[ sql ] [ SQL ] SHOW COLUMNS FROM `xin_config` [ RunTime:0.001002s ]
[ sql ] [ SQL ] SELECT * FROM `xin_config` WHERE  `config_id` = 1 LIMIT 1 [ RunTime:0.000249s ]
---------------------------------------------------------------
[ 2019-11-16T11:32:05+08:00 ] 34.211.44.217 GET formydear.xin/
[运行时间：0.026628s] [吞吐率：37.55req/s] [内存消耗：2,781.02kb] [文件加载：58]
[ info ] [ LANG ] /www/wwwroot/ledigou/thinkphp/lang/zh-cn.php
[ info ] [ ROUTE ] array (
  'type' => 'module',
  'module' => 
  array (
    0 => '',
    1 => NULL,
    2 => NULL,
  ),
)
[ info ] [ HEADER ] array (
  'accept-encoding' => 'gzip',
  'user-agent' => 'Go-http-client/1.1',
  'host' => 'formydear.xin',
)
[ info ] [ PARAM ] array (
)
[ info ] [ SESSION ] INIT array (
  'id' => '',
  'var_session_id' => '',
  'prefix' => 'think',
  'type' => '',
  'auto_start' => true,
)
[ info ] [ DB ] INIT mysql
[ info ] [ LOG ] INIT File
[ sql ] [ DB ] CONNECT:[ UseTime:0.000256s ] mysql:host=localhost;dbname=ledigou;charset=utf8
[ sql ] [ SQL ] SHOW COLUMNS FROM `xin_config` [ RunTime:0.001067s ]
[ sql ] [ SQL ] SELECT * FROM `xin_config` WHERE  `config_id` = 1 LIMIT 1 [ RunTime:0.000258s ]
---------------------------------------------------------------
[ 2019-11-16T11:33:42+08:00 ] 106.15.201.184 GET www.zhoujinyu.vip/
[运行时间：0.029199s] [吞吐率：34.25req/s] [内存消耗：2,781.34kb] [文件加载：58]
[ info ] [ LANG ] /www/wwwroot/ledigou/thinkphp/lang/zh-cn.php
[ info ] [ ROUTE ] array (
  'type' => 'module',
  'module' => 
  array (
    0 => '',
    1 => NULL,
    2 => NULL,
  ),
)
[ info ] [ HEADER ] array (
  'accept-encoding' => 'gzip',
  'connection' => 'Keep-Alive',
  'host' => 'www.zhoujinyu.vip',
  'user-agent' => 'Mozilla/5.0 (Linux; Android 4.1.1; Nexus 7 Build/JRO03D)',
)
[ info ] [ PARAM ] array (
)
[ info ] [ SESSION ] INIT array (
  'id' => '',
  'var_session_id' => '',
  'prefix' => 'think',
  'type' => '',
  'auto_start' => true,
)
[ info ] [ DB ] INIT mysql
[ info ] [ LOG ] INIT File
[ sql ] [ DB ] CONNECT:[ UseTime:0.000296s ] mysql:host=localhost;dbname=ledigou;charset=utf8
[ sql ] [ SQL ] SHOW COLUMNS FROM `xin_config` [ RunTime:0.001183s ]
[ sql ] [ SQL ] SELECT * FROM `xin_config` WHERE  `config_id` = 1 LIMIT 1 [ RunTime:0.000264s ]
---------------------------------------------------------------
[ 2019-11-16T11:33:43+08:00 ] 106.15.201.184 GET www.zhoujinyu.vip/index/wechat/login.html
[运行时间：0.028823s] [吞吐率：34.69req/s] [内存消耗：2,724.46kb] [文件加载：55]
[ info ] [ LANG ] /www/wwwroot/ledigou/thinkphp/lang/zh-cn.php
[ info ] [ ROUTE ] array (
  'type' => 'module',
  'module' => 
  array (
    0 => 'index',
    1 => 'wechat',
    2 => 'login',
  ),
)
[ info ] [ HEADER ] array (
  'accept-encoding' => 'gzip',
  'connection' => 'Keep-Alive',
  'host' => 'www.zhoujinyu.vip',
  'user-agent' => 'Mozilla/5.0 (Linux; Android 4.1.1; Nexus 7 Build/JRO03D)',
)
[ info ] [ PARAM ] array (
)
[ info ] [ SESSION ] INIT array (
  'id' => '',
  'var_session_id' => '',
  'prefix' => 'think',
  'type' => '',
  'auto_start' => true,
)
[ info ] [ DB ] INIT mysql
[ info ] [ RUN ] app\index\controller\Wechat->Login[ /www/wwwroot/ledigou/application/index/controller/Wechat.php ]
[ info ] [ LOG ] INIT File
[ sql ] [ DB ] CONNECT:[ UseTime:0.000371s ] mysql:host=localhost;dbname=ledigou;charset=utf8
[ sql ] [ SQL ] SHOW COLUMNS FROM `xin_config` [ RunTime:0.001254s ]
[ sql ] [ SQL ] SELECT * FROM `xin_config` WHERE  `config_id` = 1 LIMIT 1 [ RunTime:0.000396s ]
---------------------------------------------------------------
[ 2019-11-16T11:46:24+08:00 ] 119.57.159.120 GET www.wzxaini9.cn:443/
[运行时间：0.027627s] [吞吐率：36.20req/s] [内存消耗：2,782.05kb] [文件加载：58]
[ info ] [ LANG ] /www/wwwroot/ledigou/thinkphp/lang/zh-cn.php
[ info ] [ ROUTE ] array (
  'type' => 'module',
  'module' => 
  array (
    0 => '',
    1 => NULL,
    2 => NULL,
  ),
)
[ info ] [ HEADER ] array (
  'connection' => 'close',
  'accept-encoding' => 'gzip',
  'accept-language' => 'zh-cn;q=0.8, *;q=0.5',
  'accept-charset' => 'utf-8, gbk, gb2312, *;q=0.5',
  'accept' => 'text/html;q=0.8, */*;q=0.5',
  'user-agent' => 'Mozilla/5.0 (X11; Linux x86_64) AppleWebKit/535.2 (KHTML, like Gecko) Ubuntu/10.04 Chromium/15.0.874.106 Chrome/15.0.874.106 Safari/535.2',
  'host' => 'www.wzxaini9.cn:443',
)
[ info ] [ PARAM ] array (
)
[ info ] [ SESSION ] INIT array (
  'id' => '',
  'var_session_id' => '',
  'prefix' => 'think',
  'type' => '',
  'auto_start' => true,
)
[ info ] [ DB ] INIT mysql
[ info ] [ LOG ] INIT File
[ sql ] [ DB ] CONNECT:[ UseTime:0.000244s ] mysql:host=localhost;dbname=ledigou;charset=utf8
[ sql ] [ SQL ] SHOW COLUMNS FROM `xin_config` [ RunTime:0.001013s ]
[ sql ] [ SQL ] SELECT * FROM `xin_config` WHERE  `config_id` = 1 LIMIT 1 [ RunTime:0.000270s ]
---------------------------------------------------------------
[ 2019-11-16T11:46:28+08:00 ] 119.57.159.120 GET www.wzxaini9.cn:443/index/wechat/login.html
[运行时间：0.026479s] [吞吐率：37.77req/s] [内存消耗：2,725.16kb] [文件加载：55]
[ info ] [ LANG ] /www/wwwroot/ledigou/thinkphp/lang/zh-cn.php
[ info ] [ ROUTE ] array (
  'type' => 'module',
  'module' => 
  array (
    0 => 'index',
    1 => 'wechat',
    2 => 'login',
  ),
)
[ info ] [ HEADER ] array (
  'connection' => 'close',
  'accept-encoding' => 'gzip',
  'accept-language' => 'zh-cn;q=0.8, *;q=0.5',
  'accept-charset' => 'utf-8, gbk, gb2312, *;q=0.5',
  'accept' => 'text/html;q=0.8, */*;q=0.5',
  'user-agent' => 'Mozilla/5.0 (X11; Linux x86_64) AppleWebKit/535.2 (KHTML, like Gecko) Ubuntu/10.04 Chromium/15.0.874.106 Chrome/15.0.874.106 Safari/535.2',
  'host' => 'www.wzxaini9.cn:443',
)
[ info ] [ PARAM ] array (
)
[ info ] [ SESSION ] INIT array (
  'id' => '',
  'var_session_id' => '',
  'prefix' => 'think',
  'type' => '',
  'auto_start' => true,
)
[ info ] [ DB ] INIT mysql
[ info ] [ RUN ] app\index\controller\Wechat->Login[ /www/wwwroot/ledigou/application/index/controller/Wechat.php ]
[ info ] [ LOG ] INIT File
[ sql ] [ DB ] CONNECT:[ UseTime:0.000251s ] mysql:host=localhost;dbname=ledigou;charset=utf8
[ sql ] [ SQL ] SHOW COLUMNS FROM `xin_config` [ RunTime:0.001004s ]
[ sql ] [ SQL ] SELECT * FROM `xin_config` WHERE  `config_id` = 1 LIMIT 1 [ RunTime:0.000278s ]
---------------------------------------------------------------
[ 2019-11-16T12:03:02+08:00 ] 47.103.23.22 GET forlavida.com/
[运行时间：0.064529s] [吞吐率：15.50req/s] [内存消耗：2,781.31kb] [文件加载：58]
[ info ] [ LANG ] /www/wwwroot/ledigou/thinkphp/lang/zh-cn.php
[ info ] [ ROUTE ] array (
  'type' => 'module',
  'module' => 
  array (
    0 => '',
    1 => NULL,
    2 => NULL,
  ),
)
[ info ] [ HEADER ] array (
  'accept-encoding' => 'gzip',
  'connection' => 'Keep-Alive',
  'host' => 'forlavida.com',
  'user-agent' => 'Mozilla/5.0 (Linux; Android 4.1.1; Nexus 7 Build/JRO03D)',
)
[ info ] [ PARAM ] array (
)
[ info ] [ SESSION ] INIT array (
  'id' => '',
  'var_session_id' => '',
  'prefix' => 'think',
  'type' => '',
  'auto_start' => true,
)
[ info ] [ DB ] INIT mysql
[ info ] [ LOG ] INIT File
[ sql ] [ DB ] CONNECT:[ UseTime:0.000263s ] mysql:host=localhost;dbname=ledigou;charset=utf8
[ sql ] [ SQL ] SHOW COLUMNS FROM `xin_config` [ RunTime:0.001021s ]
[ sql ] [ SQL ] SELECT * FROM `xin_config` WHERE  `config_id` = 1 LIMIT 1 [ RunTime:0.037688s ]
---------------------------------------------------------------
[ 2019-11-16T12:03:02+08:00 ] 47.103.23.22 GET forlavida.com/index/wechat/login.html
[运行时间：0.025370s] [吞吐率：39.42req/s] [内存消耗：2,724.43kb] [文件加载：55]
[ info ] [ LANG ] /www/wwwroot/ledigou/thinkphp/lang/zh-cn.php
[ info ] [ ROUTE ] array (
  'type' => 'module',
  'module' => 
  array (
    0 => 'index',
    1 => 'wechat',
    2 => 'login',
  ),
)
[ info ] [ HEADER ] array (
  'accept-encoding' => 'gzip',
  'connection' => 'Keep-Alive',
  'host' => 'forlavida.com',
  'user-agent' => 'Mozilla/5.0 (Linux; Android 4.1.1; Nexus 7 Build/JRO03D)',
)
[ info ] [ PARAM ] array (
)
[ info ] [ SESSION ] INIT array (
  'id' => '',
  'var_session_id' => '',
  'prefix' => 'think',
  'type' => '',
  'auto_start' => true,
)
[ info ] [ DB ] INIT mysql
[ info ] [ RUN ] app\index\controller\Wechat->Login[ /www/wwwroot/ledigou/application/index/controller/Wechat.php ]
[ info ] [ LOG ] INIT File
[ sql ] [ DB ] CONNECT:[ UseTime:0.000321s ] mysql:host=localhost;dbname=ledigou;charset=utf8
[ sql ] [ SQL ] SHOW COLUMNS FROM `xin_config` [ RunTime:0.001008s ]
[ sql ] [ SQL ] SELECT * FROM `xin_config` WHERE  `config_id` = 1 LIMIT 1 [ RunTime:0.000253s ]
---------------------------------------------------------------
[ 2019-11-16T12:08:19+08:00 ] 47.100.1.198 GET dxc.gqwlcm.com/
[运行时间：0.025384s] [吞吐率：39.39req/s] [内存消耗：2,781.34kb] [文件加载：58]
[ info ] [ LANG ] /www/wwwroot/ledigou/thinkphp/lang/zh-cn.php
[ info ] [ ROUTE ] array (
  'type' => 'module',
  'module' => 
  array (
    0 => '',
    1 => NULL,
    2 => NULL,
  ),
)
[ info ] [ HEADER ] array (
  'accept-encoding' => 'gzip',
  'connection' => 'Keep-Alive',
  'host' => 'dxc.gqwlcm.com',
  'user-agent' => 'Mozilla/5.0 (Linux; Android 4.1.1; Nexus 7 Build/JRO03D)',
)
[ info ] [ PARAM ] array (
)
[ info ] [ SESSION ] INIT array (
  'id' => '',
  'var_session_id' => '',
  'prefix' => 'think',
  'type' => '',
  'auto_start' => true,
)
[ info ] [ DB ] INIT mysql
[ info ] [ LOG ] INIT File
[ sql ] [ DB ] CONNECT:[ UseTime:0.000268s ] mysql:host=localhost;dbname=ledigou;charset=utf8
[ sql ] [ SQL ] SHOW COLUMNS FROM `xin_config` [ RunTime:0.000949s ]
[ sql ] [ SQL ] SELECT * FROM `xin_config` WHERE  `config_id` = 1 LIMIT 1 [ RunTime:0.000236s ]
---------------------------------------------------------------
[ 2019-11-16T12:08:19+08:00 ] 47.100.1.198 GET dxc.gqwlcm.com/index/wechat/login.html
[运行时间：0.025395s] [吞吐率：39.38req/s] [内存消耗：2,724.46kb] [文件加载：55]
[ info ] [ LANG ] /www/wwwroot/ledigou/thinkphp/lang/zh-cn.php
[ info ] [ ROUTE ] array (
  'type' => 'module',
  'module' => 
  array (
    0 => 'index',
    1 => 'wechat',
    2 => 'login',
  ),
)
[ info ] [ HEADER ] array (
  'accept-encoding' => 'gzip',
  'connection' => 'Keep-Alive',
  'host' => 'dxc.gqwlcm.com',
  'user-agent' => 'Mozilla/5.0 (Linux; Android 4.1.1; Nexus 7 Build/JRO03D)',
)
[ info ] [ PARAM ] array (
)
[ info ] [ SESSION ] INIT array (
  'id' => '',
  'var_session_id' => '',
  'prefix' => 'think',
  'type' => '',
  'auto_start' => true,
)
[ info ] [ DB ] INIT mysql
[ info ] [ RUN ] app\index\controller\Wechat->Login[ /www/wwwroot/ledigou/application/index/controller/Wechat.php ]
[ info ] [ LOG ] INIT File
[ sql ] [ DB ] CONNECT:[ UseTime:0.000234s ] mysql:host=localhost;dbname=ledigou;charset=utf8
[ sql ] [ SQL ] SHOW COLUMNS FROM `xin_config` [ RunTime:0.000943s ]
[ sql ] [ SQL ] SELECT * FROM `xin_config` WHERE  `config_id` = 1 LIMIT 1 [ RunTime:0.000242s ]
---------------------------------------------------------------
[ 2019-11-16T12:16:13+08:00 ] 106.14.177.131 GET formydear.xin/
[运行时间：0.027033s] [吞吐率：36.99req/s] [内存消耗：2,781.31kb] [文件加载：58]
[ info ] [ LANG ] /www/wwwroot/ledigou/thinkphp/lang/zh-cn.php
[ info ] [ ROUTE ] array (
  'type' => 'module',
  'module' => 
  array (
    0 => '',
    1 => NULL,
    2 => NULL,
  ),
)
[ info ] [ HEADER ] array (
  'accept-encoding' => 'gzip',
  'connection' => 'Keep-Alive',
  'host' => 'formydear.xin',
  'user-agent' => 'Mozilla/5.0 (Linux; Android 4.1.1; Nexus 7 Build/JRO03D)',
)
[ info ] [ PARAM ] array (
)
[ info ] [ SESSION ] INIT array (
  'id' => '',
  'var_session_id' => '',
  'prefix' => 'think',
  'type' => '',
  'auto_start' => true,
)
[ info ] [ DB ] INIT mysql
[ info ] [ LOG ] INIT File
[ sql ] [ DB ] CONNECT:[ UseTime:0.000260s ] mysql:host=localhost;dbname=ledigou;charset=utf8
[ sql ] [ SQL ] SHOW COLUMNS FROM `xin_config` [ RunTime:0.000937s ]
[ sql ] [ SQL ] SELECT * FROM `xin_config` WHERE  `config_id` = 1 LIMIT 1 [ RunTime:0.000256s ]
---------------------------------------------------------------
[ 2019-11-16T12:16:13+08:00 ] 106.14.177.131 GET formydear.xin/index/wechat/login.html
[运行时间：0.024718s] [吞吐率：40.46req/s] [内存消耗：2,724.43kb] [文件加载：55]
[ info ] [ LANG ] /www/wwwroot/ledigou/thinkphp/lang/zh-cn.php
[ info ] [ ROUTE ] array (
  'type' => 'module',
  'module' => 
  array (
    0 => 'index',
    1 => 'wechat',
    2 => 'login',
  ),
)
[ info ] [ HEADER ] array (
  'accept-encoding' => 'gzip',
  'connection' => 'Keep-Alive',
  'host' => 'formydear.xin',
  'user-agent' => 'Mozilla/5.0 (Linux; Android 4.1.1; Nexus 7 Build/JRO03D)',
)
[ info ] [ PARAM ] array (
)
[ info ] [ SESSION ] INIT array (
  'id' => '',
  'var_session_id' => '',
  'prefix' => 'think',
  'type' => '',
  'auto_start' => true,
)
[ info ] [ DB ] INIT mysql
[ info ] [ RUN ] app\index\controller\Wechat->Login[ /www/wwwroot/ledigou/application/index/controller/Wechat.php ]
[ info ] [ LOG ] INIT File
[ sql ] [ DB ] CONNECT:[ UseTime:0.000254s ] mysql:host=localhost;dbname=ledigou;charset=utf8
[ sql ] [ SQL ] SHOW COLUMNS FROM `xin_config` [ RunTime:0.001058s ]
[ sql ] [ SQL ] SELECT * FROM `xin_config` WHERE  `config_id` = 1 LIMIT 1 [ RunTime:0.000254s ]
---------------------------------------------------------------
[ 2019-11-16T12:29:54+08:00 ] 101.132.143.121 GET thebestwe.com/
[运行时间：0.025558s] [吞吐率：39.13req/s] [内存消耗：2,781.31kb] [文件加载：58]
[ info ] [ LANG ] /www/wwwroot/ledigou/thinkphp/lang/zh-cn.php
[ info ] [ ROUTE ] array (
  'type' => 'module',
  'module' => 
  array (
    0 => '',
    1 => NULL,
    2 => NULL,
  ),
)
[ info ] [ HEADER ] array (
  'accept-encoding' => 'gzip',
  'connection' => 'Keep-Alive',
  'host' => 'thebestwe.com',
  'user-agent' => 'Mozilla/5.0 (Linux; Android 4.1.1; Nexus 7 Build/JRO03D)',
)
[ info ] [ PARAM ] array (
)
[ info ] [ SESSION ] INIT array (
  'id' => '',
  'var_session_id' => '',
  'prefix' => 'think',
  'type' => '',
  'auto_start' => true,
)
[ info ] [ DB ] INIT mysql
[ info ] [ LOG ] INIT File
[ sql ] [ DB ] CONNECT:[ UseTime:0.000324s ] mysql:host=localhost;dbname=ledigou;charset=utf8
[ sql ] [ SQL ] SHOW COLUMNS FROM `xin_config` [ RunTime:0.001096s ]
[ sql ] [ SQL ] SELECT * FROM `xin_config` WHERE  `config_id` = 1 LIMIT 1 [ RunTime:0.000286s ]
---------------------------------------------------------------
[ 2019-11-16T12:29:55+08:00 ] 101.132.143.121 GET thebestwe.com/index/wechat/login.html
[运行时间：0.024227s] [吞吐率：41.28req/s] [内存消耗：2,724.43kb] [文件加载：55]
[ info ] [ LANG ] /www/wwwroot/ledigou/thinkphp/lang/zh-cn.php
[ info ] [ ROUTE ] array (
  'type' => 'module',
  'module' => 
  array (
    0 => 'index',
    1 => 'wechat',
    2 => 'login',
  ),
)
[ info ] [ HEADER ] array (
  'accept-encoding' => 'gzip',
  'connection' => 'Keep-Alive',
  'host' => 'thebestwe.com',
  'user-agent' => 'Mozilla/5.0 (Linux; Android 4.1.1; Nexus 7 Build/JRO03D)',
)
[ info ] [ PARAM ] array (
)
[ info ] [ SESSION ] INIT array (
  'id' => '',
  'var_session_id' => '',
  'prefix' => 'think',
  'type' => '',
  'auto_start' => true,
)
[ info ] [ DB ] INIT mysql
[ info ] [ RUN ] app\index\controller\Wechat->Login[ /www/wwwroot/ledigou/application/index/controller/Wechat.php ]
[ info ] [ LOG ] INIT File
[ sql ] [ DB ] CONNECT:[ UseTime:0.000285s ] mysql:host=localhost;dbname=ledigou;charset=utf8
[ sql ] [ SQL ] SHOW COLUMNS FROM `xin_config` [ RunTime:0.000982s ]
[ sql ] [ SQL ] SELECT * FROM `xin_config` WHERE  `config_id` = 1 LIMIT 1 [ RunTime:0.000248s ]
---------------------------------------------------------------
[ 2019-11-16T12:37:43+08:00 ] 47.103.21.238 GET de.ibtv.cc/
[运行时间：0.088112s] [吞吐率：11.35req/s] [内存消耗：2,781.19kb] [文件加载：58]
[ info ] [ LANG ] /www/wwwroot/ledigou/thinkphp/lang/zh-cn.php
[ info ] [ ROUTE ] array (
  'type' => 'module',
  'module' => 
  array (
    0 => '',
    1 => NULL,
    2 => NULL,
  ),
)
[ info ] [ HEADER ] array (
  'accept-encoding' => 'gzip',
  'connection' => 'Keep-Alive',
  'host' => 'de.ibtv.cc',
  'user-agent' => 'Mozilla/5.0 (Linux; Android 4.1.1; Nexus 7 Build/JRO03D)',
)
[ info ] [ PARAM ] array (
)
[ info ] [ SESSION ] INIT array (
  'id' => '',
  'var_session_id' => '',
  'prefix' => 'think',
  'type' => '',
  'auto_start' => true,
)
[ info ] [ DB ] INIT mysql
[ info ] [ LOG ] INIT File
[ sql ] [ DB ] CONNECT:[ UseTime:0.000300s ] mysql:host=localhost;dbname=ledigou;charset=utf8
[ sql ] [ SQL ] SHOW COLUMNS FROM `xin_config` [ RunTime:0.001071s ]
[ sql ] [ SQL ] SELECT * FROM `xin_config` WHERE  `config_id` = 1 LIMIT 1 [ RunTime:0.000253s ]
---------------------------------------------------------------
[ 2019-11-16T12:37:43+08:00 ] 47.103.21.238 GET de.ibtv.cc/index/wechat/login.html
[运行时间：0.025614s] [吞吐率：39.04req/s] [内存消耗：2,724.30kb] [文件加载：55]
[ info ] [ LANG ] /www/wwwroot/ledigou/thinkphp/lang/zh-cn.php
[ info ] [ ROUTE ] array (
  'type' => 'module',
  'module' => 
  array (
    0 => 'index',
    1 => 'wechat',
    2 => 'login',
  ),
)
[ info ] [ HEADER ] array (
  'accept-encoding' => 'gzip',
  'connection' => 'Keep-Alive',
  'host' => 'de.ibtv.cc',
  'user-agent' => 'Mozilla/5.0 (Linux; Android 4.1.1; Nexus 7 Build/JRO03D)',
)
[ info ] [ PARAM ] array (
)
[ info ] [ SESSION ] INIT array (
  'id' => '',
  'var_session_id' => '',
  'prefix' => 'think',
  'type' => '',
  'auto_start' => true,
)
[ info ] [ DB ] INIT mysql
[ info ] [ RUN ] app\index\controller\Wechat->Login[ /www/wwwroot/ledigou/application/index/controller/Wechat.php ]
[ info ] [ LOG ] INIT File
[ sql ] [ DB ] CONNECT:[ UseTime:0.000270s ] mysql:host=localhost;dbname=ledigou;charset=utf8
[ sql ] [ SQL ] SHOW COLUMNS FROM `xin_config` [ RunTime:0.000941s ]
[ sql ] [ SQL ] SELECT * FROM `xin_config` WHERE  `config_id` = 1 LIMIT 1 [ RunTime:0.000384s ]
---------------------------------------------------------------
[ 2019-11-16T12:46:38+08:00 ] 47.101.40.28 GET tc.ibtv.cc/
[运行时间：0.027203s] [吞吐率：36.76req/s] [内存消耗：2,781.19kb] [文件加载：58]
[ info ] [ LANG ] /www/wwwroot/ledigou/thinkphp/lang/zh-cn.php
[ info ] [ ROUTE ] array (
  'type' => 'module',
  'module' => 
  array (
    0 => '',
    1 => NULL,
    2 => NULL,
  ),
)
[ info ] [ HEADER ] array (
  'accept-encoding' => 'gzip',
  'connection' => 'Keep-Alive',
  'host' => 'tc.ibtv.cc',
  'user-agent' => 'Mozilla/5.0 (Linux; Android 4.1.1; Nexus 7 Build/JRO03D)',
)
[ info ] [ PARAM ] array (
)
[ info ] [ SESSION ] INIT array (
  'id' => '',
  'var_session_id' => '',
  'prefix' => 'think',
  'type' => '',
  'auto_start' => true,
)
[ info ] [ DB ] INIT mysql
[ info ] [ LOG ] INIT File
[ sql ] [ DB ] CONNECT:[ UseTime:0.000260s ] mysql:host=localhost;dbname=ledigou;charset=utf8
[ sql ] [ SQL ] SHOW COLUMNS FROM `xin_config` [ RunTime:0.001061s ]
[ sql ] [ SQL ] SELECT * FROM `xin_config` WHERE  `config_id` = 1 LIMIT 1 [ RunTime:0.000274s ]
---------------------------------------------------------------
[ 2019-11-16T12:46:38+08:00 ] 47.101.40.28 GET tc.ibtv.cc/index/wechat/login.html
[运行时间：0.024450s] [吞吐率：40.90req/s] [内存消耗：2,724.30kb] [文件加载：55]
[ info ] [ LANG ] /www/wwwroot/ledigou/thinkphp/lang/zh-cn.php
[ info ] [ ROUTE ] array (
  'type' => 'module',
  'module' => 
  array (
    0 => 'index',
    1 => 'wechat',
    2 => 'login',
  ),
)
[ info ] [ HEADER ] array (
  'accept-encoding' => 'gzip',
  'connection' => 'Keep-Alive',
  'host' => 'tc.ibtv.cc',
  'user-agent' => 'Mozilla/5.0 (Linux; Android 4.1.1; Nexus 7 Build/JRO03D)',
)
[ info ] [ PARAM ] array (
)
[ info ] [ SESSION ] INIT array (
  'id' => '',
  'var_session_id' => '',
  'prefix' => 'think',
  'type' => '',
  'auto_start' => true,
)
[ info ] [ DB ] INIT mysql
[ info ] [ RUN ] app\index\controller\Wechat->Login[ /www/wwwroot/ledigou/application/index/controller/Wechat.php ]
[ info ] [ LOG ] INIT File
[ sql ] [ DB ] CONNECT:[ UseTime:0.000285s ] mysql:host=localhost;dbname=ledigou;charset=utf8
[ sql ] [ SQL ] SHOW COLUMNS FROM `xin_config` [ RunTime:0.000987s ]
[ sql ] [ SQL ] SELECT * FROM `xin_config` WHERE  `config_id` = 1 LIMIT 1 [ RunTime:0.000248s ]
---------------------------------------------------------------
[ 2019-11-16T12:56:33+08:00 ] 47.102.157.25 GET ibtv.cc/
[运行时间：0.028277s] [吞吐率：35.36req/s] [内存消耗：2,781.19kb] [文件加载：58]
[ info ] [ LANG ] /www/wwwroot/ledigou/thinkphp/lang/zh-cn.php
[ info ] [ ROUTE ] array (
  'type' => 'module',
  'module' => 
  array (
    0 => '',
    1 => NULL,
    2 => NULL,
  ),
)
[ info ] [ HEADER ] array (
  'accept-encoding' => 'gzip',
  'connection' => 'Keep-Alive',
  'host' => 'ibtv.cc',
  'user-agent' => 'Mozilla/5.0 (Linux; Android 4.1.1; Nexus 7 Build/JRO03D)',
)
[ info ] [ PARAM ] array (
)
[ info ] [ SESSION ] INIT array (
  'id' => '',
  'var_session_id' => '',
  'prefix' => 'think',
  'type' => '',
  'auto_start' => true,
)
[ info ] [ DB ] INIT mysql
[ info ] [ LOG ] INIT File
[ sql ] [ DB ] CONNECT:[ UseTime:0.000280s ] mysql:host=localhost;dbname=ledigou;charset=utf8
[ sql ] [ SQL ] SHOW COLUMNS FROM `xin_config` [ RunTime:0.001106s ]
[ sql ] [ SQL ] SELECT * FROM `xin_config` WHERE  `config_id` = 1 LIMIT 1 [ RunTime:0.000255s ]
---------------------------------------------------------------
[ 2019-11-16T12:56:34+08:00 ] 47.102.157.25 GET ibtv.cc/index/wechat/login.html
[运行时间：0.076704s] [吞吐率：13.04req/s] [内存消耗：2,724.30kb] [文件加载：55]
[ info ] [ LANG ] /www/wwwroot/ledigou/thinkphp/lang/zh-cn.php
[ info ] [ ROUTE ] array (
  'type' => 'module',
  'module' => 
  array (
    0 => 'index',
    1 => 'wechat',
    2 => 'login',
  ),
)
[ info ] [ HEADER ] array (
  'accept-encoding' => 'gzip',
  'connection' => 'Keep-Alive',
  'host' => 'ibtv.cc',
  'user-agent' => 'Mozilla/5.0 (Linux; Android 4.1.1; Nexus 7 Build/JRO03D)',
)
[ info ] [ PARAM ] array (
)
[ info ] [ SESSION ] INIT array (
  'id' => '',
  'var_session_id' => '',
  'prefix' => 'think',
  'type' => '',
  'auto_start' => true,
)
[ info ] [ DB ] INIT mysql
[ info ] [ RUN ] app\index\controller\Wechat->Login[ /www/wwwroot/ledigou/application/index/controller/Wechat.php ]
[ info ] [ LOG ] INIT File
[ sql ] [ DB ] CONNECT:[ UseTime:0.000291s ] mysql:host=localhost;dbname=ledigou;charset=utf8
[ sql ] [ SQL ] SHOW COLUMNS FROM `xin_config` [ RunTime:0.001037s ]
[ sql ] [ SQL ] SELECT * FROM `xin_config` WHERE  `config_id` = 1 LIMIT 1 [ RunTime:0.000252s ]
---------------------------------------------------------------
[ 2019-11-16T13:10:37+08:00 ] 106.14.177.131 GET www.ibtv.cc/
[运行时间：0.042458s] [吞吐率：23.55req/s] [内存消耗：2,781.31kb] [文件加载：58]
[ info ] [ LANG ] /www/wwwroot/ledigou/thinkphp/lang/zh-cn.php
[ info ] [ ROUTE ] array (
  'type' => 'module',
  'module' => 
  array (
    0 => '',
    1 => NULL,
    2 => NULL,
  ),
)
[ info ] [ HEADER ] array (
  'accept-encoding' => 'gzip',
  'connection' => 'Keep-Alive',
  'host' => 'www.ibtv.cc',
  'user-agent' => 'Mozilla/5.0 (Linux; Android 4.1.1; Nexus 7 Build/JRO03D)',
)
[ info ] [ PARAM ] array (
)
[ info ] [ SESSION ] INIT array (
  'id' => '',
  'var_session_id' => '',
  'prefix' => 'think',
  'type' => '',
  'auto_start' => true,
)
[ info ] [ DB ] INIT mysql
[ info ] [ LOG ] INIT File
[ sql ] [ DB ] CONNECT:[ UseTime:0.000259s ] mysql:host=localhost;dbname=ledigou;charset=utf8
[ sql ] [ SQL ] SHOW COLUMNS FROM `xin_config` [ RunTime:0.000997s ]
[ sql ] [ SQL ] SELECT * FROM `xin_config` WHERE  `config_id` = 1 LIMIT 1 [ RunTime:0.000240s ]
---------------------------------------------------------------
[ 2019-11-16T13:10:38+08:00 ] 106.14.177.131 GET www.ibtv.cc/index/wechat/login.html
[运行时间：0.025518s] [吞吐率：39.19req/s] [内存消耗：2,724.30kb] [文件加载：55]
[ info ] [ LANG ] /www/wwwroot/ledigou/thinkphp/lang/zh-cn.php
[ info ] [ ROUTE ] array (
  'type' => 'module',
  'module' => 
  array (
    0 => 'index',
    1 => 'wechat',
    2 => 'login',
  ),
)
[ info ] [ HEADER ] array (
  'accept-encoding' => 'gzip',
  'connection' => 'Keep-Alive',
  'host' => 'www.ibtv.cc',
  'user-agent' => 'Mozilla/5.0 (Linux; Android 4.1.1; Nexus 7 Build/JRO03D)',
)
[ info ] [ PARAM ] array (
)
[ info ] [ SESSION ] INIT array (
  'id' => '',
  'var_session_id' => '',
  'prefix' => 'think',
  'type' => '',
  'auto_start' => true,
)
[ info ] [ DB ] INIT mysql
[ info ] [ RUN ] app\index\controller\Wechat->Login[ /www/wwwroot/ledigou/application/index/controller/Wechat.php ]
[ info ] [ LOG ] INIT File
[ sql ] [ DB ] CONNECT:[ UseTime:0.000270s ] mysql:host=localhost;dbname=ledigou;charset=utf8
[ sql ] [ SQL ] SHOW COLUMNS FROM `xin_config` [ RunTime:0.001011s ]
[ sql ] [ SQL ] SELECT * FROM `xin_config` WHERE  `config_id` = 1 LIMIT 1 [ RunTime:0.000253s ]
---------------------------------------------------------------
[ 2019-11-16T13:19:25+08:00 ] 47.101.200.118 GET www.formydear.xin/
[运行时间：0.025580s] [吞吐率：39.09req/s] [内存消耗：2,781.34kb] [文件加载：58]
[ info ] [ LANG ] /www/wwwroot/ledigou/thinkphp/lang/zh-cn.php
[ info ] [ ROUTE ] array (
  'type' => 'module',
  'module' => 
  array (
    0 => '',
    1 => NULL,
    2 => NULL,
  ),
)
[ info ] [ HEADER ] array (
  'accept-encoding' => 'gzip',
  'connection' => 'Keep-Alive',
  'host' => 'www.formydear.xin',
  'user-agent' => 'Mozilla/5.0 (Linux; Android 4.1.1; Nexus 7 Build/JRO03D)',
)
[ info ] [ PARAM ] array (
)
[ info ] [ SESSION ] INIT array (
  'id' => '',
  'var_session_id' => '',
  'prefix' => 'think',
  'type' => '',
  'auto_start' => true,
)
[ info ] [ DB ] INIT mysql
[ info ] [ LOG ] INIT File
[ sql ] [ DB ] CONNECT:[ UseTime:0.000254s ] mysql:host=localhost;dbname=ledigou;charset=utf8
[ sql ] [ SQL ] SHOW COLUMNS FROM `xin_config` [ RunTime:0.000891s ]
[ sql ] [ SQL ] SELECT * FROM `xin_config` WHERE  `config_id` = 1 LIMIT 1 [ RunTime:0.000262s ]
---------------------------------------------------------------
[ 2019-11-16T13:19:26+08:00 ] 47.101.200.118 GET www.formydear.xin/index/wechat/login.html
[运行时间：0.035845s] [吞吐率：27.90req/s] [内存消耗：2,724.46kb] [文件加载：55]
[ info ] [ LANG ] /www/wwwroot/ledigou/thinkphp/lang/zh-cn.php
[ info ] [ ROUTE ] array (
  'type' => 'module',
  'module' => 
  array (
    0 => 'index',
    1 => 'wechat',
    2 => 'login',
  ),
)
[ info ] [ HEADER ] array (
  'accept-encoding' => 'gzip',
  'connection' => 'Keep-Alive',
  'host' => 'www.formydear.xin',
  'user-agent' => 'Mozilla/5.0 (Linux; Android 4.1.1; Nexus 7 Build/JRO03D)',
)
[ info ] [ PARAM ] array (
)
[ info ] [ SESSION ] INIT array (
  'id' => '',
  'var_session_id' => '',
  'prefix' => 'think',
  'type' => '',
  'auto_start' => true,
)
[ info ] [ DB ] INIT mysql
[ info ] [ RUN ] app\index\controller\Wechat->Login[ /www/wwwroot/ledigou/application/index/controller/Wechat.php ]
[ info ] [ LOG ] INIT File
[ sql ] [ DB ] CONNECT:[ UseTime:0.000254s ] mysql:host=localhost;dbname=ledigou;charset=utf8
[ sql ] [ SQL ] SHOW COLUMNS FROM `xin_config` [ RunTime:0.001007s ]
[ sql ] [ SQL ] SELECT * FROM `xin_config` WHERE  `config_id` = 1 LIMIT 1 [ RunTime:0.000254s ]
---------------------------------------------------------------
[ 2019-11-16T13:49:06+08:00 ] 209.17.97.66 GET zz.ibtv.cc/
[运行时间：0.025678s] [吞吐率：38.94req/s] [内存消耗：2,801.36kb] [文件加载：58]
[ info ] [ LANG ] /www/wwwroot/ledigou/thinkphp/lang/zh-cn.php
[ info ] [ ROUTE ] array (
  'type' => 'module',
  'module' => 
  array (
    0 => '',
    1 => NULL,
    2 => NULL,
  ),
)
[ info ] [ HEADER ] array (
  'user-agent' => 'Mozilla/5.0 (compatible; Nimbostratus-Bot/v1.3.2; http://cloudsystemnetworks.com)',
  'host' => 'zz.ibtv.cc',
)
[ info ] [ PARAM ] array (
)
[ info ] [ SESSION ] INIT array (
  'id' => '',
  'var_session_id' => '',
  'prefix' => 'think',
  'type' => '',
  'auto_start' => true,
)
[ info ] [ DB ] INIT mysql
[ info ] [ LOG ] INIT File
[ sql ] [ DB ] CONNECT:[ UseTime:0.000258s ] mysql:host=localhost;dbname=ledigou;charset=utf8
[ sql ] [ SQL ] SHOW COLUMNS FROM `xin_config` [ RunTime:0.000974s ]
[ sql ] [ SQL ] SELECT * FROM `xin_config` WHERE  `config_id` = 1 LIMIT 1 [ RunTime:0.000241s ]
---------------------------------------------------------------
[ 2019-11-16T14:51:49+08:00 ] 106.15.190.19 GET zz.ibtv.cc/
[运行时间：0.052726s] [吞吐率：18.97req/s] [内存消耗：2,781.38kb] [文件加载：58]
[ info ] [ LANG ] /www/wwwroot/ledigou/thinkphp/lang/zh-cn.php
[ info ] [ ROUTE ] array (
  'type' => 'module',
  'module' => 
  array (
    0 => '',
    1 => NULL,
    2 => NULL,
  ),
)
[ info ] [ HEADER ] array (
  'accept-encoding' => 'gzip',
  'connection' => 'Keep-Alive',
  'host' => 'zz.ibtv.cc',
  'user-agent' => 'Mozilla/5.0 (X11; Ubuntu; Linux x86_64; rv:36.0) Gecko/20100101 Firefox/36.0',
)
[ info ] [ PARAM ] array (
)
[ info ] [ SESSION ] INIT array (
  'id' => '',
  'var_session_id' => '',
  'prefix' => 'think',
  'type' => '',
  'auto_start' => true,
)
[ info ] [ DB ] INIT mysql
[ info ] [ LOG ] INIT File
[ sql ] [ DB ] CONNECT:[ UseTime:0.000291s ] mysql:host=localhost;dbname=ledigou;charset=utf8
[ sql ] [ SQL ] SHOW COLUMNS FROM `xin_config` [ RunTime:0.001009s ]
[ sql ] [ SQL ] SELECT * FROM `xin_config` WHERE  `config_id` = 1 LIMIT 1 [ RunTime:0.000249s ]
---------------------------------------------------------------
[ 2019-11-16T14:51:50+08:00 ] 106.15.190.19 GET zz.ibtv.cc/index/wechat/login.html
[运行时间：0.034695s] [吞吐率：28.82req/s] [内存消耗：2,724.49kb] [文件加载：55]
[ info ] [ LANG ] /www/wwwroot/ledigou/thinkphp/lang/zh-cn.php
[ info ] [ ROUTE ] array (
  'type' => 'module',
  'module' => 
  array (
    0 => 'index',
    1 => 'wechat',
    2 => 'login',
  ),
)
[ info ] [ HEADER ] array (
  'accept-encoding' => 'gzip',
  'connection' => 'Keep-Alive',
  'host' => 'zz.ibtv.cc',
  'user-agent' => 'Mozilla/5.0 (X11; Ubuntu; Linux x86_64; rv:36.0) Gecko/20100101 Firefox/36.0',
)
[ info ] [ PARAM ] array (
)
[ info ] [ SESSION ] INIT array (
  'id' => '',
  'var_session_id' => '',
  'prefix' => 'think',
  'type' => '',
  'auto_start' => true,
)
[ info ] [ DB ] INIT mysql
[ info ] [ RUN ] app\index\controller\Wechat->Login[ /www/wwwroot/ledigou/application/index/controller/Wechat.php ]
[ info ] [ LOG ] INIT File
[ sql ] [ DB ] CONNECT:[ UseTime:0.000300s ] mysql:host=localhost;dbname=ledigou;charset=utf8
[ sql ] [ SQL ] SHOW COLUMNS FROM `xin_config` [ RunTime:0.001040s ]
[ sql ] [ SQL ] SELECT * FROM `xin_config` WHERE  `config_id` = 1 LIMIT 1 [ RunTime:0.000253s ]
---------------------------------------------------------------
[ 2019-11-16T15:21:03+08:00 ] 101.132.114.193 GET www.formydear.xin/
[运行时间：0.045230s] [吞吐率：22.11req/s] [内存消耗：2,781.38kb] [文件加载：58]
[ info ] [ LANG ] /www/wwwroot/ledigou/thinkphp/lang/zh-cn.php
[ info ] [ ROUTE ] array (
  'type' => 'module',
  'module' => 
  array (
    0 => '',
    1 => NULL,
    2 => NULL,
  ),
)
[ info ] [ HEADER ] array (
  'accept-encoding' => 'gzip',
  'connection' => 'Keep-Alive',
  'host' => 'www.formydear.xin',
  'user-agent' => 'Mozilla/5.0 (X11; Ubuntu; Linux x86_64; rv:36.0) Gecko/20100101 Firefox/36.0',
)
[ info ] [ PARAM ] array (
)
[ info ] [ SESSION ] INIT array (
  'id' => '',
  'var_session_id' => '',
  'prefix' => 'think',
  'type' => '',
  'auto_start' => true,
)
[ info ] [ DB ] INIT mysql
[ info ] [ LOG ] INIT File
[ sql ] [ DB ] CONNECT:[ UseTime:0.000297s ] mysql:host=localhost;dbname=ledigou;charset=utf8
[ sql ] [ SQL ] SHOW COLUMNS FROM `xin_config` [ RunTime:0.001133s ]
[ sql ] [ SQL ] SELECT * FROM `xin_config` WHERE  `config_id` = 1 LIMIT 1 [ RunTime:0.000257s ]
---------------------------------------------------------------
[ 2019-11-16T15:21:04+08:00 ] 101.132.114.193 GET www.formydear.xin/index/wechat/login.html
[运行时间：0.044766s] [吞吐率：22.34req/s] [内存消耗：2,724.49kb] [文件加载：55]
[ info ] [ LANG ] /www/wwwroot/ledigou/thinkphp/lang/zh-cn.php
[ info ] [ ROUTE ] array (
  'type' => 'module',
  'module' => 
  array (
    0 => 'index',
    1 => 'wechat',
    2 => 'login',
  ),
)
[ info ] [ HEADER ] array (
  'accept-encoding' => 'gzip',
  'connection' => 'Keep-Alive',
  'host' => 'www.formydear.xin',
  'user-agent' => 'Mozilla/5.0 (X11; Ubuntu; Linux x86_64; rv:36.0) Gecko/20100101 Firefox/36.0',
)
[ info ] [ PARAM ] array (
)
[ info ] [ SESSION ] INIT array (
  'id' => '',
  'var_session_id' => '',
  'prefix' => 'think',
  'type' => '',
  'auto_start' => true,
)
[ info ] [ DB ] INIT mysql
[ info ] [ RUN ] app\index\controller\Wechat->Login[ /www/wwwroot/ledigou/application/index/controller/Wechat.php ]
[ info ] [ LOG ] INIT File
[ sql ] [ DB ] CONNECT:[ UseTime:0.000274s ] mysql:host=localhost;dbname=ledigou;charset=utf8
[ sql ] [ SQL ] SHOW COLUMNS FROM `xin_config` [ RunTime:0.000990s ]
[ sql ] [ SQL ] SELECT * FROM `xin_config` WHERE  `config_id` = 1 LIMIT 1 [ RunTime:0.000243s ]
---------------------------------------------------------------
[ 2019-11-16T17:01:41+08:00 ] 209.17.96.66 GET ibtv.cc/
[运行时间：0.059150s] [吞吐率：16.91req/s] [内存消耗：2,801.36kb] [文件加载：58]
[ info ] [ LANG ] /www/wwwroot/ledigou/thinkphp/lang/zh-cn.php
[ info ] [ ROUTE ] array (
  'type' => 'module',
  'module' => 
  array (
    0 => '',
    1 => NULL,
    2 => NULL,
  ),
)
[ info ] [ HEADER ] array (
  'user-agent' => 'Mozilla/5.0 (compatible; Nimbostratus-Bot/v1.3.2; http://cloudsystemnetworks.com)',
  'host' => 'ibtv.cc',
)
[ info ] [ PARAM ] array (
)
[ info ] [ SESSION ] INIT array (
  'id' => '',
  'var_session_id' => '',
  'prefix' => 'think',
  'type' => '',
  'auto_start' => true,
)
[ info ] [ DB ] INIT mysql
[ info ] [ LOG ] INIT File
[ sql ] [ DB ] CONNECT:[ UseTime:0.000258s ] mysql:host=localhost;dbname=ledigou;charset=utf8
[ sql ] [ SQL ] SHOW COLUMNS FROM `xin_config` [ RunTime:0.000987s ]
[ sql ] [ SQL ] SELECT * FROM `xin_config` WHERE  `config_id` = 1 LIMIT 1 [ RunTime:0.033053s ]
---------------------------------------------------------------
[ 2019-11-16T17:15:50+08:00 ] 209.17.97.58 GET baixuejie.com/
[运行时间：0.066104s] [吞吐率：15.13req/s] [内存消耗：2,801.36kb] [文件加载：58]
[ info ] [ LANG ] /www/wwwroot/ledigou/thinkphp/lang/zh-cn.php
[ info ] [ ROUTE ] array (
  'type' => 'module',
  'module' => 
  array (
    0 => '',
    1 => NULL,
    2 => NULL,
  ),
)
[ info ] [ HEADER ] array (
  'user-agent' => 'Mozilla/5.0 (compatible; Nimbostratus-Bot/v1.3.2; http://cloudsystemnetworks.com)',
  'host' => 'baixuejie.com',
)
[ info ] [ PARAM ] array (
)
[ info ] [ SESSION ] INIT array (
  'id' => '',
  'var_session_id' => '',
  'prefix' => 'think',
  'type' => '',
  'auto_start' => true,
)
[ info ] [ DB ] INIT mysql
[ info ] [ LOG ] INIT File
[ sql ] [ DB ] CONNECT:[ UseTime:0.000268s ] mysql:host=localhost;dbname=ledigou;charset=utf8
[ sql ] [ SQL ] SHOW COLUMNS FROM `xin_config` [ RunTime:0.001049s ]
[ sql ] [ SQL ] SELECT * FROM `xin_config` WHERE  `config_id` = 1 LIMIT 1 [ RunTime:0.000269s ]
---------------------------------------------------------------
[ 2019-11-16T17:31:29+08:00 ] 209.17.96.50 GET formydear.xin/
[运行时间：0.026014s] [吞吐率：38.44req/s] [内存消耗：2,801.36kb] [文件加载：58]
[ info ] [ LANG ] /www/wwwroot/ledigou/thinkphp/lang/zh-cn.php
[ info ] [ ROUTE ] array (
  'type' => 'module',
  'module' => 
  array (
    0 => '',
    1 => NULL,
    2 => NULL,
  ),
)
[ info ] [ HEADER ] array (
  'user-agent' => 'Mozilla/5.0 (compatible; Nimbostratus-Bot/v1.3.2; http://cloudsystemnetworks.com)',
  'host' => 'formydear.xin',
)
[ info ] [ PARAM ] array (
)
[ info ] [ SESSION ] INIT array (
  'id' => '',
  'var_session_id' => '',
  'prefix' => 'think',
  'type' => '',
  'auto_start' => true,
)
[ info ] [ DB ] INIT mysql
[ info ] [ LOG ] INIT File
[ sql ] [ DB ] CONNECT:[ UseTime:0.000259s ] mysql:host=localhost;dbname=ledigou;charset=utf8
[ sql ] [ SQL ] SHOW COLUMNS FROM `xin_config` [ RunTime:0.001098s ]
[ sql ] [ SQL ] SELECT * FROM `xin_config` WHERE  `config_id` = 1 LIMIT 1 [ RunTime:0.000253s ]
---------------------------------------------------------------
[ 2019-11-16T17:46:23+08:00 ] 209.17.96.186 GET ru.ibtv.cc/
[运行时间：0.040950s] [吞吐率：24.42req/s] [内存消耗：2,801.36kb] [文件加载：58]
[ info ] [ LANG ] /www/wwwroot/ledigou/thinkphp/lang/zh-cn.php
[ info ] [ ROUTE ] array (
  'type' => 'module',
  'module' => 
  array (
    0 => '',
    1 => NULL,
    2 => NULL,
  ),
)
[ info ] [ HEADER ] array (
  'user-agent' => 'Mozilla/5.0 (compatible; Nimbostratus-Bot/v1.3.2; http://cloudsystemnetworks.com)',
  'host' => 'ru.ibtv.cc',
)
[ info ] [ PARAM ] array (
)
[ info ] [ SESSION ] INIT array (
  'id' => '',
  'var_session_id' => '',
  'prefix' => 'think',
  'type' => '',
  'auto_start' => true,
)
[ info ] [ DB ] INIT mysql
[ info ] [ LOG ] INIT File
[ sql ] [ DB ] CONNECT:[ UseTime:0.000268s ] mysql:host=localhost;dbname=ledigou;charset=utf8
[ sql ] [ SQL ] SHOW COLUMNS FROM `xin_config` [ RunTime:0.000931s ]
[ sql ] [ SQL ] SELECT * FROM `xin_config` WHERE  `config_id` = 1 LIMIT 1 [ RunTime:0.000255s ]
---------------------------------------------------------------
[ 2019-11-16T18:00:58+08:00 ] 209.17.97.50 GET en.ibtv.cc/
[运行时间：0.026737s] [吞吐率：37.40req/s] [内存消耗：2,801.36kb] [文件加载：58]
[ info ] [ LANG ] /www/wwwroot/ledigou/thinkphp/lang/zh-cn.php
[ info ] [ ROUTE ] array (
  'type' => 'module',
  'module' => 
  array (
    0 => '',
    1 => NULL,
    2 => NULL,
  ),
)
[ info ] [ HEADER ] array (
  'user-agent' => 'Mozilla/5.0 (compatible; Nimbostratus-Bot/v1.3.2; http://cloudsystemnetworks.com)',
  'host' => 'en.ibtv.cc',
)
[ info ] [ PARAM ] array (
)
[ info ] [ SESSION ] INIT array (
  'id' => '',
  'var_session_id' => '',
  'prefix' => 'think',
  'type' => '',
  'auto_start' => true,
)
[ info ] [ DB ] INIT mysql
[ info ] [ LOG ] INIT File
[ sql ] [ DB ] CONNECT:[ UseTime:0.000265s ] mysql:host=localhost;dbname=ledigou;charset=utf8
[ sql ] [ SQL ] SHOW COLUMNS FROM `xin_config` [ RunTime:0.001088s ]
[ sql ] [ SQL ] SELECT * FROM `xin_config` WHERE  `config_id` = 1 LIMIT 1 [ RunTime:0.000311s ]
---------------------------------------------------------------
[ 2019-11-16T19:08:28+08:00 ] 47.100.51.108 GET ru.ibtv.cc/
[运行时间：0.026454s] [吞吐率：37.80req/s] [内存消耗：2,781.38kb] [文件加载：58]
[ info ] [ LANG ] /www/wwwroot/ledigou/thinkphp/lang/zh-cn.php
[ info ] [ ROUTE ] array (
  'type' => 'module',
  'module' => 
  array (
    0 => '',
    1 => NULL,
    2 => NULL,
  ),
)
[ info ] [ HEADER ] array (
  'accept-encoding' => 'gzip',
  'connection' => 'Keep-Alive',
  'host' => 'ru.ibtv.cc',
  'user-agent' => 'Mozilla/5.0 (X11; Ubuntu; Linux x86_64; rv:36.0) Gecko/20100101 Firefox/36.0',
)
[ info ] [ PARAM ] array (
)
[ info ] [ SESSION ] INIT array (
  'id' => '',
  'var_session_id' => '',
  'prefix' => 'think',
  'type' => '',
  'auto_start' => true,
)
[ info ] [ DB ] INIT mysql
[ info ] [ LOG ] INIT File
[ sql ] [ DB ] CONNECT:[ UseTime:0.000267s ] mysql:host=localhost;dbname=ledigou;charset=utf8
[ sql ] [ SQL ] SHOW COLUMNS FROM `xin_config` [ RunTime:0.001104s ]
[ sql ] [ SQL ] SELECT * FROM `xin_config` WHERE  `config_id` = 1 LIMIT 1 [ RunTime:0.000268s ]
---------------------------------------------------------------
[ 2019-11-16T19:08:29+08:00 ] 47.100.51.108 GET ru.ibtv.cc/index/wechat/login.html
[运行时间：0.025134s] [吞吐率：39.79req/s] [内存消耗：2,724.49kb] [文件加载：55]
[ info ] [ LANG ] /www/wwwroot/ledigou/thinkphp/lang/zh-cn.php
[ info ] [ ROUTE ] array (
  'type' => 'module',
  'module' => 
  array (
    0 => 'index',
    1 => 'wechat',
    2 => 'login',
  ),
)
[ info ] [ HEADER ] array (
  'accept-encoding' => 'gzip',
  'connection' => 'Keep-Alive',
  'host' => 'ru.ibtv.cc',
  'user-agent' => 'Mozilla/5.0 (X11; Ubuntu; Linux x86_64; rv:36.0) Gecko/20100101 Firefox/36.0',
)
[ info ] [ PARAM ] array (
)
[ info ] [ SESSION ] INIT array (
  'id' => '',
  'var_session_id' => '',
  'prefix' => 'think',
  'type' => '',
  'auto_start' => true,
)
[ info ] [ DB ] INIT mysql
[ info ] [ RUN ] app\index\controller\Wechat->Login[ /www/wwwroot/ledigou/application/index/controller/Wechat.php ]
[ info ] [ LOG ] INIT File
[ sql ] [ DB ] CONNECT:[ UseTime:0.000253s ] mysql:host=localhost;dbname=ledigou;charset=utf8
[ sql ] [ SQL ] SHOW COLUMNS FROM `xin_config` [ RunTime:0.000873s ]
[ sql ] [ SQL ] SELECT * FROM `xin_config` WHERE  `config_id` = 1 LIMIT 1 [ RunTime:0.000253s ]
---------------------------------------------------------------
[ 2019-11-16T19:40:22+08:00 ] 167.172.167.107 GET 161.117.4.120/
[运行时间：0.027694s] [吞吐率：36.11req/s] [内存消耗：2,781.34kb] [文件加载：58]
[ info ] [ LANG ] /www/wwwroot/ledigou/thinkphp/lang/zh-cn.php
[ info ] [ ROUTE ] array (
  'type' => 'module',
  'module' => 
  array (
    0 => '',
    1 => NULL,
    2 => NULL,
  ),
)
[ info ] [ HEADER ] array (
  'accept-encoding' => 'gzip',
  'accept' => '*/*',
  'user-agent' => 'Mozilla/5.0 (X11; Ubuntu; Linuxx86_64; rv:69.0) Gecko/20100101 Firefox/69.0',
  'host' => '161.117.4.120',
)
[ info ] [ PARAM ] array (
)
[ info ] [ SESSION ] INIT array (
  'id' => '',
  'var_session_id' => '',
  'prefix' => 'think',
  'type' => '',
  'auto_start' => true,
)
[ info ] [ DB ] INIT mysql
[ info ] [ LOG ] INIT File
[ sql ] [ DB ] CONNECT:[ UseTime:0.000294s ] mysql:host=localhost;dbname=ledigou;charset=utf8
[ sql ] [ SQL ] SHOW COLUMNS FROM `xin_config` [ RunTime:0.001101s ]
[ sql ] [ SQL ] SELECT * FROM `xin_config` WHERE  `config_id` = 1 LIMIT 1 [ RunTime:0.000284s ]
---------------------------------------------------------------
[ 2019-11-16T19:40:25+08:00 ] 167.172.167.107 GET 161.117.4.120/index/wechat/login.html
[运行时间：0.028489s] [吞吐率：35.10req/s] [内存消耗：2,724.64kb] [文件加载：55]
[ info ] [ LANG ] /www/wwwroot/ledigou/thinkphp/lang/zh-cn.php
[ info ] [ ROUTE ] array (
  'type' => 'module',
  'module' => 
  array (
    0 => 'index',
    1 => 'wechat',
    2 => 'login',
  ),
)
[ info ] [ HEADER ] array (
  'accept-encoding' => 'gzip',
  'referer' => 'https://161.117.4.120/',
  'accept' => '*/*',
  'user-agent' => 'Mozilla/5.0 (X11; Ubuntu; Linuxx86_64; rv:69.0) Gecko/20100101 Firefox/69.0',
  'host' => '161.117.4.120',
)
[ info ] [ PARAM ] array (
)
[ info ] [ SESSION ] INIT array (
  'id' => '',
  'var_session_id' => '',
  'prefix' => 'think',
  'type' => '',
  'auto_start' => true,
)
[ info ] [ DB ] INIT mysql
[ info ] [ RUN ] app\index\controller\Wechat->Login[ /www/wwwroot/ledigou/application/index/controller/Wechat.php ]
[ info ] [ LOG ] INIT File
[ sql ] [ DB ] CONNECT:[ UseTime:0.000294s ] mysql:host=localhost;dbname=ledigou;charset=utf8
[ sql ] [ SQL ] SHOW COLUMNS FROM `xin_config` [ RunTime:0.001117s ]
[ sql ] [ SQL ] SELECT * FROM `xin_config` WHERE  `config_id` = 1 LIMIT 1 [ RunTime:0.000277s ]
---------------------------------------------------------------
[ 2019-11-16T20:29:01+08:00 ] 170.106.36.200 GET /
[运行时间：0.057041s] [吞吐率：17.53req/s] [内存消耗：2,800.58kb] [文件加载：58]
[ info ] [ LANG ] /www/wwwroot/ledigou/thinkphp/lang/zh-cn.php
[ info ] [ ROUTE ] array (
  'type' => 'module',
  'module' => 
  array (
    0 => '',
    1 => NULL,
    2 => NULL,
  ),
)
[ info ] [ HEADER ] array (
)
[ info ] [ PARAM ] array (
)
[ info ] [ SESSION ] INIT array (
  'id' => '',
  'var_session_id' => '',
  'prefix' => 'think',
  'type' => '',
  'auto_start' => true,
)
[ info ] [ DB ] INIT mysql
[ info ] [ LOG ] INIT File
[ sql ] [ DB ] CONNECT:[ UseTime:0.000290s ] mysql:host=localhost;dbname=ledigou;charset=utf8
[ sql ] [ SQL ] SHOW COLUMNS FROM `xin_config` [ RunTime:0.001021s ]
[ sql ] [ SQL ] SELECT * FROM `xin_config` WHERE  `config_id` = 1 LIMIT 1 [ RunTime:0.000247s ]
---------------------------------------------------------------
[ 2019-11-16T21:12:31+08:00 ] 34.220.86.149 GET zhoujinyu.vip/
[运行时间：0.026107s] [吞吐率：38.30req/s] [内存消耗：2,781.02kb] [文件加载：58]
[ info ] [ LANG ] /www/wwwroot/ledigou/thinkphp/lang/zh-cn.php
[ info ] [ ROUTE ] array (
  'type' => 'module',
  'module' => 
  array (
    0 => '',
    1 => NULL,
    2 => NULL,
  ),
)
[ info ] [ HEADER ] array (
  'accept-encoding' => 'gzip',
  'user-agent' => 'Go-http-client/1.1',
  'host' => 'zhoujinyu.vip',
)
[ info ] [ PARAM ] array (
)
[ info ] [ SESSION ] INIT array (
  'id' => '',
  'var_session_id' => '',
  'prefix' => 'think',
  'type' => '',
  'auto_start' => true,
)
[ info ] [ DB ] INIT mysql
[ info ] [ LOG ] INIT File
[ sql ] [ DB ] CONNECT:[ UseTime:0.000254s ] mysql:host=localhost;dbname=ledigou;charset=utf8
[ sql ] [ SQL ] SHOW COLUMNS FROM `xin_config` [ RunTime:0.000899s ]
[ sql ] [ SQL ] SELECT * FROM `xin_config` WHERE  `config_id` = 1 LIMIT 1 [ RunTime:0.000376s ]
