---------------------------------------------------------------
[ 2019-11-30T00:13:56+08:00 ] 209.17.96.226 GET forlavida.com/
[运行时间：0.169824s] [吞吐率：5.89req/s] [内存消耗：2,802.28kb] [文件加载：58]
[ info ] [ LANG ] /www/wwwroot/ledigou/thinkphp/lang/zh-cn.php
[ info ] [ ROUTE ] array (
  'type' => 'module',
  'module' => 
  array (
    0 => '',
    1 => NULL,
    2 => NULL,
  ),
)
[ info ] [ HEADER ] array (
  'user-agent' => 'Mozilla/5.0 (compatible; Nimbostratus-Bot/v1.3.2; http://cloudsystemnetworks.com)',
  'host' => 'forlavida.com',
)
[ info ] [ PARAM ] array (
)
[ info ] [ SESSION ] INIT array (
  'id' => '',
  'var_session_id' => '',
  'prefix' => 'think',
  'type' => '',
  'auto_start' => true,
)
[ info ] [ DB ] INIT mysql
[ info ] [ LOG ] INIT File
[ sql ] [ DB ] CONNECT:[ UseTime:0.000261s ] mysql:host=localhost;dbname=ledigou;charset=utf8
[ sql ] [ SQL ] SHOW COLUMNS FROM `xin_config` [ RunTime:0.001054s ]
[ sql ] [ SQL ] SELECT * FROM `xin_config` WHERE  `config_id` = 1 LIMIT 1 [ RunTime:0.106925s ]
---------------------------------------------------------------
[ 2019-11-30T01:09:51+08:00 ] 209.17.96.138 GET formydear.xin/
[运行时间：0.077936s] [吞吐率：12.83req/s] [内存消耗：2,802.29kb] [文件加载：58]
[ info ] [ LANG ] /www/wwwroot/ledigou/thinkphp/lang/zh-cn.php
[ info ] [ ROUTE ] array (
  'type' => 'module',
  'module' => 
  array (
    0 => '',
    1 => NULL,
    2 => NULL,
  ),
)
[ info ] [ HEADER ] array (
  'user-agent' => 'Mozilla/5.0 (compatible; Nimbostratus-Bot/v1.3.2; http://cloudsystemnetworks.com)',
  'host' => 'formydear.xin',
)
[ info ] [ PARAM ] array (
)
[ info ] [ SESSION ] INIT array (
  'id' => '',
  'var_session_id' => '',
  'prefix' => 'think',
  'type' => '',
  'auto_start' => true,
)
[ info ] [ DB ] INIT mysql
[ info ] [ LOG ] INIT File
[ sql ] [ DB ] CONNECT:[ UseTime:0.000308s ] mysql:host=localhost;dbname=ledigou;charset=utf8
[ sql ] [ SQL ] SHOW COLUMNS FROM `xin_config` [ RunTime:0.001232s ]
[ sql ] [ SQL ] SELECT * FROM `xin_config` WHERE  `config_id` = 1 LIMIT 1 [ RunTime:0.000529s ]
---------------------------------------------------------------
[ 2019-11-30T01:20:24+08:00 ] 14.215.176.149 GET es.ibtv.cc/
[运行时间：0.039786s] [吞吐率：25.13req/s] [内存消耗：2,802.73kb] [文件加载：58]
[ info ] [ LANG ] /www/wwwroot/ledigou/thinkphp/lang/zh-cn.php
[ info ] [ ROUTE ] array (
  'type' => 'module',
  'module' => 
  array (
    0 => '',
    1 => NULL,
    2 => NULL,
  ),
)
[ info ] [ HEADER ] array (
  'connection' => 'close',
  'accept' => '*/*',
  'user-agent' => 'Mozilla/5.0 (Windows NT 6.1; WOW64) AppleWebKit/537.36 (KHTML, like Gecko) Chrome/52.0.2743.116 Safari/537.36 SSLyze/0.14.2',
  'host' => 'es.ibtv.cc',
)
[ info ] [ PARAM ] array (
)
[ info ] [ SESSION ] INIT array (
  'id' => '',
  'var_session_id' => '',
  'prefix' => 'think',
  'type' => '',
  'auto_start' => true,
)
[ info ] [ DB ] INIT mysql
[ info ] [ LOG ] INIT File
[ sql ] [ DB ] CONNECT:[ UseTime:0.000272s ] mysql:host=localhost;dbname=ledigou;charset=utf8
[ sql ] [ SQL ] SHOW COLUMNS FROM `xin_config` [ RunTime:0.001085s ]
[ sql ] [ SQL ] SELECT * FROM `xin_config` WHERE  `config_id` = 1 LIMIT 1 [ RunTime:0.000297s ]
---------------------------------------------------------------
[ 2019-11-30T02:00:59+08:00 ] 14.215.176.20 GET tc.ibtv.cc/
[运行时间：0.050484s] [吞吐率：19.81req/s] [内存消耗：2,802.73kb] [文件加载：58]
[ info ] [ LANG ] /www/wwwroot/ledigou/thinkphp/lang/zh-cn.php
[ info ] [ ROUTE ] array (
  'type' => 'module',
  'module' => 
  array (
    0 => '',
    1 => NULL,
    2 => NULL,
  ),
)
[ info ] [ HEADER ] array (
  'connection' => 'close',
  'accept' => '*/*',
  'user-agent' => 'Mozilla/5.0 (Windows NT 6.1; WOW64) AppleWebKit/537.36 (KHTML, like Gecko) Chrome/52.0.2743.116 Safari/537.36 SSLyze/0.14.2',
  'host' => 'tc.ibtv.cc',
)
[ info ] [ PARAM ] array (
)
[ info ] [ SESSION ] INIT array (
  'id' => '',
  'var_session_id' => '',
  'prefix' => 'think',
  'type' => '',
  'auto_start' => true,
)
[ info ] [ DB ] INIT mysql
[ info ] [ LOG ] INIT File
[ sql ] [ DB ] CONNECT:[ UseTime:0.000253s ] mysql:host=localhost;dbname=ledigou;charset=utf8
[ sql ] [ SQL ] SHOW COLUMNS FROM `xin_config` [ RunTime:0.001100s ]
[ sql ] [ SQL ] SELECT * FROM `xin_config` WHERE  `config_id` = 1 LIMIT 1 [ RunTime:0.000248s ]
---------------------------------------------------------------
[ 2019-11-30T02:02:22+08:00 ] 47.101.129.110 GET forlavida.com/
[运行时间：0.025696s] [吞吐率：38.92req/s] [内存消耗：2,782.30kb] [文件加载：58]
[ info ] [ LANG ] /www/wwwroot/ledigou/thinkphp/lang/zh-cn.php
[ info ] [ ROUTE ] array (
  'type' => 'module',
  'module' => 
  array (
    0 => '',
    1 => NULL,
    2 => NULL,
  ),
)
[ info ] [ HEADER ] array (
  'accept-encoding' => 'gzip',
  'connection' => 'Keep-Alive',
  'host' => 'forlavida.com',
  'user-agent' => 'Mozilla/5.0 (X11; Ubuntu; Linux x86_64; rv:36.0) Gecko/20100101 Firefox/36.0',
)
[ info ] [ PARAM ] array (
)
[ info ] [ SESSION ] INIT array (
  'id' => '',
  'var_session_id' => '',
  'prefix' => 'think',
  'type' => '',
  'auto_start' => true,
)
[ info ] [ DB ] INIT mysql
[ info ] [ LOG ] INIT File
[ sql ] [ DB ] CONNECT:[ UseTime:0.000297s ] mysql:host=localhost;dbname=ledigou;charset=utf8
[ sql ] [ SQL ] SHOW COLUMNS FROM `xin_config` [ RunTime:0.001076s ]
[ sql ] [ SQL ] SELECT * FROM `xin_config` WHERE  `config_id` = 1 LIMIT 1 [ RunTime:0.000249s ]
---------------------------------------------------------------
[ 2019-11-30T02:02:23+08:00 ] 47.101.129.110 GET forlavida.com/index/wechat/login.html
[运行时间：0.132157s] [吞吐率：7.57req/s] [内存消耗：2,725.42kb] [文件加载：55]
[ info ] [ LANG ] /www/wwwroot/ledigou/thinkphp/lang/zh-cn.php
[ info ] [ ROUTE ] array (
  'type' => 'module',
  'module' => 
  array (
    0 => 'index',
    1 => 'wechat',
    2 => 'login',
  ),
)
[ info ] [ HEADER ] array (
  'accept-encoding' => 'gzip',
  'connection' => 'Keep-Alive',
  'host' => 'forlavida.com',
  'user-agent' => 'Mozilla/5.0 (X11; Ubuntu; Linux x86_64; rv:36.0) Gecko/20100101 Firefox/36.0',
)
[ info ] [ PARAM ] array (
)
[ info ] [ SESSION ] INIT array (
  'id' => '',
  'var_session_id' => '',
  'prefix' => 'think',
  'type' => '',
  'auto_start' => true,
)
[ info ] [ DB ] INIT mysql
[ info ] [ RUN ] app\index\controller\Wechat->Login[ /www/wwwroot/ledigou/application/index/controller/Wechat.php ]
[ info ] [ LOG ] INIT File
[ sql ] [ DB ] CONNECT:[ UseTime:0.000267s ] mysql:host=localhost;dbname=ledigou;charset=utf8
[ sql ] [ SQL ] SHOW COLUMNS FROM `xin_config` [ RunTime:0.001101s ]
[ sql ] [ SQL ] SELECT * FROM `xin_config` WHERE  `config_id` = 1 LIMIT 1 [ RunTime:0.000276s ]
---------------------------------------------------------------
[ 2019-11-30T02:33:10+08:00 ] 14.215.176.20 GET de.ibtv.cc/
[运行时间：0.060515s] [吞吐率：16.52req/s] [内存消耗：2,802.73kb] [文件加载：58]
[ info ] [ LANG ] /www/wwwroot/ledigou/thinkphp/lang/zh-cn.php
[ info ] [ ROUTE ] array (
  'type' => 'module',
  'module' => 
  array (
    0 => '',
    1 => NULL,
    2 => NULL,
  ),
)
[ info ] [ HEADER ] array (
  'connection' => 'close',
  'accept' => '*/*',
  'user-agent' => 'Mozilla/5.0 (Windows NT 6.1; WOW64) AppleWebKit/537.36 (KHTML, like Gecko) Chrome/52.0.2743.116 Safari/537.36 SSLyze/0.14.2',
  'host' => 'de.ibtv.cc',
)
[ info ] [ PARAM ] array (
)
[ info ] [ SESSION ] INIT array (
  'id' => '',
  'var_session_id' => '',
  'prefix' => 'think',
  'type' => '',
  'auto_start' => true,
)
[ info ] [ DB ] INIT mysql
[ info ] [ LOG ] INIT File
[ sql ] [ DB ] CONNECT:[ UseTime:0.000296s ] mysql:host=localhost;dbname=ledigou;charset=utf8
[ sql ] [ SQL ] SHOW COLUMNS FROM `xin_config` [ RunTime:0.001117s ]
[ sql ] [ SQL ] SELECT * FROM `xin_config` WHERE  `config_id` = 1 LIMIT 1 [ RunTime:0.000248s ]
---------------------------------------------------------------
[ 2019-11-30T03:05:12+08:00 ] 159.203.201.219 GET 161.117.4.120/
[运行时间：0.026336s] [吞吐率：37.97req/s] [内存消耗：2,782.05kb] [文件加载：58]
[ info ] [ LANG ] /www/wwwroot/ledigou/thinkphp/lang/zh-cn.php
[ info ] [ ROUTE ] array (
  'type' => 'module',
  'module' => 
  array (
    0 => '',
    1 => NULL,
    2 => NULL,
  ),
)
[ info ] [ HEADER ] array (
  'accept-encoding' => 'gzip',
  'accept' => '*/*',
  'user-agent' => 'Mozilla/5.0 zgrab/0.x',
  'host' => '161.117.4.120',
)
[ info ] [ PARAM ] array (
)
[ info ] [ SESSION ] INIT array (
  'id' => '',
  'var_session_id' => '',
  'prefix' => 'think',
  'type' => '',
  'auto_start' => true,
)
[ info ] [ DB ] INIT mysql
[ info ] [ LOG ] INIT File
[ sql ] [ DB ] CONNECT:[ UseTime:0.000274s ] mysql:host=localhost;dbname=ledigou;charset=utf8
[ sql ] [ SQL ] SHOW COLUMNS FROM `xin_config` [ RunTime:0.001104s ]
[ sql ] [ SQL ] SELECT * FROM `xin_config` WHERE  `config_id` = 1 LIMIT 1 [ RunTime:0.000282s ]
---------------------------------------------------------------
[ 2019-11-30T04:20:39+08:00 ] 128.14.133.58 GET 161.117.4.120/
[运行时间：0.482154s] [吞吐率：2.07req/s] [内存消耗：2,782.42kb] [文件加载：58]
[ info ] [ LANG ] /www/wwwroot/ledigou/thinkphp/lang/zh-cn.php
[ info ] [ ROUTE ] array (
  'type' => 'module',
  'module' => 
  array (
    0 => '',
    1 => NULL,
    2 => NULL,
  ),
)
[ info ] [ HEADER ] array (
  'accept-encoding' => 'gzip',
  'accept' => '*/*',
  'user-agent' => 'Mozilla/5.0 (Windows NT 10.0; Win64; x64) AppleWebKit/537.36 (KHTML, like Gecko) Chrome/60.0.3112.113 Safari/537.36',
  'host' => '161.117.4.120',
)
[ info ] [ PARAM ] array (
)
[ info ] [ SESSION ] INIT array (
  'id' => '',
  'var_session_id' => '',
  'prefix' => 'think',
  'type' => '',
  'auto_start' => true,
)
[ info ] [ DB ] INIT mysql
[ info ] [ LOG ] INIT File
[ sql ] [ DB ] CONNECT:[ UseTime:0.047387s ] mysql:host=localhost;dbname=ledigou;charset=utf8
[ sql ] [ SQL ] SHOW COLUMNS FROM `xin_config` [ RunTime:0.169064s ]
[ sql ] [ SQL ] SELECT * FROM `xin_config` WHERE  `config_id` = 1 LIMIT 1 [ RunTime:0.000341s ]
---------------------------------------------------------------
[ 2019-11-30T04:20:40+08:00 ] 128.14.133.58 GET 161.117.4.120/index/wechat/login.html
[运行时间：0.032534s] [吞吐率：30.74req/s] [内存消耗：2,725.57kb] [文件加载：55]
[ info ] [ LANG ] /www/wwwroot/ledigou/thinkphp/lang/zh-cn.php
[ info ] [ ROUTE ] array (
  'type' => 'module',
  'module' => 
  array (
    0 => 'index',
    1 => 'wechat',
    2 => 'login',
  ),
)
[ info ] [ HEADER ] array (
  'accept-encoding' => 'gzip',
  'referer' => 'https://161.117.4.120/',
  'accept' => '*/*',
  'user-agent' => 'Mozilla/5.0 (Windows NT 10.0; Win64; x64) AppleWebKit/537.36 (KHTML, like Gecko) Chrome/60.0.3112.113 Safari/537.36',
  'host' => '161.117.4.120',
)
[ info ] [ PARAM ] array (
)
[ info ] [ SESSION ] INIT array (
  'id' => '',
  'var_session_id' => '',
  'prefix' => 'think',
  'type' => '',
  'auto_start' => true,
)
[ info ] [ DB ] INIT mysql
[ info ] [ RUN ] app\index\controller\Wechat->Login[ /www/wwwroot/ledigou/application/index/controller/Wechat.php ]
[ info ] [ LOG ] INIT File
[ sql ] [ DB ] CONNECT:[ UseTime:0.000289s ] mysql:host=localhost;dbname=ledigou;charset=utf8
[ sql ] [ SQL ] SHOW COLUMNS FROM `xin_config` [ RunTime:0.001075s ]
[ sql ] [ SQL ] SELECT * FROM `xin_config` WHERE  `config_id` = 1 LIMIT 1 [ RunTime:0.000258s ]
---------------------------------------------------------------
[ 2019-11-30T08:01:48+08:00 ] 137.117.95.91 GET blog.leesin.xin/wp-config.txt
[运行时间：0.013707s] [吞吐率：72.95req/s] [内存消耗：1,435.13kb] [文件加载：40]
[ info ] [ LANG ] /www/wwwroot/ledigou/thinkphp/lang/zh-cn.php
[ info ] [ ROUTE ] array (
  'type' => 'module',
  'module' => 
  array (
    0 => 'wp-config.txt',
    1 => NULL,
    2 => NULL,
  ),
)
[ info ] [ HEADER ] array (
  'connection' => 'close',
  'accept-encoding' => 'gzip',
  'user-agent' => 'Mozilla/5.0 (X11; Ubuntu; Linux x86_64; rv:62.0) Gecko/20100101 Firefox/62.0',
  'host' => 'blog.leesin.xin',
)
[ info ] [ PARAM ] array (
)
[ info ] [ LOG ] INIT File
---------------------------------------------------------------
[ 2019-11-30T08:08:24+08:00 ] 183.60.141.184 GET 161.117.4.120/
[运行时间：0.027137s] [吞吐率：36.85req/s] [内存消耗：2,781.95kb] [文件加载：58]
[ info ] [ LANG ] /www/wwwroot/ledigou/thinkphp/lang/zh-cn.php
[ info ] [ ROUTE ] array (
  'type' => 'module',
  'module' => 
  array (
    0 => '',
    1 => NULL,
    2 => NULL,
  ),
)
[ info ] [ HEADER ] array (
  'accept-encoding' => 'gzip',
  'user-agent' => 'Mozilla/5.0',
  'host' => '161.117.4.120',
)
[ info ] [ PARAM ] array (
)
[ info ] [ SESSION ] INIT array (
  'id' => '',
  'var_session_id' => '',
  'prefix' => 'think',
  'type' => '',
  'auto_start' => true,
)
[ info ] [ DB ] INIT mysql
[ info ] [ LOG ] INIT File
[ sql ] [ DB ] CONNECT:[ UseTime:0.000300s ] mysql:host=localhost;dbname=ledigou;charset=utf8
[ sql ] [ SQL ] SHOW COLUMNS FROM `xin_config` [ RunTime:0.001109s ]
[ sql ] [ SQL ] SELECT * FROM `xin_config` WHERE  `config_id` = 1 LIMIT 1 [ RunTime:0.000432s ]
---------------------------------------------------------------
[ 2019-11-30T08:11:15+08:00 ] 47.98.198.100 GET blog.leesin.xin/wp-config.php.save
[运行时间：0.014909s] [吞吐率：67.07req/s] [内存消耗：1,435.13kb] [文件加载：40]
[ info ] [ LANG ] /www/wwwroot/ledigou/thinkphp/lang/zh-cn.php
[ info ] [ ROUTE ] array (
  'type' => 'module',
  'module' => 
  array (
    0 => 'wp-config.php.save',
    1 => NULL,
    2 => NULL,
  ),
)
[ info ] [ HEADER ] array (
  'connection' => 'close',
  'accept-encoding' => 'gzip',
  'user-agent' => 'Mozilla/5.0 (X11; Ubuntu; Linux x86_64; rv:62.0) Gecko/20100101 Firefox/62.0',
  'host' => 'blog.leesin.xin',
)
[ info ] [ PARAM ] array (
)
[ info ] [ LOG ] INIT File
---------------------------------------------------------------
[ 2019-11-30T08:20:44+08:00 ] 120.79.86.183 GET blog.leesin.xin/wp-config.php.1
[运行时间：0.014641s] [吞吐率：68.30req/s] [内存消耗：1,435.13kb] [文件加载：40]
[ info ] [ LANG ] /www/wwwroot/ledigou/thinkphp/lang/zh-cn.php
[ info ] [ ROUTE ] array (
  'type' => 'module',
  'module' => 
  array (
    0 => 'wp-config.php.1',
    1 => NULL,
    2 => NULL,
  ),
)
[ info ] [ HEADER ] array (
  'connection' => 'close',
  'accept-encoding' => 'gzip',
  'user-agent' => 'Mozilla/5.0 (X11; Ubuntu; Linux x86_64; rv:62.0) Gecko/20100101 Firefox/62.0',
  'host' => 'blog.leesin.xin',
)
[ info ] [ PARAM ] array (
)
[ info ] [ LOG ] INIT File
---------------------------------------------------------------
[ 2019-11-30T08:30:14+08:00 ] 206.189.222.164 GET blog.leesin.xin/wp-config.php~
[运行时间：0.014409s] [吞吐率：69.40req/s] [内存消耗：1,435.13kb] [文件加载：40]
[ info ] [ LANG ] /www/wwwroot/ledigou/thinkphp/lang/zh-cn.php
[ info ] [ ROUTE ] array (
  'type' => 'module',
  'module' => 
  array (
    0 => 'wp-config.php~',
    1 => NULL,
    2 => NULL,
  ),
)
[ info ] [ HEADER ] array (
  'connection' => 'close',
  'accept-encoding' => 'gzip',
  'user-agent' => 'Mozilla/5.0 (X11; Ubuntu; Linux x86_64; rv:62.0) Gecko/20100101 Firefox/62.0',
  'host' => 'blog.leesin.xin',
)
[ info ] [ PARAM ] array (
)
[ info ] [ LOG ] INIT File
---------------------------------------------------------------
[ 2019-11-30T08:40:27+08:00 ] 118.69.77.232 GET blog.leesin.xin/wp-config.
[运行时间：0.015896s] [吞吐率：62.91req/s] [内存消耗：1,435.09kb] [文件加载：40]
[ info ] [ LANG ] /www/wwwroot/ledigou/thinkphp/lang/zh-cn.php
[ info ] [ ROUTE ] array (
  'type' => 'module',
  'module' => 
  array (
    0 => 'wp-config.',
    1 => NULL,
    2 => NULL,
  ),
)
[ info ] [ HEADER ] array (
  'connection' => 'close',
  'accept-encoding' => 'gzip',
  'user-agent' => 'Mozilla/5.0 (X11; Ubuntu; Linux x86_64; rv:62.0) Gecko/20100101 Firefox/62.0',
  'host' => 'blog.leesin.xin',
)
[ info ] [ PARAM ] array (
)
[ info ] [ LOG ] INIT File
---------------------------------------------------------------
[ 2019-11-30T08:45:17+08:00 ] 35.231.111.52 GET blog.leesin.xin/wp-config.p
[运行时间：0.013797s] [吞吐率：72.48req/s] [内存消耗：1,435.09kb] [文件加载：40]
[ info ] [ LANG ] /www/wwwroot/ledigou/thinkphp/lang/zh-cn.php
[ info ] [ ROUTE ] array (
  'type' => 'module',
  'module' => 
  array (
    0 => 'wp-config.p',
    1 => NULL,
    2 => NULL,
  ),
)
[ info ] [ HEADER ] array (
  'connection' => 'close',
  'accept-encoding' => 'gzip',
  'user-agent' => 'Mozilla/5.0 (X11; Ubuntu; Linux x86_64; rv:62.0) Gecko/20100101 Firefox/62.0',
  'host' => 'blog.leesin.xin',
)
[ info ] [ PARAM ] array (
)
[ info ] [ LOG ] INIT File
---------------------------------------------------------------
[ 2019-11-30T08:50:34+08:00 ] 118.24.29.61 GET blog.leesin.xin/wp-config.ph
[运行时间：0.015227s] [吞吐率：65.67req/s] [内存消耗：1,435.09kb] [文件加载：40]
[ info ] [ LANG ] /www/wwwroot/ledigou/thinkphp/lang/zh-cn.php
[ info ] [ ROUTE ] array (
  'type' => 'module',
  'module' => 
  array (
    0 => 'wp-config.ph',
    1 => NULL,
    2 => NULL,
  ),
)
[ info ] [ HEADER ] array (
  'connection' => 'close',
  'accept-encoding' => 'gzip',
  'user-agent' => 'Mozilla/5.0 (X11; Ubuntu; Linux x86_64; rv:62.0) Gecko/20100101 Firefox/62.0',
  'host' => 'blog.leesin.xin',
)
[ info ] [ PARAM ] array (
)
[ info ] [ LOG ] INIT File
---------------------------------------------------------------
[ 2019-11-30T08:55:31+08:00 ] 86.247.154.101 GET blog.leesin.xin/wp-config.php.
[运行时间：0.015302s] [吞吐率：65.35req/s] [内存消耗：1,435.13kb] [文件加载：40]
[ info ] [ LANG ] /www/wwwroot/ledigou/thinkphp/lang/zh-cn.php
[ info ] [ ROUTE ] array (
  'type' => 'module',
  'module' => 
  array (
    0 => 'wp-config.php.',
    1 => NULL,
    2 => NULL,
  ),
)
[ info ] [ HEADER ] array (
  'connection' => 'close',
  'accept-encoding' => 'gzip',
  'user-agent' => 'Mozilla/5.0 (X11; Ubuntu; Linux x86_64; rv:62.0) Gecko/20100101 Firefox/62.0',
  'host' => 'blog.leesin.xin',
)
[ info ] [ PARAM ] array (
)
[ info ] [ LOG ] INIT File
---------------------------------------------------------------
[ 2019-11-30T09:00:35+08:00 ] 41.78.128.16 GET blog.leesin.xin/wp-config.php.php
[运行时间：0.014531s] [吞吐率：68.82req/s] [内存消耗：1,435.13kb] [文件加载：40]
[ info ] [ LANG ] /www/wwwroot/ledigou/thinkphp/lang/zh-cn.php
[ info ] [ ROUTE ] array (
  'type' => 'module',
  'module' => 
  array (
    0 => 'wp-config.php.php',
    1 => NULL,
    2 => NULL,
  ),
)
[ info ] [ HEADER ] array (
  'connection' => 'close',
  'accept-encoding' => 'gzip',
  'user-agent' => 'Mozilla/5.0 (X11; Ubuntu; Linux x86_64; rv:62.0) Gecko/20100101 Firefox/62.0',
  'host' => 'blog.leesin.xin',
)
[ info ] [ PARAM ] array (
)
[ info ] [ LOG ] INIT File
---------------------------------------------------------------
[ 2019-11-30T09:10:29+08:00 ] 35.187.237.227 GET blog.leesin.xin/.wp-config.php
[运行时间：0.015479s] [吞吐率：64.60req/s] [内存消耗：1,435.13kb] [文件加载：40]
[ info ] [ LANG ] /www/wwwroot/ledigou/thinkphp/lang/zh-cn.php
[ info ] [ ROUTE ] array (
  'type' => 'module',
  'module' => 
  array (
    0 => '.wp-config.php',
    1 => NULL,
    2 => NULL,
  ),
)
[ info ] [ HEADER ] array (
  'connection' => 'close',
  'accept-encoding' => 'gzip',
  'user-agent' => 'Mozilla/5.0 (X11; Ubuntu; Linux x86_64; rv:62.0) Gecko/20100101 Firefox/62.0',
  'host' => 'blog.leesin.xin',
)
[ info ] [ PARAM ] array (
)
[ info ] [ LOG ] INIT File
---------------------------------------------------------------
[ 2019-11-30T09:20:43+08:00 ] 139.196.81.51 GET blog.leesin.xin/!wp-config.php
[运行时间：0.015628s] [吞吐率：63.99req/s] [内存消耗：1,435.13kb] [文件加载：40]
[ info ] [ LANG ] /www/wwwroot/ledigou/thinkphp/lang/zh-cn.php
[ info ] [ ROUTE ] array (
  'type' => 'module',
  'module' => 
  array (
    0 => '!wp-config.php',
    1 => NULL,
    2 => NULL,
  ),
)
[ info ] [ HEADER ] array (
  'connection' => 'close',
  'accept-encoding' => 'gzip',
  'user-agent' => 'Mozilla/5.0 (X11; Ubuntu; Linux x86_64; rv:62.0) Gecko/20100101 Firefox/62.0',
  'host' => 'blog.leesin.xin',
)
[ info ] [ PARAM ] array (
)
[ info ] [ LOG ] INIT File
---------------------------------------------------------------
[ 2019-11-30T09:27:05+08:00 ] 51.15.200.92 GET blog.leesin.xin/wp-config.php!
[运行时间：0.013992s] [吞吐率：71.47req/s] [内存消耗：1,435.13kb] [文件加载：40]
[ info ] [ LANG ] /www/wwwroot/ledigou/thinkphp/lang/zh-cn.php
[ info ] [ ROUTE ] array (
  'type' => 'module',
  'module' => 
  array (
    0 => 'wp-config.php!',
    1 => NULL,
    2 => NULL,
  ),
)
[ info ] [ HEADER ] array (
  'connection' => 'close',
  'accept-encoding' => 'gzip',
  'user-agent' => 'Mozilla/5.0 (X11; Ubuntu; Linux x86_64; rv:62.0) Gecko/20100101 Firefox/62.0',
  'host' => 'blog.leesin.xin',
)
[ info ] [ PARAM ] array (
)
[ info ] [ LOG ] INIT File
---------------------------------------------------------------
[ 2019-11-30T09:40:53+08:00 ] 112.175.151.32 GET blog.leesin.xin/-config.php
[运行时间：0.014519s] [吞吐率：68.88req/s] [内存消耗：1,435.09kb] [文件加载：40]
[ info ] [ LANG ] /www/wwwroot/ledigou/thinkphp/lang/zh-cn.php
[ info ] [ ROUTE ] array (
  'type' => 'module',
  'module' => 
  array (
    0 => '-config.php',
    1 => NULL,
    2 => NULL,
  ),
)
[ info ] [ HEADER ] array (
  'connection' => 'close',
  'accept-encoding' => 'gzip',
  'user-agent' => 'Mozilla/5.0 (X11; Ubuntu; Linux x86_64; rv:62.0) Gecko/20100101 Firefox/62.0',
  'host' => 'blog.leesin.xin',
)
[ info ] [ PARAM ] array (
)
[ info ] [ LOG ] INIT File
---------------------------------------------------------------
[ 2019-11-30T09:41:58+08:00 ] 47.101.49.222 GET 161.117.4.120/
[运行时间：0.049915s] [吞吐率：20.03req/s] [内存消耗：2,782.30kb] [文件加载：58]
[ info ] [ LANG ] /www/wwwroot/ledigou/thinkphp/lang/zh-cn.php
[ info ] [ ROUTE ] array (
  'type' => 'module',
  'module' => 
  array (
    0 => '',
    1 => NULL,
    2 => NULL,
  ),
)
[ info ] [ HEADER ] array (
  'accept-encoding' => 'gzip',
  'connection' => 'Keep-Alive',
  'host' => '161.117.4.120',
  'user-agent' => 'Mozilla/5.0 (X11; Ubuntu; Linux x86_64; rv:36.0) Gecko/20100101 Firefox/36.0',
)
[ info ] [ PARAM ] array (
)
[ info ] [ SESSION ] INIT array (
  'id' => '',
  'var_session_id' => '',
  'prefix' => 'think',
  'type' => '',
  'auto_start' => true,
)
[ info ] [ DB ] INIT mysql
[ info ] [ LOG ] INIT File
[ sql ] [ DB ] CONNECT:[ UseTime:0.000272s ] mysql:host=localhost;dbname=ledigou;charset=utf8
[ sql ] [ SQL ] SHOW COLUMNS FROM `xin_config` [ RunTime:0.000966s ]
[ sql ] [ SQL ] SELECT * FROM `xin_config` WHERE  `config_id` = 1 LIMIT 1 [ RunTime:0.000263s ]
---------------------------------------------------------------
[ 2019-11-30T09:41:58+08:00 ] 47.101.49.222 GET 161.117.4.120/index/wechat/login.html
[运行时间：0.025725s] [吞吐率：38.87req/s] [内存消耗：2,725.42kb] [文件加载：55]
[ info ] [ LANG ] /www/wwwroot/ledigou/thinkphp/lang/zh-cn.php
[ info ] [ ROUTE ] array (
  'type' => 'module',
  'module' => 
  array (
    0 => 'index',
    1 => 'wechat',
    2 => 'login',
  ),
)
[ info ] [ HEADER ] array (
  'accept-encoding' => 'gzip',
  'connection' => 'Keep-Alive',
  'host' => '161.117.4.120',
  'user-agent' => 'Mozilla/5.0 (X11; Ubuntu; Linux x86_64; rv:36.0) Gecko/20100101 Firefox/36.0',
)
[ info ] [ PARAM ] array (
)
[ info ] [ SESSION ] INIT array (
  'id' => '',
  'var_session_id' => '',
  'prefix' => 'think',
  'type' => '',
  'auto_start' => true,
)
[ info ] [ DB ] INIT mysql
[ info ] [ RUN ] app\index\controller\Wechat->Login[ /www/wwwroot/ledigou/application/index/controller/Wechat.php ]
[ info ] [ LOG ] INIT File
[ sql ] [ DB ] CONNECT:[ UseTime:0.000295s ] mysql:host=localhost;dbname=ledigou;charset=utf8
[ sql ] [ SQL ] SHOW COLUMNS FROM `xin_config` [ RunTime:0.001081s ]
[ sql ] [ SQL ] SELECT * FROM `xin_config` WHERE  `config_id` = 1 LIMIT 1 [ RunTime:0.000253s ]
---------------------------------------------------------------
[ 2019-11-30T09:46:02+08:00 ] 111.231.54.43 GET blog.leesin.xin/wp-config.php.2
[运行时间：0.016363s] [吞吐率：61.11req/s] [内存消耗：1,435.13kb] [文件加载：40]
[ info ] [ LANG ] /www/wwwroot/ledigou/thinkphp/lang/zh-cn.php
[ info ] [ ROUTE ] array (
  'type' => 'module',
  'module' => 
  array (
    0 => 'wp-config.php.2',
    1 => NULL,
    2 => NULL,
  ),
)
[ info ] [ HEADER ] array (
  'connection' => 'close',
  'accept-encoding' => 'gzip',
  'user-agent' => 'Mozilla/5.0 (X11; Ubuntu; Linux x86_64; rv:62.0) Gecko/20100101 Firefox/62.0',
  'host' => 'blog.leesin.xin',
)
[ info ] [ PARAM ] array (
)
[ info ] [ LOG ] INIT File
---------------------------------------------------------------
[ 2019-11-30T09:51:03+08:00 ] 27.254.63.114 GET blog.leesin.xin/wp-config.php.3
[运行时间：0.014835s] [吞吐率：67.41req/s] [内存消耗：1,435.13kb] [文件加载：40]
[ info ] [ LANG ] /www/wwwroot/ledigou/thinkphp/lang/zh-cn.php
[ info ] [ ROUTE ] array (
  'type' => 'module',
  'module' => 
  array (
    0 => 'wp-config.php.3',
    1 => NULL,
    2 => NULL,
  ),
)
[ info ] [ HEADER ] array (
  'connection' => 'close',
  'accept-encoding' => 'gzip',
  'user-agent' => 'Mozilla/5.0 (X11; Ubuntu; Linux x86_64; rv:62.0) Gecko/20100101 Firefox/62.0',
  'host' => 'blog.leesin.xin',
)
[ info ] [ PARAM ] array (
)
[ info ] [ LOG ] INIT File
---------------------------------------------------------------
[ 2019-11-30T09:55:59+08:00 ] 64.202.187.233 GET blog.leesin.xin/wp-config.php.res
[运行时间：0.017941s] [吞吐率：55.74req/s] [内存消耗：1,435.13kb] [文件加载：40]
[ info ] [ LANG ] /www/wwwroot/ledigou/thinkphp/lang/zh-cn.php
[ info ] [ ROUTE ] array (
  'type' => 'module',
  'module' => 
  array (
    0 => 'wp-config.php.res',
    1 => NULL,
    2 => NULL,
  ),
)
[ info ] [ HEADER ] array (
  'connection' => 'close',
  'accept-encoding' => 'gzip',
  'user-agent' => 'Mozilla/5.0 (X11; Ubuntu; Linux x86_64; rv:62.0) Gecko/20100101 Firefox/62.0',
  'host' => 'blog.leesin.xin',
)
[ info ] [ PARAM ] array (
)
[ info ] [ LOG ] INIT File
---------------------------------------------------------------
[ 2019-11-30T10:01:27+08:00 ] 52.43.217.190 GET formydear.xin/
[运行时间：0.033822s] [吞吐率：29.57req/s] [内存消耗：2,781.95kb] [文件加载：58]
[ info ] [ LANG ] /www/wwwroot/ledigou/thinkphp/lang/zh-cn.php
[ info ] [ ROUTE ] array (
  'type' => 'module',
  'module' => 
  array (
    0 => '',
    1 => NULL,
    2 => NULL,
  ),
)
[ info ] [ HEADER ] array (
  'accept-encoding' => 'gzip',
  'user-agent' => 'Go-http-client/1.1',
  'host' => 'formydear.xin',
)
[ info ] [ PARAM ] array (
)
[ info ] [ SESSION ] INIT array (
  'id' => '',
  'var_session_id' => '',
  'prefix' => 'think',
  'type' => '',
  'auto_start' => true,
)
[ info ] [ DB ] INIT mysql
[ info ] [ LOG ] INIT File
[ sql ] [ DB ] CONNECT:[ UseTime:0.000257s ] mysql:host=localhost;dbname=ledigou;charset=utf8
[ sql ] [ SQL ] SHOW COLUMNS FROM `xin_config` [ RunTime:0.001096s ]
[ sql ] [ SQL ] SELECT * FROM `xin_config` WHERE  `config_id` = 1 LIMIT 1 [ RunTime:0.000285s ]
---------------------------------------------------------------
[ 2019-11-30T10:51:56+08:00 ] 159.89.203.216 GET blog.leesin.xin/wp/wp-config.txt
[运行时间：0.015216s] [吞吐率：65.72req/s] [内存消耗：1,435.20kb] [文件加载：40]
[ info ] [ LANG ] /www/wwwroot/ledigou/thinkphp/lang/zh-cn.php
[ info ] [ ROUTE ] array (
  'type' => 'module',
  'module' => 
  array (
    0 => 'wp',
    1 => 'wp-config.txt',
    2 => NULL,
  ),
)
[ info ] [ HEADER ] array (
  'connection' => 'close',
  'accept-encoding' => 'gzip',
  'user-agent' => 'Mozilla/5.0 (X11; Ubuntu; Linux x86_64; rv:62.0) Gecko/20100101 Firefox/62.0',
  'host' => 'blog.leesin.xin',
)
[ info ] [ PARAM ] array (
)
[ info ] [ LOG ] INIT File
---------------------------------------------------------------
[ 2019-11-30T11:11:36+08:00 ] 113.143.56.58 GET ibtv.cc/
[运行时间：0.059967s] [吞吐率：16.68req/s] [内存消耗：2,782.94kb] [文件加载：58]
[ info ] [ LANG ] /www/wwwroot/ledigou/thinkphp/lang/zh-cn.php
[ info ] [ ROUTE ] array (
  'type' => 'module',
  'module' => 
  array (
    0 => '',
    1 => NULL,
    2 => NULL,
  ),
)
[ info ] [ HEADER ] array (
  'accept-encoding' => 'gzip,deflate',
  'host' => 'ibtv.cc',
  'user-agent' => 'Mozilla/5.0(Linux;Android 5.1.1;OPPO A33 Build/LMY47V;wv) AppleWebKit/537.36(KHTML,link Gecko) Version/4.0 Chrome/43.0.2357.121 Mobile Safari/537.36 LieBaoFast/4.51.3',
  'connection' => 'Close',
  'accept-language' => 'zh-CN,zh;q=0.9',
  'accept' => 'text/html,application/xhtml+xml,application/xml;q=0.9,*/*;q=0.8',
)
[ info ] [ PARAM ] array (
)
[ info ] [ SESSION ] INIT array (
  'id' => '',
  'var_session_id' => '',
  'prefix' => 'think',
  'type' => '',
  'auto_start' => true,
)
[ info ] [ DB ] INIT mysql
[ info ] [ LOG ] INIT File
[ sql ] [ DB ] CONNECT:[ UseTime:0.000295s ] mysql:host=localhost;dbname=ledigou;charset=utf8
[ sql ] [ SQL ] SHOW COLUMNS FROM `xin_config` [ RunTime:0.001460s ]
[ sql ] [ SQL ] SELECT * FROM `xin_config` WHERE  `config_id` = 1 LIMIT 1 [ RunTime:0.031695s ]
---------------------------------------------------------------
[ 2019-11-30T11:11:37+08:00 ] 113.143.56.58 GET ibtv.cc/index/wechat/login.html
[运行时间：0.023681s] [吞吐率：42.23req/s] [内存消耗：2,649.31kb] [文件加载：54]
[ info ] [ LANG ] /www/wwwroot/ledigou/thinkphp/lang/zh-cn.php
[ info ] [ ROUTE ] array (
  'type' => 'module',
  'module' => 
  array (
    0 => 'index',
    1 => 'wechat',
    2 => 'login',
  ),
)
[ info ] [ HEADER ] array (
  'accept-encoding' => 'gzip,deflate',
  'cookie' => 'PHPSESSID=5nmmgvjrdctidmfevvfa3ccga1',
  'host' => 'ibtv.cc',
  'user-agent' => 'Mozilla/5.0(Linux;Android 5.1.1;OPPO A33 Build/LMY47V;wv) AppleWebKit/537.36(KHTML,link Gecko) Version/4.0 Chrome/43.0.2357.121 Mobile Safari/537.36 LieBaoFast/4.51.3',
  'connection' => 'Close',
  'accept-language' => 'zh-CN,zh;q=0.9',
  'accept' => 'text/html,application/xhtml+xml,application/xml;q=0.9,*/*;q=0.8',
)
[ info ] [ PARAM ] array (
)
[ info ] [ SESSION ] INIT array (
  'id' => '',
  'var_session_id' => '',
  'prefix' => 'think',
  'type' => '',
  'auto_start' => true,
)
[ info ] [ DB ] INIT mysql
[ info ] [ RUN ] app\index\controller\Wechat->Login[ /www/wwwroot/ledigou/application/index/controller/Wechat.php ]
[ info ] [ LOG ] INIT File
---------------------------------------------------------------
[ 2019-11-30T11:46:27+08:00 ] 47.98.103.191 GET formydear.xin/
[运行时间：0.026696s] [吞吐率：37.46req/s] [内存消耗：2,782.30kb] [文件加载：58]
[ info ] [ LANG ] /www/wwwroot/ledigou/thinkphp/lang/zh-cn.php
[ info ] [ ROUTE ] array (
  'type' => 'module',
  'module' => 
  array (
    0 => '',
    1 => NULL,
    2 => NULL,
  ),
)
[ info ] [ HEADER ] array (
  'accept-encoding' => 'gzip',
  'connection' => 'Keep-Alive',
  'host' => 'formydear.xin',
  'user-agent' => 'Mozilla/5.0 (X11; Ubuntu; Linux x86_64; rv:36.0) Gecko/20100101 Firefox/36.0',
)
[ info ] [ PARAM ] array (
)
[ info ] [ SESSION ] INIT array (
  'id' => '',
  'var_session_id' => '',
  'prefix' => 'think',
  'type' => '',
  'auto_start' => true,
)
[ info ] [ DB ] INIT mysql
[ info ] [ LOG ] INIT File
[ sql ] [ DB ] CONNECT:[ UseTime:0.000272s ] mysql:host=localhost;dbname=ledigou;charset=utf8
[ sql ] [ SQL ] SHOW COLUMNS FROM `xin_config` [ RunTime:0.001140s ]
[ sql ] [ SQL ] SELECT * FROM `xin_config` WHERE  `config_id` = 1 LIMIT 1 [ RunTime:0.000242s ]
---------------------------------------------------------------
[ 2019-11-30T11:46:27+08:00 ] 47.98.103.191 GET formydear.xin/index/wechat/login.html
[运行时间：0.025717s] [吞吐率：38.89req/s] [内存消耗：2,725.42kb] [文件加载：55]
[ info ] [ LANG ] /www/wwwroot/ledigou/thinkphp/lang/zh-cn.php
[ info ] [ ROUTE ] array (
  'type' => 'module',
  'module' => 
  array (
    0 => 'index',
    1 => 'wechat',
    2 => 'login',
  ),
)
[ info ] [ HEADER ] array (
  'accept-encoding' => 'gzip',
  'connection' => 'Keep-Alive',
  'host' => 'formydear.xin',
  'user-agent' => 'Mozilla/5.0 (X11; Ubuntu; Linux x86_64; rv:36.0) Gecko/20100101 Firefox/36.0',
)
[ info ] [ PARAM ] array (
)
[ info ] [ SESSION ] INIT array (
  'id' => '',
  'var_session_id' => '',
  'prefix' => 'think',
  'type' => '',
  'auto_start' => true,
)
[ info ] [ DB ] INIT mysql
[ info ] [ RUN ] app\index\controller\Wechat->Login[ /www/wwwroot/ledigou/application/index/controller/Wechat.php ]
[ info ] [ LOG ] INIT File
[ sql ] [ DB ] CONNECT:[ UseTime:0.000275s ] mysql:host=localhost;dbname=ledigou;charset=utf8
[ sql ] [ SQL ] SHOW COLUMNS FROM `xin_config` [ RunTime:0.001050s ]
[ sql ] [ SQL ] SELECT * FROM `xin_config` WHERE  `config_id` = 1 LIMIT 1 [ RunTime:0.000246s ]
---------------------------------------------------------------
[ 2019-11-30T11:57:43+08:00 ] 14.215.176.20 GET staff.ibtv.cc/
[运行时间：0.036172s] [吞吐率：27.65req/s] [内存消耗：2,802.73kb] [文件加载：58]
[ info ] [ LANG ] /www/wwwroot/ledigou/thinkphp/lang/zh-cn.php
[ info ] [ ROUTE ] array (
  'type' => 'module',
  'module' => 
  array (
    0 => '',
    1 => NULL,
    2 => NULL,
  ),
)
[ info ] [ HEADER ] array (
  'connection' => 'close',
  'accept' => '*/*',
  'user-agent' => 'Mozilla/5.0 (Windows NT 6.1; WOW64) AppleWebKit/537.36 (KHTML, like Gecko) Chrome/52.0.2743.116 Safari/537.36 SSLyze/0.14.2',
  'host' => 'staff.ibtv.cc',
)
[ info ] [ PARAM ] array (
)
[ info ] [ SESSION ] INIT array (
  'id' => '',
  'var_session_id' => '',
  'prefix' => 'think',
  'type' => '',
  'auto_start' => true,
)
[ info ] [ DB ] INIT mysql
[ info ] [ LOG ] INIT File
[ sql ] [ DB ] CONNECT:[ UseTime:0.000354s ] mysql:host=localhost;dbname=ledigou;charset=utf8
[ sql ] [ SQL ] SHOW COLUMNS FROM `xin_config` [ RunTime:0.001445s ]
[ sql ] [ SQL ] SELECT * FROM `xin_config` WHERE  `config_id` = 1 LIMIT 1 [ RunTime:0.000470s ]
---------------------------------------------------------------
[ 2019-11-30T12:16:35+08:00 ] 184.105.247.195 GET 161.117.4.120/
[运行时间：0.059708s] [吞吐率：16.75req/s] [内存消耗：2,801.92kb] [文件加载：58]
[ info ] [ LANG ] /www/wwwroot/ledigou/thinkphp/lang/zh-cn.php
[ info ] [ ROUTE ] array (
  'type' => 'module',
  'module' => 
  array (
    0 => '',
    1 => NULL,
    2 => NULL,
  ),
)
[ info ] [ HEADER ] array (
  'host' => '161.117.4.120',
)
[ info ] [ PARAM ] array (
)
[ info ] [ SESSION ] INIT array (
  'id' => '',
  'var_session_id' => '',
  'prefix' => 'think',
  'type' => '',
  'auto_start' => true,
)
[ info ] [ DB ] INIT mysql
[ info ] [ LOG ] INIT File
[ sql ] [ DB ] CONNECT:[ UseTime:0.000287s ] mysql:host=localhost;dbname=ledigou;charset=utf8
[ sql ] [ SQL ] SHOW COLUMNS FROM `xin_config` [ RunTime:0.001143s ]
[ sql ] [ SQL ] SELECT * FROM `xin_config` WHERE  `config_id` = 1 LIMIT 1 [ RunTime:0.032202s ]
---------------------------------------------------------------
[ 2019-11-30T14:22:54+08:00 ] 54.69.73.222 GET ibtv.cc/
[运行时间：0.128722s] [吞吐率：7.77req/s] [内存消耗：2,781.95kb] [文件加载：58]
[ info ] [ LANG ] /www/wwwroot/ledigou/thinkphp/lang/zh-cn.php
[ info ] [ ROUTE ] array (
  'type' => 'module',
  'module' => 
  array (
    0 => '',
    1 => NULL,
    2 => NULL,
  ),
)
[ info ] [ HEADER ] array (
  'accept-encoding' => 'gzip',
  'user-agent' => 'Go-http-client/1.1',
  'host' => 'ibtv.cc',
)
[ info ] [ PARAM ] array (
)
[ info ] [ SESSION ] INIT array (
  'id' => '',
  'var_session_id' => '',
  'prefix' => 'think',
  'type' => '',
  'auto_start' => true,
)
[ info ] [ DB ] INIT mysql
[ info ] [ LOG ] INIT File
[ sql ] [ DB ] CONNECT:[ UseTime:0.000262s ] mysql:host=localhost;dbname=ledigou;charset=utf8
[ sql ] [ SQL ] SHOW COLUMNS FROM `xin_config` [ RunTime:0.001008s ]
[ sql ] [ SQL ] SELECT * FROM `xin_config` WHERE  `config_id` = 1 LIMIT 1 [ RunTime:0.028389s ]
---------------------------------------------------------------
[ 2019-11-30T14:54:01+08:00 ] 142.11.239.69 GET 161.117.4.120:443/
[运行时间：0.027302s] [吞吐率：36.63req/s] [内存消耗：2,802.36kb] [文件加载：58]
[ info ] [ LANG ] /www/wwwroot/ledigou/thinkphp/lang/zh-cn.php
[ info ] [ ROUTE ] array (
  'type' => 'module',
  'module' => 
  array (
    0 => '',
    1 => NULL,
    2 => NULL,
  ),
)
[ info ] [ HEADER ] array (
  'user-agent' => 'libwww-perl/6.05',
  'host' => '161.117.4.120:443',
  'connection' => 'TE, close',
  'te' => 'deflate,gzip;q=0.3',
)
[ info ] [ PARAM ] array (
)
[ info ] [ SESSION ] INIT array (
  'id' => '',
  'var_session_id' => '',
  'prefix' => 'think',
  'type' => '',
  'auto_start' => true,
)
[ info ] [ DB ] INIT mysql
[ info ] [ LOG ] INIT File
[ sql ] [ DB ] CONNECT:[ UseTime:0.000267s ] mysql:host=localhost;dbname=ledigou;charset=utf8
[ sql ] [ SQL ] SHOW COLUMNS FROM `xin_config` [ RunTime:0.001212s ]
[ sql ] [ SQL ] SELECT * FROM `xin_config` WHERE  `config_id` = 1 LIMIT 1 [ RunTime:0.000274s ]
---------------------------------------------------------------
[ 2019-11-30T14:54:02+08:00 ] 142.11.239.69 GET 161.117.4.120:443/index/wechat/login.html
[运行时间：0.118573s] [吞吐率：8.43req/s] [内存消耗：2,737.35kb] [文件加载：55]
[ info ] [ LANG ] /www/wwwroot/ledigou/thinkphp/lang/zh-cn.php
[ info ] [ ROUTE ] array (
  'type' => 'module',
  'module' => 
  array (
    0 => 'index',
    1 => 'wechat',
    2 => 'login',
  ),
)
[ info ] [ HEADER ] array (
  'user-agent' => 'libwww-perl/6.05',
  'host' => '161.117.4.120:443',
  'connection' => 'TE, close',
  'te' => 'deflate,gzip;q=0.3',
)
[ info ] [ PARAM ] array (
)
[ info ] [ SESSION ] INIT array (
  'id' => '',
  'var_session_id' => '',
  'prefix' => 'think',
  'type' => '',
  'auto_start' => true,
)
[ info ] [ DB ] INIT mysql
[ info ] [ RUN ] app\index\controller\Wechat->Login[ /www/wwwroot/ledigou/application/index/controller/Wechat.php ]
[ info ] [ LOG ] INIT File
[ sql ] [ DB ] CONNECT:[ UseTime:0.000271s ] mysql:host=localhost;dbname=ledigou;charset=utf8
[ sql ] [ SQL ] SHOW COLUMNS FROM `xin_config` [ RunTime:0.001146s ]
[ sql ] [ SQL ] SELECT * FROM `xin_config` WHERE  `config_id` = 1 LIMIT 1 [ RunTime:0.000256s ]
---------------------------------------------------------------
[ 2019-11-30T16:08:37+08:00 ] 14.215.176.148 GET es.ibtv.cc/
[运行时间：0.028538s] [吞吐率：35.04req/s] [内存消耗：2,802.73kb] [文件加载：58]
[ info ] [ LANG ] /www/wwwroot/ledigou/thinkphp/lang/zh-cn.php
[ info ] [ ROUTE ] array (
  'type' => 'module',
  'module' => 
  array (
    0 => '',
    1 => NULL,
    2 => NULL,
  ),
)
[ info ] [ HEADER ] array (
  'connection' => 'close',
  'accept' => '*/*',
  'user-agent' => 'Mozilla/5.0 (Windows NT 6.1; WOW64) AppleWebKit/537.36 (KHTML, like Gecko) Chrome/52.0.2743.116 Safari/537.36 SSLyze/0.14.2',
  'host' => 'es.ibtv.cc',
)
[ info ] [ PARAM ] array (
)
[ info ] [ SESSION ] INIT array (
  'id' => '',
  'var_session_id' => '',
  'prefix' => 'think',
  'type' => '',
  'auto_start' => true,
)
[ info ] [ DB ] INIT mysql
[ info ] [ LOG ] INIT File
[ sql ] [ DB ] CONNECT:[ UseTime:0.000296s ] mysql:host=localhost;dbname=ledigou;charset=utf8
[ sql ] [ SQL ] SHOW COLUMNS FROM `xin_config` [ RunTime:0.001170s ]
[ sql ] [ SQL ] SELECT * FROM `xin_config` WHERE  `config_id` = 1 LIMIT 1 [ RunTime:0.000294s ]
---------------------------------------------------------------
[ 2019-11-30T17:07:30+08:00 ] 209.17.97.122 GET ru.ibtv.cc/
[运行时间：0.048291s] [吞吐率：20.71req/s] [内存消耗：2,802.29kb] [文件加载：58]
[ info ] [ LANG ] /www/wwwroot/ledigou/thinkphp/lang/zh-cn.php
[ info ] [ ROUTE ] array (
  'type' => 'module',
  'module' => 
  array (
    0 => '',
    1 => NULL,
    2 => NULL,
  ),
)
[ info ] [ HEADER ] array (
  'user-agent' => 'Mozilla/5.0 (compatible; Nimbostratus-Bot/v1.3.2; http://cloudsystemnetworks.com)',
  'host' => 'ru.ibtv.cc',
)
[ info ] [ PARAM ] array (
)
[ info ] [ SESSION ] INIT array (
  'id' => '',
  'var_session_id' => '',
  'prefix' => 'think',
  'type' => '',
  'auto_start' => true,
)
[ info ] [ DB ] INIT mysql
[ info ] [ LOG ] INIT File
[ sql ] [ DB ] CONNECT:[ UseTime:0.000304s ] mysql:host=localhost;dbname=ledigou;charset=utf8
[ sql ] [ SQL ] SHOW COLUMNS FROM `xin_config` [ RunTime:0.001122s ]
[ sql ] [ SQL ] SELECT * FROM `xin_config` WHERE  `config_id` = 1 LIMIT 1 [ RunTime:0.000255s ]
---------------------------------------------------------------
[ 2019-11-30T17:13:38+08:00 ] 209.17.97.50 GET sc.ibtv.cc/
[运行时间：0.072081s] [吞吐率：13.87req/s] [内存消耗：2,802.29kb] [文件加载：58]
[ info ] [ LANG ] /www/wwwroot/ledigou/thinkphp/lang/zh-cn.php
[ info ] [ ROUTE ] array (
  'type' => 'module',
  'module' => 
  array (
    0 => '',
    1 => NULL,
    2 => NULL,
  ),
)
[ info ] [ HEADER ] array (
  'user-agent' => 'Mozilla/5.0 (compatible; Nimbostratus-Bot/v1.3.2; http://cloudsystemnetworks.com)',
  'host' => 'sc.ibtv.cc',
)
[ info ] [ PARAM ] array (
)
[ info ] [ SESSION ] INIT array (
  'id' => '',
  'var_session_id' => '',
  'prefix' => 'think',
  'type' => '',
  'auto_start' => true,
)
[ info ] [ DB ] INIT mysql
[ info ] [ LOG ] INIT File
[ sql ] [ DB ] CONNECT:[ UseTime:0.000305s ] mysql:host=localhost;dbname=ledigou;charset=utf8
[ sql ] [ SQL ] SHOW COLUMNS FROM `xin_config` [ RunTime:0.001114s ]
[ sql ] [ SQL ] SELECT * FROM `xin_config` WHERE  `config_id` = 1 LIMIT 1 [ RunTime:0.000344s ]
---------------------------------------------------------------
[ 2019-11-30T17:22:55+08:00 ] 14.215.176.21 GET de.ibtv.cc/
[运行时间：0.042387s] [吞吐率：23.59req/s] [内存消耗：2,802.73kb] [文件加载：58]
[ info ] [ LANG ] /www/wwwroot/ledigou/thinkphp/lang/zh-cn.php
[ info ] [ ROUTE ] array (
  'type' => 'module',
  'module' => 
  array (
    0 => '',
    1 => NULL,
    2 => NULL,
  ),
)
[ info ] [ HEADER ] array (
  'connection' => 'close',
  'accept' => '*/*',
  'user-agent' => 'Mozilla/5.0 (Windows NT 6.1; WOW64) AppleWebKit/537.36 (KHTML, like Gecko) Chrome/52.0.2743.116 Safari/537.36 SSLyze/0.14.2',
  'host' => 'de.ibtv.cc',
)
[ info ] [ PARAM ] array (
)
[ info ] [ SESSION ] INIT array (
  'id' => '',
  'var_session_id' => '',
  'prefix' => 'think',
  'type' => '',
  'auto_start' => true,
)
[ info ] [ DB ] INIT mysql
[ info ] [ LOG ] INIT File
[ sql ] [ DB ] CONNECT:[ UseTime:0.000280s ] mysql:host=localhost;dbname=ledigou;charset=utf8
[ sql ] [ SQL ] SHOW COLUMNS FROM `xin_config` [ RunTime:0.001205s ]
[ sql ] [ SQL ] SELECT * FROM `xin_config` WHERE  `config_id` = 1 LIMIT 1 [ RunTime:0.000359s ]
---------------------------------------------------------------
[ 2019-11-30T17:52:47+08:00 ] 209.17.96.234 GET thebestwe.com/
[运行时间：0.046747s] [吞吐率：21.39req/s] [内存消耗：2,802.29kb] [文件加载：58]
[ info ] [ LANG ] /www/wwwroot/ledigou/thinkphp/lang/zh-cn.php
[ info ] [ ROUTE ] array (
  'type' => 'module',
  'module' => 
  array (
    0 => '',
    1 => NULL,
    2 => NULL,
  ),
)
[ info ] [ HEADER ] array (
  'user-agent' => 'Mozilla/5.0 (compatible; Nimbostratus-Bot/v1.3.2; http://cloudsystemnetworks.com)',
  'host' => 'thebestwe.com',
)
[ info ] [ PARAM ] array (
)
[ info ] [ SESSION ] INIT array (
  'id' => '',
  'var_session_id' => '',
  'prefix' => 'think',
  'type' => '',
  'auto_start' => true,
)
[ info ] [ DB ] INIT mysql
[ info ] [ LOG ] INIT File
[ sql ] [ DB ] CONNECT:[ UseTime:0.000284s ] mysql:host=localhost;dbname=ledigou;charset=utf8
[ sql ] [ SQL ] SHOW COLUMNS FROM `xin_config` [ RunTime:0.001291s ]
[ sql ] [ SQL ] SELECT * FROM `xin_config` WHERE  `config_id` = 1 LIMIT 1 [ RunTime:0.000293s ]
---------------------------------------------------------------
[ 2019-11-30T18:15:13+08:00 ] 209.17.96.234 GET ibtv.cc/
[运行时间：0.032723s] [吞吐率：30.56req/s] [内存消耗：2,802.29kb] [文件加载：58]
[ info ] [ LANG ] /www/wwwroot/ledigou/thinkphp/lang/zh-cn.php
[ info ] [ ROUTE ] array (
  'type' => 'module',
  'module' => 
  array (
    0 => '',
    1 => NULL,
    2 => NULL,
  ),
)
[ info ] [ HEADER ] array (
  'user-agent' => 'Mozilla/5.0 (compatible; Nimbostratus-Bot/v1.3.2; http://cloudsystemnetworks.com)',
  'host' => 'ibtv.cc',
)
[ info ] [ PARAM ] array (
)
[ info ] [ SESSION ] INIT array (
  'id' => '',
  'var_session_id' => '',
  'prefix' => 'think',
  'type' => '',
  'auto_start' => true,
)
[ info ] [ DB ] INIT mysql
[ info ] [ LOG ] INIT File
[ sql ] [ DB ] CONNECT:[ UseTime:0.000284s ] mysql:host=localhost;dbname=ledigou;charset=utf8
[ sql ] [ SQL ] SHOW COLUMNS FROM `xin_config` [ RunTime:0.001132s ]
[ sql ] [ SQL ] SELECT * FROM `xin_config` WHERE  `config_id` = 1 LIMIT 1 [ RunTime:0.000248s ]
---------------------------------------------------------------
[ 2019-11-30T18:27:42+08:00 ] 113.9.114.12 POST dxc.gqwlcm.com//api/sort/GetSortList
[运行时间：0.134327s] [吞吐率：7.44req/s] [内存消耗：2,673.39kb] [文件加载：55]
[ info ] [ LANG ] /www/wwwroot/ledigou/thinkphp/lang/zh-cn.php
[ info ] [ ROUTE ] array (
  'type' => 'module',
  'module' => 
  array (
    0 => 'api',
    1 => 'sort',
    2 => 'GetSortList',
  ),
)
[ info ] [ HEADER ] array (
  'connection' => 'Keep-Alive',
  'host' => 'dxc.gqwlcm.com',
  'user-agent' => 'Mozilla/5.0 (Linux; Android 8.0.0; SM-C9000 Build/R16NW; wv) AppleWebKit/537.36 (KHTML, like Gecko) Version/4.0 Chrome/70.0.3538.110 Mobile Safari/537.36 MicroMessenger/7.0.8.1540(0x27000834) Process/appbrand0 NetType/WIFI Language/zh_CN ABI/arm64',
  'referer' => 'https://servicewechat.com/wxf24c79e7f9eb5a96/3/page-frame.html',
  'accept-encoding' => 'gzip',
  'charset' => 'utf-8',
  'content-type' => 'application/json',
  'content-length' => '16',
)
[ info ] [ PARAM ] array (
  'sorting' => true,
)
[ info ] [ DB ] INIT mysql
[ info ] [ SESSION ] INIT array (
  'id' => '',
  'var_session_id' => '',
  'prefix' => 'think',
  'type' => '',
  'auto_start' => true,
)
[ info ] [ RUN ] app\api\controller\Sort->GetSortList[ /www/wwwroot/ledigou/application/api/controller/Sort.php ]
[ info ] [ LOG ] INIT File
[ sql ] [ DB ] CONNECT:[ UseTime:0.000207s ] mysql:host=localhost;dbname=ledigou;charset=utf8
[ sql ] [ SQL ] SHOW COLUMNS FROM `xin_config` [ RunTime:0.000762s ]
[ sql ] [ SQL ] SELECT * FROM `xin_config` WHERE  `config_id` = 1 LIMIT 1 [ RunTime:0.000249s ]
[ sql ] [ SQL ] SHOW COLUMNS FROM `xin_goods_sort` [ RunTime:0.000822s ]
[ sql ] [ SQL ] SELECT * FROM `xin_goods_sort` WHERE  `sort_status` = 1 ORDER BY `sort_rank` DESC LIMIT 0,100000 [ RunTime:0.000336s ]
---------------------------------------------------------------
[ 2019-11-30T18:27:42+08:00 ] 113.9.114.28 POST dxc.gqwlcm.com//api/rotate/getrotatelist
[运行时间：0.154967s] [吞吐率：6.45req/s] [内存消耗：2,669.47kb] [文件加载：55]
[ info ] [ LANG ] /www/wwwroot/ledigou/thinkphp/lang/zh-cn.php
[ info ] [ ROUTE ] array (
  'type' => 'module',
  'module' => 
  array (
    0 => 'api',
    1 => 'rotate',
    2 => 'getrotatelist',
  ),
)
[ info ] [ HEADER ] array (
  'connection' => 'Keep-Alive',
  'host' => 'dxc.gqwlcm.com',
  'user-agent' => 'Mozilla/5.0 (Linux; Android 8.0.0; SM-C9000 Build/R16NW; wv) AppleWebKit/537.36 (KHTML, like Gecko) Version/4.0 Chrome/70.0.3538.110 Mobile Safari/537.36 MicroMessenger/7.0.8.1540(0x27000834) Process/appbrand0 NetType/WIFI Language/zh_CN ABI/arm64',
  'referer' => 'https://servicewechat.com/wxf24c79e7f9eb5a96/3/page-frame.html',
  'accept-encoding' => 'gzip',
  'charset' => 'utf-8',
  'content-type' => 'application/json',
  'content-length' => '2',
)
[ info ] [ PARAM ] array (
)
[ info ] [ DB ] INIT mysql
[ info ] [ SESSION ] INIT array (
  'id' => '',
  'var_session_id' => '',
  'prefix' => 'think',
  'type' => '',
  'auto_start' => true,
)
[ info ] [ RUN ] app\api\controller\Rotate->GetRotateList[ /www/wwwroot/ledigou/application/api/controller/Rotate.php ]
[ info ] [ LOG ] INIT File
[ sql ] [ DB ] CONNECT:[ UseTime:0.000259s ] mysql:host=localhost;dbname=ledigou;charset=utf8
[ sql ] [ SQL ] SHOW COLUMNS FROM `xin_config` [ RunTime:0.001129s ]
[ sql ] [ SQL ] SELECT * FROM `xin_config` WHERE  `config_id` = 1 LIMIT 1 [ RunTime:0.000252s ]
[ sql ] [ SQL ] SHOW COLUMNS FROM `xin_rotate` [ RunTime:0.003259s ]
[ sql ] [ SQL ] SELECT * FROM `xin_rotate` WHERE  `rotate_address` = 'index' ORDER BY `rotate_rank` DESC LIMIT 0,4 [ RunTime:0.021772s ]
---------------------------------------------------------------
[ 2019-11-30T18:27:43+08:00 ] 113.9.114.12 POST dxc.gqwlcm.com//api/limited/GetLimitedList
[运行时间：0.102311s] [吞吐率：9.77req/s] [内存消耗：2,810.53kb] [文件加载：57]
[ info ] [ LANG ] /www/wwwroot/ledigou/thinkphp/lang/zh-cn.php
[ info ] [ ROUTE ] array (
  'type' => 'module',
  'module' => 
  array (
    0 => 'api',
    1 => 'limited',
    2 => 'GetLimitedList',
  ),
)
[ info ] [ HEADER ] array (
  'connection' => 'Keep-Alive',
  'host' => 'dxc.gqwlcm.com',
  'user-agent' => 'Mozilla/5.0 (Linux; Android 8.0.0; SM-C9000 Build/R16NW; wv) AppleWebKit/537.36 (KHTML, like Gecko) Version/4.0 Chrome/70.0.3538.110 Mobile Safari/537.36 MicroMessenger/7.0.8.1540(0x27000834) Process/appbrand0 NetType/WIFI Language/zh_CN ABI/arm64',
  'referer' => 'https://servicewechat.com/wxf24c79e7f9eb5a96/3/page-frame.html',
  'accept-encoding' => 'gzip',
  'charset' => 'utf-8',
  'content-type' => 'application/json',
  'content-length' => '42',
)
[ info ] [ PARAM ] array (
  'unionid' => 'o8N9TuPTGoXH-yeuJvWGSjWRe7ZM',
)
[ info ] [ DB ] INIT mysql
[ info ] [ SESSION ] INIT array (
  'id' => '',
  'var_session_id' => '',
  'prefix' => 'think',
  'type' => '',
  'auto_start' => true,
)
[ info ] [ RUN ] app\api\controller\Limited->GetLimitedList[ /www/wwwroot/ledigou/application/api/controller/Limited.php ]
[ info ] [ LOG ] INIT File
[ sql ] [ DB ] CONNECT:[ UseTime:0.000278s ] mysql:host=localhost;dbname=ledigou;charset=utf8
[ sql ] [ SQL ] SHOW COLUMNS FROM `xin_config` [ RunTime:0.001082s ]
[ sql ] [ SQL ] SELECT * FROM `xin_config` WHERE  `config_id` = 1 LIMIT 1 [ RunTime:0.000265s ]
[ sql ] [ SQL ] SHOW COLUMNS FROM `xin_user` [ RunTime:0.000893s ]
[ sql ] [ SQL ] SELECT * FROM `xin_user` WHERE  `user_unionid` = 'o8N9TuPTGoXH-yeuJvWGSjWRe7ZM' LIMIT 1 [ RunTime:0.000263s ]
[ sql ] [ SQL ] SHOW COLUMNS FROM `xin_warehouse` [ RunTime:0.000779s ]
[ sql ] [ SQL ] SELECT `ware_id` FROM `xin_warehouse` WHERE  `ware_school` = 1 [ RunTime:0.000153s ]
[ sql ] [ SQL ] SHOW COLUMNS FROM `xin_limited` [ RunTime:0.000854s ]
[ sql ] [ SQL ] SELECT * FROM `xin_limited` `l` INNER JOIN `xin_goods` `g` ON `l`.`limited_goods`=`g`.`goods_id` WHERE  `g`.`goods_warehouse` IN ('1')  AND `l`.`limited_stime` < 1575109663  AND `l`.`limited_etime` > 1575109663 ORDER BY `limited_time` DESC LIMIT 2 [ RunTime:0.000475s ]
---------------------------------------------------------------
[ 2019-11-30T18:27:43+08:00 ] 1.56.200.137 POST dxc.gqwlcm.com//api/goods/GetGoodsList
[运行时间：0.135967s] [吞吐率：7.35req/s] [内存消耗：2,876.29kb] [文件加载：59]
[ info ] [ LANG ] /www/wwwroot/ledigou/thinkphp/lang/zh-cn.php
[ info ] [ ROUTE ] array (
  'type' => 'module',
  'module' => 
  array (
    0 => 'api',
    1 => 'goods',
    2 => 'GetGoodsList',
  ),
)
[ info ] [ HEADER ] array (
  'connection' => 'Keep-Alive',
  'host' => 'dxc.gqwlcm.com',
  'user-agent' => 'Mozilla/5.0 (Linux; Android 8.0.0; SM-C9000 Build/R16NW; wv) AppleWebKit/537.36 (KHTML, like Gecko) Version/4.0 Chrome/70.0.3538.110 Mobile Safari/537.36 MicroMessenger/7.0.8.1540(0x27000834) Process/appbrand0 NetType/WIFI Language/zh_CN ABI/arm64',
  'referer' => 'https://servicewechat.com/wxf24c79e7f9eb5a96/3/page-frame.html',
  'accept-encoding' => 'gzip',
  'charset' => 'utf-8',
  'content-type' => 'application/json',
  'content-length' => '97',
)
[ info ] [ PARAM ] array (
  'unionid' => 'o8N9TuPTGoXH-yeuJvWGSjWRe7ZM',
  'keyword' => '',
  'sort' => 0,
  'is_top' => true,
  'page' => 1,
  'limit' => 4,
)
[ info ] [ SESSION ] INIT array (
  'id' => '',
  'var_session_id' => '',
  'prefix' => 'think',
  'type' => '',
  'auto_start' => true,
)
[ info ] [ DB ] INIT mysql
[ info ] [ RUN ] app\api\controller\Goods->GetGoodsList[ /www/wwwroot/ledigou/application/api/controller/Goods.php ]
[ info ] [ LOG ] INIT File
[ sql ] [ DB ] CONNECT:[ UseTime:0.000314s ] mysql:host=localhost;dbname=ledigou;charset=utf8
[ sql ] [ SQL ] SHOW COLUMNS FROM `xin_config` [ RunTime:0.001391s ]
[ sql ] [ SQL ] SELECT * FROM `xin_config` WHERE  `config_id` = 1 LIMIT 1 [ RunTime:0.000316s ]
[ sql ] [ SQL ] SHOW COLUMNS FROM `xin_user` [ RunTime:0.001190s ]
[ sql ] [ SQL ] SELECT * FROM `xin_user` WHERE  `user_unionid` = 'o8N9TuPTGoXH-yeuJvWGSjWRe7ZM' LIMIT 1 [ RunTime:0.000278s ]
[ sql ] [ SQL ] SHOW COLUMNS FROM `xin_warehouse` [ RunTime:0.000795s ]
[ sql ] [ SQL ] SELECT `ware_id` FROM `xin_warehouse` WHERE  `ware_school` = 1 [ RunTime:0.000159s ]
[ sql ] [ SQL ] SHOW COLUMNS FROM `xin_goods` [ RunTime:0.000838s ]
[ sql ] [ SQL ] SELECT * FROM `xin_goods` WHERE  `goods_warehouse` IN (1)  AND `goods_is_top` = 1 ORDER BY `goods_is_top` DESC,`goods_rank` DESC LIMIT 0,4 [ RunTime:0.000308s ]
[ sql ] [ SQL ] SHOW COLUMNS FROM `xin_limited` [ RunTime:0.000772s ]
[ sql ] [ SQL ] SELECT * FROM `xin_limited` WHERE  `limited_stime` < 1575109663  AND `limited_etime` > 1575109663  AND `limited_goods` = 6 LIMIT 1 [ RunTime:0.000191s ]
[ sql ] [ SQL ] SELECT * FROM `xin_limited` WHERE  `limited_stime` < 1575109663  AND `limited_etime` > 1575109663  AND `limited_goods` = 1 LIMIT 1 [ RunTime:0.000163s ]
[ sql ] [ SQL ] SELECT * FROM `xin_limited` WHERE  `limited_stime` < 1575109663  AND `limited_etime` > 1575109663  AND `limited_goods` = 2 LIMIT 1 [ RunTime:0.000171s ]
[ sql ] [ SQL ] SELECT * FROM `xin_limited` WHERE  `limited_stime` < 1575109663  AND `limited_etime` > 1575109663  AND `limited_goods` = 3 LIMIT 1 [ RunTime:0.000153s ]
---------------------------------------------------------------
[ 2019-11-30T18:27:51+08:00 ] 113.9.114.12 POST dxc.gqwlcm.com//api/wechat_base/GetUnionId
[运行时间：0.551294s] [吞吐率：1.81req/s] [内存消耗：2,654.82kb] [文件加载：53]
[ info ] [ LANG ] /www/wwwroot/ledigou/thinkphp/lang/zh-cn.php
[ info ] [ ROUTE ] array (
  'type' => 'module',
  'module' => 
  array (
    0 => 'api',
    1 => 'wechat_base',
    2 => 'GetUnionId',
  ),
)
[ info ] [ HEADER ] array (
  'connection' => 'Keep-Alive',
  'host' => 'dxc.gqwlcm.com',
  'user-agent' => 'Mozilla/5.0 (Linux; Android 8.0.0; SM-C9000 Build/R16NW; wv) AppleWebKit/537.36 (KHTML, like Gecko) Version/4.0 Chrome/70.0.3538.110 Mobile Safari/537.36 MicroMessenger/7.0.8.1540(0x27000834) Process/appbrand0 NetType/WIFI Language/zh_CN ABI/arm64',
  'referer' => 'https://servicewechat.com/wxf24c79e7f9eb5a96/3/page-frame.html',
  'accept-encoding' => 'gzip',
  'charset' => 'utf-8',
  'content-type' => 'application/json',
  'content-length' => '43',
)
[ info ] [ PARAM ] array (
  'code' => '071k5KOg2i7StC0xIuNg2zHMOg2k5KOB',
)
[ info ] [ SESSION ] INIT array (
  'id' => '',
  'var_session_id' => '',
  'prefix' => 'think',
  'type' => '',
  'auto_start' => true,
)
[ info ] [ DB ] INIT mysql
[ info ] [ RUN ] app\api\controller\WechatBase->GetUnionId[ /www/wwwroot/ledigou/application/api/controller/WechatBase.php ]
[ info ] [ LOG ] INIT File
[ sql ] [ DB ] CONNECT:[ UseTime:0.000270s ] mysql:host=localhost;dbname=ledigou;charset=utf8
[ sql ] [ SQL ] SHOW COLUMNS FROM `xin_config` [ RunTime:0.001070s ]
[ sql ] [ SQL ] SELECT * FROM `xin_config` WHERE  `config_id` = 1 LIMIT 1 [ RunTime:0.000272s ]
---------------------------------------------------------------
[ 2019-11-30T18:27:51+08:00 ] 1.56.200.137 POST dxc.gqwlcm.com//api/user/CreateUser
[运行时间：0.161030s] [吞吐率：6.21req/s] [内存消耗：3,256.11kb] [文件加载：67]
[ info ] [ LANG ] /www/wwwroot/ledigou/thinkphp/lang/zh-cn.php
[ info ] [ ROUTE ] array (
  'type' => 'module',
  'module' => 
  array (
    0 => 'api',
    1 => 'user',
    2 => 'CreateUser',
  ),
)
[ info ] [ HEADER ] array (
  'connection' => 'Keep-Alive',
  'host' => 'dxc.gqwlcm.com',
  'user-agent' => 'Mozilla/5.0 (Linux; Android 8.0.0; SM-C9000 Build/R16NW; wv) AppleWebKit/537.36 (KHTML, like Gecko) Version/4.0 Chrome/70.0.3538.110 Mobile Safari/537.36 MicroMessenger/7.0.8.1540(0x27000834) Process/appbrand0 NetType/WIFI Language/zh_CN ABI/arm64',
  'referer' => 'https://servicewechat.com/wxf24c79e7f9eb5a96/3/page-frame.html',
  'accept-encoding' => 'gzip',
  'charset' => 'utf-8',
  'content-type' => 'application/json',
  'content-length' => '345',
)
[ info ] [ PARAM ] array (
  'data' => 
  array (
    'nickName' => '奥德门窗机器乔强13946112586',
    'gender' => 1,
    'language' => 'zh_CN',
    'city' => 'Harbin',
    'province' => 'Heilongjiang',
    'country' => 'China',
    'avatarUrl' => 'https://wx.qlogo.cn/mmopen/vi_32/Q0j4TwGTfTIjUDIRQ0gRicmicAKOZs2MsXkvVt12WZgOJich4RSn7xBmrvaBFgeSQHeicx886aiaQ7JXvqebRKpjfcQ/132',
  ),
  'openid' => '',
  'unionid' => 'o8N9TuPTGoXH-yeuJvWGSjWRe7ZM',
)
[ info ] [ SESSION ] INIT array (
  'id' => '',
  'var_session_id' => '',
  'prefix' => 'think',
  'type' => '',
  'auto_start' => true,
)
[ info ] [ DB ] INIT mysql
[ info ] [ RUN ] app\api\controller\User->CreateUser[ /www/wwwroot/ledigou/application/api/controller/User.php ]
[ info ] [ LOG ] INIT File
[ sql ] [ DB ] CONNECT:[ UseTime:0.000272s ] mysql:host=localhost;dbname=ledigou;charset=utf8
[ sql ] [ SQL ] SHOW COLUMNS FROM `xin_config` [ RunTime:0.001065s ]
[ sql ] [ SQL ] SELECT * FROM `xin_config` WHERE  `config_id` = 1 LIMIT 1 [ RunTime:0.000305s ]
[ sql ] [ SQL ] SHOW COLUMNS FROM `xin_user` [ RunTime:0.001206s ]
[ sql ] [ SQL ] SELECT `user_id` FROM `xin_user` WHERE  `user_unionid` = 'o8N9TuPTGoXH-yeuJvWGSjWRe7ZM' LIMIT 1 [ RunTime:0.000345s ]
---------------------------------------------------------------
[ 2019-11-30T18:27:52+08:00 ] 113.9.114.12 GET dxc.gqwlcm.com//api/user/FindUser?unionid=o8N9TuPTGoXH-yeuJvWGSjWRe7ZM&wxid=ofbua5S7rSbf-coF_1hGiE2VgpIk
[运行时间：0.031375s] [吞吐率：31.87req/s] [内存消耗：3,115.38kb] [文件加载：65]
[ info ] [ LANG ] /www/wwwroot/ledigou/thinkphp/lang/zh-cn.php
[ info ] [ ROUTE ] array (
  'type' => 'module',
  'module' => 
  array (
    0 => 'api',
    1 => 'user',
    2 => 'FindUser',
  ),
)
[ info ] [ HEADER ] array (
  'connection' => 'Keep-Alive',
  'host' => 'dxc.gqwlcm.com',
  'user-agent' => 'Mozilla/5.0 (Linux; Android 8.0.0; SM-C9000 Build/R16NW; wv) AppleWebKit/537.36 (KHTML, like Gecko) Version/4.0 Chrome/70.0.3538.110 Mobile Safari/537.36 MicroMessenger/7.0.8.1540(0x27000834) Process/appbrand0 NetType/WIFI Language/zh_CN ABI/arm64',
  'referer' => 'https://servicewechat.com/wxf24c79e7f9eb5a96/3/page-frame.html',
  'accept-encoding' => 'gzip',
  'charset' => 'utf-8',
  'content-type' => 'application/json',
)
[ info ] [ PARAM ] array (
  'unionid' => 'o8N9TuPTGoXH-yeuJvWGSjWRe7ZM',
  'wxid' => 'ofbua5S7rSbf-coF_1hGiE2VgpIk',
)
[ info ] [ SESSION ] INIT array (
  'id' => '',
  'var_session_id' => '',
  'prefix' => 'think',
  'type' => '',
  'auto_start' => true,
)
[ info ] [ DB ] INIT mysql
[ info ] [ RUN ] app\api\controller\User->FindUser[ /www/wwwroot/ledigou/application/api/controller/User.php ]
[ info ] [ LOG ] INIT File
[ sql ] [ DB ] CONNECT:[ UseTime:0.000383s ] mysql:host=localhost;dbname=ledigou;charset=utf8
[ sql ] [ SQL ] SHOW COLUMNS FROM `xin_config` [ RunTime:0.001119s ]
[ sql ] [ SQL ] SELECT * FROM `xin_config` WHERE  `config_id` = 1 LIMIT 1 [ RunTime:0.000292s ]
[ sql ] [ SQL ] SHOW COLUMNS FROM `xin_user` [ RunTime:0.000979s ]
[ sql ] [ SQL ] SELECT * FROM `xin_user` WHERE  `user_unionid` = 'o8N9TuPTGoXH-yeuJvWGSjWRe7ZM' LIMIT 1 [ RunTime:0.000285s ]
---------------------------------------------------------------
[ 2019-11-30T18:27:52+08:00 ] 113.9.114.12 POST dxc.gqwlcm.com//api/limited/GetLimitedList
[运行时间：0.047843s] [吞吐率：20.90req/s] [内存消耗：2,810.53kb] [文件加载：57]
[ info ] [ LANG ] /www/wwwroot/ledigou/thinkphp/lang/zh-cn.php
[ info ] [ ROUTE ] array (
  'type' => 'module',
  'module' => 
  array (
    0 => 'api',
    1 => 'limited',
    2 => 'GetLimitedList',
  ),
)
[ info ] [ HEADER ] array (
  'connection' => 'Keep-Alive',
  'host' => 'dxc.gqwlcm.com',
  'user-agent' => 'Mozilla/5.0 (Linux; Android 8.0.0; SM-C9000 Build/R16NW; wv) AppleWebKit/537.36 (KHTML, like Gecko) Version/4.0 Chrome/70.0.3538.110 Mobile Safari/537.36 MicroMessenger/7.0.8.1540(0x27000834) Process/appbrand0 NetType/WIFI Language/zh_CN ABI/arm64',
  'referer' => 'https://servicewechat.com/wxf24c79e7f9eb5a96/3/page-frame.html',
  'accept-encoding' => 'gzip',
  'charset' => 'utf-8',
  'content-type' => 'application/json',
  'content-length' => '42',
)
[ info ] [ PARAM ] array (
  'unionid' => 'o8N9TuPTGoXH-yeuJvWGSjWRe7ZM',
)
[ info ] [ DB ] INIT mysql
[ info ] [ SESSION ] INIT array (
  'id' => '',
  'var_session_id' => '',
  'prefix' => 'think',
  'type' => '',
  'auto_start' => true,
)
[ info ] [ RUN ] app\api\controller\Limited->GetLimitedList[ /www/wwwroot/ledigou/application/api/controller/Limited.php ]
[ info ] [ LOG ] INIT File
[ sql ] [ DB ] CONNECT:[ UseTime:0.000274s ] mysql:host=localhost;dbname=ledigou;charset=utf8
[ sql ] [ SQL ] SHOW COLUMNS FROM `xin_config` [ RunTime:0.001087s ]
[ sql ] [ SQL ] SELECT * FROM `xin_config` WHERE  `config_id` = 1 LIMIT 1 [ RunTime:0.000246s ]
[ sql ] [ SQL ] SHOW COLUMNS FROM `xin_user` [ RunTime:0.000723s ]
[ sql ] [ SQL ] SELECT * FROM `xin_user` WHERE  `user_unionid` = 'o8N9TuPTGoXH-yeuJvWGSjWRe7ZM' LIMIT 1 [ RunTime:0.000411s ]
[ sql ] [ SQL ] SHOW COLUMNS FROM `xin_warehouse` [ RunTime:0.000690s ]
[ sql ] [ SQL ] SELECT `ware_id` FROM `xin_warehouse` WHERE  `ware_school` = 1 [ RunTime:0.000164s ]
[ sql ] [ SQL ] SHOW COLUMNS FROM `xin_limited` [ RunTime:0.000777s ]
[ sql ] [ SQL ] SELECT * FROM `xin_limited` `l` INNER JOIN `xin_goods` `g` ON `l`.`limited_goods`=`g`.`goods_id` WHERE  `g`.`goods_warehouse` IN ('1')  AND `l`.`limited_stime` < 1575109672  AND `l`.`limited_etime` > 1575109672 ORDER BY `limited_time` DESC LIMIT 2 [ RunTime:0.000328s ]
---------------------------------------------------------------
[ 2019-11-30T18:27:52+08:00 ] 113.9.114.12 POST dxc.gqwlcm.com//api/goods/GetGoodsList
[运行时间：0.044602s] [吞吐率：22.42req/s] [内存消耗：2,876.29kb] [文件加载：59]
[ info ] [ LANG ] /www/wwwroot/ledigou/thinkphp/lang/zh-cn.php
[ info ] [ ROUTE ] array (
  'type' => 'module',
  'module' => 
  array (
    0 => 'api',
    1 => 'goods',
    2 => 'GetGoodsList',
  ),
)
[ info ] [ HEADER ] array (
  'connection' => 'Keep-Alive',
  'host' => 'dxc.gqwlcm.com',
  'user-agent' => 'Mozilla/5.0 (Linux; Android 8.0.0; SM-C9000 Build/R16NW; wv) AppleWebKit/537.36 (KHTML, like Gecko) Version/4.0 Chrome/70.0.3538.110 Mobile Safari/537.36 MicroMessenger/7.0.8.1540(0x27000834) Process/appbrand0 NetType/WIFI Language/zh_CN ABI/arm64',
  'referer' => 'https://servicewechat.com/wxf24c79e7f9eb5a96/3/page-frame.html',
  'accept-encoding' => 'gzip',
  'charset' => 'utf-8',
  'content-type' => 'application/json',
  'content-length' => '97',
)
[ info ] [ PARAM ] array (
  'unionid' => 'o8N9TuPTGoXH-yeuJvWGSjWRe7ZM',
  'keyword' => '',
  'sort' => 0,
  'is_top' => true,
  'page' => 1,
  'limit' => 4,
)
[ info ] [ SESSION ] INIT array (
  'id' => '',
  'var_session_id' => '',
  'prefix' => 'think',
  'type' => '',
  'auto_start' => true,
)
[ info ] [ DB ] INIT mysql
[ info ] [ RUN ] app\api\controller\Goods->GetGoodsList[ /www/wwwroot/ledigou/application/api/controller/Goods.php ]
[ info ] [ LOG ] INIT File
[ sql ] [ DB ] CONNECT:[ UseTime:0.000259s ] mysql:host=localhost;dbname=ledigou;charset=utf8
[ sql ] [ SQL ] SHOW COLUMNS FROM `xin_config` [ RunTime:0.001080s ]
[ sql ] [ SQL ] SELECT * FROM `xin_config` WHERE  `config_id` = 1 LIMIT 1 [ RunTime:0.000247s ]
[ sql ] [ SQL ] SHOW COLUMNS FROM `xin_user` [ RunTime:0.000948s ]
[ sql ] [ SQL ] SELECT * FROM `xin_user` WHERE  `user_unionid` = 'o8N9TuPTGoXH-yeuJvWGSjWRe7ZM' LIMIT 1 [ RunTime:0.000249s ]
[ sql ] [ SQL ] SHOW COLUMNS FROM `xin_warehouse` [ RunTime:0.000781s ]
[ sql ] [ SQL ] SELECT `ware_id` FROM `xin_warehouse` WHERE  `ware_school` = 1 [ RunTime:0.000173s ]
[ sql ] [ SQL ] SHOW COLUMNS FROM `xin_goods` [ RunTime:0.000846s ]
[ sql ] [ SQL ] SELECT * FROM `xin_goods` WHERE  `goods_warehouse` IN (1)  AND `goods_is_top` = 1 ORDER BY `goods_is_top` DESC,`goods_rank` DESC LIMIT 0,4 [ RunTime:0.000311s ]
[ sql ] [ SQL ] SHOW COLUMNS FROM `xin_limited` [ RunTime:0.000850s ]
[ sql ] [ SQL ] SELECT * FROM `xin_limited` WHERE  `limited_stime` < 1575109672  AND `limited_etime` > 1575109672  AND `limited_goods` = 6 LIMIT 1 [ RunTime:0.000186s ]
[ sql ] [ SQL ] SELECT * FROM `xin_limited` WHERE  `limited_stime` < 1575109672  AND `limited_etime` > 1575109672  AND `limited_goods` = 1 LIMIT 1 [ RunTime:0.000190s ]
[ sql ] [ SQL ] SELECT * FROM `xin_limited` WHERE  `limited_stime` < 1575109672  AND `limited_etime` > 1575109672  AND `limited_goods` = 2 LIMIT 1 [ RunTime:0.000233s ]
[ sql ] [ SQL ] SELECT * FROM `xin_limited` WHERE  `limited_stime` < 1575109672  AND `limited_etime` > 1575109672  AND `limited_goods` = 3 LIMIT 1 [ RunTime:0.000166s ]
---------------------------------------------------------------
[ 2019-11-30T18:27:56+08:00 ] 113.9.114.12 POST dxc.gqwlcm.com//api/Sort/GetSortList
[运行时间：0.070155s] [吞吐率：14.25req/s] [内存消耗：2,672.66kb] [文件加载：55]
[ info ] [ LANG ] /www/wwwroot/ledigou/thinkphp/lang/zh-cn.php
[ info ] [ ROUTE ] array (
  'type' => 'module',
  'module' => 
  array (
    0 => 'api',
    1 => 'Sort',
    2 => 'GetSortList',
  ),
)
[ info ] [ HEADER ] array (
  'connection' => 'Keep-Alive',
  'host' => 'dxc.gqwlcm.com',
  'user-agent' => 'Mozilla/5.0 (Linux; Android 8.0.0; SM-C9000 Build/R16NW; wv) AppleWebKit/537.36 (KHTML, like Gecko) Version/4.0 Chrome/70.0.3538.110 Mobile Safari/537.36 MicroMessenger/7.0.8.1540(0x27000834) Process/appbrand0 NetType/WIFI Language/zh_CN ABI/arm64',
  'referer' => 'https://servicewechat.com/wxf24c79e7f9eb5a96/3/page-frame.html',
  'accept-encoding' => 'gzip',
  'charset' => 'utf-8',
  'content-type' => 'application/json',
  'content-length' => '2',
)
[ info ] [ PARAM ] array (
)
[ info ] [ DB ] INIT mysql
[ info ] [ SESSION ] INIT array (
  'id' => '',
  'var_session_id' => '',
  'prefix' => 'think',
  'type' => '',
  'auto_start' => true,
)
[ info ] [ RUN ] app\api\controller\Sort->GetSortList[ /www/wwwroot/ledigou/application/api/controller/Sort.php ]
[ info ] [ LOG ] INIT File
[ sql ] [ DB ] CONNECT:[ UseTime:0.000256s ] mysql:host=localhost;dbname=ledigou;charset=utf8
[ sql ] [ SQL ] SHOW COLUMNS FROM `xin_config` [ RunTime:0.001090s ]
[ sql ] [ SQL ] SELECT * FROM `xin_config` WHERE  `config_id` = 1 LIMIT 1 [ RunTime:0.000244s ]
[ sql ] [ SQL ] SHOW COLUMNS FROM `xin_goods_sort` [ RunTime:0.000696s ]
[ sql ] [ SQL ] SELECT * FROM `xin_goods_sort` WHERE  `sort_status` = 1 ORDER BY `sort_rank` DESC LIMIT 0,100000 [ RunTime:0.000431s ]
---------------------------------------------------------------
[ 2019-11-30T18:27:56+08:00 ] 113.0.5.151 POST dxc.gqwlcm.com//api/goods/GetGoodsList
[运行时间：0.071288s] [吞吐率：14.03req/s] [内存消耗：2,876.99kb] [文件加载：59]
[ info ] [ LANG ] /www/wwwroot/ledigou/thinkphp/lang/zh-cn.php
[ info ] [ ROUTE ] array (
  'type' => 'module',
  'module' => 
  array (
    0 => 'api',
    1 => 'goods',
    2 => 'GetGoodsList',
  ),
)
[ info ] [ HEADER ] array (
  'connection' => 'Keep-Alive',
  'host' => 'dxc.gqwlcm.com',
  'user-agent' => 'Mozilla/5.0 (Linux; Android 8.0.0; SM-C9000 Build/R16NW; wv) AppleWebKit/537.36 (KHTML, like Gecko) Version/4.0 Chrome/70.0.3538.110 Mobile Safari/537.36 MicroMessenger/7.0.8.1540(0x27000834) Process/appbrand0 NetType/WIFI Language/zh_CN ABI/arm64',
  'referer' => 'https://servicewechat.com/wxf24c79e7f9eb5a96/3/page-frame.html',
  'accept-encoding' => 'gzip',
  'charset' => 'utf-8',
  'content-type' => 'application/json',
  'content-length' => '145',
)
[ info ] [ PARAM ] array (
  'unionid' => 'o8N9TuPTGoXH-yeuJvWGSjWRe7ZM',
  'keyword' => '',
  'sort' => '9',
  'is_top' => false,
  'ordername' => 'complex',
  'ordertype' => 'desc',
  'page' => 1,
  'limit' => 10000,
)
[ info ] [ SESSION ] INIT array (
  'id' => '',
  'var_session_id' => '',
  'prefix' => 'think',
  'type' => '',
  'auto_start' => true,
)
[ info ] [ DB ] INIT mysql
[ info ] [ RUN ] app\api\controller\Goods->GetGoodsList[ /www/wwwroot/ledigou/application/api/controller/Goods.php ]
[ info ] [ LOG ] INIT File
[ sql ] [ DB ] CONNECT:[ UseTime:0.000226s ] mysql:host=localhost;dbname=ledigou;charset=utf8
[ sql ] [ SQL ] SHOW COLUMNS FROM `xin_config` [ RunTime:0.000919s ]
[ sql ] [ SQL ] SELECT * FROM `xin_config` WHERE  `config_id` = 1 LIMIT 1 [ RunTime:0.000263s ]
[ sql ] [ SQL ] SHOW COLUMNS FROM `xin_user` [ RunTime:0.000860s ]
[ sql ] [ SQL ] SELECT * FROM `xin_user` WHERE  `user_unionid` = 'o8N9TuPTGoXH-yeuJvWGSjWRe7ZM' LIMIT 1 [ RunTime:0.000240s ]
[ sql ] [ SQL ] SHOW COLUMNS FROM `xin_warehouse` [ RunTime:0.000768s ]
[ sql ] [ SQL ] SELECT `ware_id` FROM `xin_warehouse` WHERE  `ware_school` = 1 [ RunTime:0.000172s ]
[ sql ] [ SQL ] SHOW COLUMNS FROM `xin_goods` [ RunTime:0.000886s ]
[ sql ] [ SQL ] SELECT * FROM `xin_goods` WHERE  `goods_warehouse` IN (1)  AND `goods_sort` = 9 ORDER BY `goods_is_top` DESC,`goods_rank` DESC LIMIT 0,10000 [ RunTime:0.000373s ]
[ sql ] [ SQL ] SHOW COLUMNS FROM `xin_limited` [ RunTime:0.000862s ]
[ sql ] [ SQL ] SELECT * FROM `xin_limited` WHERE  `limited_stime` < 1575109676  AND `limited_etime` > 1575109676  AND `limited_goods` = 31 LIMIT 1 [ RunTime:0.000184s ]
[ sql ] [ SQL ] SELECT * FROM `xin_limited` WHERE  `limited_stime` < 1575109676  AND `limited_etime` > 1575109676  AND `limited_goods` = 32 LIMIT 1 [ RunTime:0.000167s ]
[ sql ] [ SQL ] SELECT * FROM `xin_limited` WHERE  `limited_stime` < 1575109676  AND `limited_etime` > 1575109676  AND `limited_goods` = 33 LIMIT 1 [ RunTime:0.000195s ]
[ sql ] [ SQL ] SELECT * FROM `xin_limited` WHERE  `limited_stime` < 1575109676  AND `limited_etime` > 1575109676  AND `limited_goods` = 34 LIMIT 1 [ RunTime:0.000165s ]
[ sql ] [ SQL ] SELECT * FROM `xin_limited` WHERE  `limited_stime` < 1575109676  AND `limited_etime` > 1575109676  AND `limited_goods` = 37 LIMIT 1 [ RunTime:0.000159s ]
---------------------------------------------------------------
[ 2019-11-30T18:27:59+08:00 ] 113.9.114.12 POST dxc.gqwlcm.com//api/goods/GetGoodsList
[运行时间：0.056065s] [吞吐率：17.84req/s] [内存消耗：2,874.62kb] [文件加载：59]
[ info ] [ LANG ] /www/wwwroot/ledigou/thinkphp/lang/zh-cn.php
[ info ] [ ROUTE ] array (
  'type' => 'module',
  'module' => 
  array (
    0 => 'api',
    1 => 'goods',
    2 => 'GetGoodsList',
  ),
)
[ info ] [ HEADER ] array (
  'connection' => 'Keep-Alive',
  'host' => 'dxc.gqwlcm.com',
  'user-agent' => 'Mozilla/5.0 (Linux; Android 8.0.0; SM-C9000 Build/R16NW; wv) AppleWebKit/537.36 (KHTML, like Gecko) Version/4.0 Chrome/70.0.3538.110 Mobile Safari/537.36 MicroMessenger/7.0.8.1540(0x27000834) Process/appbrand0 NetType/WIFI Language/zh_CN ABI/arm64',
  'referer' => 'https://servicewechat.com/wxf24c79e7f9eb5a96/3/page-frame.html',
  'accept-encoding' => 'gzip',
  'charset' => 'utf-8',
  'content-type' => 'application/json',
  'content-length' => '145',
)
[ info ] [ PARAM ] array (
  'unionid' => 'o8N9TuPTGoXH-yeuJvWGSjWRe7ZM',
  'keyword' => '',
  'sort' => '4',
  'is_top' => false,
  'ordername' => 'complex',
  'ordertype' => 'desc',
  'page' => 1,
  'limit' => 10000,
)
[ info ] [ SESSION ] INIT array (
  'id' => '',
  'var_session_id' => '',
  'prefix' => 'think',
  'type' => '',
  'auto_start' => true,
)
[ info ] [ DB ] INIT mysql
[ info ] [ RUN ] app\api\controller\Goods->GetGoodsList[ /www/wwwroot/ledigou/application/api/controller/Goods.php ]
[ info ] [ LOG ] INIT File
[ sql ] [ DB ] CONNECT:[ UseTime:0.000663s ] mysql:host=localhost;dbname=ledigou;charset=utf8
[ sql ] [ SQL ] SHOW COLUMNS FROM `xin_config` [ RunTime:0.001993s ]
[ sql ] [ SQL ] SELECT * FROM `xin_config` WHERE  `config_id` = 1 LIMIT 1 [ RunTime:0.000258s ]
[ sql ] [ SQL ] SHOW COLUMNS FROM `xin_user` [ RunTime:0.000754s ]
[ sql ] [ SQL ] SELECT * FROM `xin_user` WHERE  `user_unionid` = 'o8N9TuPTGoXH-yeuJvWGSjWRe7ZM' LIMIT 1 [ RunTime:0.000345s ]
[ sql ] [ SQL ] SHOW COLUMNS FROM `xin_warehouse` [ RunTime:0.000798s ]
[ sql ] [ SQL ] SELECT `ware_id` FROM `xin_warehouse` WHERE  `ware_school` = 1 [ RunTime:0.000472s ]
[ sql ] [ SQL ] SHOW COLUMNS FROM `xin_goods` [ RunTime:0.000856s ]
[ sql ] [ SQL ] SELECT * FROM `xin_goods` WHERE  `goods_warehouse` IN (1)  AND `goods_sort` = 4 ORDER BY `goods_is_top` DESC,`goods_rank` DESC LIMIT 0,10000 [ RunTime:0.001168s ]
[ sql ] [ SQL ] SHOW COLUMNS FROM `xin_limited` [ RunTime:0.000892s ]
[ sql ] [ SQL ] SELECT * FROM `xin_limited` WHERE  `limited_stime` < 1575109679  AND `limited_etime` > 1575109679  AND `limited_goods` = 11 LIMIT 1 [ RunTime:0.000285s ]
---------------------------------------------------------------
[ 2019-11-30T18:28:00+08:00 ] 113.0.5.179 POST dxc.gqwlcm.com//api/Sort/GetSortList
[运行时间：0.074053s] [吞吐率：13.50req/s] [内存消耗：2,672.66kb] [文件加载：55]
[ info ] [ LANG ] /www/wwwroot/ledigou/thinkphp/lang/zh-cn.php
[ info ] [ ROUTE ] array (
  'type' => 'module',
  'module' => 
  array (
    0 => 'api',
    1 => 'Sort',
    2 => 'GetSortList',
  ),
)
[ info ] [ HEADER ] array (
  'connection' => 'Keep-Alive',
  'host' => 'dxc.gqwlcm.com',
  'user-agent' => 'Mozilla/5.0 (Linux; Android 8.0.0; SM-C9000 Build/R16NW; wv) AppleWebKit/537.36 (KHTML, like Gecko) Version/4.0 Chrome/70.0.3538.110 Mobile Safari/537.36 MicroMessenger/7.0.8.1540(0x27000834) Process/appbrand0 NetType/WIFI Language/zh_CN ABI/arm64',
  'referer' => 'https://servicewechat.com/wxf24c79e7f9eb5a96/3/page-frame.html',
  'accept-encoding' => 'gzip',
  'charset' => 'utf-8',
  'content-type' => 'application/json',
  'content-length' => '2',
)
[ info ] [ PARAM ] array (
)
[ info ] [ DB ] INIT mysql
[ info ] [ SESSION ] INIT array (
  'id' => '',
  'var_session_id' => '',
  'prefix' => 'think',
  'type' => '',
  'auto_start' => true,
)
[ info ] [ RUN ] app\api\controller\Sort->GetSortList[ /www/wwwroot/ledigou/application/api/controller/Sort.php ]
[ info ] [ LOG ] INIT File
[ sql ] [ DB ] CONNECT:[ UseTime:0.000268s ] mysql:host=localhost;dbname=ledigou;charset=utf8
[ sql ] [ SQL ] SHOW COLUMNS FROM `xin_config` [ RunTime:0.001186s ]
[ sql ] [ SQL ] SELECT * FROM `xin_config` WHERE  `config_id` = 1 LIMIT 1 [ RunTime:0.000252s ]
[ sql ] [ SQL ] SHOW COLUMNS FROM `xin_goods_sort` [ RunTime:0.000792s ]
[ sql ] [ SQL ] SELECT * FROM `xin_goods_sort` WHERE  `sort_status` = 1 ORDER BY `sort_rank` DESC LIMIT 0,100000 [ RunTime:0.000345s ]
---------------------------------------------------------------
[ 2019-11-30T18:35:16+08:00 ] 196.52.43.56 GET 161.117.4.120:443/
[运行时间：0.026292s] [吞吐率：38.03req/s] [内存消耗：2,802.35kb] [文件加载：58]
[ info ] [ LANG ] /www/wwwroot/ledigou/thinkphp/lang/zh-cn.php
[ info ] [ ROUTE ] array (
  'type' => 'module',
  'module' => 
  array (
    0 => '',
    1 => NULL,
    2 => NULL,
  ),
)
[ info ] [ HEADER ] array (
  'user-agent' => 'Mozilla/5.0 (X11; Linux x86_64) AppleWebKit/537.36 (KHTML, like Gecko) Chrome/72.0.3602.2 Safari/537.36',
  'host' => '161.117.4.120:443',
)
[ info ] [ PARAM ] array (
)
[ info ] [ SESSION ] INIT array (
  'id' => '',
  'var_session_id' => '',
  'prefix' => 'think',
  'type' => '',
  'auto_start' => true,
)
[ info ] [ DB ] INIT mysql
[ info ] [ LOG ] INIT File
[ sql ] [ DB ] CONNECT:[ UseTime:0.000319s ] mysql:host=localhost;dbname=ledigou;charset=utf8
[ sql ] [ SQL ] SHOW COLUMNS FROM `xin_config` [ RunTime:0.001088s ]
[ sql ] [ SQL ] SELECT * FROM `xin_config` WHERE  `config_id` = 1 LIMIT 1 [ RunTime:0.000253s ]
---------------------------------------------------------------
[ 2019-11-30T18:58:33+08:00 ] 47.92.138.160 GET de.ibtv.cc/
[运行时间：0.026759s] [吞吐率：37.37req/s] [内存消耗：2,782.30kb] [文件加载：58]
[ info ] [ LANG ] /www/wwwroot/ledigou/thinkphp/lang/zh-cn.php
[ info ] [ ROUTE ] array (
  'type' => 'module',
  'module' => 
  array (
    0 => '',
    1 => NULL,
    2 => NULL,
  ),
)
[ info ] [ HEADER ] array (
  'accept-encoding' => 'gzip',
  'connection' => 'Keep-Alive',
  'host' => 'de.ibtv.cc',
  'user-agent' => 'Mozilla/5.0 (X11; Ubuntu; Linux x86_64; rv:36.0) Gecko/20100101 Firefox/36.0',
)
[ info ] [ PARAM ] array (
)
[ info ] [ SESSION ] INIT array (
  'id' => '',
  'var_session_id' => '',
  'prefix' => 'think',
  'type' => '',
  'auto_start' => true,
)
[ info ] [ DB ] INIT mysql
[ info ] [ LOG ] INIT File
[ sql ] [ DB ] CONNECT:[ UseTime:0.000289s ] mysql:host=localhost;dbname=ledigou;charset=utf8
[ sql ] [ SQL ] SHOW COLUMNS FROM `xin_config` [ RunTime:0.001107s ]
[ sql ] [ SQL ] SELECT * FROM `xin_config` WHERE  `config_id` = 1 LIMIT 1 [ RunTime:0.000245s ]
---------------------------------------------------------------
[ 2019-11-30T18:58:33+08:00 ] 47.92.138.160 GET de.ibtv.cc/index/wechat/login.html
[运行时间：0.079076s] [吞吐率：12.65req/s] [内存消耗：2,725.42kb] [文件加载：55]
[ info ] [ LANG ] /www/wwwroot/ledigou/thinkphp/lang/zh-cn.php
[ info ] [ ROUTE ] array (
  'type' => 'module',
  'module' => 
  array (
    0 => 'index',
    1 => 'wechat',
    2 => 'login',
  ),
)
[ info ] [ HEADER ] array (
  'accept-encoding' => 'gzip',
  'connection' => 'Keep-Alive',
  'host' => 'de.ibtv.cc',
  'user-agent' => 'Mozilla/5.0 (X11; Ubuntu; Linux x86_64; rv:36.0) Gecko/20100101 Firefox/36.0',
)
[ info ] [ PARAM ] array (
)
[ info ] [ SESSION ] INIT array (
  'id' => '',
  'var_session_id' => '',
  'prefix' => 'think',
  'type' => '',
  'auto_start' => true,
)
[ info ] [ DB ] INIT mysql
[ info ] [ RUN ] app\index\controller\Wechat->Login[ /www/wwwroot/ledigou/application/index/controller/Wechat.php ]
[ info ] [ LOG ] INIT File
[ sql ] [ DB ] CONNECT:[ UseTime:0.000264s ] mysql:host=localhost;dbname=ledigou;charset=utf8
[ sql ] [ SQL ] SHOW COLUMNS FROM `xin_config` [ RunTime:0.001115s ]
[ sql ] [ SQL ] SELECT * FROM `xin_config` WHERE  `config_id` = 1 LIMIT 1 [ RunTime:0.000247s ]
---------------------------------------------------------------
[ 2019-11-30T21:07:48+08:00 ] 39.107.86.51 GET zhoujinyu.vip/
[运行时间：0.062226s] [吞吐率：16.07req/s] [内存消耗：2,782.30kb] [文件加载：58]
[ info ] [ LANG ] /www/wwwroot/ledigou/thinkphp/lang/zh-cn.php
[ info ] [ ROUTE ] array (
  'type' => 'module',
  'module' => 
  array (
    0 => '',
    1 => NULL,
    2 => NULL,
  ),
)
[ info ] [ HEADER ] array (
  'accept-encoding' => 'gzip',
  'connection' => 'Keep-Alive',
  'host' => 'zhoujinyu.vip',
  'user-agent' => 'Mozilla/5.0 (X11; Ubuntu; Linux x86_64; rv:36.0) Gecko/20100101 Firefox/36.0',
)
[ info ] [ PARAM ] array (
)
[ info ] [ SESSION ] INIT array (
  'id' => '',
  'var_session_id' => '',
  'prefix' => 'think',
  'type' => '',
  'auto_start' => true,
)
[ info ] [ DB ] INIT mysql
[ info ] [ LOG ] INIT File
[ sql ] [ DB ] CONNECT:[ UseTime:0.000264s ] mysql:host=localhost;dbname=ledigou;charset=utf8
[ sql ] [ SQL ] SHOW COLUMNS FROM `xin_config` [ RunTime:0.001045s ]
[ sql ] [ SQL ] SELECT * FROM `xin_config` WHERE  `config_id` = 1 LIMIT 1 [ RunTime:0.000262s ]
---------------------------------------------------------------
[ 2019-11-30T21:07:49+08:00 ] 39.107.86.51 GET zhoujinyu.vip/index/wechat/login.html
[运行时间：0.025422s] [吞吐率：39.34req/s] [内存消耗：2,725.42kb] [文件加载：55]
[ info ] [ LANG ] /www/wwwroot/ledigou/thinkphp/lang/zh-cn.php
[ info ] [ ROUTE ] array (
  'type' => 'module',
  'module' => 
  array (
    0 => 'index',
    1 => 'wechat',
    2 => 'login',
  ),
)
[ info ] [ HEADER ] array (
  'accept-encoding' => 'gzip',
  'connection' => 'Keep-Alive',
  'host' => 'zhoujinyu.vip',
  'user-agent' => 'Mozilla/5.0 (X11; Ubuntu; Linux x86_64; rv:36.0) Gecko/20100101 Firefox/36.0',
)
[ info ] [ PARAM ] array (
)
[ info ] [ SESSION ] INIT array (
  'id' => '',
  'var_session_id' => '',
  'prefix' => 'think',
  'type' => '',
  'auto_start' => true,
)
[ info ] [ DB ] INIT mysql
[ info ] [ RUN ] app\index\controller\Wechat->Login[ /www/wwwroot/ledigou/application/index/controller/Wechat.php ]
[ info ] [ LOG ] INIT File
[ sql ] [ DB ] CONNECT:[ UseTime:0.000254s ] mysql:host=localhost;dbname=ledigou;charset=utf8
[ sql ] [ SQL ] SHOW COLUMNS FROM `xin_config` [ RunTime:0.001132s ]
[ sql ] [ SQL ] SELECT * FROM `xin_config` WHERE  `config_id` = 1 LIMIT 1 [ RunTime:0.000258s ]
---------------------------------------------------------------
[ 2019-11-30T22:44:17+08:00 ] 40.77.167.131 GET www.ibtv.cc/
[运行时间：0.025783s] [吞吐率：38.79req/s] [内存消耗：2,782.81kb] [文件加载：58]
[ info ] [ LANG ] /www/wwwroot/ledigou/thinkphp/lang/zh-cn.php
[ info ] [ ROUTE ] array (
  'type' => 'module',
  'module' => 
  array (
    0 => '',
    1 => NULL,
    2 => NULL,
  ),
)
[ info ] [ HEADER ] array (
  'user-agent' => 'Mozilla/5.0 (compatible; bingbot/2.0; +http://www.bing.com/bingbot.htm)',
  'host' => 'www.ibtv.cc',
  'from' => 'bingbot(at)microsoft.com',
  'accept-encoding' => 'gzip, deflate',
  'accept' => '*/*',
  'pragma' => 'no-cache',
  'connection' => 'Keep-Alive',
  'cache-control' => 'no-cache',
)
[ info ] [ PARAM ] array (
)
[ info ] [ SESSION ] INIT array (
  'id' => '',
  'var_session_id' => '',
  'prefix' => 'think',
  'type' => '',
  'auto_start' => true,
)
[ info ] [ DB ] INIT mysql
[ info ] [ LOG ] INIT File
[ sql ] [ DB ] CONNECT:[ UseTime:0.000266s ] mysql:host=localhost;dbname=ledigou;charset=utf8
[ sql ] [ SQL ] SHOW COLUMNS FROM `xin_config` [ RunTime:0.000913s ]
[ sql ] [ SQL ] SELECT * FROM `xin_config` WHERE  `config_id` = 1 LIMIT 1 [ RunTime:0.000255s ]
---------------------------------------------------------------
[ 2019-11-30T23:37:09+08:00 ] 213.159.213.137 GET baixuejie.com/
[运行时间：0.085719s] [吞吐率：11.67req/s] [内存消耗：2,782.62kb] [文件加载：58]
[ info ] [ LANG ] /www/wwwroot/ledigou/thinkphp/lang/zh-cn.php
[ info ] [ ROUTE ] array (
  'type' => 'module',
  'module' => 
  array (
    0 => '',
    1 => NULL,
    2 => NULL,
  ),
)
[ info ] [ HEADER ] array (
  'accept-encoding' => 'gzip, deflate',
  'accept' => '*/*',
  'dnt' => '1',
  'connection' => 'close',
  'user-agent' => 'Mozilla/4.0 (compatible; MSIE 7.0; Windows NT 5.1; Trident/4.0; .NET CLR 2.0.50727; .NET CLR 3.0.4506.2152; .NET CLR 3.5.30729)',
  'host' => 'baixuejie.com',
)
[ info ] [ PARAM ] array (
)
[ info ] [ SESSION ] INIT array (
  'id' => '',
  'var_session_id' => '',
  'prefix' => 'think',
  'type' => '',
  'auto_start' => true,
)
[ info ] [ DB ] INIT mysql
[ info ] [ LOG ] INIT File
[ sql ] [ DB ] CONNECT:[ UseTime:0.000314s ] mysql:host=localhost;dbname=ledigou;charset=utf8
[ sql ] [ SQL ] SHOW COLUMNS FROM `xin_config` [ RunTime:0.001167s ]
[ sql ] [ SQL ] SELECT * FROM `xin_config` WHERE  `config_id` = 1 LIMIT 1 [ RunTime:0.035757s ]
---------------------------------------------------------------
[ 2019-11-30T23:37:10+08:00 ] 213.159.213.137 GET baixuejie.com/index/wechat/login.html
[运行时间：0.022912s] [吞吐率：43.65req/s] [内存消耗：2,648.87kb] [文件加载：54]
[ info ] [ LANG ] /www/wwwroot/ledigou/thinkphp/lang/zh-cn.php
[ info ] [ ROUTE ] array (
  'type' => 'module',
  'module' => 
  array (
    0 => 'index',
    1 => 'wechat',
    2 => 'login',
  ),
)
[ info ] [ HEADER ] array (
  'cookie' => 'PHPSESSID=6q39v6bkj9j9aaqvorsbbpc4h4',
  'accept-encoding' => 'gzip, deflate',
  'accept' => '*/*',
  'dnt' => '1',
  'connection' => 'close',
  'user-agent' => 'Mozilla/4.0 (compatible; MSIE 7.0; Windows NT 5.1; Trident/4.0; .NET CLR 2.0.50727; .NET CLR 3.0.4506.2152; .NET CLR 3.5.30729)',
  'host' => 'baixuejie.com',
)
[ info ] [ PARAM ] array (
)
[ info ] [ SESSION ] INIT array (
  'id' => '',
  'var_session_id' => '',
  'prefix' => 'think',
  'type' => '',
  'auto_start' => true,
)
[ info ] [ DB ] INIT mysql
[ info ] [ RUN ] app\index\controller\Wechat->Login[ /www/wwwroot/ledigou/application/index/controller/Wechat.php ]
[ info ] [ LOG ] INIT File
