---------------------------------------------------------------
[ 2019-08-12T15:54:24+08:00 ] 113.128.88.140 POST dxc.gqwlcm.com//api/sort/GetSortList
[运行时间：0.123782s] [吞吐率：8.08req/s] [内存消耗：2,665.13kb] [文件加载：55]
[ info ] [ LANG ] /www/wwwroot/ledigou/thinkphp/lang/zh-cn.php
[ info ] [ ROUTE ] array (
  'type' => 'module',
  'module' => 
  array (
    0 => 'api',
    1 => 'sort',
    2 => 'GetSortList',
  ),
)
[ info ] [ HEADER ] array (
  'accept-language' => 'zh-CN,zh;q=0.9',
  'accept-encoding' => 'gzip, deflate',
  'referer' => 'https://servicewechat.com/wxf24c79e7f9eb5a96/devtools/page-frame.html',
  'accept' => '*/*',
  'user-agent' => 'Mozilla/5.0 (iPhone; CPU iPhone OS 9_1 like Mac OS X) AppleWebKit/601.1.46 (KHTML, like Gecko) Version/9.0 Mobile/13B143 Safari/601.1 wechatdevtools/1.02.1907160 MicroMessenger/6.7.3 Language/zh_CN webview/',
  'origin' => 'http://127.0.0.1:56389',
  'cache-control' => 'no-cache',
  'pragma' => 'no-cache',
  'connection' => 'keep-alive',
  'host' => 'dxc.gqwlcm.com',
  'content-type' => 'application/json',
  'content-length' => '2',
)
[ info ] [ PARAM ] array (
)
[ info ] [ DB ] INIT mysql
[ info ] [ SESSION ] INIT array (
  'id' => '',
  'var_session_id' => '',
  'prefix' => 'think',
  'type' => '',
  'auto_start' => true,
)
[ info ] [ RUN ] app\api\controller\Sort->GetSortList[ /www/wwwroot/ledigou/application/api/controller/Sort.php ]
[ info ] [ LOG ] INIT File
[ sql ] [ DB ] CONNECT:[ UseTime:0.004570s ] mysql:host=localhost;dbname=ledigou;charset=utf8
[ sql ] [ SQL ] SHOW COLUMNS FROM `xin_config` [ RunTime:0.002072s ]
[ sql ] [ SQL ] SELECT * FROM `xin_config` WHERE  `config_id` = 1 LIMIT 1 [ RunTime:0.001579s ]
[ sql ] [ SQL ] SHOW COLUMNS FROM `xin_goods_sort` [ RunTime:0.001419s ]
[ sql ] [ SQL ] SELECT * FROM `xin_goods_sort` WHERE  `sort_status` = 1 ORDER BY `sort_rank` DESC LIMIT 0,8 [ RunTime:0.001519s ]
---------------------------------------------------------------
[ 2019-08-12T15:54:24+08:00 ] 113.128.88.140 POST dxc.gqwlcm.com//api/limited/GetLimitedList
[运行时间：0.123194s] [吞吐率：8.12req/s] [内存消耗：2,810.96kb] [文件加载：59]
[ info ] [ LANG ] /www/wwwroot/ledigou/thinkphp/lang/zh-cn.php
[ info ] [ ROUTE ] array (
  'type' => 'module',
  'module' => 
  array (
    0 => 'api',
    1 => 'limited',
    2 => 'GetLimitedList',
  ),
)
[ info ] [ HEADER ] array (
  'accept-language' => 'zh-CN,zh;q=0.9',
  'accept-encoding' => 'gzip, deflate',
  'referer' => 'https://servicewechat.com/wxf24c79e7f9eb5a96/devtools/page-frame.html',
  'accept' => '*/*',
  'user-agent' => 'Mozilla/5.0 (iPhone; CPU iPhone OS 9_1 like Mac OS X) AppleWebKit/601.1.46 (KHTML, like Gecko) Version/9.0 Mobile/13B143 Safari/601.1 wechatdevtools/1.02.1907160 MicroMessenger/6.7.3 Language/zh_CN webview/',
  'origin' => 'http://127.0.0.1:56389',
  'cache-control' => 'no-cache',
  'pragma' => 'no-cache',
  'connection' => 'keep-alive',
  'host' => 'dxc.gqwlcm.com',
  'content-type' => 'application/json',
  'content-length' => '41',
)
[ info ] [ PARAM ] array (
  'openid' => 'oEtgvwHAmvdAk4f83FoD6o7r4seI',
)
[ info ] [ DB ] INIT mysql
[ info ] [ SESSION ] INIT array (
  'id' => '',
  'var_session_id' => '',
  'prefix' => 'think',
  'type' => '',
  'auto_start' => true,
)
[ info ] [ RUN ] app\api\controller\Limited->GetLimitedList[ /www/wwwroot/ledigou/application/api/controller/Limited.php ]
[ info ] [ LOG ] INIT File
[ sql ] [ DB ] CONNECT:[ UseTime:0.010069s ] mysql:host=localhost;dbname=ledigou;charset=utf8
[ sql ] [ SQL ] SHOW COLUMNS FROM `xin_config` [ RunTime:0.003251s ]
[ sql ] [ SQL ] SELECT * FROM `xin_config` WHERE  `config_id` = 1 LIMIT 1 [ RunTime:0.002284s ]
[ sql ] [ SQL ] SHOW COLUMNS FROM `xin_user` [ RunTime:0.002237s ]
[ sql ] [ SQL ] SELECT * FROM `xin_user` WHERE  `user_openid` = 'oEtgvwHAmvdAk4f83FoD6o7r4seI' LIMIT 1 [ RunTime:0.000836s ]
[ sql ] [ SQL ] SHOW COLUMNS FROM `xin_warehouse` [ RunTime:0.002169s ]
[ sql ] [ SQL ] SELECT `ware_id` FROM `xin_warehouse` WHERE  `ware_school` = 1 [ RunTime:0.001168s ]
[ sql ] [ SQL ] SHOW COLUMNS FROM `xin_limited` [ RunTime:0.002104s ]
[ sql ] [ SQL ] SELECT * FROM `xin_limited` `l` INNER JOIN `xin_goods` `g` ON `l`.`limited_goods`=`g`.`goods_id` WHERE  `g`.`goods_warehouse` IN ('1')  AND `l`.`limited_stime` < 1565596464  AND `l`.`limited_etime` > 1565596464 ORDER BY `limited_time` DESC LIMIT 2 [ RunTime:0.001116s ]
