---------------------------------------------------------------
[ 2019-08-24T09:45:14+08:00 ] 47.92.101.29 GET dxc.gqwlcm.com/
[运行时间：0.582234s] [吞吐率：1.72req/s] [内存消耗：2,776.91kb] [文件加载：58]
[ info ] [ LANG ] /www/wwwroot/ledigou/thinkphp/lang/zh-cn.php
[ info ] [ ROUTE ] array (
  'type' => 'module',
  'module' => 
  array (
    0 => '',
    1 => NULL,
    2 => NULL,
  ),
)
[ info ] [ HEADER ] array (
  'accept-encoding' => 'gzip',
  'connection' => 'Keep-Alive',
  'host' => 'dxc.gqwlcm.com',
  'user-agent' => 'Mozilla/5.0 (Linux; Android 4.1.1; Nexus 7 Build/JRO03D))',
)
[ info ] [ PARAM ] array (
)
[ info ] [ SESSION ] INIT array (
  'id' => '',
  'var_session_id' => '',
  'prefix' => 'think',
  'type' => '',
  'auto_start' => true,
)
[ info ] [ DB ] INIT mysql
[ info ] [ LOG ] INIT File
[ sql ] [ DB ] CONNECT:[ UseTime:0.014189s ] mysql:host=localhost;dbname=ledigou;charset=utf8
[ sql ] [ SQL ] SHOW COLUMNS FROM `xin_config` [ RunTime:0.069179s ]
[ sql ] [ SQL ] SELECT * FROM `xin_config` WHERE  `config_id` = 1 LIMIT 1 [ RunTime:0.002394s ]
---------------------------------------------------------------
[ 2019-08-24T09:45:14+08:00 ] 47.92.101.29 GET dxc.gqwlcm.com/index/wechat/login.html
[运行时间：0.146645s] [吞吐率：6.82req/s] [内存消耗：2,712.51kb] [文件加载：55]
[ info ] [ LANG ] /www/wwwroot/ledigou/thinkphp/lang/zh-cn.php
[ info ] [ ROUTE ] array (
  'type' => 'module',
  'module' => 
  array (
    0 => 'index',
    1 => 'wechat',
    2 => 'login',
  ),
)
[ info ] [ HEADER ] array (
  'accept-encoding' => 'gzip',
  'connection' => 'Keep-Alive',
  'host' => 'dxc.gqwlcm.com',
  'user-agent' => 'Mozilla/5.0 (Linux; Android 4.1.1; Nexus 7 Build/JRO03D))',
)
[ info ] [ PARAM ] array (
)
[ info ] [ SESSION ] INIT array (
  'id' => '',
  'var_session_id' => '',
  'prefix' => 'think',
  'type' => '',
  'auto_start' => true,
)
[ info ] [ DB ] INIT mysql
[ info ] [ RUN ] app\index\controller\Wechat->Login[ /www/wwwroot/ledigou/application/index/controller/Wechat.php ]
[ info ] [ LOG ] INIT File
[ sql ] [ DB ] CONNECT:[ UseTime:0.000272s ] mysql:host=localhost;dbname=ledigou;charset=utf8
[ sql ] [ SQL ] SHOW COLUMNS FROM `xin_config` [ RunTime:0.001206s ]
[ sql ] [ SQL ] SELECT * FROM `xin_config` WHERE  `config_id` = 1 LIMIT 1 [ RunTime:0.000265s ]
---------------------------------------------------------------
[ 2019-08-24T13:19:33+08:00 ] 47.74.213.85 GET dxc.gqwlcm.com/
[运行时间：2.010481s] [吞吐率：0.50req/s] [内存消耗：2,776.91kb] [文件加载：58]
[ info ] [ LANG ] /www/wwwroot/ledigou/thinkphp/lang/zh-cn.php
[ info ] [ ROUTE ] array (
  'type' => 'module',
  'module' => 
  array (
    0 => '',
    1 => NULL,
    2 => NULL,
  ),
)
[ info ] [ HEADER ] array (
  'accept-encoding' => 'gzip',
  'connection' => 'Keep-Alive',
  'host' => 'dxc.gqwlcm.com',
  'user-agent' => 'Mozilla/5.0 (Linux; Android 4.1.1; Nexus 7 Build/JRO03D))',
)
[ info ] [ PARAM ] array (
)
[ info ] [ SESSION ] INIT array (
  'id' => '',
  'var_session_id' => '',
  'prefix' => 'think',
  'type' => '',
  'auto_start' => true,
)
[ info ] [ DB ] INIT mysql
[ info ] [ LOG ] INIT File
[ sql ] [ DB ] CONNECT:[ UseTime:0.000297s ] mysql:host=localhost;dbname=ledigou;charset=utf8
[ sql ] [ SQL ] SHOW COLUMNS FROM `xin_config` [ RunTime:0.086890s ]
[ sql ] [ SQL ] SELECT * FROM `xin_config` WHERE  `config_id` = 1 LIMIT 1 [ RunTime:1.476954s ]
---------------------------------------------------------------
[ 2019-08-24T13:19:33+08:00 ] 47.74.213.85 GET dxc.gqwlcm.com/index/wechat/login.html
[运行时间：0.101842s] [吞吐率：9.82req/s] [内存消耗：2,712.51kb] [文件加载：55]
[ info ] [ LANG ] /www/wwwroot/ledigou/thinkphp/lang/zh-cn.php
[ info ] [ ROUTE ] array (
  'type' => 'module',
  'module' => 
  array (
    0 => 'index',
    1 => 'wechat',
    2 => 'login',
  ),
)
[ info ] [ HEADER ] array (
  'accept-encoding' => 'gzip',
  'connection' => 'Keep-Alive',
  'host' => 'dxc.gqwlcm.com',
  'user-agent' => 'Mozilla/5.0 (Linux; Android 4.1.1; Nexus 7 Build/JRO03D))',
)
[ info ] [ PARAM ] array (
)
[ info ] [ SESSION ] INIT array (
  'id' => '',
  'var_session_id' => '',
  'prefix' => 'think',
  'type' => '',
  'auto_start' => true,
)
[ info ] [ DB ] INIT mysql
[ info ] [ RUN ] app\index\controller\Wechat->Login[ /www/wwwroot/ledigou/application/index/controller/Wechat.php ]
[ info ] [ LOG ] INIT File
[ sql ] [ DB ] CONNECT:[ UseTime:0.000282s ] mysql:host=localhost;dbname=ledigou;charset=utf8
[ sql ] [ SQL ] SHOW COLUMNS FROM `xin_config` [ RunTime:0.001186s ]
[ sql ] [ SQL ] SELECT * FROM `xin_config` WHERE  `config_id` = 1 LIMIT 1 [ RunTime:0.000298s ]
